                                                                                
MONITORING POINT FILE
  TIME, sec        NODE    XR,  m       Z,   m       H,   m        P,  m       THETA          SAT          CONC           VX           VZ           ET
  0.000000E+00      219    5.00000E-01  8.10000E+00  1.90000E+00  1.00000E+01  3.70000E-01  1.00000E+00  0.00000E+00  0.00000E+00  0.00000E+00  0.00000E+00
  1.000000E+00      219    5.00000E-01  8.10000E+00  1.90000E+00  1.00000E+01  3.70000E-01  1.00000E+00  3.23764E-14  0.00000E+00  1.00000E-01  0.00000E+00
  2.000000E+00      219    5.00000E-01  8.10000E+00  1.90000E+00  1.00000E+01  3.70000E-01  1.00000E+00  9.64878E-14  0.00000E+00  1.00000E-01  0.00000E+00
  3.000000E+00      219    5.00000E-01  8.10000E+00  1.90000E+00  1.00000E+01  3.70000E-01  1.00000E+00  2.87549E-13  0.00000E+00  1.00000E-01  0.00000E+00
  4.000000E+00      219    5.00000E-01  8.10000E+00  1.90000E+00  1.00000E+01  3.70000E-01  1.00000E+00  8.56880E-13  0.00000E+00  1.00000E-01  0.00000E+00
  5.000000E+00      219    5.00000E-01  8.10000E+00  1.90000E+00  1.00000E+01  3.70000E-01  1.00000E+00  2.55260E-12  0.00000E+00  1.00000E-01  0.00000E+00
  6.000000E+00      219    5.00000E-01  8.10000E+00  1.90000E+00  1.00000E+01  3.70000E-01  1.00000E+00  7.59564E-12  0.00000E+00  1.00000E-01  0.00000E+00
  7.000000E+00      219    5.00000E-01  8.10000E+00  1.90000E+00  1.00000E+01  3.70000E-01  1.00000E+00  2.25362E-11  0.00000E+00  1.00000E-01  0.00000E+00
  8.000000E+00      219    5.00000E-01  8.10000E+00  1.90000E+00  1.00000E+01  3.70000E-01  1.00000E+00  6.64496E-11  0.00000E+00  1.00000E-01  0.00000E+00
  9.000000E+00      219    5.00000E-01  8.10000E+00  1.90000E+00  1.00000E+01  3.70000E-01  1.00000E+00  1.93743E-10  0.00000E+00  1.00000E-01  0.00000E+00
  1.000000E+01      219    5.00000E-01  8.10000E+00  1.90000E+00  1.00000E+01  3.70000E-01  1.00000E+00  5.55043E-10  0.00000E+00  1.00000E-01  0.00000E+00
  1.100000E+01      219    5.00000E-01  8.10000E+00  1.90000E+00  1.00000E+01  3.70000E-01  1.00000E+00  1.55173E-09  0.00000E+00  1.00000E-01  0.00000E+00
  1.200000E+01      219    5.00000E-01  8.10000E+00  1.90000E+00  1.00000E+01  3.70000E-01  1.00000E+00  4.20613E-09  0.00000E+00  1.00000E-01  0.00000E+00
  1.300000E+01      219    5.00000E-01  8.10000E+00  1.90000E+00  1.00000E+01  3.70000E-01  1.00000E+00  1.09945E-08  0.00000E+00  1.00000E-01  0.00000E+00
  1.400000E+01      219    5.00000E-01  8.10000E+00  1.90000E+00  1.00000E+01  3.70000E-01  1.00000E+00  2.76045E-08  0.00000E+00  1.00000E-01  0.00000E+00
  1.500000E+01      219    5.00000E-01  8.10000E+00  1.90000E+00  1.00000E+01  3.70000E-01  1.00000E+00  6.64046E-08  0.00000E+00  1.00000E-01  0.00000E+00
  1.600000E+01      219    5.00000E-01  8.10000E+00  1.90000E+00  1.00000E+01  3.70000E-01  1.00000E+00  1.52864E-07  0.00000E+00  1.00000E-01  0.00000E+00
  1.700000E+01      219    5.00000E-01  8.10000E+00  1.90000E+00  1.00000E+01  3.70000E-01  1.00000E+00  3.36689E-07  0.00000E+00  1.00000E-01  0.00000E+00
  1.800000E+01      219    5.00000E-01  8.10000E+00  1.90000E+00  1.00000E+01  3.70000E-01  1.00000E+00  7.09981E-07  0.00000E+00  1.00000E-01  0.00000E+00
  1.900000E+01      219    5.00000E-01  8.10000E+00  1.90000E+00  1.00000E+01  3.70000E-01  1.00000E+00  1.43512E-06  0.00000E+00  1.00000E-01  0.00000E+00
  2.000000E+01      219    5.00000E-01  8.10000E+00  1.90000E+00  1.00000E+01  3.70000E-01  1.00000E+00  2.78519E-06  0.00000E+00  1.00000E-01  0.00000E+00
  2.100000E+01      219    5.00000E-01  8.10000E+00  1.90000E+00  1.00000E+01  3.70000E-01  1.00000E+00  5.19947E-06  0.00000E+00  1.00000E-01  0.00000E+00
  2.200000E+01      219    5.00000E-01  8.10000E+00  1.90000E+00  1.00000E+01  3.70000E-01  1.00000E+00  9.35574E-06  0.00000E+00  1.00000E-01  0.00000E+00
  2.300000E+01      219    5.00000E-01  8.10000E+00  1.90000E+00  1.00000E+01  3.70000E-01  1.00000E+00  1.62598E-05  0.00000E+00  1.00000E-01  0.00000E+00
  2.400000E+01      219    5.00000E-01  8.10000E+00  1.90000E+00  1.00000E+01  3.70000E-01  1.00000E+00  2.73513E-05  0.00000E+00  1.00000E-01  0.00000E+00
  2.500000E+01      219    5.00000E-01  8.10000E+00  1.90000E+00  1.00000E+01  3.70000E-01  1.00000E+00  4.46228E-05  0.00000E+00  1.00000E-01  0.00000E+00
  2.600000E+01      219    5.00000E-01  8.10000E+00  1.90000E+00  1.00000E+01  3.70000E-01  1.00000E+00  7.07482E-05  0.00000E+00  1.00000E-01  0.00000E+00
  2.700000E+01      219    5.00000E-01  8.10000E+00  1.90000E+00  1.00000E+01  3.70000E-01  1.00000E+00  1.09214E-04  0.00000E+00  1.00000E-01  0.00000E+00
  2.800000E+01      219    5.00000E-01  8.10000E+00  1.90000E+00  1.00000E+01  3.70000E-01  1.00000E+00  1.64450E-04  0.00000E+00  1.00000E-01  0.00000E+00
  2.900000E+01      219    5.00000E-01  8.10000E+00  1.90000E+00  1.00000E+01  3.70000E-01  1.00000E+00  2.41945E-04  0.00000E+00  1.00000E-01  0.00000E+00
  3.000000E+01      219    5.00000E-01  8.10000E+00  1.90000E+00  1.00000E+01  3.70000E-01  1.00000E+00  3.48352E-04  0.00000E+00  1.00000E-01  0.00000E+00
  3.100000E+01      219    5.00000E-01  8.10000E+00  1.90000E+00  1.00000E+01  3.70000E-01  1.00000E+00  4.91571E-04  0.00000E+00  1.00000E-01  0.00000E+00
  3.200000E+01      219    5.00000E-01  8.10000E+00  1.90000E+00  1.00000E+01  3.70000E-01  1.00000E+00  6.80804E-04  0.00000E+00  1.00000E-01  0.00000E+00
  3.300000E+01      219    5.00000E-01  8.10000E+00  1.90000E+00  1.00000E+01  3.70000E-01  1.00000E+00  9.26578E-04  0.00000E+00  1.00000E-01  0.00000E+00
  3.400000E+01      219    5.00000E-01  8.10000E+00  1.90000E+00  1.00000E+01  3.70000E-01  1.00000E+00  1.24075E-03  0.00000E+00  1.00000E-01  0.00000E+00
  3.500000E+01      219    5.00000E-01  8.10000E+00  1.90000E+00  1.00000E+01  3.70000E-01  1.00000E+00  1.63645E-03  0.00000E+00  1.00000E-01  0.00000E+00
  3.600000E+01      219    5.00000E-01  8.10000E+00  1.90000E+00  1.00000E+01  3.70000E-01  1.00000E+00  2.12806E-03  0.00000E+00  1.00000E-01  0.00000E+00
  3.700000E+01      219    5.00000E-01  8.10000E+00  1.90000E+00  1.00000E+01  3.70000E-01  1.00000E+00  2.73108E-03  0.00000E+00  1.00000E-01  0.00000E+00
  3.800000E+01      219    5.00000E-01  8.10000E+00  1.90000E+00  1.00000E+01  3.70000E-01  1.00000E+00  3.46198E-03  0.00000E+00  1.00000E-01  0.00000E+00
  3.900000E+01      219    5.00000E-01  8.10000E+00  1.90000E+00  1.00000E+01  3.70000E-01  1.00000E+00  4.33816E-03  0.00000E+00  1.00000E-01  0.00000E+00
  4.000000E+01      219    5.00000E-01  8.10000E+00  1.90000E+00  1.00000E+01  3.70000E-01  1.00000E+00  5.37775E-03  0.00000E+00  1.00000E-01  0.00000E+00
  4.100000E+01      219    5.00000E-01  8.10000E+00  1.90000E+00  1.00000E+01  3.70000E-01  1.00000E+00  6.59939E-03  0.00000E+00  1.00000E-01  0.00000E+00
  4.200000E+01      219    5.00000E-01  8.10000E+00  1.90000E+00  1.00000E+01  3.70000E-01  1.00000E+00  8.02212E-03  0.00000E+00  1.00000E-01  0.00000E+00
  4.300000E+01      219    5.00000E-01  8.10000E+00  1.90000E+00  1.00000E+01  3.70000E-01  1.00000E+00  9.66519E-03  0.00000E+00  1.00000E-01  0.00000E+00
  4.400000E+01      219    5.00000E-01  8.10000E+00  1.90000E+00  1.00000E+01  3.70000E-01  1.00000E+00  1.15478E-02  0.00000E+00  1.00000E-01  0.00000E+00
  4.500000E+01      219    5.00000E-01  8.10000E+00  1.90000E+00  1.00000E+01  3.70000E-01  1.00000E+00  1.36892E-02  0.00000E+00  1.00000E-01  0.00000E+00
  4.600000E+01      219    5.00000E-01  8.10000E+00  1.90000E+00  1.00000E+01  3.70000E-01  1.00000E+00  1.61079E-02  0.00000E+00  1.00000E-01  0.00000E+00
  4.700000E+01      219    5.00000E-01  8.10000E+00  1.90000E+00  1.00000E+01  3.70000E-01  1.00000E+00  1.88224E-02  0.00000E+00  1.00000E-01  0.00000E+00
  4.800000E+01      219    5.00000E-01  8.10000E+00  1.90000E+00  1.00000E+01  3.70000E-01  1.00000E+00  2.18502E-02  0.00000E+00  1.00000E-01  0.00000E+00
  4.900000E+01      219    5.00000E-01  8.10000E+00  1.90000E+00  1.00000E+01  3.70000E-01  1.00000E+00  2.52083E-02  0.00000E+00  1.00000E-01  0.00000E+00
  5.000000E+01      219    5.00000E-01  8.10000E+00  1.90000E+00  1.00000E+01  3.70000E-01  1.00000E+00  2.89125E-02  0.00000E+00  1.00000E-01  0.00000E+00
  5.100000E+01      219    5.00000E-01  8.10000E+00  1.90000E+00  1.00000E+01  3.70000E-01  1.00000E+00  3.29778E-02  0.00000E+00  1.00000E-01  0.00000E+00
  5.200000E+01      219    5.00000E-01  8.10000E+00  1.90000E+00  1.00000E+01  3.70000E-01  1.00000E+00  3.74180E-02  0.00000E+00  1.00000E-01  0.00000E+00
  5.300000E+01      219    5.00000E-01  8.10000E+00  1.90000E+00  1.00000E+01  3.70000E-01  1.00000E+00  4.22458E-02  0.00000E+00  1.00000E-01  0.00000E+00
  5.400000E+01      219    5.00000E-01  8.10000E+00  1.90000E+00  1.00000E+01  3.70000E-01  1.00000E+00  4.74726E-02  0.00000E+00  1.00000E-01  0.00000E+00
  5.500000E+01      219    5.00000E-01  8.10000E+00  1.90000E+00  1.00000E+01  3.70000E-01  1.00000E+00  5.31085E-02  0.00000E+00  1.00000E-01  0.00000E+00
  5.600000E+01      219    5.00000E-01  8.10000E+00  1.90000E+00  1.00000E+01  3.70000E-01  1.00000E+00  5.91621E-02  0.00000E+00  1.00000E-01  0.00000E+00
  5.700000E+01      219    5.00000E-01  8.10000E+00  1.90000E+00  1.00000E+01  3.70000E-01  1.00000E+00  6.56411E-02  0.00000E+00  1.00000E-01  0.00000E+00
  5.800000E+01      219    5.00000E-01  8.10000E+00  1.90000E+00  1.00000E+01  3.70000E-01  1.00000E+00  7.25514E-02  0.00000E+00  1.00000E-01  0.00000E+00
  5.900000E+01      219    5.00000E-01  8.10000E+00  1.90000E+00  1.00000E+01  3.70000E-01  1.00000E+00  7.98976E-02  0.00000E+00  1.00000E-01  0.00000E+00
  6.000000E+01      219    5.00000E-01  8.10000E+00  1.90000E+00  1.00000E+01  3.70000E-01  1.00000E+00  8.76831E-02  0.00000E+00  1.00000E-01  0.00000E+00
  6.100000E+01      219    5.00000E-01  8.10000E+00  1.90000E+00  1.00000E+01  3.70000E-01  1.00000E+00  9.59098E-02  0.00000E+00  1.00000E-01  0.00000E+00
  6.200000E+01      219    5.00000E-01  8.10000E+00  1.90000E+00  1.00000E+01  3.70000E-01  1.00000E+00  1.04579E-01  0.00000E+00  1.00000E-01  0.00000E+00
  6.300000E+01      219    5.00000E-01  8.10000E+00  1.90000E+00  1.00000E+01  3.70000E-01  1.00000E+00  1.13689E-01  0.00000E+00  1.00000E-01  0.00000E+00
  6.400000E+01      219    5.00000E-01  8.10000E+00  1.90000E+00  1.00000E+01  3.70000E-01  1.00000E+00  1.23238E-01  0.00000E+00  1.00000E-01  0.00000E+00
  6.500000E+01      219    5.00000E-01  8.10000E+00  1.90000E+00  1.00000E+01  3.70000E-01  1.00000E+00  1.33224E-01  0.00000E+00  1.00000E-01  0.00000E+00
  6.600000E+01      219    5.00000E-01  8.10000E+00  1.90000E+00  1.00000E+01  3.70000E-01  1.00000E+00  1.43643E-01  0.00000E+00  1.00000E-01  0.00000E+00
  6.700000E+01      219    5.00000E-01  8.10000E+00  1.90000E+00  1.00000E+01  3.70000E-01  1.00000E+00  1.54489E-01  0.00000E+00  1.00000E-01  0.00000E+00
  6.800000E+01      219    5.00000E-01  8.10000E+00  1.90000E+00  1.00000E+01  3.70000E-01  1.00000E+00  1.65756E-01  0.00000E+00  1.00000E-01  0.00000E+00
  6.900000E+01      219    5.00000E-01  8.10000E+00  1.90000E+00  1.00000E+01  3.70000E-01  1.00000E+00  1.77438E-01  0.00000E+00  1.00000E-01  0.00000E+00
  7.000000E+01      219    5.00000E-01  8.10000E+00  1.90000E+00  1.00000E+01  3.70000E-01  1.00000E+00  1.89525E-01  0.00000E+00  1.00000E-01  0.00000E+00
  7.100000E+01      219    5.00000E-01  8.10000E+00  1.90000E+00  1.00000E+01  3.70000E-01  1.00000E+00  2.02009E-01  0.00000E+00  1.00000E-01  0.00000E+00
  7.200000E+01      219    5.00000E-01  8.10000E+00  1.90000E+00  1.00000E+01  3.70000E-01  1.00000E+00  2.14882E-01  0.00000E+00  1.00000E-01  0.00000E+00
  7.300000E+01      219    5.00000E-01  8.10000E+00  1.90000E+00  1.00000E+01  3.70000E-01  1.00000E+00  2.28131E-01  0.00000E+00  1.00000E-01  0.00000E+00
  7.400000E+01      219    5.00000E-01  8.10000E+00  1.90000E+00  1.00000E+01  3.70000E-01  1.00000E+00  2.41748E-01  0.00000E+00  1.00000E-01  0.00000E+00
  7.500000E+01      219    5.00000E-01  8.10000E+00  1.90000E+00  1.00000E+01  3.70000E-01  1.00000E+00  2.55719E-01  0.00000E+00  1.00000E-01  0.00000E+00
  7.600000E+01      219    5.00000E-01  8.10000E+00  1.90000E+00  1.00000E+01  3.70000E-01  1.00000E+00  2.70034E-01  0.00000E+00  1.00000E-01  0.00000E+00
  7.700000E+01      219    5.00000E-01  8.10000E+00  1.90000E+00  1.00000E+01  3.70000E-01  1.00000E+00  2.84680E-01  0.00000E+00  1.00000E-01  0.00000E+00
  7.800000E+01      219    5.00000E-01  8.10000E+00  1.90000E+00  1.00000E+01  3.70000E-01  1.00000E+00  2.99644E-01  0.00000E+00  1.00000E-01  0.00000E+00
  7.900000E+01      219    5.00000E-01  8.10000E+00  1.90000E+00  1.00000E+01  3.70000E-01  1.00000E+00  3.14913E-01  0.00000E+00  1.00000E-01  0.00000E+00
  8.000000E+01      219    5.00000E-01  8.10000E+00  1.90000E+00  1.00000E+01  3.70000E-01  1.00000E+00  3.30473E-01  0.00000E+00  1.00000E-01  0.00000E+00
  8.100000E+01      219    5.00000E-01  8.10000E+00  1.90000E+00  1.00000E+01  3.70000E-01  1.00000E+00  3.46312E-01  0.00000E+00  1.00000E-01  0.00000E+00
  8.200000E+01      219    5.00000E-01  8.10000E+00  1.90000E+00  1.00000E+01  3.70000E-01  1.00000E+00  3.62415E-01  0.00000E+00  1.00000E-01  0.00000E+00
  8.300000E+01      219    5.00000E-01  8.10000E+00  1.90000E+00  1.00000E+01  3.70000E-01  1.00000E+00  3.78769E-01  0.00000E+00  1.00000E-01  0.00000E+00
  8.400000E+01      219    5.00000E-01  8.10000E+00  1.90000E+00  1.00000E+01  3.70000E-01  1.00000E+00  3.95358E-01  0.00000E+00  1.00000E-01  0.00000E+00
  8.500000E+01      219    5.00000E-01  8.10000E+00  1.90000E+00  1.00000E+01  3.70000E-01  1.00000E+00  4.12170E-01  0.00000E+00  1.00000E-01  0.00000E+00
  8.600000E+01      219    5.00000E-01  8.10000E+00  1.90000E+00  1.00000E+01  3.70000E-01  1.00000E+00  4.29190E-01  0.00000E+00  1.00000E-01  0.00000E+00
  8.700000E+01      219    5.00000E-01  8.10000E+00  1.90000E+00  1.00000E+01  3.70000E-01  1.00000E+00  4.46405E-01  0.00000E+00  1.00000E-01  0.00000E+00
  8.800000E+01      219    5.00000E-01  8.10000E+00  1.90000E+00  1.00000E+01  3.70000E-01  1.00000E+00  4.63801E-01  0.00000E+00  1.00000E-01  0.00000E+00
  8.900000E+01      219    5.00000E-01  8.10000E+00  1.90000E+00  1.00000E+01  3.70000E-01  1.00000E+00  4.81365E-01  0.00000E+00  1.00000E-01  0.00000E+00
  9.000000E+01      219    5.00000E-01  8.10000E+00  1.90000E+00  1.00000E+01  3.70000E-01  1.00000E+00  4.99081E-01  0.00000E+00  1.00000E-01  0.00000E+00
  9.100000E+01      219    5.00000E-01  8.10000E+00  1.90000E+00  1.00000E+01  3.70000E-01  1.00000E+00  5.16938E-01  0.00000E+00  1.00000E-01  0.00000E+00
  9.200000E+01      219    5.00000E-01  8.10000E+00  1.90000E+00  1.00000E+01  3.70000E-01  1.00000E+00  5.34921E-01  0.00000E+00  1.00000E-01  0.00000E+00
  9.300000E+01      219    5.00000E-01  8.10000E+00  1.90000E+00  1.00000E+01  3.70000E-01  1.00000E+00  5.53018E-01  0.00000E+00  1.00000E-01  0.00000E+00
  9.400000E+01      219    5.00000E-01  8.10000E+00  1.90000E+00  1.00000E+01  3.70000E-01  1.00000E+00  5.71215E-01  0.00000E+00  1.00000E-01  0.00000E+00
  9.500000E+01      219    5.00000E-01  8.10000E+00  1.90000E+00  1.00000E+01  3.70000E-01  1.00000E+00  5.89501E-01  0.00000E+00  1.00000E-01  0.00000E+00
  9.600000E+01      219    5.00000E-01  8.10000E+00  1.90000E+00  1.00000E+01  3.70000E-01  1.00000E+00  6.07862E-01  0.00000E+00  1.00000E-01  0.00000E+00
  9.700000E+01      219    5.00000E-01  8.10000E+00  1.90000E+00  1.00000E+01  3.70000E-01  1.00000E+00  6.26287E-01  0.00000E+00  1.00000E-01  0.00000E+00
  9.800000E+01      219    5.00000E-01  8.10000E+00  1.90000E+00  1.00000E+01  3.70000E-01  1.00000E+00  6.44763E-01  0.00000E+00  1.00000E-01  0.00000E+00
  9.900000E+01      219    5.00000E-01  8.10000E+00  1.90000E+00  1.00000E+01  3.70000E-01  1.00000E+00  6.63279E-01  0.00000E+00  1.00000E-01  0.00000E+00
  1.000000E+02      219    5.00000E-01  8.10000E+00  1.90000E+00  1.00000E+01  3.70000E-01  1.00000E+00  6.81825E-01  0.00000E+00  1.00000E-01  0.00000E+00
  1.010000E+02      219    5.00000E-01  8.10000E+00  1.90000E+00  1.00000E+01  3.70000E-01  1.00000E+00  7.00388E-01  0.00000E+00  1.00000E-01  0.00000E+00
  1.020000E+02      219    5.00000E-01  8.10000E+00  1.90000E+00  1.00000E+01  3.70000E-01  1.00000E+00  7.18959E-01  0.00000E+00  1.00000E-01  0.00000E+00
  1.030000E+02      219    5.00000E-01  8.10000E+00  1.90000E+00  1.00000E+01  3.70000E-01  1.00000E+00  7.37526E-01  0.00000E+00  1.00000E-01  0.00000E+00
  1.040000E+02      219    5.00000E-01  8.10000E+00  1.90000E+00  1.00000E+01  3.70000E-01  1.00000E+00  7.56081E-01  0.00000E+00  1.00000E-01  0.00000E+00
  1.050000E+02      219    5.00000E-01  8.10000E+00  1.90000E+00  1.00000E+01  3.70000E-01  1.00000E+00  7.74613E-01  0.00000E+00  1.00000E-01  0.00000E+00
  1.060000E+02      219    5.00000E-01  8.10000E+00  1.90000E+00  1.00000E+01  3.70000E-01  1.00000E+00  7.93113E-01  0.00000E+00  1.00000E-01  0.00000E+00
  1.070000E+02      219    5.00000E-01  8.10000E+00  1.90000E+00  1.00000E+01  3.70000E-01  1.00000E+00  8.11572E-01  0.00000E+00  1.00000E-01  0.00000E+00
  1.080000E+02      219    5.00000E-01  8.10000E+00  1.90000E+00  1.00000E+01  3.70000E-01  1.00000E+00  8.29982E-01  0.00000E+00  1.00000E-01  0.00000E+00
  1.090000E+02      219    5.00000E-01  8.10000E+00  1.90000E+00  1.00000E+01  3.70000E-01  1.00000E+00  8.48334E-01  0.00000E+00  1.00000E-01  0.00000E+00
  1.100000E+02      219    5.00000E-01  8.10000E+00  1.90000E+00  1.00000E+01  3.70000E-01  1.00000E+00  8.66620E-01  0.00000E+00  1.00000E-01  0.00000E+00
  1.110000E+02      219    5.00000E-01  8.10000E+00  1.90000E+00  1.00000E+01  3.70000E-01  1.00000E+00  8.84832E-01  0.00000E+00  1.00000E-01  0.00000E+00
  1.120000E+02      219    5.00000E-01  8.10000E+00  1.90000E+00  1.00000E+01  3.70000E-01  1.00000E+00  9.02964E-01  0.00000E+00  1.00000E-01  0.00000E+00
  1.130000E+02      219    5.00000E-01  8.10000E+00  1.90000E+00  1.00000E+01  3.70000E-01  1.00000E+00  9.21008E-01  0.00000E+00  1.00000E-01  0.00000E+00
  1.140000E+02      219    5.00000E-01  8.10000E+00  1.90000E+00  1.00000E+01  3.70000E-01  1.00000E+00  9.38957E-01  0.00000E+00  1.00000E-01  0.00000E+00
  1.150000E+02      219    5.00000E-01  8.10000E+00  1.90000E+00  1.00000E+01  3.70000E-01  1.00000E+00  9.56805E-01  0.00000E+00  1.00000E-01  0.00000E+00
  1.160000E+02      219    5.00000E-01  8.10000E+00  1.90000E+00  1.00000E+01  3.70000E-01  1.00000E+00  9.74546E-01  0.00000E+00  1.00000E-01  0.00000E+00
  1.170000E+02      219    5.00000E-01  8.10000E+00  1.90000E+00  1.00000E+01  3.70000E-01  1.00000E+00  9.92174E-01  0.00000E+00  1.00000E-01  0.00000E+00
  1.180000E+02      219    5.00000E-01  8.10000E+00  1.90000E+00  1.00000E+01  3.70000E-01  1.00000E+00  1.00968E+00  0.00000E+00  1.00000E-01  0.00000E+00
  1.190000E+02      219    5.00000E-01  8.10000E+00  1.90000E+00  1.00000E+01  3.70000E-01  1.00000E+00  1.02707E+00  0.00000E+00  1.00000E-01  0.00000E+00
  1.200000E+02      219    5.00000E-01  8.10000E+00  1.90000E+00  1.00000E+01  3.70000E-01  1.00000E+00  1.04433E+00  0.00000E+00  1.00000E-01  0.00000E+00
  1.210000E+02      219    5.00000E-01  8.10000E+00  1.90000E+00  1.00000E+01  3.70000E-01  1.00000E+00  1.06145E+00  0.00000E+00  1.00000E-01  0.00000E+00
  1.220000E+02      219    5.00000E-01  8.10000E+00  1.90000E+00  1.00000E+01  3.70000E-01  1.00000E+00  1.07844E+00  0.00000E+00  1.00000E-01  0.00000E+00
  1.230000E+02      219    5.00000E-01  8.10000E+00  1.90000E+00  1.00000E+01  3.70000E-01  1.00000E+00  1.09529E+00  0.00000E+00  1.00000E-01  0.00000E+00
  1.240000E+02      219    5.00000E-01  8.10000E+00  1.90000E+00  1.00000E+01  3.70000E-01  1.00000E+00  1.11199E+00  0.00000E+00  1.00000E-01  0.00000E+00
  1.250000E+02      219    5.00000E-01  8.10000E+00  1.90000E+00  1.00000E+01  3.70000E-01  1.00000E+00  1.12854E+00  0.00000E+00  1.00000E-01  0.00000E+00
  1.260000E+02      219    5.00000E-01  8.10000E+00  1.90000E+00  1.00000E+01  3.70000E-01  1.00000E+00  1.14494E+00  0.00000E+00  1.00000E-01  0.00000E+00
  1.270000E+02      219    5.00000E-01  8.10000E+00  1.90000E+00  1.00000E+01  3.70000E-01  1.00000E+00  1.16118E+00  0.00000E+00  1.00000E-01  0.00000E+00
  1.280000E+02      219    5.00000E-01  8.10000E+00  1.90000E+00  1.00000E+01  3.70000E-01  1.00000E+00  1.17727E+00  0.00000E+00  1.00000E-01  0.00000E+00
  1.290000E+02      219    5.00000E-01  8.10000E+00  1.90000E+00  1.00000E+01  3.70000E-01  1.00000E+00  1.19320E+00  0.00000E+00  1.00000E-01  0.00000E+00
  1.300000E+02      219    5.00000E-01  8.10000E+00  1.90000E+00  1.00000E+01  3.70000E-01  1.00000E+00  1.20896E+00  0.00000E+00  1.00000E-01  0.00000E+00
  1.310000E+02      219    5.00000E-01  8.10000E+00  1.90000E+00  1.00000E+01  3.70000E-01  1.00000E+00  1.22455E+00  0.00000E+00  1.00000E-01  0.00000E+00
  1.320000E+02      219    5.00000E-01  8.10000E+00  1.90000E+00  1.00000E+01  3.70000E-01  1.00000E+00  1.23998E+00  0.00000E+00  1.00000E-01  0.00000E+00
  1.330000E+02      219    5.00000E-01  8.10000E+00  1.90000E+00  1.00000E+01  3.70000E-01  1.00000E+00  1.25524E+00  0.00000E+00  1.00000E-01  0.00000E+00
  1.340000E+02      219    5.00000E-01  8.10000E+00  1.90000E+00  1.00000E+01  3.70000E-01  1.00000E+00  1.27033E+00  0.00000E+00  1.00000E-01  0.00000E+00
  1.350000E+02      219    5.00000E-01  8.10000E+00  1.90000E+00  1.00000E+01  3.70000E-01  1.00000E+00  1.28525E+00  0.00000E+00  1.00000E-01  0.00000E+00
  1.360000E+02      219    5.00000E-01  8.10000E+00  1.90000E+00  1.00000E+01  3.70000E-01  1.00000E+00  1.29999E+00  0.00000E+00  1.00000E-01  0.00000E+00
  1.370000E+02      219    5.00000E-01  8.10000E+00  1.90000E+00  1.00000E+01  3.70000E-01  1.00000E+00  1.31456E+00  0.00000E+00  1.00000E-01  0.00000E+00
  1.380000E+02      219    5.00000E-01  8.10000E+00  1.90000E+00  1.00000E+01  3.70000E-01  1.00000E+00  1.32895E+00  0.00000E+00  1.00000E-01  0.00000E+00
  1.390000E+02      219    5.00000E-01  8.10000E+00  1.90000E+00  1.00000E+01  3.70000E-01  1.00000E+00  1.34317E+00  0.00000E+00  1.00000E-01  0.00000E+00
  1.400000E+02      219    5.00000E-01  8.10000E+00  1.90000E+00  1.00000E+01  3.70000E-01  1.00000E+00  1.35720E+00  0.00000E+00  1.00000E-01  0.00000E+00
  1.410000E+02      219    5.00000E-01  8.10000E+00  1.90000E+00  1.00000E+01  3.70000E-01  1.00000E+00  1.37107E+00  0.00000E+00  1.00000E-01  0.00000E+00
  1.420000E+02      219    5.00000E-01  8.10000E+00  1.90000E+00  1.00000E+01  3.70000E-01  1.00000E+00  1.38475E+00  0.00000E+00  1.00000E-01  0.00000E+00
  1.430000E+02      219    5.00000E-01  8.10000E+00  1.90000E+00  1.00000E+01  3.70000E-01  1.00000E+00  1.39825E+00  0.00000E+00  1.00000E-01  0.00000E+00
  1.440000E+02      219    5.00000E-01  8.10000E+00  1.90000E+00  1.00000E+01  3.70000E-01  1.00000E+00  1.41158E+00  0.00000E+00  1.00000E-01  0.00000E+00
  1.450000E+02      219    5.00000E-01  8.10000E+00  1.90000E+00  1.00000E+01  3.70000E-01  1.00000E+00  1.42473E+00  0.00000E+00  1.00000E-01  0.00000E+00
  1.460000E+02      219    5.00000E-01  8.10000E+00  1.90000E+00  1.00000E+01  3.70000E-01  1.00000E+00  1.43770E+00  0.00000E+00  1.00000E-01  0.00000E+00
  1.470000E+02      219    5.00000E-01  8.10000E+00  1.90000E+00  1.00000E+01  3.70000E-01  1.00000E+00  1.45049E+00  0.00000E+00  1.00000E-01  0.00000E+00
  1.480000E+02      219    5.00000E-01  8.10000E+00  1.90000E+00  1.00000E+01  3.70000E-01  1.00000E+00  1.46311E+00  0.00000E+00  1.00000E-01  0.00000E+00
  1.490000E+02      219    5.00000E-01  8.10000E+00  1.90000E+00  1.00000E+01  3.70000E-01  1.00000E+00  1.47555E+00  0.00000E+00  1.00000E-01  0.00000E+00
  1.500000E+02      219    5.00000E-01  8.10000E+00  1.90000E+00  1.00000E+01  3.70000E-01  1.00000E+00  1.48781E+00  0.00000E+00  1.00000E-01  0.00000E+00
  1.510000E+02      219    5.00000E-01  8.10000E+00  1.90000E+00  1.00000E+01  3.70000E-01  1.00000E+00  1.49989E+00  0.00000E+00  1.00000E-01  0.00000E+00
  1.520000E+02      219    5.00000E-01  8.10000E+00  1.90000E+00  1.00000E+01  3.70000E-01  1.00000E+00  1.51180E+00  0.00000E+00  1.00000E-01  0.00000E+00
  1.530000E+02      219    5.00000E-01  8.10000E+00  1.90000E+00  1.00000E+01  3.70000E-01  1.00000E+00  1.52354E+00  0.00000E+00  1.00000E-01  0.00000E+00
  1.540000E+02      219    5.00000E-01  8.10000E+00  1.90000E+00  1.00000E+01  3.70000E-01  1.00000E+00  1.53510E+00  0.00000E+00  1.00000E-01  0.00000E+00
  1.550000E+02      219    5.00000E-01  8.10000E+00  1.90000E+00  1.00000E+01  3.70000E-01  1.00000E+00  1.54650E+00  0.00000E+00  1.00000E-01  0.00000E+00
  1.560000E+02      219    5.00000E-01  8.10000E+00  1.90000E+00  1.00000E+01  3.70000E-01  1.00000E+00  1.55771E+00  0.00000E+00  1.00000E-01  0.00000E+00
  1.570000E+02      219    5.00000E-01  8.10000E+00  1.90000E+00  1.00000E+01  3.70000E-01  1.00000E+00  1.56876E+00  0.00000E+00  1.00000E-01  0.00000E+00
  1.580000E+02      219    5.00000E-01  8.10000E+00  1.90000E+00  1.00000E+01  3.70000E-01  1.00000E+00  1.57964E+00  0.00000E+00  1.00000E-01  0.00000E+00
  1.590000E+02      219    5.00000E-01  8.10000E+00  1.90000E+00  1.00000E+01  3.70000E-01  1.00000E+00  1.59036E+00  0.00000E+00  1.00000E-01  0.00000E+00
  1.600000E+02      219    5.00000E-01  8.10000E+00  1.90000E+00  1.00000E+01  3.70000E-01  1.00000E+00  1.60090E+00  0.00000E+00  1.00000E-01  0.00000E+00
  1.610000E+02      219    5.00000E-01  8.10000E+00  1.90000E+00  1.00000E+01  3.70000E-01  1.00000E+00  1.61125E+00  0.00000E+00  1.00000E-01  0.00000E+00
  1.620000E+02      219    5.00000E-01  8.10000E+00  1.90000E+00  1.00000E+01  3.70000E-01  1.00000E+00  1.62147E+00  0.00000E+00  1.00000E-01  0.00000E+00
  1.630000E+02      219    5.00000E-01  8.10000E+00  1.90000E+00  1.00000E+01  3.70000E-01  1.00000E+00  1.63153E+00  0.00000E+00  1.00000E-01  0.00000E+00
  1.640000E+02      219    5.00000E-01  8.10000E+00  1.90000E+00  1.00000E+01  3.70000E-01  1.00000E+00  1.64142E+00  0.00000E+00  1.00000E-01  0.00000E+00
  1.650000E+02      219    5.00000E-01  8.10000E+00  1.90000E+00  1.00000E+01  3.70000E-01  1.00000E+00  1.65116E+00  0.00000E+00  1.00000E-01  0.00000E+00
  1.660000E+02      219    5.00000E-01  8.10000E+00  1.90000E+00  1.00000E+01  3.70000E-01  1.00000E+00  1.66073E+00  0.00000E+00  1.00000E-01  0.00000E+00
  1.670000E+02      219    5.00000E-01  8.10000E+00  1.90000E+00  1.00000E+01  3.70000E-01  1.00000E+00  1.67015E+00  0.00000E+00  1.00000E-01  0.00000E+00
  1.680000E+02      219    5.00000E-01  8.10000E+00  1.90000E+00  1.00000E+01  3.70000E-01  1.00000E+00  1.67942E+00  0.00000E+00  1.00000E-01  0.00000E+00
  1.690000E+02      219    5.00000E-01  8.10000E+00  1.90000E+00  1.00000E+01  3.70000E-01  1.00000E+00  1.68853E+00  0.00000E+00  1.00000E-01  0.00000E+00
  1.700000E+02      219    5.00000E-01  8.10000E+00  1.90000E+00  1.00000E+01  3.70000E-01  1.00000E+00  1.69749E+00  0.00000E+00  1.00000E-01  0.00000E+00
  1.710000E+02      219    5.00000E-01  8.10000E+00  1.90000E+00  1.00000E+01  3.70000E-01  1.00000E+00  1.70630E+00  0.00000E+00  1.00000E-01  0.00000E+00
  1.720000E+02      219    5.00000E-01  8.10000E+00  1.90000E+00  1.00000E+01  3.70000E-01  1.00000E+00  1.71496E+00  0.00000E+00  1.00000E-01  0.00000E+00
  1.730000E+02      219    5.00000E-01  8.10000E+00  1.90000E+00  1.00000E+01  3.70000E-01  1.00000E+00  1.72347E+00  0.00000E+00  1.00000E-01  0.00000E+00
  1.740000E+02      219    5.00000E-01  8.10000E+00  1.90000E+00  1.00000E+01  3.70000E-01  1.00000E+00  1.73184E+00  0.00000E+00  1.00000E-01  0.00000E+00
  1.750000E+02      219    5.00000E-01  8.10000E+00  1.90000E+00  1.00000E+01  3.70000E-01  1.00000E+00  1.74007E+00  0.00000E+00  1.00000E-01  0.00000E+00
  1.760000E+02      219    5.00000E-01  8.10000E+00  1.90000E+00  1.00000E+01  3.70000E-01  1.00000E+00  1.74816E+00  0.00000E+00  1.00000E-01  0.00000E+00
  1.770000E+02      219    5.00000E-01  8.10000E+00  1.90000E+00  1.00000E+01  3.70000E-01  1.00000E+00  1.75610E+00  0.00000E+00  1.00000E-01  0.00000E+00
  1.780000E+02      219    5.00000E-01  8.10000E+00  1.90000E+00  1.00000E+01  3.70000E-01  1.00000E+00  1.76391E+00  0.00000E+00  1.00000E-01  0.00000E+00
  1.790000E+02      219    5.00000E-01  8.10000E+00  1.90000E+00  1.00000E+01  3.70000E-01  1.00000E+00  1.77158E+00  0.00000E+00  1.00000E-01  0.00000E+00
  1.800000E+02      219    5.00000E-01  8.10000E+00  1.90000E+00  1.00000E+01  3.70000E-01  1.00000E+00  1.77911E+00  0.00000E+00  1.00000E-01  0.00000E+00
  1.810000E+02      219    5.00000E-01  8.10000E+00  1.90000E+00  1.00000E+01  3.70000E-01  1.00000E+00  1.78651E+00  0.00000E+00  1.00000E-01  0.00000E+00
  1.820000E+02      219    5.00000E-01  8.10000E+00  1.90000E+00  1.00000E+01  3.70000E-01  1.00000E+00  1.79378E+00  0.00000E+00  1.00000E-01  0.00000E+00
  1.830000E+02      219    5.00000E-01  8.10000E+00  1.90000E+00  1.00000E+01  3.70000E-01  1.00000E+00  1.80091E+00  0.00000E+00  1.00000E-01  0.00000E+00
  1.840000E+02      219    5.00000E-01  8.10000E+00  1.90000E+00  1.00000E+01  3.70000E-01  1.00000E+00  1.80792E+00  0.00000E+00  1.00000E-01  0.00000E+00
  1.850000E+02      219    5.00000E-01  8.10000E+00  1.90000E+00  1.00000E+01  3.70000E-01  1.00000E+00  1.81479E+00  0.00000E+00  1.00000E-01  0.00000E+00
  1.860000E+02      219    5.00000E-01  8.10000E+00  1.90000E+00  1.00000E+01  3.70000E-01  1.00000E+00  1.82153E+00  0.00000E+00  1.00000E-01  0.00000E+00
  1.870000E+02      219    5.00000E-01  8.10000E+00  1.90000E+00  1.00000E+01  3.70000E-01  1.00000E+00  1.82813E+00  0.00000E+00  1.00000E-01  0.00000E+00
  1.880000E+02      219    5.00000E-01  8.10000E+00  1.90000E+00  1.00000E+01  3.70000E-01  1.00000E+00  1.83460E+00  0.00000E+00  1.00000E-01  0.00000E+00
  1.890000E+02      219    5.00000E-01  8.10000E+00  1.90000E+00  1.00000E+01  3.70000E-01  1.00000E+00  1.84093E+00  0.00000E+00  1.00000E-01  0.00000E+00
  1.900000E+02      219    5.00000E-01  8.10000E+00  1.90000E+00  1.00000E+01  3.70000E-01  1.00000E+00  1.84711E+00  0.00000E+00  1.00000E-01  0.00000E+00
  1.910000E+02      219    5.00000E-01  8.10000E+00  1.90000E+00  1.00000E+01  3.70000E-01  1.00000E+00  1.85314E+00  0.00000E+00  1.00000E-01  0.00000E+00
  1.920000E+02      219    5.00000E-01  8.10000E+00  1.90000E+00  1.00000E+01  3.70000E-01  1.00000E+00  1.85901E+00  0.00000E+00  1.00000E-01  0.00000E+00
  1.930000E+02      219    5.00000E-01  8.10000E+00  1.90000E+00  1.00000E+01  3.70000E-01  1.00000E+00  1.86471E+00  0.00000E+00  1.00000E-01  0.00000E+00
  1.940000E+02      219    5.00000E-01  8.10000E+00  1.90000E+00  1.00000E+01  3.70000E-01  1.00000E+00  1.87023E+00  0.00000E+00  1.00000E-01  0.00000E+00
  1.950000E+02      219    5.00000E-01  8.10000E+00  1.90000E+00  1.00000E+01  3.70000E-01  1.00000E+00  1.87556E+00  0.00000E+00  1.00000E-01  0.00000E+00
  1.960000E+02      219    5.00000E-01  8.10000E+00  1.90000E+00  1.00000E+01  3.70000E-01  1.00000E+00  1.88069E+00  0.00000E+00  1.00000E-01  0.00000E+00
  1.970000E+02      219    5.00000E-01  8.10000E+00  1.90000E+00  1.00000E+01  3.70000E-01  1.00000E+00  1.88560E+00  0.00000E+00  1.00000E-01  0.00000E+00
  1.980000E+02      219    5.00000E-01  8.10000E+00  1.90000E+00  1.00000E+01  3.70000E-01  1.00000E+00  1.89028E+00  0.00000E+00  1.00000E-01  0.00000E+00
  1.990000E+02      219    5.00000E-01  8.10000E+00  1.90000E+00  1.00000E+01  3.70000E-01  1.00000E+00  1.89471E+00  0.00000E+00  1.00000E-01  0.00000E+00
  2.000000E+02      219    5.00000E-01  8.10000E+00  1.90000E+00  1.00000E+01  3.70000E-01  1.00000E+00  1.89888E+00  0.00000E+00  1.00000E-01  0.00000E+00
  2.010000E+02      219    5.00000E-01  8.10000E+00  1.90000E+00  1.00000E+01  3.70000E-01  1.00000E+00  1.90277E+00  0.00000E+00  1.00000E-01  0.00000E+00
  2.020000E+02      219    5.00000E-01  8.10000E+00  1.90000E+00  1.00000E+01  3.70000E-01  1.00000E+00  1.90636E+00  0.00000E+00  1.00000E-01  0.00000E+00
  2.030000E+02      219    5.00000E-01  8.10000E+00  1.90000E+00  1.00000E+01  3.70000E-01  1.00000E+00  1.90964E+00  0.00000E+00  1.00000E-01  0.00000E+00
  2.040000E+02      219    5.00000E-01  8.10000E+00  1.90000E+00  1.00000E+01  3.70000E-01  1.00000E+00  1.91258E+00  0.00000E+00  1.00000E-01  0.00000E+00
  2.050000E+02      219    5.00000E-01  8.10000E+00  1.90000E+00  1.00000E+01  3.70000E-01  1.00000E+00  1.91517E+00  0.00000E+00  1.00000E-01  0.00000E+00
  2.060000E+02      219    5.00000E-01  8.10000E+00  1.90000E+00  1.00000E+01  3.70000E-01  1.00000E+00  1.91740E+00  0.00000E+00  1.00000E-01  0.00000E+00
  2.070000E+02      219    5.00000E-01  8.10000E+00  1.90000E+00  1.00000E+01  3.70000E-01  1.00000E+00  1.91923E+00  0.00000E+00  1.00000E-01  0.00000E+00
  2.080000E+02      219    5.00000E-01  8.10000E+00  1.90000E+00  1.00000E+01  3.70000E-01  1.00000E+00  1.92067E+00  0.00000E+00  1.00000E-01  0.00000E+00
  2.090000E+02      219    5.00000E-01  8.10000E+00  1.90000E+00  1.00000E+01  3.70000E-01  1.00000E+00  1.92169E+00  0.00000E+00  1.00000E-01  0.00000E+00
  2.100000E+02      219    5.00000E-01  8.10000E+00  1.90000E+00  1.00000E+01  3.70000E-01  1.00000E+00  1.92228E+00  0.00000E+00  1.00000E-01  0.00000E+00
  2.110000E+02      219    5.00000E-01  8.10000E+00  1.90000E+00  1.00000E+01  3.70000E-01  1.00000E+00  1.92242E+00  0.00000E+00  1.00000E-01  0.00000E+00
  2.120000E+02      219    5.00000E-01  8.10000E+00  1.90000E+00  1.00000E+01  3.70000E-01  1.00000E+00  1.92211E+00  0.00000E+00  1.00000E-01  0.00000E+00
  2.130000E+02      219    5.00000E-01  8.10000E+00  1.90000E+00  1.00000E+01  3.70000E-01  1.00000E+00  1.92133E+00  0.00000E+00  1.00000E-01  0.00000E+00
  2.140000E+02      219    5.00000E-01  8.10000E+00  1.90000E+00  1.00000E+01  3.70000E-01  1.00000E+00  1.92007E+00  0.00000E+00  1.00000E-01  0.00000E+00
  2.150000E+02      219    5.00000E-01  8.10000E+00  1.90000E+00  1.00000E+01  3.70000E-01  1.00000E+00  1.91833E+00  0.00000E+00  1.00000E-01  0.00000E+00
  2.160000E+02      219    5.00000E-01  8.10000E+00  1.90000E+00  1.00000E+01  3.70000E-01  1.00000E+00  1.91609E+00  0.00000E+00  1.00000E-01  0.00000E+00
  2.170000E+02      219    5.00000E-01  8.10000E+00  1.90000E+00  1.00000E+01  3.70000E-01  1.00000E+00  1.91335E+00  0.00000E+00  1.00000E-01  0.00000E+00
  2.180000E+02      219    5.00000E-01  8.10000E+00  1.90000E+00  1.00000E+01  3.70000E-01  1.00000E+00  1.91010E+00  0.00000E+00  1.00000E-01  0.00000E+00
  2.190000E+02      219    5.00000E-01  8.10000E+00  1.90000E+00  1.00000E+01  3.70000E-01  1.00000E+00  1.90635E+00  0.00000E+00  1.00000E-01  0.00000E+00
  2.200000E+02      219    5.00000E-01  8.10000E+00  1.90000E+00  1.00000E+01  3.70000E-01  1.00000E+00  1.90208E+00  0.00000E+00  1.00000E-01  0.00000E+00
  2.210000E+02      219    5.00000E-01  8.10000E+00  1.90000E+00  1.00000E+01  3.70000E-01  1.00000E+00  1.89731E+00  0.00000E+00  1.00000E-01  0.00000E+00
  2.220000E+02      219    5.00000E-01  8.10000E+00  1.90000E+00  1.00000E+01  3.70000E-01  1.00000E+00  1.89202E+00  0.00000E+00  1.00000E-01  0.00000E+00
  2.230000E+02      219    5.00000E-01  8.10000E+00  1.90000E+00  1.00000E+01  3.70000E-01  1.00000E+00  1.88623E+00  0.00000E+00  1.00000E-01  0.00000E+00
  2.240000E+02      219    5.00000E-01  8.10000E+00  1.90000E+00  1.00000E+01  3.70000E-01  1.00000E+00  1.87993E+00  0.00000E+00  1.00000E-01  0.00000E+00
  2.250000E+02      219    5.00000E-01  8.10000E+00  1.90000E+00  1.00000E+01  3.70000E-01  1.00000E+00  1.87313E+00  0.00000E+00  1.00000E-01  0.00000E+00
  2.260000E+02      219    5.00000E-01  8.10000E+00  1.90000E+00  1.00000E+01  3.70000E-01  1.00000E+00  1.86583E+00  0.00000E+00  1.00000E-01  0.00000E+00
  2.270000E+02      219    5.00000E-01  8.10000E+00  1.90000E+00  1.00000E+01  3.70000E-01  1.00000E+00  1.85804E+00  0.00000E+00  1.00000E-01  0.00000E+00
  2.280000E+02      219    5.00000E-01  8.10000E+00  1.90000E+00  1.00000E+01  3.70000E-01  1.00000E+00  1.84977E+00  0.00000E+00  1.00000E-01  0.00000E+00
  2.290000E+02      219    5.00000E-01  8.10000E+00  1.90000E+00  1.00000E+01  3.70000E-01  1.00000E+00  1.84103E+00  0.00000E+00  1.00000E-01  0.00000E+00
  2.300000E+02      219    5.00000E-01  8.10000E+00  1.90000E+00  1.00000E+01  3.70000E-01  1.00000E+00  1.83182E+00  0.00000E+00  1.00000E-01  0.00000E+00
  2.310000E+02      219    5.00000E-01  8.10000E+00  1.90000E+00  1.00000E+01  3.70000E-01  1.00000E+00  1.82215E+00  0.00000E+00  1.00000E-01  0.00000E+00
  2.320000E+02      219    5.00000E-01  8.10000E+00  1.90000E+00  1.00000E+01  3.70000E-01  1.00000E+00  1.81204E+00  0.00000E+00  1.00000E-01  0.00000E+00
  2.330000E+02      219    5.00000E-01  8.10000E+00  1.90000E+00  1.00000E+01  3.70000E-01  1.00000E+00  1.80150E+00  0.00000E+00  1.00000E-01  0.00000E+00
  2.340000E+02      219    5.00000E-01  8.10000E+00  1.90000E+00  1.00000E+01  3.70000E-01  1.00000E+00  1.79053E+00  0.00000E+00  1.00000E-01  0.00000E+00
  2.350000E+02      219    5.00000E-01  8.10000E+00  1.90000E+00  1.00000E+01  3.70000E-01  1.00000E+00  1.77916E+00  0.00000E+00  1.00000E-01  0.00000E+00
  2.360000E+02      219    5.00000E-01  8.10000E+00  1.90000E+00  1.00000E+01  3.70000E-01  1.00000E+00  1.76739E+00  0.00000E+00  1.00000E-01  0.00000E+00
  2.370000E+02      219    5.00000E-01  8.10000E+00  1.90000E+00  1.00000E+01  3.70000E-01  1.00000E+00  1.75524E+00  0.00000E+00  1.00000E-01  0.00000E+00
  2.380000E+02      219    5.00000E-01  8.10000E+00  1.90000E+00  1.00000E+01  3.70000E-01  1.00000E+00  1.74272E+00  0.00000E+00  1.00000E-01  0.00000E+00
  2.390000E+02      219    5.00000E-01  8.10000E+00  1.90000E+00  1.00000E+01  3.70000E-01  1.00000E+00  1.72984E+00  0.00000E+00  1.00000E-01  0.00000E+00
  2.400000E+02      219    5.00000E-01  8.10000E+00  1.90000E+00  1.00000E+01  3.70000E-01  1.00000E+00  1.71662E+00  0.00000E+00  1.00000E-01  0.00000E+00
  2.410000E+02      219    5.00000E-01  8.10000E+00  1.90000E+00  1.00000E+01  3.70000E-01  1.00000E+00  1.70308E+00  0.00000E+00  1.00000E-01  0.00000E+00
  2.420000E+02      219    5.00000E-01  8.10000E+00  1.90000E+00  1.00000E+01  3.70000E-01  1.00000E+00  1.68923E+00  0.00000E+00  1.00000E-01  0.00000E+00
  2.430000E+02      219    5.00000E-01  8.10000E+00  1.90000E+00  1.00000E+01  3.70000E-01  1.00000E+00  1.67508E+00  0.00000E+00  1.00000E-01  0.00000E+00
  2.440000E+02      219    5.00000E-01  8.10000E+00  1.90000E+00  1.00000E+01  3.70000E-01  1.00000E+00  1.66064E+00  0.00000E+00  1.00000E-01  0.00000E+00
  2.450000E+02      219    5.00000E-01  8.10000E+00  1.90000E+00  1.00000E+01  3.70000E-01  1.00000E+00  1.64594E+00  0.00000E+00  1.00000E-01  0.00000E+00
  2.460000E+02      219    5.00000E-01  8.10000E+00  1.90000E+00  1.00000E+01  3.70000E-01  1.00000E+00  1.63099E+00  0.00000E+00  1.00000E-01  0.00000E+00
  2.470000E+02      219    5.00000E-01  8.10000E+00  1.90000E+00  1.00000E+01  3.70000E-01  1.00000E+00  1.61580E+00  0.00000E+00  1.00000E-01  0.00000E+00
  2.480000E+02      219    5.00000E-01  8.10000E+00  1.90000E+00  1.00000E+01  3.70000E-01  1.00000E+00  1.60039E+00  0.00000E+00  1.00000E-01  0.00000E+00
  2.490000E+02      219    5.00000E-01  8.10000E+00  1.90000E+00  1.00000E+01  3.70000E-01  1.00000E+00  1.58477E+00  0.00000E+00  1.00000E-01  0.00000E+00
  2.500000E+02      219    5.00000E-01  8.10000E+00  1.90000E+00  1.00000E+01  3.70000E-01  1.00000E+00  1.56896E+00  0.00000E+00  1.00000E-01  0.00000E+00
  2.510000E+02      219    5.00000E-01  8.10000E+00  1.90000E+00  1.00000E+01  3.70000E-01  1.00000E+00  1.55297E+00  0.00000E+00  1.00000E-01  0.00000E+00
  2.520000E+02      219    5.00000E-01  8.10000E+00  1.90000E+00  1.00000E+01  3.70000E-01  1.00000E+00  1.53681E+00  0.00000E+00  1.00000E-01  0.00000E+00
  2.530000E+02      219    5.00000E-01  8.10000E+00  1.90000E+00  1.00000E+01  3.70000E-01  1.00000E+00  1.52050E+00  0.00000E+00  1.00000E-01  0.00000E+00
  2.540000E+02      219    5.00000E-01  8.10000E+00  1.90000E+00  1.00000E+01  3.70000E-01  1.00000E+00  1.50405E+00  0.00000E+00  1.00000E-01  0.00000E+00
  2.550000E+02      219    5.00000E-01  8.10000E+00  1.90000E+00  1.00000E+01  3.70000E-01  1.00000E+00  1.48748E+00  0.00000E+00  1.00000E-01  0.00000E+00
  2.560000E+02      219    5.00000E-01  8.10000E+00  1.90000E+00  1.00000E+01  3.70000E-01  1.00000E+00  1.47080E+00  0.00000E+00  1.00000E-01  0.00000E+00
  2.570000E+02      219    5.00000E-01  8.10000E+00  1.90000E+00  1.00000E+01  3.70000E-01  1.00000E+00  1.45401E+00  0.00000E+00  1.00000E-01  0.00000E+00
  2.580000E+02      219    5.00000E-01  8.10000E+00  1.90000E+00  1.00000E+01  3.70000E-01  1.00000E+00  1.43715E+00  0.00000E+00  1.00000E-01  0.00000E+00
  2.590000E+02      219    5.00000E-01  8.10000E+00  1.90000E+00  1.00000E+01  3.70000E-01  1.00000E+00  1.42021E+00  0.00000E+00  1.00000E-01  0.00000E+00
  2.600000E+02      219    5.00000E-01  8.10000E+00  1.90000E+00  1.00000E+01  3.70000E-01  1.00000E+00  1.40320E+00  0.00000E+00  1.00000E-01  0.00000E+00
  2.610000E+02      219    5.00000E-01  8.10000E+00  1.90000E+00  1.00000E+01  3.70000E-01  1.00000E+00  1.38615E+00  0.00000E+00  1.00000E-01  0.00000E+00
  2.620000E+02      219    5.00000E-01  8.10000E+00  1.90000E+00  1.00000E+01  3.70000E-01  1.00000E+00  1.36906E+00  0.00000E+00  1.00000E-01  0.00000E+00
  2.630000E+02      219    5.00000E-01  8.10000E+00  1.90000E+00  1.00000E+01  3.70000E-01  1.00000E+00  1.35194E+00  0.00000E+00  1.00000E-01  0.00000E+00
  2.640000E+02      219    5.00000E-01  8.10000E+00  1.90000E+00  1.00000E+01  3.70000E-01  1.00000E+00  1.33480E+00  0.00000E+00  1.00000E-01  0.00000E+00
  2.650000E+02      219    5.00000E-01  8.10000E+00  1.90000E+00  1.00000E+01  3.70000E-01  1.00000E+00  1.31765E+00  0.00000E+00  1.00000E-01  0.00000E+00
  2.660000E+02      219    5.00000E-01  8.10000E+00  1.90000E+00  1.00000E+01  3.70000E-01  1.00000E+00  1.30051E+00  0.00000E+00  1.00000E-01  0.00000E+00
  2.670000E+02      219    5.00000E-01  8.10000E+00  1.90000E+00  1.00000E+01  3.70000E-01  1.00000E+00  1.28338E+00  0.00000E+00  1.00000E-01  0.00000E+00
  2.680000E+02      219    5.00000E-01  8.10000E+00  1.90000E+00  1.00000E+01  3.70000E-01  1.00000E+00  1.26627E+00  0.00000E+00  1.00000E-01  0.00000E+00
  2.690000E+02      219    5.00000E-01  8.10000E+00  1.90000E+00  1.00000E+01  3.70000E-01  1.00000E+00  1.24919E+00  0.00000E+00  1.00000E-01  0.00000E+00
  2.700000E+02      219    5.00000E-01  8.10000E+00  1.90000E+00  1.00000E+01  3.70000E-01  1.00000E+00  1.23216E+00  0.00000E+00  1.00000E-01  0.00000E+00
  2.710000E+02      219    5.00000E-01  8.10000E+00  1.90000E+00  1.00000E+01  3.70000E-01  1.00000E+00  1.21516E+00  0.00000E+00  1.00000E-01  0.00000E+00
  2.720000E+02      219    5.00000E-01  8.10000E+00  1.90000E+00  1.00000E+01  3.70000E-01  1.00000E+00  1.19823E+00  0.00000E+00  1.00000E-01  0.00000E+00
  2.730000E+02      219    5.00000E-01  8.10000E+00  1.90000E+00  1.00000E+01  3.70000E-01  1.00000E+00  1.18135E+00  0.00000E+00  1.00000E-01  0.00000E+00
  2.740000E+02      219    5.00000E-01  8.10000E+00  1.90000E+00  1.00000E+01  3.70000E-01  1.00000E+00  1.16455E+00  0.00000E+00  1.00000E-01  0.00000E+00
  2.750000E+02      219    5.00000E-01  8.10000E+00  1.90000E+00  1.00000E+01  3.70000E-01  1.00000E+00  1.14782E+00  0.00000E+00  1.00000E-01  0.00000E+00
  2.760000E+02      219    5.00000E-01  8.10000E+00  1.90000E+00  1.00000E+01  3.70000E-01  1.00000E+00  1.13118E+00  0.00000E+00  1.00000E-01  0.00000E+00
  2.770000E+02      219    5.00000E-01  8.10000E+00  1.90000E+00  1.00000E+01  3.70000E-01  1.00000E+00  1.11462E+00  0.00000E+00  1.00000E-01  0.00000E+00
  2.780000E+02      219    5.00000E-01  8.10000E+00  1.90000E+00  1.00000E+01  3.70000E-01  1.00000E+00  1.09816E+00  0.00000E+00  1.00000E-01  0.00000E+00
  2.790000E+02      219    5.00000E-01  8.10000E+00  1.90000E+00  1.00000E+01  3.70000E-01  1.00000E+00  1.08181E+00  0.00000E+00  1.00000E-01  0.00000E+00
  2.800000E+02      219    5.00000E-01  8.10000E+00  1.90000E+00  1.00000E+01  3.70000E-01  1.00000E+00  1.06555E+00  0.00000E+00  1.00000E-01  0.00000E+00
  2.810000E+02      219    5.00000E-01  8.10000E+00  1.90000E+00  1.00000E+01  3.70000E-01  1.00000E+00  1.04941E+00  0.00000E+00  1.00000E-01  0.00000E+00
  2.820000E+02      219    5.00000E-01  8.10000E+00  1.90000E+00  1.00000E+01  3.70000E-01  1.00000E+00  1.03339E+00  0.00000E+00  1.00000E-01  0.00000E+00
  2.830000E+02      219    5.00000E-01  8.10000E+00  1.90000E+00  1.00000E+01  3.70000E-01  1.00000E+00  1.01749E+00  0.00000E+00  1.00000E-01  0.00000E+00
  2.840000E+02      219    5.00000E-01  8.10000E+00  1.90000E+00  1.00000E+01  3.70000E-01  1.00000E+00  1.00171E+00  0.00000E+00  1.00000E-01  0.00000E+00
  2.850000E+02      219    5.00000E-01  8.10000E+00  1.90000E+00  1.00000E+01  3.70000E-01  1.00000E+00  9.86064E-01  0.00000E+00  1.00000E-01  0.00000E+00
  2.860000E+02      219    5.00000E-01  8.10000E+00  1.90000E+00  1.00000E+01  3.70000E-01  1.00000E+00  9.70549E-01  0.00000E+00  1.00000E-01  0.00000E+00
  2.870000E+02      219    5.00000E-01  8.10000E+00  1.90000E+00  1.00000E+01  3.70000E-01  1.00000E+00  9.55170E-01  0.00000E+00  1.00000E-01  0.00000E+00
  2.880000E+02      219    5.00000E-01  8.10000E+00  1.90000E+00  1.00000E+01  3.70000E-01  1.00000E+00  9.39932E-01  0.00000E+00  1.00000E-01  0.00000E+00
  2.890000E+02      219    5.00000E-01  8.10000E+00  1.90000E+00  1.00000E+01  3.70000E-01  1.00000E+00  9.24836E-01  0.00000E+00  1.00000E-01  0.00000E+00
  2.900000E+02      219    5.00000E-01  8.10000E+00  1.90000E+00  1.00000E+01  3.70000E-01  1.00000E+00  9.09885E-01  0.00000E+00  1.00000E-01  0.00000E+00
  2.910000E+02      219    5.00000E-01  8.10000E+00  1.90000E+00  1.00000E+01  3.70000E-01  1.00000E+00  8.95083E-01  0.00000E+00  1.00000E-01  0.00000E+00
  2.920000E+02      219    5.00000E-01  8.10000E+00  1.90000E+00  1.00000E+01  3.70000E-01  1.00000E+00  8.80431E-01  0.00000E+00  1.00000E-01  0.00000E+00
  2.930000E+02      219    5.00000E-01  8.10000E+00  1.90000E+00  1.00000E+01  3.70000E-01  1.00000E+00  8.65931E-01  0.00000E+00  1.00000E-01  0.00000E+00
  2.940000E+02      219    5.00000E-01  8.10000E+00  1.90000E+00  1.00000E+01  3.70000E-01  1.00000E+00  8.51587E-01  0.00000E+00  1.00000E-01  0.00000E+00
  2.950000E+02      219    5.00000E-01  8.10000E+00  1.90000E+00  1.00000E+01  3.70000E-01  1.00000E+00  8.37399E-01  0.00000E+00  1.00000E-01  0.00000E+00
  2.960000E+02      219    5.00000E-01  8.10000E+00  1.90000E+00  1.00000E+01  3.70000E-01  1.00000E+00  8.23369E-01  0.00000E+00  1.00000E-01  0.00000E+00
  2.970000E+02      219    5.00000E-01  8.10000E+00  1.90000E+00  1.00000E+01  3.70000E-01  1.00000E+00  8.09498E-01  0.00000E+00  1.00000E-01  0.00000E+00
  2.980000E+02      219    5.00000E-01  8.10000E+00  1.90000E+00  1.00000E+01  3.70000E-01  1.00000E+00  7.95788E-01  0.00000E+00  1.00000E-01  0.00000E+00
  2.990000E+02      219    5.00000E-01  8.10000E+00  1.90000E+00  1.00000E+01  3.70000E-01  1.00000E+00  7.82240E-01  0.00000E+00  1.00000E-01  0.00000E+00
  3.000000E+02      219    5.00000E-01  8.10000E+00  1.90000E+00  1.00000E+01  3.70000E-01  1.00000E+00  7.68854E-01  0.00000E+00  1.00000E-01  0.00000E+00
  3.010000E+02      219    5.00000E-01  8.10000E+00  1.90000E+00  1.00000E+01  3.70000E-01  1.00000E+00  7.55633E-01  0.00000E+00  1.00000E-01  0.00000E+00
  3.020000E+02      219    5.00000E-01  8.10000E+00  1.90000E+00  1.00000E+01  3.70000E-01  1.00000E+00  7.42575E-01  0.00000E+00  1.00000E-01  0.00000E+00
  3.030000E+02      219    5.00000E-01  8.10000E+00  1.90000E+00  1.00000E+01  3.70000E-01  1.00000E+00  7.29682E-01  0.00000E+00  1.00000E-01  0.00000E+00
  3.040000E+02      219    5.00000E-01  8.10000E+00  1.90000E+00  1.00000E+01  3.70000E-01  1.00000E+00  7.16954E-01  0.00000E+00  1.00000E-01  0.00000E+00
  3.050000E+02      219    5.00000E-01  8.10000E+00  1.90000E+00  1.00000E+01  3.70000E-01  1.00000E+00  7.04392E-01  0.00000E+00  1.00000E-01  0.00000E+00
  3.060000E+02      219    5.00000E-01  8.10000E+00  1.90000E+00  1.00000E+01  3.70000E-01  1.00000E+00  6.91994E-01  0.00000E+00  1.00000E-01  0.00000E+00
  3.070000E+02      219    5.00000E-01  8.10000E+00  1.90000E+00  1.00000E+01  3.70000E-01  1.00000E+00  6.79763E-01  0.00000E+00  1.00000E-01  0.00000E+00
  3.080000E+02      219    5.00000E-01  8.10000E+00  1.90000E+00  1.00000E+01  3.70000E-01  1.00000E+00  6.67696E-01  0.00000E+00  1.00000E-01  0.00000E+00
  3.090000E+02      219    5.00000E-01  8.10000E+00  1.90000E+00  1.00000E+01  3.70000E-01  1.00000E+00  6.55795E-01  0.00000E+00  1.00000E-01  0.00000E+00
  3.100000E+02      219    5.00000E-01  8.10000E+00  1.90000E+00  1.00000E+01  3.70000E-01  1.00000E+00  6.44059E-01  0.00000E+00  1.00000E-01  0.00000E+00
  3.110000E+02      219    5.00000E-01  8.10000E+00  1.90000E+00  1.00000E+01  3.70000E-01  1.00000E+00  6.32487E-01  0.00000E+00  1.00000E-01  0.00000E+00
  3.120000E+02      219    5.00000E-01  8.10000E+00  1.90000E+00  1.00000E+01  3.70000E-01  1.00000E+00  6.21079E-01  0.00000E+00  1.00000E-01  0.00000E+00
  3.130000E+02      219    5.00000E-01  8.10000E+00  1.90000E+00  1.00000E+01  3.70000E-01  1.00000E+00  6.09834E-01  0.00000E+00  1.00000E-01  0.00000E+00
  3.140000E+02      219    5.00000E-01  8.10000E+00  1.90000E+00  1.00000E+01  3.70000E-01  1.00000E+00  5.98752E-01  0.00000E+00  1.00000E-01  0.00000E+00
  3.150000E+02      219    5.00000E-01  8.10000E+00  1.90000E+00  1.00000E+01  3.70000E-01  1.00000E+00  5.87832E-01  0.00000E+00  1.00000E-01  0.00000E+00
  3.160000E+02      219    5.00000E-01  8.10000E+00  1.90000E+00  1.00000E+01  3.70000E-01  1.00000E+00  5.77073E-01  0.00000E+00  1.00000E-01  0.00000E+00
  3.170000E+02      219    5.00000E-01  8.10000E+00  1.90000E+00  1.00000E+01  3.70000E-01  1.00000E+00  5.66474E-01  0.00000E+00  1.00000E-01  0.00000E+00
  3.180000E+02      219    5.00000E-01  8.10000E+00  1.90000E+00  1.00000E+01  3.70000E-01  1.00000E+00  5.56035E-01  0.00000E+00  1.00000E-01  0.00000E+00
  3.190000E+02      219    5.00000E-01  8.10000E+00  1.90000E+00  1.00000E+01  3.70000E-01  1.00000E+00  5.45757E-01  0.00000E+00  1.00000E-01  0.00000E+00
  3.200000E+02      219    5.00000E-01  8.10000E+00  1.90000E+00  1.00000E+01  3.70000E-01  1.00000E+00  5.35636E-01  0.00000E+00  1.00000E-01  0.00000E+00
  3.210000E+02      219    5.00000E-01  8.10000E+00  1.90000E+00  1.00000E+01  3.70000E-01  1.00000E+00  5.25672E-01  0.00000E+00  1.00000E-01  0.00000E+00
  3.220000E+02      219    5.00000E-01  8.10000E+00  1.90000E+00  1.00000E+01  3.70000E-01  1.00000E+00  5.15861E-01  0.00000E+00  1.00000E-01  0.00000E+00
  3.230000E+02      219    5.00000E-01  8.10000E+00  1.90000E+00  1.00000E+01  3.70000E-01  1.00000E+00  5.06206E-01  0.00000E+00  1.00000E-01  0.00000E+00
  3.240000E+02      219    5.00000E-01  8.10000E+00  1.90000E+00  1.00000E+01  3.70000E-01  1.00000E+00  4.96702E-01  0.00000E+00  1.00000E-01  0.00000E+00
  3.250000E+02      219    5.00000E-01  8.10000E+00  1.90000E+00  1.00000E+01  3.70000E-01  1.00000E+00  4.87349E-01  0.00000E+00  1.00000E-01  0.00000E+00
  3.260000E+02      219    5.00000E-01  8.10000E+00  1.90000E+00  1.00000E+01  3.70000E-01  1.00000E+00  4.78146E-01  0.00000E+00  1.00000E-01  0.00000E+00
  3.270000E+02      219    5.00000E-01  8.10000E+00  1.90000E+00  1.00000E+01  3.70000E-01  1.00000E+00  4.69091E-01  0.00000E+00  1.00000E-01  0.00000E+00
  3.280000E+02      219    5.00000E-01  8.10000E+00  1.90000E+00  1.00000E+01  3.70000E-01  1.00000E+00  4.60183E-01  0.00000E+00  1.00000E-01  0.00000E+00
  3.290000E+02      219    5.00000E-01  8.10000E+00  1.90000E+00  1.00000E+01  3.70000E-01  1.00000E+00  4.51421E-01  0.00000E+00  1.00000E-01  0.00000E+00
  3.300000E+02      219    5.00000E-01  8.10000E+00  1.90000E+00  1.00000E+01  3.70000E-01  1.00000E+00  4.42803E-01  0.00000E+00  1.00000E-01  0.00000E+00
  3.310000E+02      219    5.00000E-01  8.10000E+00  1.90000E+00  1.00000E+01  3.70000E-01  1.00000E+00  4.34327E-01  0.00000E+00  1.00000E-01  0.00000E+00
  3.320000E+02      219    5.00000E-01  8.10000E+00  1.90000E+00  1.00000E+01  3.70000E-01  1.00000E+00  4.25993E-01  0.00000E+00  1.00000E-01  0.00000E+00
  3.330000E+02      219    5.00000E-01  8.10000E+00  1.90000E+00  1.00000E+01  3.70000E-01  1.00000E+00  4.17798E-01  0.00000E+00  1.00000E-01  0.00000E+00
  3.340000E+02      219    5.00000E-01  8.10000E+00  1.90000E+00  1.00000E+01  3.70000E-01  1.00000E+00  4.09742E-01  0.00000E+00  1.00000E-01  0.00000E+00
  3.350000E+02      219    5.00000E-01  8.10000E+00  1.90000E+00  1.00000E+01  3.70000E-01  1.00000E+00  4.01821E-01  0.00000E+00  1.00000E-01  0.00000E+00
  3.360000E+02      219    5.00000E-01  8.10000E+00  1.90000E+00  1.00000E+01  3.70000E-01  1.00000E+00  3.94037E-01  0.00000E+00  1.00000E-01  0.00000E+00
  3.370000E+02      219    5.00000E-01  8.10000E+00  1.90000E+00  1.00000E+01  3.70000E-01  1.00000E+00  3.86384E-01  0.00000E+00  1.00000E-01  0.00000E+00
  3.380000E+02      219    5.00000E-01  8.10000E+00  1.90000E+00  1.00000E+01  3.70000E-01  1.00000E+00  3.78865E-01  0.00000E+00  1.00000E-01  0.00000E+00
  3.390000E+02      219    5.00000E-01  8.10000E+00  1.90000E+00  1.00000E+01  3.70000E-01  1.00000E+00  3.71474E-01  0.00000E+00  1.00000E-01  0.00000E+00
  3.400000E+02      219    5.00000E-01  8.10000E+00  1.90000E+00  1.00000E+01  3.70000E-01  1.00000E+00  3.64213E-01  0.00000E+00  1.00000E-01  0.00000E+00
  3.410000E+02      219    5.00000E-01  8.10000E+00  1.90000E+00  1.00000E+01  3.70000E-01  1.00000E+00  3.57078E-01  0.00000E+00  1.00000E-01  0.00000E+00
  3.420000E+02      219    5.00000E-01  8.10000E+00  1.90000E+00  1.00000E+01  3.70000E-01  1.00000E+00  3.50068E-01  0.00000E+00  1.00000E-01  0.00000E+00
  3.430000E+02      219    5.00000E-01  8.10000E+00  1.90000E+00  1.00000E+01  3.70000E-01  1.00000E+00  3.43182E-01  0.00000E+00  1.00000E-01  0.00000E+00
  3.440000E+02      219    5.00000E-01  8.10000E+00  1.90000E+00  1.00000E+01  3.70000E-01  1.00000E+00  3.36417E-01  0.00000E+00  1.00000E-01  0.00000E+00
  3.450000E+02      219    5.00000E-01  8.10000E+00  1.90000E+00  1.00000E+01  3.70000E-01  1.00000E+00  3.29774E-01  0.00000E+00  1.00000E-01  0.00000E+00
  3.460000E+02      219    5.00000E-01  8.10000E+00  1.90000E+00  1.00000E+01  3.70000E-01  1.00000E+00  3.23248E-01  0.00000E+00  1.00000E-01  0.00000E+00
  3.470000E+02      219    5.00000E-01  8.10000E+00  1.90000E+00  1.00000E+01  3.70000E-01  1.00000E+00  3.16840E-01  0.00000E+00  1.00000E-01  0.00000E+00
  3.480000E+02      219    5.00000E-01  8.10000E+00  1.90000E+00  1.00000E+01  3.70000E-01  1.00000E+00  3.10547E-01  0.00000E+00  1.00000E-01  0.00000E+00
  3.490000E+02      219    5.00000E-01  8.10000E+00  1.90000E+00  1.00000E+01  3.70000E-01  1.00000E+00  3.04367E-01  0.00000E+00  1.00000E-01  0.00000E+00
  3.500000E+02      219    5.00000E-01  8.10000E+00  1.90000E+00  1.00000E+01  3.70000E-01  1.00000E+00  2.98299E-01  0.00000E+00  1.00000E-01  0.00000E+00
  3.510000E+02      219    5.00000E-01  8.10000E+00  1.90000E+00  1.00000E+01  3.70000E-01  1.00000E+00  2.92342E-01  0.00000E+00  1.00000E-01  0.00000E+00
  3.520000E+02      219    5.00000E-01  8.10000E+00  1.90000E+00  1.00000E+01  3.70000E-01  1.00000E+00  2.86494E-01  0.00000E+00  1.00000E-01  0.00000E+00
  3.530000E+02      219    5.00000E-01  8.10000E+00  1.90000E+00  1.00000E+01  3.70000E-01  1.00000E+00  2.80754E-01  0.00000E+00  1.00000E-01  0.00000E+00
  3.540000E+02      219    5.00000E-01  8.10000E+00  1.90000E+00  1.00000E+01  3.70000E-01  1.00000E+00  2.75118E-01  0.00000E+00  1.00000E-01  0.00000E+00
  3.550000E+02      219    5.00000E-01  8.10000E+00  1.90000E+00  1.00000E+01  3.70000E-01  1.00000E+00  2.69588E-01  0.00000E+00  1.00000E-01  0.00000E+00
  3.560000E+02      219    5.00000E-01  8.10000E+00  1.90000E+00  1.00000E+01  3.70000E-01  1.00000E+00  2.64159E-01  0.00000E+00  1.00000E-01  0.00000E+00
  3.570000E+02      219    5.00000E-01  8.10000E+00  1.90000E+00  1.00000E+01  3.70000E-01  1.00000E+00  2.58831E-01  0.00000E+00  1.00000E-01  0.00000E+00
  3.580000E+02      219    5.00000E-01  8.10000E+00  1.90000E+00  1.00000E+01  3.70000E-01  1.00000E+00  2.53603E-01  0.00000E+00  1.00000E-01  0.00000E+00
  3.590000E+02      219    5.00000E-01  8.10000E+00  1.90000E+00  1.00000E+01  3.70000E-01  1.00000E+00  2.48472E-01  0.00000E+00  1.00000E-01  0.00000E+00
  3.600000E+02      219    5.00000E-01  8.10000E+00  1.90000E+00  1.00000E+01  3.70000E-01  1.00000E+00  2.43438E-01  0.00000E+00  1.00000E-01  0.00000E+00
  3.610000E+02      219    5.00000E-01  8.10000E+00  1.90000E+00  1.00000E+01  3.70000E-01  1.00000E+00  2.38499E-01  0.00000E+00  1.00000E-01  0.00000E+00
  3.620000E+02      219    5.00000E-01  8.10000E+00  1.90000E+00  1.00000E+01  3.70000E-01  1.00000E+00  2.33653E-01  0.00000E+00  1.00000E-01  0.00000E+00
  3.630000E+02      219    5.00000E-01  8.10000E+00  1.90000E+00  1.00000E+01  3.70000E-01  1.00000E+00  2.28898E-01  0.00000E+00  1.00000E-01  0.00000E+00
  3.640000E+02      219    5.00000E-01  8.10000E+00  1.90000E+00  1.00000E+01  3.70000E-01  1.00000E+00  2.24234E-01  0.00000E+00  1.00000E-01  0.00000E+00
  3.650000E+02      219    5.00000E-01  8.10000E+00  1.90000E+00  1.00000E+01  3.70000E-01  1.00000E+00  2.19659E-01  0.00000E+00  1.00000E-01  0.00000E+00
  3.660000E+02      219    5.00000E-01  8.10000E+00  1.90000E+00  1.00000E+01  3.70000E-01  1.00000E+00  2.15171E-01  0.00000E+00  1.00000E-01  0.00000E+00
  3.670000E+02      219    5.00000E-01  8.10000E+00  1.90000E+00  1.00000E+01  3.70000E-01  1.00000E+00  2.10769E-01  0.00000E+00  1.00000E-01  0.00000E+00
  3.680000E+02      219    5.00000E-01  8.10000E+00  1.90000E+00  1.00000E+01  3.70000E-01  1.00000E+00  2.06451E-01  0.00000E+00  1.00000E-01  0.00000E+00
  3.690000E+02      219    5.00000E-01  8.10000E+00  1.90000E+00  1.00000E+01  3.70000E-01  1.00000E+00  2.02216E-01  0.00000E+00  1.00000E-01  0.00000E+00
  3.700000E+02      219    5.00000E-01  8.10000E+00  1.90000E+00  1.00000E+01  3.70000E-01  1.00000E+00  1.98063E-01  0.00000E+00  1.00000E-01  0.00000E+00
  3.710000E+02      219    5.00000E-01  8.10000E+00  1.90000E+00  1.00000E+01  3.70000E-01  1.00000E+00  1.93990E-01  0.00000E+00  1.00000E-01  0.00000E+00
  3.720000E+02      219    5.00000E-01  8.10000E+00  1.90000E+00  1.00000E+01  3.70000E-01  1.00000E+00  1.89996E-01  0.00000E+00  1.00000E-01  0.00000E+00
  3.730000E+02      219    5.00000E-01  8.10000E+00  1.90000E+00  1.00000E+01  3.70000E-01  1.00000E+00  1.86080E-01  0.00000E+00  1.00000E-01  0.00000E+00
  3.740000E+02      219    5.00000E-01  8.10000E+00  1.90000E+00  1.00000E+01  3.70000E-01  1.00000E+00  1.82240E-01  0.00000E+00  1.00000E-01  0.00000E+00
  3.750000E+02      219    5.00000E-01  8.10000E+00  1.90000E+00  1.00000E+01  3.70000E-01  1.00000E+00  1.78474E-01  0.00000E+00  1.00000E-01  0.00000E+00
  3.760000E+02      219    5.00000E-01  8.10000E+00  1.90000E+00  1.00000E+01  3.70000E-01  1.00000E+00  1.74783E-01  0.00000E+00  1.00000E-01  0.00000E+00
  3.770000E+02      219    5.00000E-01  8.10000E+00  1.90000E+00  1.00000E+01  3.70000E-01  1.00000E+00  1.71164E-01  0.00000E+00  1.00000E-01  0.00000E+00
  3.780000E+02      219    5.00000E-01  8.10000E+00  1.90000E+00  1.00000E+01  3.70000E-01  1.00000E+00  1.67616E-01  0.00000E+00  1.00000E-01  0.00000E+00
  3.790000E+02      219    5.00000E-01  8.10000E+00  1.90000E+00  1.00000E+01  3.70000E-01  1.00000E+00  1.64138E-01  0.00000E+00  1.00000E-01  0.00000E+00
  3.800000E+02      219    5.00000E-01  8.10000E+00  1.90000E+00  1.00000E+01  3.70000E-01  1.00000E+00  1.60728E-01  0.00000E+00  1.00000E-01  0.00000E+00
  3.810000E+02      219    5.00000E-01  8.10000E+00  1.90000E+00  1.00000E+01  3.70000E-01  1.00000E+00  1.57386E-01  0.00000E+00  1.00000E-01  0.00000E+00
  3.820000E+02      219    5.00000E-01  8.10000E+00  1.90000E+00  1.00000E+01  3.70000E-01  1.00000E+00  1.54110E-01  0.00000E+00  1.00000E-01  0.00000E+00
  3.830000E+02      219    5.00000E-01  8.10000E+00  1.90000E+00  1.00000E+01  3.70000E-01  1.00000E+00  1.50899E-01  0.00000E+00  1.00000E-01  0.00000E+00
  3.840000E+02      219    5.00000E-01  8.10000E+00  1.90000E+00  1.00000E+01  3.70000E-01  1.00000E+00  1.47751E-01  0.00000E+00  1.00000E-01  0.00000E+00
  3.850000E+02      219    5.00000E-01  8.10000E+00  1.90000E+00  1.00000E+01  3.70000E-01  1.00000E+00  1.44667E-01  0.00000E+00  1.00000E-01  0.00000E+00
  3.860000E+02      219    5.00000E-01  8.10000E+00  1.90000E+00  1.00000E+01  3.70000E-01  1.00000E+00  1.41644E-01  0.00000E+00  1.00000E-01  0.00000E+00
  3.870000E+02      219    5.00000E-01  8.10000E+00  1.90000E+00  1.00000E+01  3.70000E-01  1.00000E+00  1.38681E-01  0.00000E+00  1.00000E-01  0.00000E+00
  3.880000E+02      219    5.00000E-01  8.10000E+00  1.90000E+00  1.00000E+01  3.70000E-01  1.00000E+00  1.35777E-01  0.00000E+00  1.00000E-01  0.00000E+00
  3.890000E+02      219    5.00000E-01  8.10000E+00  1.90000E+00  1.00000E+01  3.70000E-01  1.00000E+00  1.32932E-01  0.00000E+00  1.00000E-01  0.00000E+00
  3.900000E+02      219    5.00000E-01  8.10000E+00  1.90000E+00  1.00000E+01  3.70000E-01  1.00000E+00  1.30144E-01  0.00000E+00  1.00000E-01  0.00000E+00
  3.910000E+02      219    5.00000E-01  8.10000E+00  1.90000E+00  1.00000E+01  3.70000E-01  1.00000E+00  1.27412E-01  0.00000E+00  1.00000E-01  0.00000E+00
  3.920000E+02      219    5.00000E-01  8.10000E+00  1.90000E+00  1.00000E+01  3.70000E-01  1.00000E+00  1.24735E-01  0.00000E+00  1.00000E-01  0.00000E+00
  3.930000E+02      219    5.00000E-01  8.10000E+00  1.90000E+00  1.00000E+01  3.70000E-01  1.00000E+00  1.22112E-01  0.00000E+00  1.00000E-01  0.00000E+00
  3.940000E+02      219    5.00000E-01  8.10000E+00  1.90000E+00  1.00000E+01  3.70000E-01  1.00000E+00  1.19542E-01  0.00000E+00  1.00000E-01  0.00000E+00
  3.950000E+02      219    5.00000E-01  8.10000E+00  1.90000E+00  1.00000E+01  3.70000E-01  1.00000E+00  1.17026E-01  0.00000E+00  1.00000E-01  0.00000E+00
  3.960000E+02      219    5.00000E-01  8.10000E+00  1.90000E+00  1.00000E+01  3.70000E-01  1.00000E+00  1.14562E-01  0.00000E+00  1.00000E-01  0.00000E+00
  3.970000E+02      219    5.00000E-01  8.10000E+00  1.90000E+00  1.00000E+01  3.70000E-01  1.00000E+00  1.12147E-01  0.00000E+00  1.00000E-01  0.00000E+00
  3.980000E+02      219    5.00000E-01  8.10000E+00  1.90000E+00  1.00000E+01  3.70000E-01  1.00000E+00  1.09782E-01  0.00000E+00  1.00000E-01  0.00000E+00
  3.990000E+02      219    5.00000E-01  8.10000E+00  1.90000E+00  1.00000E+01  3.70000E-01  1.00000E+00  1.07464E-01  0.00000E+00  1.00000E-01  0.00000E+00
  4.000000E+02      219    5.00000E-01  8.10000E+00  1.90000E+00  1.00000E+01  3.70000E-01  1.00000E+00  1.05194E-01  0.00000E+00  1.00000E-01  0.00000E+00
  4.010000E+02      219    5.00000E-01  8.10000E+00  1.90000E+00  1.00000E+01  3.70000E-01  1.00000E+00  1.02970E-01  0.00000E+00  1.00000E-01  0.00000E+00
  4.020000E+02      219    5.00000E-01  8.10000E+00  1.90000E+00  1.00000E+01  3.70000E-01  1.00000E+00  1.00791E-01  0.00000E+00  1.00000E-01  0.00000E+00
  4.030000E+02      219    5.00000E-01  8.10000E+00  1.90000E+00  1.00000E+01  3.70000E-01  1.00000E+00  9.86572E-02  0.00000E+00  1.00000E-01  0.00000E+00
  4.040000E+02      219    5.00000E-01  8.10000E+00  1.90000E+00  1.00000E+01  3.70000E-01  1.00000E+00  9.65669E-02  0.00000E+00  1.00000E-01  0.00000E+00
  4.050000E+02      219    5.00000E-01  8.10000E+00  1.90000E+00  1.00000E+01  3.70000E-01  1.00000E+00  9.45194E-02  0.00000E+00  1.00000E-01  0.00000E+00
  4.060000E+02      219    5.00000E-01  8.10000E+00  1.90000E+00  1.00000E+01  3.70000E-01  1.00000E+00  9.25140E-02  0.00000E+00  1.00000E-01  0.00000E+00
  4.070000E+02      219    5.00000E-01  8.10000E+00  1.90000E+00  1.00000E+01  3.70000E-01  1.00000E+00  9.05498E-02  0.00000E+00  1.00000E-01  0.00000E+00
  4.080000E+02      219    5.00000E-01  8.10000E+00  1.90000E+00  1.00000E+01  3.70000E-01  1.00000E+00  8.86260E-02  0.00000E+00  1.00000E-01  0.00000E+00
  4.090000E+02      219    5.00000E-01  8.10000E+00  1.90000E+00  1.00000E+01  3.70000E-01  1.00000E+00  8.67419E-02  0.00000E+00  1.00000E-01  0.00000E+00
  4.100000E+02      219    5.00000E-01  8.10000E+00  1.90000E+00  1.00000E+01  3.70000E-01  1.00000E+00  8.48967E-02  0.00000E+00  1.00000E-01  0.00000E+00
  4.110000E+02      219    5.00000E-01  8.10000E+00  1.90000E+00  1.00000E+01  3.70000E-01  1.00000E+00  8.30895E-02  0.00000E+00  1.00000E-01  0.00000E+00
  4.120000E+02      219    5.00000E-01  8.10000E+00  1.90000E+00  1.00000E+01  3.70000E-01  1.00000E+00  8.13197E-02  0.00000E+00  1.00000E-01  0.00000E+00
  4.130000E+02      219    5.00000E-01  8.10000E+00  1.90000E+00  1.00000E+01  3.70000E-01  1.00000E+00  7.95866E-02  0.00000E+00  1.00000E-01  0.00000E+00
  4.140000E+02      219    5.00000E-01  8.10000E+00  1.90000E+00  1.00000E+01  3.70000E-01  1.00000E+00  7.78893E-02  0.00000E+00  1.00000E-01  0.00000E+00
  4.150000E+02      219    5.00000E-01  8.10000E+00  1.90000E+00  1.00000E+01  3.70000E-01  1.00000E+00  7.62273E-02  0.00000E+00  1.00000E-01  0.00000E+00
  4.160000E+02      219    5.00000E-01  8.10000E+00  1.90000E+00  1.00000E+01  3.70000E-01  1.00000E+00  7.45998E-02  0.00000E+00  1.00000E-01  0.00000E+00
  4.170000E+02      219    5.00000E-01  8.10000E+00  1.90000E+00  1.00000E+01  3.70000E-01  1.00000E+00  7.30061E-02  0.00000E+00  1.00000E-01  0.00000E+00
  4.180000E+02      219    5.00000E-01  8.10000E+00  1.90000E+00  1.00000E+01  3.70000E-01  1.00000E+00  7.14455E-02  0.00000E+00  1.00000E-01  0.00000E+00
  4.190000E+02      219    5.00000E-01  8.10000E+00  1.90000E+00  1.00000E+01  3.70000E-01  1.00000E+00  6.99175E-02  0.00000E+00  1.00000E-01  0.00000E+00
  4.200000E+02      219    5.00000E-01  8.10000E+00  1.90000E+00  1.00000E+01  3.70000E-01  1.00000E+00  6.84213E-02  0.00000E+00  1.00000E-01  0.00000E+00
  4.210000E+02      219    5.00000E-01  8.10000E+00  1.90000E+00  1.00000E+01  3.70000E-01  1.00000E+00  6.69564E-02  0.00000E+00  1.00000E-01  0.00000E+00
  4.220000E+02      219    5.00000E-01  8.10000E+00  1.90000E+00  1.00000E+01  3.70000E-01  1.00000E+00  6.55221E-02  0.00000E+00  1.00000E-01  0.00000E+00
  4.230000E+02      219    5.00000E-01  8.10000E+00  1.90000E+00  1.00000E+01  3.70000E-01  1.00000E+00  6.41177E-02  0.00000E+00  1.00000E-01  0.00000E+00
  4.240000E+02      219    5.00000E-01  8.10000E+00  1.90000E+00  1.00000E+01  3.70000E-01  1.00000E+00  6.27427E-02  0.00000E+00  1.00000E-01  0.00000E+00
  4.250000E+02      219    5.00000E-01  8.10000E+00  1.90000E+00  1.00000E+01  3.70000E-01  1.00000E+00  6.13966E-02  0.00000E+00  1.00000E-01  0.00000E+00
  4.260000E+02      219    5.00000E-01  8.10000E+00  1.90000E+00  1.00000E+01  3.70000E-01  1.00000E+00  6.00786E-02  0.00000E+00  1.00000E-01  0.00000E+00
  4.270000E+02      219    5.00000E-01  8.10000E+00  1.90000E+00  1.00000E+01  3.70000E-01  1.00000E+00  5.87884E-02  0.00000E+00  1.00000E-01  0.00000E+00
  4.280000E+02      219    5.00000E-01  8.10000E+00  1.90000E+00  1.00000E+01  3.70000E-01  1.00000E+00  5.75252E-02  0.00000E+00  1.00000E-01  0.00000E+00
  4.290000E+02      219    5.00000E-01  8.10000E+00  1.90000E+00  1.00000E+01  3.70000E-01  1.00000E+00  5.62885E-02  0.00000E+00  1.00000E-01  0.00000E+00
  4.300000E+02      219    5.00000E-01  8.10000E+00  1.90000E+00  1.00000E+01  3.70000E-01  1.00000E+00  5.50779E-02  0.00000E+00  1.00000E-01  0.00000E+00
  4.310000E+02      219    5.00000E-01  8.10000E+00  1.90000E+00  1.00000E+01  3.70000E-01  1.00000E+00  5.38928E-02  0.00000E+00  1.00000E-01  0.00000E+00
  4.320000E+02      219    5.00000E-01  8.10000E+00  1.90000E+00  1.00000E+01  3.70000E-01  1.00000E+00  5.27326E-02  0.00000E+00  1.00000E-01  0.00000E+00
  4.330000E+02      219    5.00000E-01  8.10000E+00  1.90000E+00  1.00000E+01  3.70000E-01  1.00000E+00  5.15969E-02  0.00000E+00  1.00000E-01  0.00000E+00
  4.340000E+02      219    5.00000E-01  8.10000E+00  1.90000E+00  1.00000E+01  3.70000E-01  1.00000E+00  5.04852E-02  0.00000E+00  1.00000E-01  0.00000E+00
  4.350000E+02      219    5.00000E-01  8.10000E+00  1.90000E+00  1.00000E+01  3.70000E-01  1.00000E+00  4.93970E-02  0.00000E+00  1.00000E-01  0.00000E+00
  4.360000E+02      219    5.00000E-01  8.10000E+00  1.90000E+00  1.00000E+01  3.70000E-01  1.00000E+00  4.83317E-02  0.00000E+00  1.00000E-01  0.00000E+00
  4.370000E+02      219    5.00000E-01  8.10000E+00  1.90000E+00  1.00000E+01  3.70000E-01  1.00000E+00  4.72890E-02  0.00000E+00  1.00000E-01  0.00000E+00
  4.380000E+02      219    5.00000E-01  8.10000E+00  1.90000E+00  1.00000E+01  3.70000E-01  1.00000E+00  4.62684E-02  0.00000E+00  1.00000E-01  0.00000E+00
  4.390000E+02      219    5.00000E-01  8.10000E+00  1.90000E+00  1.00000E+01  3.70000E-01  1.00000E+00  4.52694E-02  0.00000E+00  1.00000E-01  0.00000E+00
  4.400000E+02      219    5.00000E-01  8.10000E+00  1.90000E+00  1.00000E+01  3.70000E-01  1.00000E+00  4.42916E-02  0.00000E+00  1.00000E-01  0.00000E+00
  4.410000E+02      219    5.00000E-01  8.10000E+00  1.90000E+00  1.00000E+01  3.70000E-01  1.00000E+00  4.33345E-02  0.00000E+00  1.00000E-01  0.00000E+00
  4.420000E+02      219    5.00000E-01  8.10000E+00  1.90000E+00  1.00000E+01  3.70000E-01  1.00000E+00  4.23977E-02  0.00000E+00  1.00000E-01  0.00000E+00
  4.430000E+02      219    5.00000E-01  8.10000E+00  1.90000E+00  1.00000E+01  3.70000E-01  1.00000E+00  4.14808E-02  0.00000E+00  1.00000E-01  0.00000E+00
  4.440000E+02      219    5.00000E-01  8.10000E+00  1.90000E+00  1.00000E+01  3.70000E-01  1.00000E+00  4.05834E-02  0.00000E+00  1.00000E-01  0.00000E+00
  4.450000E+02      219    5.00000E-01  8.10000E+00  1.90000E+00  1.00000E+01  3.70000E-01  1.00000E+00  3.97051E-02  0.00000E+00  1.00000E-01  0.00000E+00
  4.460000E+02      219    5.00000E-01  8.10000E+00  1.90000E+00  1.00000E+01  3.70000E-01  1.00000E+00  3.88455E-02  0.00000E+00  1.00000E-01  0.00000E+00
  4.470000E+02      219    5.00000E-01  8.10000E+00  1.90000E+00  1.00000E+01  3.70000E-01  1.00000E+00  3.80042E-02  0.00000E+00  1.00000E-01  0.00000E+00
  4.480000E+02      219    5.00000E-01  8.10000E+00  1.90000E+00  1.00000E+01  3.70000E-01  1.00000E+00  3.71808E-02  0.00000E+00  1.00000E-01  0.00000E+00
  4.490000E+02      219    5.00000E-01  8.10000E+00  1.90000E+00  1.00000E+01  3.70000E-01  1.00000E+00  3.63750E-02  0.00000E+00  1.00000E-01  0.00000E+00
  4.500000E+02      219    5.00000E-01  8.10000E+00  1.90000E+00  1.00000E+01  3.70000E-01  1.00000E+00  3.55864E-02  0.00000E+00  1.00000E-01  0.00000E+00
  4.510000E+02      219    5.00000E-01  8.10000E+00  1.90000E+00  1.00000E+01  3.70000E-01  1.00000E+00  3.48146E-02  0.00000E+00  1.00000E-01  0.00000E+00
  4.520000E+02      219    5.00000E-01  8.10000E+00  1.90000E+00  1.00000E+01  3.70000E-01  1.00000E+00  3.40593E-02  0.00000E+00  1.00000E-01  0.00000E+00
  4.530000E+02      219    5.00000E-01  8.10000E+00  1.90000E+00  1.00000E+01  3.70000E-01  1.00000E+00  3.33201E-02  0.00000E+00  1.00000E-01  0.00000E+00
  4.540000E+02      219    5.00000E-01  8.10000E+00  1.90000E+00  1.00000E+01  3.70000E-01  1.00000E+00  3.25968E-02  0.00000E+00  1.00000E-01  0.00000E+00
  4.550000E+02      219    5.00000E-01  8.10000E+00  1.90000E+00  1.00000E+01  3.70000E-01  1.00000E+00  3.18889E-02  0.00000E+00  1.00000E-01  0.00000E+00
  4.560000E+02      219    5.00000E-01  8.10000E+00  1.90000E+00  1.00000E+01  3.70000E-01  1.00000E+00  3.11962E-02  0.00000E+00  1.00000E-01  0.00000E+00
  4.570000E+02      219    5.00000E-01  8.10000E+00  1.90000E+00  1.00000E+01  3.70000E-01  1.00000E+00  3.05183E-02  0.00000E+00  1.00000E-01  0.00000E+00
  4.580000E+02      219    5.00000E-01  8.10000E+00  1.90000E+00  1.00000E+01  3.70000E-01  1.00000E+00  2.98550E-02  0.00000E+00  1.00000E-01  0.00000E+00
  4.590000E+02      219    5.00000E-01  8.10000E+00  1.90000E+00  1.00000E+01  3.70000E-01  1.00000E+00  2.92058E-02  0.00000E+00  1.00000E-01  0.00000E+00
  4.600000E+02      219    5.00000E-01  8.10000E+00  1.90000E+00  1.00000E+01  3.70000E-01  1.00000E+00  2.85706E-02  0.00000E+00  1.00000E-01  0.00000E+00
  4.610000E+02      219    5.00000E-01  8.10000E+00  1.90000E+00  1.00000E+01  3.70000E-01  1.00000E+00  2.79491E-02  0.00000E+00  1.00000E-01  0.00000E+00
  4.620000E+02      219    5.00000E-01  8.10000E+00  1.90000E+00  1.00000E+01  3.70000E-01  1.00000E+00  2.73409E-02  0.00000E+00  1.00000E-01  0.00000E+00
  4.630000E+02      219    5.00000E-01  8.10000E+00  1.90000E+00  1.00000E+01  3.70000E-01  1.00000E+00  2.67457E-02  0.00000E+00  1.00000E-01  0.00000E+00
  4.640000E+02      219    5.00000E-01  8.10000E+00  1.90000E+00  1.00000E+01  3.70000E-01  1.00000E+00  2.61633E-02  0.00000E+00  1.00000E-01  0.00000E+00
  4.650000E+02      219    5.00000E-01  8.10000E+00  1.90000E+00  1.00000E+01  3.70000E-01  1.00000E+00  2.55935E-02  0.00000E+00  1.00000E-01  0.00000E+00
  4.660000E+02      219    5.00000E-01  8.10000E+00  1.90000E+00  1.00000E+01  3.70000E-01  1.00000E+00  2.50359E-02  0.00000E+00  1.00000E-01  0.00000E+00
  4.670000E+02      219    5.00000E-01  8.10000E+00  1.90000E+00  1.00000E+01  3.70000E-01  1.00000E+00  2.44904E-02  0.00000E+00  1.00000E-01  0.00000E+00
  4.680000E+02      219    5.00000E-01  8.10000E+00  1.90000E+00  1.00000E+01  3.70000E-01  1.00000E+00  2.39566E-02  0.00000E+00  1.00000E-01  0.00000E+00
  4.690000E+02      219    5.00000E-01  8.10000E+00  1.90000E+00  1.00000E+01  3.70000E-01  1.00000E+00  2.34342E-02  0.00000E+00  1.00000E-01  0.00000E+00
  4.700000E+02      219    5.00000E-01  8.10000E+00  1.90000E+00  1.00000E+01  3.70000E-01  1.00000E+00  2.29232E-02  0.00000E+00  1.00000E-01  0.00000E+00
  4.710000E+02      219    5.00000E-01  8.10000E+00  1.90000E+00  1.00000E+01  3.70000E-01  1.00000E+00  2.24232E-02  0.00000E+00  1.00000E-01  0.00000E+00
  4.720000E+02      219    5.00000E-01  8.10000E+00  1.90000E+00  1.00000E+01  3.70000E-01  1.00000E+00  2.19339E-02  0.00000E+00  1.00000E-01  0.00000E+00
  4.730000E+02      219    5.00000E-01  8.10000E+00  1.90000E+00  1.00000E+01  3.70000E-01  1.00000E+00  2.14552E-02  0.00000E+00  1.00000E-01  0.00000E+00
  4.740000E+02      219    5.00000E-01  8.10000E+00  1.90000E+00  1.00000E+01  3.70000E-01  1.00000E+00  2.09869E-02  0.00000E+00  1.00000E-01  0.00000E+00
  4.750000E+02      219    5.00000E-01  8.10000E+00  1.90000E+00  1.00000E+01  3.70000E-01  1.00000E+00  2.05286E-02  0.00000E+00  1.00000E-01  0.00000E+00
  4.760000E+02      219    5.00000E-01  8.10000E+00  1.90000E+00  1.00000E+01  3.70000E-01  1.00000E+00  2.00803E-02  0.00000E+00  1.00000E-01  0.00000E+00
  4.770000E+02      219    5.00000E-01  8.10000E+00  1.90000E+00  1.00000E+01  3.70000E-01  1.00000E+00  1.96417E-02  0.00000E+00  1.00000E-01  0.00000E+00
  4.780000E+02      219    5.00000E-01  8.10000E+00  1.90000E+00  1.00000E+01  3.70000E-01  1.00000E+00  1.92125E-02  0.00000E+00  1.00000E-01  0.00000E+00
  4.790000E+02      219    5.00000E-01  8.10000E+00  1.90000E+00  1.00000E+01  3.70000E-01  1.00000E+00  1.87926E-02  0.00000E+00  1.00000E-01  0.00000E+00
  4.800000E+02      219    5.00000E-01  8.10000E+00  1.90000E+00  1.00000E+01  3.70000E-01  1.00000E+00  1.83819E-02  0.00000E+00  1.00000E-01  0.00000E+00
