
 TIME =    0.160000E+03 sec 

  1.0000000E+01  1.0000000E+01  1.0000000E+01
  1.0000000E+01  1.0000000E+01  1.0000000E+01
  1.0000000E+01  1.0000000E+01  1.0000000E+01
  1.0000000E+01  1.0000000E+01  1.0000000E+01
  1.0000000E+01  1.0000000E+01  1.0000000E+01
  1.0000000E+01  1.0000000E+01  1.0000000E+01
  1.0000000E+01  1.0000000E+01  1.0000000E+01
  1.0000000E+01  1.0000000E+01  1.0000000E+01
  1.0000000E+01  1.0000000E+01  1.0000000E+01
  1.0000000E+01  1.0000000E+01  1.0000000E+01
  1.0000000E+01  1.0000000E+01  1.0000000E+01
  1.0000000E+01  1.0000000E+01  1.0000000E+01
  1.0000000E+01  1.0000000E+01  1.0000000E+01
  1.0000000E+01  1.0000000E+01  1.0000000E+01
  1.0000000E+01  1.0000000E+01  1.0000000E+01
  1.0000000E+01  1.0000000E+01  1.0000000E+01
  1.0000000E+01  1.0000000E+01  1.0000000E+01
  1.0000000E+01  1.0000000E+01  1.0000000E+01
  1.0000000E+01  1.0000000E+01  1.0000000E+01
  1.0000000E+01  1.0000000E+01  1.0000000E+01
  1.0000000E+01  1.0000000E+01  1.0000000E+01
  1.0000000E+01  1.0000000E+01  1.0000000E+01
  1.0000000E+01  1.0000000E+01  1.0000000E+01
  1.0000000E+01  1.0000000E+01  1.0000000E+01
  1.0000000E+01  1.0000000E+01  1.0000000E+01
  1.0000000E+01  1.0000000E+01  1.0000000E+01
  1.0000000E+01  1.0000000E+01  1.0000000E+01
  1.0000000E+01  1.0000000E+01  1.0000000E+01
  1.0000000E+01  1.0000000E+01  1.0000000E+01
  1.0000000E+01  1.0000000E+01  1.0000000E+01
  1.0000000E+01  1.0000000E+01  1.0000000E+01
  1.0000000E+01  1.0000000E+01  1.0000000E+01
  1.0000000E+01  1.0000000E+01  1.0000000E+01
  1.0000000E+01  1.0000000E+01  1.0000000E+01
  1.0000000E+01  1.0000000E+01  1.0000000E+01
  1.0000000E+01  1.0000000E+01  1.0000000E+01
  1.0000000E+01  1.0000000E+01  1.0000000E+01
  1.0000000E+01  1.0000000E+01  1.0000000E+01
  1.0000000E+01  1.0000000E+01  1.0000000E+01
  1.0000000E+01  1.0000000E+01  1.0000000E+01
  1.0000000E+01  1.0000000E+01  1.0000000E+01
  1.0000000E+01  1.0000000E+01  1.0000000E+01
  1.0000000E+01  1.0000000E+01  1.0000000E+01
  1.0000000E+01  1.0000000E+01  1.0000000E+01
  1.0000000E+01  1.0000000E+01  1.0000000E+01
  1.0000000E+01  1.0000000E+01  1.0000000E+01
  1.0000000E+01  1.0000000E+01  1.0000000E+01
  1.0000000E+01  1.0000000E+01  1.0000000E+01
  1.0000000E+01  1.0000000E+01  1.0000000E+01
  1.0000000E+01  1.0000000E+01  1.0000000E+01
  1.0000000E+01  1.0000000E+01  1.0000000E+01
  1.0000000E+01  1.0000000E+01  1.0000000E+01
  1.0000000E+01  1.0000000E+01  1.0000000E+01
  1.0000000E+01  1.0000000E+01  1.0000000E+01
  1.0000000E+01  1.0000000E+01  1.0000000E+01
  1.0000000E+01  1.0000000E+01  1.0000000E+01
  1.0000000E+01  1.0000000E+01  1.0000000E+01
  1.0000000E+01  1.0000000E+01  1.0000000E+01
  1.0000000E+01  1.0000000E+01  1.0000000E+01
  1.0000000E+01  1.0000000E+01  1.0000000E+01
  1.0000000E+01  1.0000000E+01  1.0000000E+01
  1.0000000E+01  1.0000000E+01  1.0000000E+01
  1.0000000E+01  1.0000000E+01  1.0000000E+01
  1.0000000E+01  1.0000000E+01  1.0000000E+01
  1.0000000E+01  1.0000000E+01  1.0000000E+01
  1.0000000E+01  1.0000000E+01  1.0000000E+01
  1.0000000E+01  1.0000000E+01  1.0000000E+01
  1.0000000E+01  1.0000000E+01  1.0000000E+01
  1.0000000E+01  1.0000000E+01  1.0000000E+01
  1.0000000E+01  1.0000000E+01  1.0000000E+01
  1.0000000E+01  1.0000000E+01  1.0000000E+01
  1.0000000E+01  1.0000000E+01  1.0000000E+01
  1.0000000E+01  1.0000000E+01  1.0000000E+01
  1.0000000E+01  1.0000000E+01  1.0000000E+01
  1.0000000E+01  1.0000000E+01  1.0000000E+01
  1.0000000E+01  1.0000000E+01  1.0000000E+01
  1.0000000E+01  1.0000000E+01  1.0000000E+01
  1.0000000E+01  1.0000000E+01  1.0000000E+01
  1.0000000E+01  1.0000000E+01  1.0000000E+01
  1.0000000E+01  1.0000000E+01  1.0000000E+01
  1.0000000E+01  1.0000000E+01  1.0000000E+01
  1.0000000E+01  1.0000000E+01  1.0000000E+01
  1.0000000E+01  1.0000000E+01  1.0000000E+01
  1.0000000E+01  1.0000000E+01  1.0000000E+01
  1.0000000E+01  1.0000000E+01  1.0000000E+01
  1.0000000E+01  1.0000000E+01  1.0000000E+01
  1.0000000E+01  1.0000000E+01  1.0000000E+01
  1.0000000E+01  1.0000000E+01  1.0000000E+01
  1.0000000E+01  1.0000000E+01  1.0000000E+01
  1.0000000E+01  1.0000000E+01  1.0000000E+01
  1.0000000E+01  1.0000000E+01  1.0000000E+01
  1.0000000E+01  1.0000000E+01  1.0000000E+01
  1.0000000E+01  1.0000000E+01  1.0000000E+01
  1.0000000E+01  1.0000000E+01  1.0000000E+01
  1.0000000E+01  1.0000000E+01  1.0000000E+01
  1.0000000E+01  1.0000000E+01  1.0000000E+01
  1.0000000E+01  1.0000000E+01  1.0000000E+01
  1.0000000E+01  1.0000000E+01  1.0000000E+01
  1.0000000E+01  1.0000000E+01  1.0000000E+01
  1.0000000E+01  1.0000000E+01  1.0000000E+01
  1.0000000E+01  1.0000000E+01  1.0000000E+01
  1.0000000E+01  1.0000000E+01  1.0000000E+01
  1.0000000E+01  1.0000000E+01  1.0000000E+01
  1.0000000E+01  1.0000000E+01  1.0000000E+01
  1.0000000E+01  1.0000000E+01  1.0000000E+01
  1.0000000E+01  1.0000000E+01  1.0000000E+01
  1.0000000E+01  1.0000000E+01  1.0000000E+01
  1.0000000E+01  1.0000000E+01  1.0000000E+01
  1.0000000E+01  1.0000000E+01  1.0000000E+01
  1.0000000E+01  1.0000000E+01  1.0000000E+01
  1.0000000E+01  1.0000000E+01  1.0000000E+01
  1.0000000E+01  1.0000000E+01  1.0000000E+01
  1.0000000E+01  1.0000000E+01  1.0000000E+01
  1.0000000E+01  1.0000000E+01  1.0000000E+01
  1.0000000E+01  1.0000000E+01  1.0000000E+01
  1.0000000E+01  1.0000000E+01  1.0000000E+01
  1.0000000E+01  1.0000000E+01  1.0000000E+01
  1.0000000E+01  1.0000000E+01  1.0000000E+01
  1.0000000E+01  1.0000000E+01  1.0000000E+01
  1.0000000E+01  1.0000000E+01  1.0000000E+01
  1.0000000E+01  1.0000000E+01  1.0000000E+01
  1.0000000E+01  1.0000000E+01  1.0000000E+01
  1.0000000E+01  1.0000000E+01  1.0000000E+01
  1.0000000E+01  1.0000000E+01  1.0000000E+01
  1.0000000E+01  1.0000000E+01  1.0000000E+01
  1.0000000E+01  1.0000000E+01  1.0000000E+01
  1.0000000E+01  1.0000000E+01  1.0000000E+01
  1.0000000E+01  1.0000000E+01  1.0000000E+01
  1.0000000E+01  1.0000000E+01  1.0000000E+01
  1.0000000E+01  1.0000000E+01  1.0000000E+01
  1.0000000E+01  1.0000000E+01  1.0000000E+01
  1.0000000E+01  1.0000000E+01  1.0000000E+01
  1.0000000E+01  1.0000000E+01  1.0000000E+01
  1.0000000E+01  1.0000000E+01  1.0000000E+01
  1.0000000E+01  1.0000000E+01  1.0000000E+01
  1.0000000E+01  1.0000000E+01  1.0000000E+01
  1.0000000E+01  1.0000000E+01  1.0000000E+01
  1.0000000E+01  1.0000000E+01  1.0000000E+01
  1.0000000E+01  1.0000000E+01  1.0000000E+01
  1.0000000E+01  1.0000000E+01  1.0000000E+01
  1.0000000E+01  1.0000000E+01  1.0000000E+01
  1.0000000E+01  1.0000000E+01  1.0000000E+01
  1.0000000E+01  1.0000000E+01  1.0000000E+01
  1.0000000E+01  1.0000000E+01  1.0000000E+01
  1.0000000E+01  1.0000000E+01  1.0000000E+01
  1.0000000E+01  1.0000000E+01  1.0000000E+01
  1.0000000E+01  1.0000000E+01  1.0000000E+01
  1.0000000E+01  1.0000000E+01  1.0000000E+01
  1.0000000E+01  1.0000000E+01  1.0000000E+01
  1.0000000E+01  1.0000000E+01  1.0000000E+01
  1.0000000E+01  1.0000000E+01  1.0000000E+01
  1.0000000E+01  1.0000000E+01  1.0000000E+01
  1.0000000E+01  1.0000000E+01  1.0000000E+01
  1.0000000E+01  1.0000000E+01  1.0000000E+01
  1.0000000E+01  1.0000000E+01  1.0000000E+01
  1.0000000E+01  1.0000000E+01  1.0000000E+01
  1.0000000E+01  1.0000000E+01  1.0000000E+01
  1.0000000E+01  1.0000000E+01  1.0000000E+01
  1.0000000E+01  1.0000000E+01  1.0000000E+01
  1.0000000E+01  1.0000000E+01  1.0000000E+01
  1.0000000E+01  1.0000000E+01  1.0000000E+01
  1.0000000E+01  1.0000000E+01  1.0000000E+01
  1.0000000E+01  1.0000000E+01  1.0000000E+01
  1.0000000E+01  1.0000000E+01  1.0000000E+01
  1.0000000E+01  1.0000000E+01  1.0000000E+01
  1.0000000E+01  1.0000000E+01  1.0000000E+01
  1.0000000E+01  1.0000000E+01  1.0000000E+01
  1.0000000E+01  1.0000000E+01  1.0000000E+01
  1.0000000E+01  1.0000000E+01  1.0000000E+01
  1.0000000E+01  1.0000000E+01  1.0000000E+01
  1.0000000E+01  1.0000000E+01  1.0000000E+01
  1.0000000E+01  1.0000000E+01  1.0000000E+01
  1.0000000E+01  1.0000000E+01  1.0000000E+01
  1.0000000E+01  1.0000000E+01  1.0000000E+01
  1.0000000E+01  1.0000000E+01  1.0000000E+01
  1.0000000E+01  1.0000000E+01  1.0000000E+01
  1.0000000E+01  1.0000000E+01  1.0000000E+01
  0.0000000E+00  0.0000000E+00  0.0000000E+00
  0.0000000E+00  1.0000000E+01  0.0000000E+00
  0.0000000E+00  9.6217805E+00  0.0000000E+00
  0.0000000E+00  9.2573556E+00  0.0000000E+00
  0.0000000E+00  8.9061516E+00  0.0000000E+00
  0.0000000E+00  8.5676135E+00  0.0000000E+00
  0.0000000E+00  8.2412047E+00  0.0000000E+00
  0.0000000E+00  7.9264066E+00  0.0000000E+00
  0.0000000E+00  7.6227185E+00  0.0000000E+00
  0.0000000E+00  7.3296575E+00  0.0000000E+00
  0.0000000E+00  7.0467579E+00  0.0000000E+00
  0.0000000E+00  6.7735719E+00  0.0000000E+00
  0.0000000E+00  6.5096691E+00  0.0000000E+00
  0.0000000E+00  6.2546368E+00  0.0000000E+00
  0.0000000E+00  6.0080801E+00  0.0000000E+00
  0.0000000E+00  5.7696221E+00  0.0000000E+00
  0.0000000E+00  5.5389037E+00  0.0000000E+00
  0.0000000E+00  5.3155842E+00  0.0000000E+00
  0.0000000E+00  5.0993413E+00  0.0000000E+00
  0.0000000E+00  4.8898710E+00  0.0000000E+00
  0.0000000E+00  4.6868880E+00  0.0000000E+00
  0.0000000E+00  4.4901257E+00  0.0000000E+00
  0.0000000E+00  4.2993356E+00  0.0000000E+00
  0.0000000E+00  4.1142882E+00  0.0000000E+00
  0.0000000E+00  3.9347717E+00  0.0000000E+00
  0.0000000E+00  3.7605926E+00  0.0000000E+00
  0.0000000E+00  3.5915748E+00  0.0000000E+00
  0.0000000E+00  3.4275591E+00  0.0000000E+00
  0.0000000E+00  3.2684030E+00  0.0000000E+00
  0.0000000E+00  3.1139795E+00  0.0000000E+00
  0.0000000E+00  2.9641765E+00  0.0000000E+00
  0.0000000E+00  2.8188958E+00  0.0000000E+00
  0.0000000E+00  2.6780522E+00  0.0000000E+00
  0.0000000E+00  2.5415722E+00  0.0000000E+00
  0.0000000E+00  2.4093930E+00  0.0000000E+00
  0.0000000E+00  2.2814610E+00  0.0000000E+00
  0.0000000E+00  2.1577307E+00  0.0000000E+00
  0.0000000E+00  2.0381632E+00  0.0000000E+00
  0.0000000E+00  1.9227250E+00  0.0000000E+00
  0.0000000E+00  1.8113866E+00  0.0000000E+00
  0.0000000E+00  1.7041210E+00  0.0000000E+00
  0.0000000E+00  1.6009026E+00  0.0000000E+00
  0.0000000E+00  1.5017059E+00  0.0000000E+00
  0.0000000E+00  1.4065041E+00  0.0000000E+00
  0.0000000E+00  1.3152685E+00  0.0000000E+00
  0.0000000E+00  1.2279670E+00  0.0000000E+00
  0.0000000E+00  1.1445634E+00  0.0000000E+00
  0.0000000E+00  1.0650166E+00  0.0000000E+00
  0.0000000E+00  9.8928029E-01  0.0000000E+00
  0.0000000E+00  9.1730182E-01  0.0000000E+00
  0.0000000E+00  8.4902231E-01  0.0000000E+00
  0.0000000E+00  7.8437625E-01  0.0000000E+00
  0.0000000E+00  7.2329140E-01  0.0000000E+00
  0.0000000E+00  6.6568880E-01  0.0000000E+00
  0.0000000E+00  6.1148294E-01  0.0000000E+00
  0.0000000E+00  5.6058199E-01  0.0000000E+00
  0.0000000E+00  5.1288818E-01  0.0000000E+00
  0.0000000E+00  4.6829826E-01  0.0000000E+00
  0.0000000E+00  4.2670401E-01  0.0000000E+00
  0.0000000E+00  3.8799285E-01  0.0000000E+00
  0.0000000E+00  3.5204848E-01  0.0000000E+00
  0.0000000E+00  3.1875161E-01  0.0000000E+00
  0.0000000E+00  2.8798063E-01  0.0000000E+00
  0.0000000E+00  2.5961240E-01  0.0000000E+00
  0.0000000E+00  2.3352291E-01  0.0000000E+00
  0.0000000E+00  2.0958807E-01  0.0000000E+00
  0.0000000E+00  1.8768434E-01  0.0000000E+00
  0.0000000E+00  1.6768948E-01  0.0000000E+00
  0.0000000E+00  1.4948309E-01  0.0000000E+00
  0.0000000E+00  1.3294724E-01  0.0000000E+00
  0.0000000E+00  1.1796699E-01  0.0000000E+00
  0.0000000E+00  1.0443084E-01  0.0000000E+00
  0.0000000E+00  9.2231171E-02  0.0000000E+00
  0.0000000E+00  8.1264549E-02  0.0000000E+00
  0.0000000E+00  7.1432054E-02  0.0000000E+00
  0.0000000E+00  6.2639481E-02  0.0000000E+00
  0.0000000E+00  5.4797513E-02  0.0000000E+00
  0.0000000E+00  4.7821827E-02  0.0000000E+00
  0.0000000E+00  4.1633153E-02  0.0000000E+00
  0.0000000E+00  3.6157273E-02  0.0000000E+00
  0.0000000E+00  3.1324991E-02  0.0000000E+00
  0.0000000E+00  2.7072042E-02  0.0000000E+00
  0.0000000E+00  2.3338986E-02  0.0000000E+00
  0.0000000E+00  2.0071053E-02  0.0000000E+00
  0.0000000E+00  1.7217973E-02  0.0000000E+00
  0.0000000E+00  1.4733784E-02  0.0000000E+00
  0.0000000E+00  1.2576618E-02  0.0000000E+00
  0.0000000E+00  1.0708479E-02  0.0000000E+00
  0.0000000E+00  9.0950121E-03  0.0000000E+00
  0.0000000E+00  7.7052679E-03  0.0000000E+00
  0.0000000E+00  6.5114651E-03  0.0000000E+00
  0.0000000E+00  5.4887557E-03  0.0000000E+00
  0.0000000E+00  4.6149942E-03  0.0000000E+00
  0.0000000E+00  3.8705123E-03  0.0000000E+00
  0.0000000E+00  3.2379037E-03  0.0000000E+00
  0.0000000E+00  2.7018163E-03  0.0000000E+00
  0.0000000E+00  2.2487569E-03  0.0000000E+00
  0.0000000E+00  1.8669063E-03  0.0000000E+00
  0.0000000E+00  1.5459464E-03  0.0000000E+00
  0.0000000E+00  1.2769003E-03  0.0000000E+00
  0.0000000E+00  1.0519837E-03  0.0000000E+00
  0.0000000E+00  8.6446911E-04  0.0000000E+00
  0.0000000E+00  7.0856128E-04  0.0000000E+00
  0.0000000E+00  5.7928456E-04  0.0000000E+00
  0.0000000E+00  4.7238092E-04  0.0000000E+00
  0.0000000E+00  3.8421819E-04  0.0000000E+00
  0.0000000E+00  3.1170810E-04  0.0000000E+00
  0.0000000E+00  2.5223326E-04  0.0000000E+00
  0.0000000E+00  2.0358243E-04  0.0000000E+00
  0.0000000E+00  1.6389346E-04  0.0000000E+00
  0.0000000E+00  1.3160307E-04  0.0000000E+00
  0.0000000E+00  1.0540310E-04  0.0000000E+00
  0.0000000E+00  8.4202217E-05  0.0000000E+00
  0.0000000E+00  6.7092886E-05  0.0000000E+00
  0.0000000E+00  5.3322715E-05  0.0000000E+00
  0.0000000E+00  4.2269875E-05  0.0000000E+00
  0.0000000E+00  3.3422027E-05  0.0000000E+00
  0.0000000E+00  2.6358333E-05  0.0000000E+00
  0.0000000E+00  2.0734174E-05  0.0000000E+00
  0.0000000E+00  1.6268201E-05  0.0000000E+00
  0.0000000E+00  1.2731417E-05  0.0000000E+00
  0.0000000E+00  9.9379963E-06  0.0000000E+00
  0.0000000E+00  7.7376013E-06  0.0000000E+00
  0.0000000E+00  6.0089677E-06  0.0000000E+00
  0.0000000E+00  4.6545751E-06  0.0000000E+00
  0.0000000E+00  3.5962308E-06  0.0000000E+00
  0.0000000E+00  2.7714251E-06  0.0000000E+00
  0.0000000E+00  2.1303336E-06  0.0000000E+00
  0.0000000E+00  1.6333596E-06  0.0000000E+00
  0.0000000E+00  1.2491270E-06  0.0000000E+00
  0.0000000E+00  9.5284653E-07  0.0000000E+00
  0.0000000E+00  7.2498969E-07  0.0000000E+00
  0.0000000E+00  5.5021732E-07  0.0000000E+00
  0.0000000E+00  4.1651564E-07  0.0000000E+00
  0.0000000E+00  3.1450250E-07  0.0000000E+00
  0.0000000E+00  2.3687204E-07  0.0000000E+00
  0.0000000E+00  1.7795148E-07  0.0000000E+00
  0.0000000E+00  1.3334868E-07  0.0000000E+00
  0.0000000E+00  9.9672754E-08  0.0000000E+00
  0.0000000E+00  7.4313228E-08  0.0000000E+00
  0.0000000E+00  5.5266133E-08  0.0000000E+00
  0.0000000E+00  4.0997438E-08  0.0000000E+00
  0.0000000E+00  3.0336150E-08  0.0000000E+00
  0.0000000E+00  2.2390912E-08  0.0000000E+00
  0.0000000E+00  1.6485123E-08  0.0000000E+00
  0.0000000E+00  1.2106628E-08  0.0000000E+00
  0.0000000E+00  8.8688320E-09  0.0000000E+00
  0.0000000E+00  6.4807228E-09  0.0000000E+00
  0.0000000E+00  4.7238478E-09  0.0000000E+00
  0.0000000E+00  3.4346736E-09  0.0000000E+00
  0.0000000E+00  2.4911154E-09  0.0000000E+00
  0.0000000E+00  1.8022822E-09  0.0000000E+00
  0.0000000E+00  1.3006908E-09  0.0000000E+00
  0.0000000E+00  9.3637421E-10  0.0000000E+00
  0.0000000E+00  6.7243574E-10  0.0000000E+00
  0.0000000E+00  4.8170366E-10  0.0000000E+00
  0.0000000E+00  3.4422215E-10  0.0000000E+00
  0.0000000E+00  2.4537443E-10  0.0000000E+00
  0.0000000E+00  1.7448310E-10  0.0000000E+00
  0.0000000E+00  1.2376931E-10  0.0000000E+00
  0.0000000E+00  8.7581057E-11  0.0000000E+00
  0.0000000E+00  6.1822570E-11  0.0000000E+00
  0.0000000E+00  4.3533721E-11  0.0000000E+00
  0.0000000E+00  3.0580802E-11  0.0000000E+00
  0.0000000E+00  2.1429862E-11  0.0000000E+00
  0.0000000E+00  1.4981045E-11  0.0000000E+00
  0.0000000E+00  1.0447830E-11  0.0000000E+00
  0.0000000E+00  7.2692853E-12  0.0000000E+00
  0.0000000E+00  5.0464847E-12  0.0000000E+00
  0.0000000E+00  3.4965976E-12  0.0000000E+00
  0.0000000E+00  2.4198788E-12  0.0000000E+00
  0.0000000E+00  1.6760857E-12  0.0000000E+00
  0.0000000E+00  1.1678341E-12  0.0000000E+00
  0.0000000E+00  8.2916136E-13  0.0000000E+00
  0.0000000E+00  6.1819310E-13  0.0000000E+00
  0.0000000E+00  5.1337858E-13  0.0000000E+00
  0.0000000E+00  0.0000000E+00  0.0000000E+00

 TIME =    0.480000E+03 sec 

  1.0000000E+01  1.0000000E+01  1.0000000E+01
  1.0000000E+01  1.0000000E+01  1.0000000E+01
  1.0000000E+01  1.0000000E+01  1.0000000E+01
  1.0000000E+01  1.0000000E+01  1.0000000E+01
  1.0000000E+01  1.0000000E+01  1.0000000E+01
  1.0000000E+01  1.0000000E+01  1.0000000E+01
  1.0000000E+01  1.0000000E+01  1.0000000E+01
  1.0000000E+01  1.0000000E+01  1.0000000E+01
  1.0000000E+01  1.0000000E+01  1.0000000E+01
  1.0000000E+01  1.0000000E+01  1.0000000E+01
  1.0000000E+01  1.0000000E+01  1.0000000E+01
  1.0000000E+01  1.0000000E+01  1.0000000E+01
  1.0000000E+01  1.0000000E+01  1.0000000E+01
  1.0000000E+01  1.0000000E+01  1.0000000E+01
  1.0000000E+01  1.0000000E+01  1.0000000E+01
  1.0000000E+01  1.0000000E+01  1.0000000E+01
  1.0000000E+01  1.0000000E+01  1.0000000E+01
  1.0000000E+01  1.0000000E+01  1.0000000E+01
  1.0000000E+01  1.0000000E+01  1.0000000E+01
  1.0000000E+01  1.0000000E+01  1.0000000E+01
  1.0000000E+01  1.0000000E+01  1.0000000E+01
  1.0000000E+01  1.0000000E+01  1.0000000E+01
  1.0000000E+01  1.0000000E+01  1.0000000E+01
  1.0000000E+01  1.0000000E+01  1.0000000E+01
  1.0000000E+01  1.0000000E+01  1.0000000E+01
  1.0000000E+01  1.0000000E+01  1.0000000E+01
  1.0000000E+01  1.0000000E+01  1.0000000E+01
  1.0000000E+01  1.0000000E+01  1.0000000E+01
  1.0000000E+01  1.0000000E+01  1.0000000E+01
  1.0000000E+01  1.0000000E+01  1.0000000E+01
  1.0000000E+01  1.0000000E+01  1.0000000E+01
  1.0000000E+01  1.0000000E+01  1.0000000E+01
  1.0000000E+01  1.0000000E+01  1.0000000E+01
  1.0000000E+01  1.0000000E+01  1.0000000E+01
  1.0000000E+01  1.0000000E+01  1.0000000E+01
  1.0000000E+01  1.0000000E+01  1.0000000E+01
  1.0000000E+01  1.0000000E+01  1.0000000E+01
  1.0000000E+01  1.0000000E+01  1.0000000E+01
  1.0000000E+01  1.0000000E+01  1.0000000E+01
  1.0000000E+01  1.0000000E+01  1.0000000E+01
  1.0000000E+01  1.0000000E+01  1.0000000E+01
  1.0000000E+01  1.0000000E+01  1.0000000E+01
  1.0000000E+01  1.0000000E+01  1.0000000E+01
  1.0000000E+01  1.0000000E+01  1.0000000E+01
  1.0000000E+01  1.0000000E+01  1.0000000E+01
  1.0000000E+01  1.0000000E+01  1.0000000E+01
  1.0000000E+01  1.0000000E+01  1.0000000E+01
  1.0000000E+01  1.0000000E+01  1.0000000E+01
  1.0000000E+01  1.0000000E+01  1.0000000E+01
  1.0000000E+01  1.0000000E+01  1.0000000E+01
  1.0000000E+01  1.0000000E+01  1.0000000E+01
  1.0000000E+01  1.0000000E+01  1.0000000E+01
  1.0000000E+01  1.0000000E+01  1.0000000E+01
  1.0000000E+01  1.0000000E+01  1.0000000E+01
  1.0000000E+01  1.0000000E+01  1.0000000E+01
  1.0000000E+01  1.0000000E+01  1.0000000E+01
  1.0000000E+01  1.0000000E+01  1.0000000E+01
  1.0000000E+01  1.0000000E+01  1.0000000E+01
  1.0000000E+01  1.0000000E+01  1.0000000E+01
  1.0000000E+01  1.0000000E+01  1.0000000E+01
  1.0000000E+01  1.0000000E+01  1.0000000E+01
  1.0000000E+01  1.0000000E+01  1.0000000E+01
  1.0000000E+01  1.0000000E+01  1.0000000E+01
  1.0000000E+01  1.0000000E+01  1.0000000E+01
  1.0000000E+01  1.0000000E+01  1.0000000E+01
  1.0000000E+01  1.0000000E+01  1.0000000E+01
  1.0000000E+01  1.0000000E+01  1.0000000E+01
  1.0000000E+01  1.0000000E+01  1.0000000E+01
  1.0000000E+01  1.0000000E+01  1.0000000E+01
  1.0000000E+01  1.0000000E+01  1.0000000E+01
  1.0000000E+01  1.0000000E+01  1.0000000E+01
  1.0000000E+01  1.0000000E+01  1.0000000E+01
  1.0000000E+01  1.0000000E+01  1.0000000E+01
  1.0000000E+01  1.0000000E+01  1.0000000E+01
  1.0000000E+01  1.0000000E+01  1.0000000E+01
  1.0000000E+01  1.0000000E+01  1.0000000E+01
  1.0000000E+01  1.0000000E+01  1.0000000E+01
  1.0000000E+01  1.0000000E+01  1.0000000E+01
  1.0000000E+01  1.0000000E+01  1.0000000E+01
  1.0000000E+01  1.0000000E+01  1.0000000E+01
  1.0000000E+01  1.0000000E+01  1.0000000E+01
  1.0000000E+01  1.0000000E+01  1.0000000E+01
  1.0000000E+01  1.0000000E+01  1.0000000E+01
  1.0000000E+01  1.0000000E+01  1.0000000E+01
  1.0000000E+01  1.0000000E+01  1.0000000E+01
  1.0000000E+01  1.0000000E+01  1.0000000E+01
  1.0000000E+01  1.0000000E+01  1.0000000E+01
  1.0000000E+01  1.0000000E+01  1.0000000E+01
  1.0000000E+01  1.0000000E+01  1.0000000E+01
  1.0000000E+01  1.0000000E+01  1.0000000E+01
  1.0000000E+01  1.0000000E+01  1.0000000E+01
  1.0000000E+01  1.0000000E+01  1.0000000E+01
  1.0000000E+01  1.0000000E+01  1.0000000E+01
  1.0000000E+01  1.0000000E+01  1.0000000E+01
  1.0000000E+01  1.0000000E+01  1.0000000E+01
  1.0000000E+01  1.0000000E+01  1.0000000E+01
  1.0000000E+01  1.0000000E+01  1.0000000E+01
  1.0000000E+01  1.0000000E+01  1.0000000E+01
  1.0000000E+01  1.0000000E+01  1.0000000E+01
  1.0000000E+01  1.0000000E+01  1.0000000E+01
  1.0000000E+01  1.0000000E+01  1.0000000E+01
  1.0000000E+01  1.0000000E+01  1.0000000E+01
  1.0000000E+01  1.0000000E+01  1.0000000E+01
  1.0000000E+01  1.0000000E+01  1.0000000E+01
  1.0000000E+01  1.0000000E+01  1.0000000E+01
  1.0000000E+01  1.0000000E+01  1.0000000E+01
  1.0000000E+01  1.0000000E+01  1.0000000E+01
  1.0000000E+01  1.0000000E+01  1.0000000E+01
  1.0000000E+01  1.0000000E+01  1.0000000E+01
  1.0000000E+01  1.0000000E+01  1.0000000E+01
  1.0000000E+01  1.0000000E+01  1.0000000E+01
  1.0000000E+01  1.0000000E+01  1.0000000E+01
  1.0000000E+01  1.0000000E+01  1.0000000E+01
  1.0000000E+01  1.0000000E+01  1.0000000E+01
  1.0000000E+01  1.0000000E+01  1.0000000E+01
  1.0000000E+01  1.0000000E+01  1.0000000E+01
  1.0000000E+01  1.0000000E+01  1.0000000E+01
  1.0000000E+01  1.0000000E+01  1.0000000E+01
  1.0000000E+01  1.0000000E+01  1.0000000E+01
  1.0000000E+01  1.0000000E+01  1.0000000E+01
  1.0000000E+01  1.0000000E+01  1.0000000E+01
  1.0000000E+01  1.0000000E+01  1.0000000E+01
  1.0000000E+01  1.0000000E+01  1.0000000E+01
  1.0000000E+01  1.0000000E+01  1.0000000E+01
  1.0000000E+01  1.0000000E+01  1.0000000E+01
  1.0000000E+01  1.0000000E+01  1.0000000E+01
  1.0000000E+01  1.0000000E+01  1.0000000E+01
  1.0000000E+01  1.0000000E+01  1.0000000E+01
  1.0000000E+01  1.0000000E+01  1.0000000E+01
  1.0000000E+01  1.0000000E+01  1.0000000E+01
  1.0000000E+01  1.0000000E+01  1.0000000E+01
  1.0000000E+01  1.0000000E+01  1.0000000E+01
  1.0000000E+01  1.0000000E+01  1.0000000E+01
  1.0000000E+01  1.0000000E+01  1.0000000E+01
  1.0000000E+01  1.0000000E+01  1.0000000E+01
  1.0000000E+01  1.0000000E+01  1.0000000E+01
  1.0000000E+01  1.0000000E+01  1.0000000E+01
  1.0000000E+01  1.0000000E+01  1.0000000E+01
  1.0000000E+01  1.0000000E+01  1.0000000E+01
  1.0000000E+01  1.0000000E+01  1.0000000E+01
  1.0000000E+01  1.0000000E+01  1.0000000E+01
  1.0000000E+01  1.0000000E+01  1.0000000E+01
  1.0000000E+01  1.0000000E+01  1.0000000E+01
  1.0000000E+01  1.0000000E+01  1.0000000E+01
  1.0000000E+01  1.0000000E+01  1.0000000E+01
  1.0000000E+01  1.0000000E+01  1.0000000E+01
  1.0000000E+01  1.0000000E+01  1.0000000E+01
  1.0000000E+01  1.0000000E+01  1.0000000E+01
  1.0000000E+01  1.0000000E+01  1.0000000E+01
  1.0000000E+01  1.0000000E+01  1.0000000E+01
  1.0000000E+01  1.0000000E+01  1.0000000E+01
  1.0000000E+01  1.0000000E+01  1.0000000E+01
  1.0000000E+01  1.0000000E+01  1.0000000E+01
  1.0000000E+01  1.0000000E+01  1.0000000E+01
  1.0000000E+01  1.0000000E+01  1.0000000E+01
  1.0000000E+01  1.0000000E+01  1.0000000E+01
  1.0000000E+01  1.0000000E+01  1.0000000E+01
  1.0000000E+01  1.0000000E+01  1.0000000E+01
  1.0000000E+01  1.0000000E+01  1.0000000E+01
  1.0000000E+01  1.0000000E+01  1.0000000E+01
  1.0000000E+01  1.0000000E+01  1.0000000E+01
  1.0000000E+01  1.0000000E+01  1.0000000E+01
  1.0000000E+01  1.0000000E+01  1.0000000E+01
  1.0000000E+01  1.0000000E+01  1.0000000E+01
  1.0000000E+01  1.0000000E+01  1.0000000E+01
  1.0000000E+01  1.0000000E+01  1.0000000E+01
  1.0000000E+01  1.0000000E+01  1.0000000E+01
  1.0000000E+01  1.0000000E+01  1.0000000E+01
  1.0000000E+01  1.0000000E+01  1.0000000E+01
  1.0000000E+01  1.0000000E+01  1.0000000E+01
  1.0000000E+01  1.0000000E+01  1.0000000E+01
  1.0000000E+01  1.0000000E+01  1.0000000E+01
  1.0000000E+01  1.0000000E+01  1.0000000E+01
  1.0000000E+01  1.0000000E+01  1.0000000E+01
  1.0000000E+01  1.0000000E+01  1.0000000E+01
  1.0000000E+01  1.0000000E+01  1.0000000E+01
  1.0000000E+01  1.0000000E+01  1.0000000E+01
  0.0000000E+00  0.0000000E+00  0.0000000E+00
  0.0000000E+00  0.0000000E+00  0.0000000E+00
  0.0000000E+00  2.5952592E-05  0.0000000E+00
  0.0000000E+00  5.7271115E-05  0.0000000E+00
  0.0000000E+00  9.4664040E-05  0.0000000E+00
  0.0000000E+00  1.3890414E-04  0.0000000E+00
  0.0000000E+00  1.9083146E-04  0.0000000E+00
  0.0000000E+00  2.5135607E-04  0.0000000E+00
  0.0000000E+00  3.2146068E-04  0.0000000E+00
  0.0000000E+00  4.0220283E-04  0.0000000E+00
  0.0000000E+00  4.9471686E-04  0.0000000E+00
  0.0000000E+00  6.0021545E-04  0.0000000E+00
  0.0000000E+00  7.1999070E-04  0.0000000E+00
  0.0000000E+00  8.5541473E-04  0.0000000E+00
  0.0000000E+00  1.0079397E-03  0.0000000E+00
  0.0000000E+00  1.1790972E-03  0.0000000E+00
  0.0000000E+00  1.3704971E-03  0.0000000E+00
  0.0000000E+00  1.5838254E-03  0.0000000E+00
  0.0000000E+00  1.8208413E-03  0.0000000E+00
  0.0000000E+00  2.0833740E-03  0.0000000E+00
  0.0000000E+00  2.3733179E-03  0.0000000E+00
  0.0000000E+00  2.6926273E-03  0.0000000E+00
  0.0000000E+00  3.0433098E-03  0.0000000E+00
  0.0000000E+00  3.4274191E-03  0.0000000E+00
  0.0000000E+00  3.8470469E-03  0.0000000E+00
  0.0000000E+00  4.3043128E-03  0.0000000E+00
  0.0000000E+00  4.8013546E-03  0.0000000E+00
  0.0000000E+00  5.3403167E-03  0.0000000E+00
  0.0000000E+00  5.9233374E-03  0.0000000E+00
  0.0000000E+00  6.5525360E-03  0.0000000E+00
  0.0000000E+00  7.2299982E-03  0.0000000E+00
  0.0000000E+00  7.9577613E-03  0.0000000E+00
  0.0000000E+00  8.7377980E-03  0.0000000E+00
  0.0000000E+00  9.5720000E-03  0.0000000E+00
  0.0000000E+00  1.0462161E-02  0.0000000E+00
  0.0000000E+00  1.1409958E-02  0.0000000E+00
  0.0000000E+00  1.2416935E-02  0.0000000E+00
  0.0000000E+00  1.3484483E-02  0.0000000E+00
  0.0000000E+00  1.4613823E-02  0.0000000E+00
  0.0000000E+00  1.5805986E-02  0.0000000E+00
  0.0000000E+00  1.7061796E-02  0.0000000E+00
  0.0000000E+00  1.8381853E-02  0.0000000E+00
  0.0000000E+00  1.9766514E-02  0.0000000E+00
  0.0000000E+00  2.1215878E-02  0.0000000E+00
  0.0000000E+00  2.2729768E-02  0.0000000E+00
  0.0000000E+00  2.4307720E-02  0.0000000E+00
  0.0000000E+00  2.5948969E-02  0.0000000E+00
  0.0000000E+00  2.7652435E-02  0.0000000E+00
  0.0000000E+00  2.9416715E-02  0.0000000E+00
  0.0000000E+00  3.1240074E-02  0.0000000E+00
  0.0000000E+00  3.3120440E-02  0.0000000E+00
  0.0000000E+00  3.5055397E-02  0.0000000E+00
  0.0000000E+00  3.7042186E-02  0.0000000E+00
  0.0000000E+00  3.9077703E-02  0.0000000E+00
  0.0000000E+00  4.1158502E-02  0.0000000E+00
  0.0000000E+00  4.3280803E-02  0.0000000E+00
  0.0000000E+00  4.5440496E-02  0.0000000E+00
  0.0000000E+00  4.7633151E-02  0.0000000E+00
  0.0000000E+00  4.9854036E-02  0.0000000E+00
  0.0000000E+00  5.2098127E-02  0.0000000E+00
  0.0000000E+00  5.4360127E-02  0.0000000E+00
  0.0000000E+00  5.6634487E-02  0.0000000E+00
  0.0000000E+00  5.8915431E-02  0.0000000E+00
  0.0000000E+00  6.1196974E-02  0.0000000E+00
  0.0000000E+00  6.3472955E-02  0.0000000E+00
  0.0000000E+00  6.5737064E-02  0.0000000E+00
  0.0000000E+00  6.7982871E-02  0.0000000E+00
  0.0000000E+00  7.0203859E-02  0.0000000E+00
  0.0000000E+00  7.2393456E-02  0.0000000E+00
  0.0000000E+00  7.4545069E-02  0.0000000E+00
  0.0000000E+00  7.6652121E-02  0.0000000E+00
  0.0000000E+00  7.8708084E-02  0.0000000E+00
  0.0000000E+00  8.0706514E-02  0.0000000E+00
  0.0000000E+00  8.2641087E-02  0.0000000E+00
  0.0000000E+00  8.4505636E-02  0.0000000E+00
  0.0000000E+00  8.6294181E-02  0.0000000E+00
  0.0000000E+00  8.8000967E-02  0.0000000E+00
  0.0000000E+00  8.9620492E-02  0.0000000E+00
  0.0000000E+00  9.1147541E-02  0.0000000E+00
  0.0000000E+00  9.2577212E-02  0.0000000E+00
  0.0000000E+00  9.3904945E-02  0.0000000E+00
  0.0000000E+00  9.5126547E-02  0.0000000E+00
  0.0000000E+00  9.6238213E-02  0.0000000E+00
  0.0000000E+00  9.7236547E-02  0.0000000E+00
  0.0000000E+00  9.8118580E-02  0.0000000E+00
  0.0000000E+00  9.8881782E-02  0.0000000E+00
  0.0000000E+00  9.9524076E-02  0.0000000E+00
  0.0000000E+00  1.0004385E-01  0.0000000E+00
  0.0000000E+00  1.0043994E-01  0.0000000E+00
  0.0000000E+00  1.0071169E-01  0.0000000E+00
  0.0000000E+00  1.0085886E-01  0.0000000E+00
  0.0000000E+00  1.0088173E-01  0.0000000E+00
  0.0000000E+00  1.0078100E-01  0.0000000E+00
  0.0000000E+00  1.0055783E-01  0.0000000E+00
  0.0000000E+00  1.0021384E-01  0.0000000E+00
  0.0000000E+00  9.9751035E-02  0.0000000E+00
  0.0000000E+00  9.9171864E-02  0.0000000E+00
  0.0000000E+00  9.8479147E-02  0.0000000E+00
  0.0000000E+00  9.7676076E-02  0.0000000E+00
  0.0000000E+00  9.6766187E-02  0.0000000E+00
  0.0000000E+00  9.5753340E-02  0.0000000E+00
  0.0000000E+00  9.4641688E-02  0.0000000E+00
  0.0000000E+00  9.3435653E-02  0.0000000E+00
  0.0000000E+00  9.2139899E-02  0.0000000E+00
  0.0000000E+00  9.0759301E-02  0.0000000E+00
  0.0000000E+00  8.9298918E-02  0.0000000E+00
  0.0000000E+00  8.7763964E-02  0.0000000E+00
  0.0000000E+00  8.6159777E-02  0.0000000E+00
  0.0000000E+00  8.4491791E-02  0.0000000E+00
  0.0000000E+00  8.2765507E-02  0.0000000E+00
  0.0000000E+00  8.0986468E-02  0.0000000E+00
  0.0000000E+00  7.9160228E-02  0.0000000E+00
  0.0000000E+00  7.7292324E-02  0.0000000E+00
  0.0000000E+00  7.5388259E-02  0.0000000E+00
  0.0000000E+00  7.3453469E-02  0.0000000E+00
  0.0000000E+00  7.1493306E-02  0.0000000E+00
  0.0000000E+00  6.9513013E-02  0.0000000E+00
  0.0000000E+00  6.7517710E-02  0.0000000E+00
  0.0000000E+00  6.5512368E-02  0.0000000E+00
  0.0000000E+00  6.3501801E-02  0.0000000E+00
  0.0000000E+00  6.1490643E-02  0.0000000E+00
  0.0000000E+00  5.9483341E-02  0.0000000E+00
  0.0000000E+00  5.7484143E-02  0.0000000E+00
  0.0000000E+00  5.5497084E-02  0.0000000E+00
  0.0000000E+00  5.3525985E-02  0.0000000E+00
  0.0000000E+00  5.1574438E-02  0.0000000E+00
  0.0000000E+00  4.9645810E-02  0.0000000E+00
  0.0000000E+00  4.7743233E-02  0.0000000E+00
  0.0000000E+00  4.5869607E-02  0.0000000E+00
  0.0000000E+00  4.4027595E-02  0.0000000E+00
  0.0000000E+00  4.2219629E-02  0.0000000E+00
  0.0000000E+00  4.0447907E-02  0.0000000E+00
  0.0000000E+00  3.8714401E-02  0.0000000E+00
  0.0000000E+00  3.7020858E-02  0.0000000E+00
  0.0000000E+00  3.5368806E-02  0.0000000E+00
  0.0000000E+00  3.3759562E-02  0.0000000E+00
  0.0000000E+00  3.2194237E-02  0.0000000E+00
  0.0000000E+00  3.0673741E-02  0.0000000E+00
  0.0000000E+00  2.9198799E-02  0.0000000E+00
  0.0000000E+00  2.7769951E-02  0.0000000E+00
  0.0000000E+00  2.6387564E-02  0.0000000E+00
  0.0000000E+00  2.5051845E-02  0.0000000E+00
  0.0000000E+00  2.3762846E-02  0.0000000E+00
  0.0000000E+00  2.2520473E-02  0.0000000E+00
  0.0000000E+00  2.1324500E-02  0.0000000E+00
  0.0000000E+00  2.0174578E-02  0.0000000E+00
  0.0000000E+00  1.9070240E-02  0.0000000E+00
  0.0000000E+00  1.8010917E-02  0.0000000E+00
  0.0000000E+00  1.6995944E-02  0.0000000E+00
  0.0000000E+00  1.6024571E-02  0.0000000E+00
  0.0000000E+00  1.5095973E-02  0.0000000E+00
  0.0000000E+00  1.4209255E-02  0.0000000E+00
  0.0000000E+00  1.3363469E-02  0.0000000E+00
  0.0000000E+00  1.2557618E-02  0.0000000E+00
  0.0000000E+00  1.1790664E-02  0.0000000E+00
  0.0000000E+00  1.1061542E-02  0.0000000E+00
  0.0000000E+00  1.0369167E-02  0.0000000E+00
  0.0000000E+00  9.7124454E-03  0.0000000E+00
  0.0000000E+00  9.0902852E-03  0.0000000E+00
  0.0000000E+00  8.5016084E-03  0.0000000E+00
  0.0000000E+00  7.9453651E-03  0.0000000E+00
  0.0000000E+00  7.4205500E-03  0.0000000E+00
  0.0000000E+00  6.9262212E-03  0.0000000E+00
  0.0000000E+00  6.4615241E-03  0.0000000E+00
  0.0000000E+00  6.0257205E-03  0.0000000E+00
  0.0000000E+00  5.6182256E-03  0.0000000E+00
  0.0000000E+00  5.2386545E-03  0.0000000E+00
  0.0000000E+00  4.8868824E-03  0.0000000E+00
  0.0000000E+00  4.5631215E-03  0.0000000E+00
  0.0000000E+00  4.2680208E-03  0.0000000E+00
  0.0000000E+00  4.0027951E-03  0.0000000E+00
  0.0000000E+00  3.7693922E-03  0.0000000E+00
  0.0000000E+00  3.5707106E-03  0.0000000E+00
  0.0000000E+00  3.4108808E-03  0.0000000E+00
  0.0000000E+00  3.2956312E-03  0.0000000E+00
  0.0000000E+00  3.2327625E-03  0.0000000E+00
  0.0000000E+00  0.0000000E+00  0.0000000E+00
