                                   ++++++++++++++++++++++++++++++++++++++++++++++++++++++++++++
                                   +                           VS2DT                          +
                                   +                        VERSION 3.3                       +
                                   +           SIMULATION OF 2-DIMENSIONAL VARIABLY           +
                                   +            SATURATED FLOW AND SOLUTE TRANSPORT           +
                                   +                   THROUGH POROUS MEDIA.                  +
                                   ++++++++++++++++++++++++++++++++++++++++++++++++++++++++++++




 ****************************************************************************************************
                                                                                     
 ****************************************************************************************************

          SPACE AND TIME CONSTANTS
          -----------------------
     MAXIMUM SIMULATION TIME =   0.480000E+03 sec 
     STARTING TIME =     0.0000
     NUMBER OF RECHARGE PERIODS =         2
     MAXIMUM NUMBER OF TIME STEPS =     100000
     NUMBER OF ROWS =    177
     NUMBER OF COLUMNS =      3
     AXES TILTED BY ANGLE =     0.00
          SOLUTION OPTIONS
          ----------------
     WRITE ALL PRESSURE HEADS TO FILE 8 AT OBSERVATION TIMES? F
     STOP SOLUTION IF MAXIMUM NO. OF ITERATIONS EXCEEDED IN ANY TIME STEP? T
     WRITE BOUNDARY FLUXES TO FILE 7? F
     WRITE RESULTS AT SELECTED OBSERVATION POINTS TO FILE 11? T
     WRITE MASS BALANCE RATES TO FILE 9? F
     WRITE MASS BALANCE RATES TO FILE 6? F
     WRITE MOISTURE CONTENTS TO FILE 6? F
     WRITE SATURATIONS TO FILE 6? F
     WRITE PRESSURE HEADS TO FILE 6? T
     WRITE TOTAL HEADS TO FILE 6? F
     WRITE VELOCITIES TO FILE 6? F
                                                  GRID SPACING IN VERTICAL DIRECTION, IN m   
     0.200     0.200     0.200     0.200     0.200     0.200     0.200     0.200     0.200     0.200
     0.200     0.200     0.200     0.200     0.200     0.200     0.200     0.200     0.200     0.200
     0.200     0.200     0.200     0.200     0.200     0.200     0.200     0.200     0.200     0.200
     0.200     0.200     0.200     0.200     0.200     0.200     0.200     0.200     0.200     0.200
     0.200     0.200     0.200     0.200     0.200     0.200     0.200     0.200     0.200     0.200
     0.200     0.200     0.200     0.200     0.200     0.200     0.200     0.200     0.200     0.200
     0.200     0.200     0.200     0.200     0.200     0.200     0.200     0.200     0.200     0.200
     0.200     0.200     0.200     0.200     0.200     0.200     0.200     0.200     0.200     0.200
     0.200     0.200     0.200     0.200     0.200     0.200     0.200     0.200     0.200     0.200
     0.200     0.200     0.200     0.200     0.200     0.200     0.200     0.200     0.200     0.200
     0.200     0.200     0.200     0.200     0.200     0.200     0.200     0.200     0.200     0.200
     0.200     0.200     0.200     0.200     0.200     0.200     0.200     0.200     0.200     0.200
     0.200     0.200     0.200     0.200     0.200     0.200     0.200     0.200     0.200     0.200
     0.200     0.200     0.200     0.200     0.200     0.200     0.200     0.200     0.200     0.200
     0.200     0.200     0.200     0.200     0.200     0.200     0.200     0.200     0.200     0.200
     0.200     0.200     0.200     0.200     0.200     0.200     0.200     0.200     0.200     0.200
     0.200     0.200     0.200     0.200     0.200     0.200     0.200     0.200     0.200     0.200
     0.200     0.200     0.200     0.200     0.200     0.200     0.200
                                                  GRID SPACING IN HORIZONTAL OR RADIAL DIRECTION, IN m   
     1.000     1.000     1.000
     ROW AND COLUMN OF OBSERVATION POINTS:
     42    2
     COORDINATE SYSTEM IS RECTANGULAR
     TRANSPORT TO BE SIMULATED
     CENTRAL DIFFERENCING IN SPACE USED FOR TRANSPORT EQUATION
     CENTRAL DIFFERENCING IN TIME USED FOR TRANSPORT EQUATION
     MATRIX EQUATIONS TO BE SOLVED BY SIP
          INITIAL MOISTURE PARAMETERS
          ___________________________

     CONVERGENCE CRITERION FOR SIP FOR FLOW (EPS) =   1.000E-04 m   
     CONVERGENCE CRITERION FOR SIP FOR TRANSPORT (EPS1) =   1.000E-05
     DAMPING FACTOR, HMAX =    7.000E-01
     ARITHEMTIC MEAN USED FOR INTERCELL CONDUCTIVITY
     NUMBER OF SOIL TEXTURAL CLASSES =          2
     NUMBER OF SOIL PARAMETERS FOR EACH CLASS =          6
     NUMBER OF TRANSPORT PARAMETERS FOR EACH CLASS =          7
     MINIMUM PERMITTED NO. OF ITERATIONS/TIME STEP =         2
     MAXIMUM PERMITTED NO. OF ITERATIONS/TIME STEP =        80
                                         CONSTANTS FOR SOIL TEXTURAL CLASSES

          ANISOTROPY       KSAT     SPECIFIC    POROSITY
                                    STORAGE
            ALPHAL        ALPHAT      DM         LAMBDA    B DENSITY
 CLASS # 1
            1.000D+00   0.000D+00   0.000D+00   0.000D+00   0.000D+00   0.000D+00   0.000D+00
            0.000D+00   0.000D+00   0.000D+00   0.000D+00   0.000D+00   0.000D+00   1.000D+00
 CLASS # 2
            1.000D+00   3.700D-02   1.000D-04   3.700D-01   4.310D+00   2.000D-02   3.100D+00
            1.000D+00   1.000D+00   0.000D+00   1.000D-02   1.587D+00   3.000D-01   1.000D+00
      TEXTURAL CLASS INDEX MAP


     TEXTURAL CLASS TO BE READ IN FOR EACH ROW
          1  111
          2  121
          3  121
          4  121
          5  121
          6  121
          7  121
          8  121
          9  121
         10  121
         11  121
         12  121
         13  121
         14  121
         15  121
         16  121
         17  121
         18  121
         19  121
         20  121
         21  121
         22  121
         23  121
         24  121
         25  121
         26  121
         27  121
         28  121
         29  121
         30  121
         31  121
         32  121
         33  121
         34  121
         35  121
         36  121
         37  121
         38  121
         39  121
         40  121
         41  121
         42  121
         43  121
         44  121
         45  121
         46  121
         47  121
         48  121
         49  121
         50  121
         51  121
         52  121
         53  121
         54  121
         55  121
         56  121
         57  121
         58  121
         59  121
         60  121
         61  121
         62  121
         63  121
         64  121
         65  121
         66  121
         67  121
         68  121
         69  121
         70  121
         71  121
         72  121
         73  121
         74  121
         75  121
         76  121
         77  121
         78  121
         79  121
         80  121
         81  121
         82  121
         83  121
         84  121
         85  121
         86  121
         87  121
         88  121
         89  121
         90  121
         91  121
         92  121
         93  121
         94  121
         95  121
         96  121
         97  121
         98  121
         99  121
        100  121
        101  121
        102  121
        103  121
        104  121
        105  121
        106  121
        107  121
        108  121
        109  121
        110  121
        111  121
        112  121
        113  121
        114  121
        115  121
        116  121
        117  121
        118  121
        119  121
        120  121
        121  121
        122  121
        123  121
        124  121
        125  121
        126  121
        127  121
        128  121
        129  121
        130  121
        131  121
        132  121
        133  121
        134  121
        135  121
        136  121
        137  121
        138  121
        139  121
        140  121
        141  121
        142  121
        143  121
        144  121
        145  121
        146  121
        147  121
        148  121
        149  121
        150  121
        151  121
        152  121
        153  121
        154  121
        155  121
        156  121
        157  121
        158  121
        159  121
        160  121
        161  121
        162  121
        163  121
        164  121
        165  121
        166  121
        167  121
        168  121
        169  121
        170  121
        171  121
        172  121
        173  121
        174  121
        175  121
        176  121
        177  111
     INITIAL PRESSURE HEAD OR MOISTURE CONTENT WAS SET TO A CONSTANT VALUE OF   1.000E+01
     INITIAL PRESSURE HEAD OR MOISTURE CONTENT WAS READ FROM UNIT    0 A SCALING FACTOR OF   1.000E+01 WAS USED
     INITIAL CONCENTRATION SET TO A CONSTANT VALUE OF    0.000E+00
                                                                                      
     TOTAL ELAPSED TIME =  0.000000E+00 sec 
     TIME STEP         0


                                                   PRESSURE HEAD
  Z, IN
  m                       X OR R DISTANCE, IN m   
                0.500
     0.100  1.000E+01
     0.300  1.000E+01
     0.500  1.000E+01
     0.700  1.000E+01
     0.900  1.000E+01
     1.100  1.000E+01
     1.300  1.000E+01
     1.500  1.000E+01
     1.700  1.000E+01
     1.900  1.000E+01
     2.100  1.000E+01
     2.300  1.000E+01
     2.500  1.000E+01
     2.700  1.000E+01
     2.900  1.000E+01
     3.100  1.000E+01
     3.300  1.000E+01
     3.500  1.000E+01
     3.700  1.000E+01
     3.900  1.000E+01
     4.100  1.000E+01
     4.300  1.000E+01
     4.500  1.000E+01
     4.700  1.000E+01
     4.900  1.000E+01
     5.100  1.000E+01
     5.300  1.000E+01
     5.500  1.000E+01
     5.700  1.000E+01
     5.900  1.000E+01
     6.100  1.000E+01
     6.300  1.000E+01
     6.500  1.000E+01
     6.700  1.000E+01
     6.900  1.000E+01
     7.100  1.000E+01
     7.300  1.000E+01
     7.500  1.000E+01
     7.700  1.000E+01
     7.900  1.000E+01
     8.100  1.000E+01
     8.300  1.000E+01
     8.500  1.000E+01
     8.700  1.000E+01
     8.900  1.000E+01
     9.100  1.000E+01
     9.300  1.000E+01
     9.500  1.000E+01
     9.700  1.000E+01
     9.900  1.000E+01
    10.100  1.000E+01
    10.300  1.000E+01
    10.500  1.000E+01
    10.700  1.000E+01
    10.900  1.000E+01
    11.100  1.000E+01
    11.300  1.000E+01
    11.500  1.000E+01
    11.700  1.000E+01
    11.900  1.000E+01
    12.100  1.000E+01
    12.300  1.000E+01
    12.500  1.000E+01
    12.700  1.000E+01
    12.900  1.000E+01
    13.100  1.000E+01
    13.300  1.000E+01
    13.500  1.000E+01
    13.700  1.000E+01
    13.900  1.000E+01
    14.100  1.000E+01
    14.300  1.000E+01
    14.500  1.000E+01
    14.700  1.000E+01
    14.900  1.000E+01
    15.100  1.000E+01
    15.300  1.000E+01
    15.500  1.000E+01
    15.700  1.000E+01
    15.900  1.000E+01
    16.100  1.000E+01
    16.300  1.000E+01
    16.500  1.000E+01
    16.700  1.000E+01
    16.900  1.000E+01
    17.100  1.000E+01
    17.300  1.000E+01
    17.500  1.000E+01
    17.700  1.000E+01
    17.900  1.000E+01
    18.100  1.000E+01
    18.300  1.000E+01
    18.500  1.000E+01
    18.700  1.000E+01
    18.900  1.000E+01
    19.100  1.000E+01
    19.300  1.000E+01
    19.500  1.000E+01
    19.700  1.000E+01
    19.900  1.000E+01
    20.100  1.000E+01
    20.300  1.000E+01
    20.500  1.000E+01
    20.700  1.000E+01
    20.900  1.000E+01
    21.100  1.000E+01
    21.300  1.000E+01
    21.500  1.000E+01
    21.700  1.000E+01
    21.900  1.000E+01
    22.100  1.000E+01
    22.300  1.000E+01
    22.500  1.000E+01
    22.700  1.000E+01
    22.900  1.000E+01
    23.100  1.000E+01
    23.300  1.000E+01
    23.500  1.000E+01
    23.700  1.000E+01
    23.900  1.000E+01
    24.100  1.000E+01
    24.300  1.000E+01
    24.500  1.000E+01
    24.700  1.000E+01
    24.900  1.000E+01
    25.100  1.000E+01
    25.300  1.000E+01
    25.500  1.000E+01
    25.700  1.000E+01
    25.900  1.000E+01
    26.100  1.000E+01
    26.300  1.000E+01
    26.500  1.000E+01
    26.700  1.000E+01
    26.900  1.000E+01
    27.100  1.000E+01
    27.300  1.000E+01
    27.500  1.000E+01
    27.700  1.000E+01
    27.900  1.000E+01
    28.100  1.000E+01
    28.300  1.000E+01
    28.500  1.000E+01
    28.700  1.000E+01
    28.900  1.000E+01
    29.100  1.000E+01
    29.300  1.000E+01
    29.500  1.000E+01
    29.700  1.000E+01
    29.900  1.000E+01
    30.100  1.000E+01
    30.300  1.000E+01
    30.500  1.000E+01
    30.700  1.000E+01
    30.900  1.000E+01
    31.100  1.000E+01
    31.300  1.000E+01
    31.500  1.000E+01
    31.700  1.000E+01
    31.900  1.000E+01
    32.100  1.000E+01
    32.300  1.000E+01
    32.500  1.000E+01
    32.700  1.000E+01
    32.900  1.000E+01
    33.100  1.000E+01
    33.300  1.000E+01
    33.500  1.000E+01
    33.700  1.000E+01
    33.900  1.000E+01
    34.100  1.000E+01
    34.300  1.000E+01
    34.500  1.000E+01
    34.700  1.000E+01
    34.900  1.000E+01
                                                   CONCENTRATION
  Z, IN
  m                       X OR R DISTANCE, IN m   
                0.500
     0.100  0.000E+00
     0.300  0.000E+00
     0.500  0.000E+00
     0.700  0.000E+00
     0.900  0.000E+00
     1.100  0.000E+00
     1.300  0.000E+00
     1.500  0.000E+00
     1.700  0.000E+00
     1.900  0.000E+00
     2.100  0.000E+00
     2.300  0.000E+00
     2.500  0.000E+00
     2.700  0.000E+00
     2.900  0.000E+00
     3.100  0.000E+00
     3.300  0.000E+00
     3.500  0.000E+00
     3.700  0.000E+00
     3.900  0.000E+00
     4.100  0.000E+00
     4.300  0.000E+00
     4.500  0.000E+00
     4.700  0.000E+00
     4.900  0.000E+00
     5.100  0.000E+00
     5.300  0.000E+00
     5.500  0.000E+00
     5.700  0.000E+00
     5.900  0.000E+00
     6.100  0.000E+00
     6.300  0.000E+00
     6.500  0.000E+00
     6.700  0.000E+00
     6.900  0.000E+00
     7.100  0.000E+00
     7.300  0.000E+00
     7.500  0.000E+00
     7.700  0.000E+00
     7.900  0.000E+00
     8.100  0.000E+00
     8.300  0.000E+00
     8.500  0.000E+00
     8.700  0.000E+00
     8.900  0.000E+00
     9.100  0.000E+00
     9.300  0.000E+00
     9.500  0.000E+00
     9.700  0.000E+00
     9.900  0.000E+00
    10.100  0.000E+00
    10.300  0.000E+00
    10.500  0.000E+00
    10.700  0.000E+00
    10.900  0.000E+00
    11.100  0.000E+00
    11.300  0.000E+00
    11.500  0.000E+00
    11.700  0.000E+00
    11.900  0.000E+00
    12.100  0.000E+00
    12.300  0.000E+00
    12.500  0.000E+00
    12.700  0.000E+00
    12.900  0.000E+00
    13.100  0.000E+00
    13.300  0.000E+00
    13.500  0.000E+00
    13.700  0.000E+00
    13.900  0.000E+00
    14.100  0.000E+00
    14.300  0.000E+00
    14.500  0.000E+00
    14.700  0.000E+00
    14.900  0.000E+00
    15.100  0.000E+00
    15.300  0.000E+00
    15.500  0.000E+00
    15.700  0.000E+00
    15.900  0.000E+00
    16.100  0.000E+00
    16.300  0.000E+00
    16.500  0.000E+00
    16.700  0.000E+00
    16.900  0.000E+00
    17.100  0.000E+00
    17.300  0.000E+00
    17.500  0.000E+00
    17.700  0.000E+00
    17.900  0.000E+00
    18.100  0.000E+00
    18.300  0.000E+00
    18.500  0.000E+00
    18.700  0.000E+00
    18.900  0.000E+00
    19.100  0.000E+00
    19.300  0.000E+00
    19.500  0.000E+00
    19.700  0.000E+00
    19.900  0.000E+00
    20.100  0.000E+00
    20.300  0.000E+00
    20.500  0.000E+00
    20.700  0.000E+00
    20.900  0.000E+00
    21.100  0.000E+00
    21.300  0.000E+00
    21.500  0.000E+00
    21.700  0.000E+00
    21.900  0.000E+00
    22.100  0.000E+00
    22.300  0.000E+00
    22.500  0.000E+00
    22.700  0.000E+00
    22.900  0.000E+00
    23.100  0.000E+00
    23.300  0.000E+00
    23.500  0.000E+00
    23.700  0.000E+00
    23.900  0.000E+00
    24.100  0.000E+00
    24.300  0.000E+00
    24.500  0.000E+00
    24.700  0.000E+00
    24.900  0.000E+00
    25.100  0.000E+00
    25.300  0.000E+00
    25.500  0.000E+00
    25.700  0.000E+00
    25.900  0.000E+00
    26.100  0.000E+00
    26.300  0.000E+00
    26.500  0.000E+00
    26.700  0.000E+00
    26.900  0.000E+00
    27.100  0.000E+00
    27.300  0.000E+00
    27.500  0.000E+00
    27.700  0.000E+00
    27.900  0.000E+00
    28.100  0.000E+00
    28.300  0.000E+00
    28.500  0.000E+00
    28.700  0.000E+00
    28.900  0.000E+00
    29.100  0.000E+00
    29.300  0.000E+00
    29.500  0.000E+00
    29.700  0.000E+00
    29.900  0.000E+00
    30.100  0.000E+00
    30.300  0.000E+00
    30.500  0.000E+00
    30.700  0.000E+00
    30.900  0.000E+00
    31.100  0.000E+00
    31.300  0.000E+00
    31.500  0.000E+00
    31.700  0.000E+00
    31.900  0.000E+00
    32.100  0.000E+00
    32.300  0.000E+00
    32.500  0.000E+00
    32.700  0.000E+00
    32.900  0.000E+00
    33.100  0.000E+00
    33.300  0.000E+00
    33.500  0.000E+00
    33.700  0.000E+00
    33.900  0.000E+00
    34.100  0.000E+00
    34.300  0.000E+00
    34.500  0.000E+00
    34.700  0.000E+00
    34.900  0.000E+00
      DATA FOR RECHARGE PERIOD         1

          LENGTH OF THIS PERIOD =   1.60000E+02 sec 
          LENGTH OF INITIAL TIME STEP FOR THIS PERIOD =   1.00000E+00 sec 
          MULTIPLIER FOR TIME STEP =  1.000E+00
          MAXIMUM TIME STEP SIZE =    1.00000E+00 sec 
          MINIMUM TIME STEP SIZE =    1.00000E-04 sec 
          TIME STEP REDUCTION FACTOR =  1.000E-01
               MAXIMUM PRESSURE HEAD CHANGE ALLOWED IN ONE TIME STEP = 100.000
               STEADY-STATE CLOSURE CRITERION =  0.000E+00
               MAXIMUM DEPTH OF PONDING =  0.000E+00
               PRINT SOLUTION AFTER EVERY TIME STEP? F
               SIMULATE EVAPORATION? F
               SIMULATE EVAPOTRANSPIRATION? F
               SIMULATE SEEPAGE FACES? F

      NODE TYPE AND INITIAL BOUNDARY CONDITIONS FOR PERIOD         1
      LEGEND: 
               0 = INTERIOR CELL
               1 = SPECIFIED PRESSURE HEAD CELL
               2 = SPECIFIED FLUX CELL
               3 = POTENTIAL SEEPAGE FACE NODE
               5 = NODE FOR WHICH EVAPORATION IS PERMITTED
               7 = GRAVITY DRAIN CELL

     1     000
     2     010
     3     000
     4     000
     5     000
     6     000
     7     000
     8     000
     9     000
    10     000
    11     000
    12     000
    13     000
    14     000
    15     000
    16     000
    17     000
    18     000
    19     000
    20     000
    21     000
    22     000
    23     000
    24     000
    25     000
    26     000
    27     000
    28     000
    29     000
    30     000
    31     000
    32     000
    33     000
    34     000
    35     000
    36     000
    37     000
    38     000
    39     000
    40     000
    41     000
    42     000
    43     000
    44     000
    45     000
    46     000
    47     000
    48     000
    49     000
    50     000
    51     000
    52     000
    53     000
    54     000
    55     000
    56     000
    57     000
    58     000
    59     000
    60     000
    61     000
    62     000
    63     000
    64     000
    65     000
    66     000
    67     000
    68     000
    69     000
    70     000
    71     000
    72     000
    73     000
    74     000
    75     000
    76     000
    77     000
    78     000
    79     000
    80     000
    81     000
    82     000
    83     000
    84     000
    85     000
    86     000
    87     000
    88     000
    89     000
    90     000
    91     000
    92     000
    93     000
    94     000
    95     000
    96     000
    97     000
    98     000
    99     000
   100     000
   101     000
   102     000
   103     000
   104     000
   105     000
   106     000
   107     000
   108     000
   109     000
   110     000
   111     000
   112     000
   113     000
   114     000
   115     000
   116     000
   117     000
   118     000
   119     000
   120     000
   121     000
   122     000
   123     000
   124     000
   125     000
   126     000
   127     000
   128     000
   129     000
   130     000
   131     000
   132     000
   133     000
   134     000
   135     000
   136     000
   137     000
   138     000
   139     000
   140     000
   141     000
   142     000
   143     000
   144     000
   145     000
   146     000
   147     000
   148     000
   149     000
   150     000
   151     000
   152     000
   153     000
   154     000
   155     000
   156     000
   157     000
   158     000
   159     000
   160     000
   161     000
   162     000
   163     000
   164     000
   165     000
   166     000
   167     000
   168     000
   169     000
   170     000
   171     000
   172     000
   173     000
   174     000
   175     000
   176     010
   177     000
 TIME STEP         1  TIME =   0.100000E+01  NIT =     2  NIT1 =    13
 TIME STEP         2  TIME =   0.200000E+01  NIT =     2  NIT1 =    12
 TIME STEP         3  TIME =   0.300000E+01  NIT =     2  NIT1 =    12
 TIME STEP         4  TIME =   0.400000E+01  NIT =     2  NIT1 =    12
 TIME STEP         5  TIME =   0.500000E+01  NIT =     2  NIT1 =    11
 TIME STEP         6  TIME =   0.600000E+01  NIT =     2  NIT1 =    11
 TIME STEP         7  TIME =   0.700000E+01  NIT =     2  NIT1 =    11
 TIME STEP         8  TIME =   0.800000E+01  NIT =     2  NIT1 =    11
 TIME STEP         9  TIME =   0.900000E+01  NIT =     2  NIT1 =    11
 TIME STEP        10  TIME =   0.100000E+02  NIT =     2  NIT1 =    11
 TIME STEP        11  TIME =   0.110000E+02  NIT =     2  NIT1 =    11
 TIME STEP        12  TIME =   0.120000E+02  NIT =     2  NIT1 =    11
 TIME STEP        13  TIME =   0.130000E+02  NIT =     2  NIT1 =    10
 TIME STEP        14  TIME =   0.140000E+02  NIT =     2  NIT1 =    10
 TIME STEP        15  TIME =   0.150000E+02  NIT =     2  NIT1 =    10
 TIME STEP        16  TIME =   0.160000E+02  NIT =     2  NIT1 =    10
 TIME STEP        17  TIME =   0.170000E+02  NIT =     2  NIT1 =    10
 TIME STEP        18  TIME =   0.180000E+02  NIT =     2  NIT1 =    10
 TIME STEP        19  TIME =   0.190000E+02  NIT =     2  NIT1 =    10
 TIME STEP        20  TIME =   0.200000E+02  NIT =     2  NIT1 =    10
 TIME STEP        21  TIME =   0.210000E+02  NIT =     2  NIT1 =    10
 TIME STEP        22  TIME =   0.220000E+02  NIT =     2  NIT1 =    10
 TIME STEP        23  TIME =   0.230000E+02  NIT =     2  NIT1 =    10
 TIME STEP        24  TIME =   0.240000E+02  NIT =     2  NIT1 =    10
 TIME STEP        25  TIME =   0.250000E+02  NIT =     2  NIT1 =    10
 TIME STEP        26  TIME =   0.260000E+02  NIT =     2  NIT1 =    10
 TIME STEP        27  TIME =   0.270000E+02  NIT =     2  NIT1 =    10
 TIME STEP        28  TIME =   0.280000E+02  NIT =     2  NIT1 =    10
 TIME STEP        29  TIME =   0.290000E+02  NIT =     2  NIT1 =    10
 TIME STEP        30  TIME =   0.300000E+02  NIT =     2  NIT1 =    10
 TIME STEP        31  TIME =   0.310000E+02  NIT =     2  NIT1 =    10
 TIME STEP        32  TIME =   0.320000E+02  NIT =     2  NIT1 =    10
 TIME STEP        33  TIME =   0.330000E+02  NIT =     2  NIT1 =    10
 TIME STEP        34  TIME =   0.340000E+02  NIT =     2  NIT1 =    10
 TIME STEP        35  TIME =   0.350000E+02  NIT =     2  NIT1 =    10
 TIME STEP        36  TIME =   0.360000E+02  NIT =     2  NIT1 =    10
 TIME STEP        37  TIME =   0.370000E+02  NIT =     2  NIT1 =    10
 TIME STEP        38  TIME =   0.380000E+02  NIT =     2  NIT1 =     9
 TIME STEP        39  TIME =   0.390000E+02  NIT =     2  NIT1 =     9
 TIME STEP        40  TIME =   0.400000E+02  NIT =     2  NIT1 =     9
 TIME STEP        41  TIME =   0.410000E+02  NIT =     2  NIT1 =     9
 TIME STEP        42  TIME =   0.420000E+02  NIT =     2  NIT1 =     9
 TIME STEP        43  TIME =   0.430000E+02  NIT =     2  NIT1 =     9
 TIME STEP        44  TIME =   0.440000E+02  NIT =     2  NIT1 =     9
 TIME STEP        45  TIME =   0.450000E+02  NIT =     2  NIT1 =     9
 TIME STEP        46  TIME =   0.460000E+02  NIT =     2  NIT1 =     9
 TIME STEP        47  TIME =   0.470000E+02  NIT =     2  NIT1 =     9
 TIME STEP        48  TIME =   0.480000E+02  NIT =     2  NIT1 =     9
 TIME STEP        49  TIME =   0.490000E+02  NIT =     2  NIT1 =     9
 TIME STEP        50  TIME =   0.500000E+02  NIT =     2  NIT1 =     9
 TIME STEP        51  TIME =   0.510000E+02  NIT =     2  NIT1 =     9
 TIME STEP        52  TIME =   0.520000E+02  NIT =     2  NIT1 =     9
 TIME STEP        53  TIME =   0.530000E+02  NIT =     2  NIT1 =     9
 TIME STEP        54  TIME =   0.540000E+02  NIT =     2  NIT1 =     9
 TIME STEP        55  TIME =   0.550000E+02  NIT =     2  NIT1 =     9
 TIME STEP        56  TIME =   0.560000E+02  NIT =     2  NIT1 =     9
 TIME STEP        57  TIME =   0.570000E+02  NIT =     2  NIT1 =     9
 TIME STEP        58  TIME =   0.580000E+02  NIT =     2  NIT1 =     9
 TIME STEP        59  TIME =   0.590000E+02  NIT =     2  NIT1 =     9
 TIME STEP        60  TIME =   0.600000E+02  NIT =     2  NIT1 =     9
 TIME STEP        61  TIME =   0.610000E+02  NIT =     2  NIT1 =     9
 TIME STEP        62  TIME =   0.620000E+02  NIT =     2  NIT1 =     9
 TIME STEP        63  TIME =   0.630000E+02  NIT =     2  NIT1 =     9
 TIME STEP        64  TIME =   0.640000E+02  NIT =     2  NIT1 =     9
 TIME STEP        65  TIME =   0.650000E+02  NIT =     2  NIT1 =     9
 TIME STEP        66  TIME =   0.660000E+02  NIT =     2  NIT1 =     9
 TIME STEP        67  TIME =   0.670000E+02  NIT =     2  NIT1 =     9
 TIME STEP        68  TIME =   0.680000E+02  NIT =     2  NIT1 =     9
 TIME STEP        69  TIME =   0.690000E+02  NIT =     2  NIT1 =     9
 TIME STEP        70  TIME =   0.700000E+02  NIT =     2  NIT1 =     9
 TIME STEP        71  TIME =   0.710000E+02  NIT =     2  NIT1 =     9
 TIME STEP        72  TIME =   0.720000E+02  NIT =     2  NIT1 =     9
 TIME STEP        73  TIME =   0.730000E+02  NIT =     2  NIT1 =     9
 TIME STEP        74  TIME =   0.740000E+02  NIT =     2  NIT1 =     9
 TIME STEP        75  TIME =   0.750000E+02  NIT =     2  NIT1 =     9
 TIME STEP        76  TIME =   0.760000E+02  NIT =     2  NIT1 =     9
 TIME STEP        77  TIME =   0.770000E+02  NIT =     2  NIT1 =     9
 TIME STEP        78  TIME =   0.780000E+02  NIT =     2  NIT1 =     9
 TIME STEP        79  TIME =   0.790000E+02  NIT =     2  NIT1 =     9
 TIME STEP        80  TIME =   0.800000E+02  NIT =     2  NIT1 =     9
 TIME STEP        81  TIME =   0.810000E+02  NIT =     2  NIT1 =     9
 TIME STEP        82  TIME =   0.820000E+02  NIT =     2  NIT1 =     9
 TIME STEP        83  TIME =   0.830000E+02  NIT =     2  NIT1 =     9
 TIME STEP        84  TIME =   0.840000E+02  NIT =     2  NIT1 =     8
 TIME STEP        85  TIME =   0.850000E+02  NIT =     2  NIT1 =     8
 TIME STEP        86  TIME =   0.860000E+02  NIT =     2  NIT1 =     8
 TIME STEP        87  TIME =   0.870000E+02  NIT =     2  NIT1 =     8
 TIME STEP        88  TIME =   0.880000E+02  NIT =     2  NIT1 =     8
 TIME STEP        89  TIME =   0.890000E+02  NIT =     2  NIT1 =     8
 TIME STEP        90  TIME =   0.900000E+02  NIT =     2  NIT1 =     8
 TIME STEP        91  TIME =   0.910000E+02  NIT =     2  NIT1 =     8
 TIME STEP        92  TIME =   0.920000E+02  NIT =     2  NIT1 =     8
 TIME STEP        93  TIME =   0.930000E+02  NIT =     2  NIT1 =     8
 TIME STEP        94  TIME =   0.940000E+02  NIT =     2  NIT1 =     8
 TIME STEP        95  TIME =   0.950000E+02  NIT =     2  NIT1 =     8
 TIME STEP        96  TIME =   0.960000E+02  NIT =     2  NIT1 =     8
 TIME STEP        97  TIME =   0.970000E+02  NIT =     2  NIT1 =     8
 TIME STEP        98  TIME =   0.980000E+02  NIT =     2  NIT1 =     8
 TIME STEP        99  TIME =   0.990000E+02  NIT =     2  NIT1 =     8
 TIME STEP       100  TIME =   0.100000E+03  NIT =     2  NIT1 =     8
 TIME STEP       101  TIME =   0.101000E+03  NIT =     2  NIT1 =     8
 TIME STEP       102  TIME =   0.102000E+03  NIT =     2  NIT1 =     8
 TIME STEP       103  TIME =   0.103000E+03  NIT =     2  NIT1 =     8
 TIME STEP       104  TIME =   0.104000E+03  NIT =     2  NIT1 =     8
 TIME STEP       105  TIME =   0.105000E+03  NIT =     2  NIT1 =     8
 TIME STEP       106  TIME =   0.106000E+03  NIT =     2  NIT1 =     8
 TIME STEP       107  TIME =   0.107000E+03  NIT =     2  NIT1 =     8
 TIME STEP       108  TIME =   0.108000E+03  NIT =     2  NIT1 =     8
 TIME STEP       109  TIME =   0.109000E+03  NIT =     2  NIT1 =     8
 TIME STEP       110  TIME =   0.110000E+03  NIT =     2  NIT1 =     8
 TIME STEP       111  TIME =   0.111000E+03  NIT =     2  NIT1 =     8
 TIME STEP       112  TIME =   0.112000E+03  NIT =     2  NIT1 =     8
 TIME STEP       113  TIME =   0.113000E+03  NIT =     2  NIT1 =     8
 TIME STEP       114  TIME =   0.114000E+03  NIT =     2  NIT1 =     8
 TIME STEP       115  TIME =   0.115000E+03  NIT =     2  NIT1 =     8
 TIME STEP       116  TIME =   0.116000E+03  NIT =     2  NIT1 =     8
 TIME STEP       117  TIME =   0.117000E+03  NIT =     2  NIT1 =     8
 TIME STEP       118  TIME =   0.118000E+03  NIT =     2  NIT1 =     8
 TIME STEP       119  TIME =   0.119000E+03  NIT =     2  NIT1 =     8
 TIME STEP       120  TIME =   0.120000E+03  NIT =     2  NIT1 =     8
 TIME STEP       121  TIME =   0.121000E+03  NIT =     2  NIT1 =     8
 TIME STEP       122  TIME =   0.122000E+03  NIT =     2  NIT1 =     8
 TIME STEP       123  TIME =   0.123000E+03  NIT =     2  NIT1 =     8
 TIME STEP       124  TIME =   0.124000E+03  NIT =     2  NIT1 =     8
 TIME STEP       125  TIME =   0.125000E+03  NIT =     2  NIT1 =     8
 TIME STEP       126  TIME =   0.126000E+03  NIT =     2  NIT1 =     8
 TIME STEP       127  TIME =   0.127000E+03  NIT =     2  NIT1 =     8
 TIME STEP       128  TIME =   0.128000E+03  NIT =     2  NIT1 =     8
 TIME STEP       129  TIME =   0.129000E+03  NIT =     2  NIT1 =     8
 TIME STEP       130  TIME =   0.130000E+03  NIT =     2  NIT1 =     8
 TIME STEP       131  TIME =   0.131000E+03  NIT =     2  NIT1 =     8
 TIME STEP       132  TIME =   0.132000E+03  NIT =     2  NIT1 =     8
 TIME STEP       133  TIME =   0.133000E+03  NIT =     2  NIT1 =     8
 TIME STEP       134  TIME =   0.134000E+03  NIT =     2  NIT1 =     8
 TIME STEP       135  TIME =   0.135000E+03  NIT =     2  NIT1 =     8
 TIME STEP       136  TIME =   0.136000E+03  NIT =     2  NIT1 =     8
 TIME STEP       137  TIME =   0.137000E+03  NIT =     2  NIT1 =     8
 TIME STEP       138  TIME =   0.138000E+03  NIT =     2  NIT1 =     8
 TIME STEP       139  TIME =   0.139000E+03  NIT =     2  NIT1 =     8
 TIME STEP       140  TIME =   0.140000E+03  NIT =     2  NIT1 =     8
 TIME STEP       141  TIME =   0.141000E+03  NIT =     2  NIT1 =     8
 TIME STEP       142  TIME =   0.142000E+03  NIT =     2  NIT1 =     8
 TIME STEP       143  TIME =   0.143000E+03  NIT =     2  NIT1 =     8
 TIME STEP       144  TIME =   0.144000E+03  NIT =     2  NIT1 =     8
 TIME STEP       145  TIME =   0.145000E+03  NIT =     2  NIT1 =     8
 TIME STEP       146  TIME =   0.146000E+03  NIT =     2  NIT1 =     8
 TIME STEP       147  TIME =   0.147000E+03  NIT =     2  NIT1 =     8
 TIME STEP       148  TIME =   0.148000E+03  NIT =     2  NIT1 =     8
 TIME STEP       149  TIME =   0.149000E+03  NIT =     2  NIT1 =     8
 TIME STEP       150  TIME =   0.150000E+03  NIT =     2  NIT1 =     8
 TIME STEP       151  TIME =   0.151000E+03  NIT =     2  NIT1 =     8
 TIME STEP       152  TIME =   0.152000E+03  NIT =     2  NIT1 =     8
 TIME STEP       153  TIME =   0.153000E+03  NIT =     2  NIT1 =     8
 TIME STEP       154  TIME =   0.154000E+03  NIT =     2  NIT1 =     8
 TIME STEP       155  TIME =   0.155000E+03  NIT =     2  NIT1 =     8
 TIME STEP       156  TIME =   0.156000E+03  NIT =     2  NIT1 =     8
 TIME STEP       157  TIME =   0.157000E+03  NIT =     2  NIT1 =     8
 TIME STEP       158  TIME =   0.158000E+03  NIT =     2  NIT1 =     8
 TIME STEP       159  TIME =   0.159000E+03  NIT =     2  NIT1 =     8
 TIME STEP       160  TIME =   0.160000E+03  NIT =     2  NIT1 =     8
                                                                                      
     TOTAL ELAPSED TIME =  1.600000E+02 sec 
     TIME STEP       160


                                                   PRESSURE HEAD
  Z, IN
  m                       X OR R DISTANCE, IN m   
                0.500
     0.100  1.000E+01
     0.300  1.000E+01
     0.500  1.000E+01
     0.700  1.000E+01
     0.900  1.000E+01
     1.100  1.000E+01
     1.300  1.000E+01
     1.500  1.000E+01
     1.700  1.000E+01
     1.900  1.000E+01
     2.100  1.000E+01
     2.300  1.000E+01
     2.500  1.000E+01
     2.700  1.000E+01
     2.900  1.000E+01
     3.100  1.000E+01
     3.300  1.000E+01
     3.500  1.000E+01
     3.700  1.000E+01
     3.900  1.000E+01
     4.100  1.000E+01
     4.300  1.000E+01
     4.500  1.000E+01
     4.700  1.000E+01
     4.900  1.000E+01
     5.100  1.000E+01
     5.300  1.000E+01
     5.500  1.000E+01
     5.700  1.000E+01
     5.900  1.000E+01
     6.100  1.000E+01
     6.300  1.000E+01
     6.500  1.000E+01
     6.700  1.000E+01
     6.900  1.000E+01
     7.100  1.000E+01
     7.300  1.000E+01
     7.500  1.000E+01
     7.700  1.000E+01
     7.900  1.000E+01
     8.100  1.000E+01
     8.300  1.000E+01
     8.500  1.000E+01
     8.700  1.000E+01
     8.900  1.000E+01
     9.100  1.000E+01
     9.300  1.000E+01
     9.500  1.000E+01
     9.700  1.000E+01
     9.900  1.000E+01
    10.100  1.000E+01
    10.300  1.000E+01
    10.500  1.000E+01
    10.700  1.000E+01
    10.900  1.000E+01
    11.100  1.000E+01
    11.300  1.000E+01
    11.500  1.000E+01
    11.700  1.000E+01
    11.900  1.000E+01
    12.100  1.000E+01
    12.300  1.000E+01
    12.500  1.000E+01
    12.700  1.000E+01
    12.900  1.000E+01
    13.100  1.000E+01
    13.300  1.000E+01
    13.500  1.000E+01
    13.700  1.000E+01
    13.900  1.000E+01
    14.100  1.000E+01
    14.300  1.000E+01
    14.500  1.000E+01
    14.700  1.000E+01
    14.900  1.000E+01
    15.100  1.000E+01
    15.300  1.000E+01
    15.500  1.000E+01
    15.700  1.000E+01
    15.900  1.000E+01
    16.100  1.000E+01
    16.300  1.000E+01
    16.500  1.000E+01
    16.700  1.000E+01
    16.900  1.000E+01
    17.100  1.000E+01
    17.300  1.000E+01
    17.500  1.000E+01
    17.700  1.000E+01
    17.900  1.000E+01
    18.100  1.000E+01
    18.300  1.000E+01
    18.500  1.000E+01
    18.700  1.000E+01
    18.900  1.000E+01
    19.100  1.000E+01
    19.300  1.000E+01
    19.500  1.000E+01
    19.700  1.000E+01
    19.900  1.000E+01
    20.100  1.000E+01
    20.300  1.000E+01
    20.500  1.000E+01
    20.700  1.000E+01
    20.900  1.000E+01
    21.100  1.000E+01
    21.300  1.000E+01
    21.500  1.000E+01
    21.700  1.000E+01
    21.900  1.000E+01
    22.100  1.000E+01
    22.300  1.000E+01
    22.500  1.000E+01
    22.700  1.000E+01
    22.900  1.000E+01
    23.100  1.000E+01
    23.300  1.000E+01
    23.500  1.000E+01
    23.700  1.000E+01
    23.900  1.000E+01
    24.100  1.000E+01
    24.300  1.000E+01
    24.500  1.000E+01
    24.700  1.000E+01
    24.900  1.000E+01
    25.100  1.000E+01
    25.300  1.000E+01
    25.500  1.000E+01
    25.700  1.000E+01
    25.900  1.000E+01
    26.100  1.000E+01
    26.300  1.000E+01
    26.500  1.000E+01
    26.700  1.000E+01
    26.900  1.000E+01
    27.100  1.000E+01
    27.300  1.000E+01
    27.500  1.000E+01
    27.700  1.000E+01
    27.900  1.000E+01
    28.100  1.000E+01
    28.300  1.000E+01
    28.500  1.000E+01
    28.700  1.000E+01
    28.900  1.000E+01
    29.100  1.000E+01
    29.300  1.000E+01
    29.500  1.000E+01
    29.700  1.000E+01
    29.900  1.000E+01
    30.100  1.000E+01
    30.300  1.000E+01
    30.500  1.000E+01
    30.700  1.000E+01
    30.900  1.000E+01
    31.100  1.000E+01
    31.300  1.000E+01
    31.500  1.000E+01
    31.700  1.000E+01
    31.900  1.000E+01
    32.100  1.000E+01
    32.300  1.000E+01
    32.500  1.000E+01
    32.700  1.000E+01
    32.900  1.000E+01
    33.100  1.000E+01
    33.300  1.000E+01
    33.500  1.000E+01
    33.700  1.000E+01
    33.900  1.000E+01
    34.100  1.000E+01
    34.300  1.000E+01
    34.500  1.000E+01
    34.700  1.000E+01
    34.900  1.000E+01
                                                   CONCENTRATION
  Z, IN
  m                       X OR R DISTANCE, IN m   
                0.500
     0.100  1.000E+01
     0.300  9.622E+00
     0.500  9.257E+00
     0.700  8.906E+00
     0.900  8.568E+00
     1.100  8.241E+00
     1.300  7.926E+00
     1.500  7.623E+00
     1.700  7.330E+00
     1.900  7.047E+00
     2.100  6.774E+00
     2.300  6.510E+00
     2.500  6.255E+00
     2.700  6.008E+00
     2.900  5.770E+00
     3.100  5.539E+00
     3.300  5.316E+00
     3.500  5.099E+00
     3.700  4.890E+00
     3.900  4.687E+00
     4.100  4.490E+00
     4.300  4.299E+00
     4.500  4.114E+00
     4.700  3.935E+00
     4.900  3.761E+00
     5.100  3.592E+00
     5.300  3.428E+00
     5.500  3.268E+00
     5.700  3.114E+00
     5.900  2.964E+00
     6.100  2.819E+00
     6.300  2.678E+00
     6.500  2.542E+00
     6.700  2.409E+00
     6.900  2.281E+00
     7.100  2.158E+00
     7.300  2.038E+00
     7.500  1.923E+00
     7.700  1.811E+00
     7.900  1.704E+00
     8.100  1.601E+00
     8.300  1.502E+00
     8.500  1.407E+00
     8.700  1.315E+00
     8.900  1.228E+00
     9.100  1.145E+00
     9.300  1.065E+00
     9.500  9.893E-01
     9.700  9.173E-01
     9.900  8.490E-01
    10.100  7.844E-01
    10.300  7.233E-01
    10.500  6.657E-01
    10.700  6.115E-01
    10.900  5.606E-01
    11.100  5.129E-01
    11.300  4.683E-01
    11.500  4.267E-01
    11.700  3.880E-01
    11.900  3.520E-01
    12.100  3.188E-01
    12.300  2.880E-01
    12.500  2.596E-01
    12.700  2.335E-01
    12.900  2.096E-01
    13.100  1.877E-01
    13.300  1.677E-01
    13.500  1.495E-01
    13.700  1.329E-01
    13.900  1.180E-01
    14.100  1.044E-01
    14.300  9.223E-02
    14.500  8.126E-02
    14.700  7.143E-02
    14.900  6.264E-02
    15.100  5.480E-02
    15.300  4.782E-02
    15.500  4.163E-02
    15.700  3.616E-02
    15.900  3.132E-02
    16.100  2.707E-02
    16.300  2.334E-02
    16.500  2.007E-02
    16.700  1.722E-02
    16.900  1.473E-02
    17.100  1.258E-02
    17.300  1.071E-02
    17.500  9.095E-03
    17.700  7.705E-03
    17.900  6.511E-03
    18.100  5.489E-03
    18.300  4.615E-03
    18.500  3.871E-03
    18.700  3.238E-03
    18.900  2.702E-03
    19.100  2.249E-03
    19.300  1.867E-03
    19.500  1.546E-03
    19.700  1.277E-03
    19.900  1.052E-03
    20.100  8.645E-04
    20.300  7.086E-04
    20.500  5.793E-04
    20.700  4.724E-04
    20.900  3.842E-04
    21.100  3.117E-04
    21.300  2.522E-04
    21.500  2.036E-04
    21.700  1.639E-04
    21.900  1.316E-04
    22.100  1.054E-04
    22.300  8.420E-05
    22.500  6.709E-05
    22.700  5.332E-05
    22.900  4.227E-05
    23.100  3.342E-05
    23.300  2.636E-05
    23.500  2.073E-05
    23.700  1.627E-05
    23.900  1.273E-05
    24.100  9.938E-06
    24.300  7.738E-06
    24.500  6.009E-06
    24.700  4.655E-06
    24.900  3.596E-06
    25.100  2.771E-06
    25.300  2.130E-06
    25.500  1.633E-06
    25.700  1.249E-06
    25.900  9.528E-07
    26.100  7.250E-07
    26.300  5.502E-07
    26.500  4.165E-07
    26.700  3.145E-07
    26.900  2.369E-07
    27.100  1.780E-07
    27.300  1.333E-07
    27.500  9.967E-08
    27.700  7.431E-08
    27.900  5.527E-08
    28.100  4.100E-08
    28.300  3.034E-08
    28.500  2.239E-08
    28.700  1.649E-08
    28.900  1.211E-08
    29.100  8.869E-09
    29.300  6.481E-09
    29.500  4.724E-09
    29.700  3.435E-09
    29.900  2.491E-09
    30.100  1.802E-09
    30.300  1.301E-09
    30.500  9.364E-10
    30.700  6.724E-10
    30.900  4.817E-10
    31.100  3.442E-10
    31.300  2.454E-10
    31.500  1.745E-10
    31.700  1.238E-10
    31.900  8.758E-11
    32.100  6.182E-11
    32.300  4.353E-11
    32.500  3.058E-11
    32.700  2.143E-11
    32.900  1.498E-11
    33.100  1.045E-11
    33.300  7.269E-12
    33.500  5.046E-12
    33.700  3.497E-12
    33.900  2.420E-12
    34.100  1.676E-12
    34.300  1.168E-12
    34.500  8.292E-13
    34.700  6.182E-13
    34.900  5.134E-13
                     ---------- MASS BALANCE SUMMARY FOR TIME STEP      160 ----------
                         RECHARGE PERIOD NUMBER         1
                         TOTAL ELAPSED SIMULATION TIME =   1.600000E+02 sec 

  ++++++++++++++++++++++++++++++++++++++++++++++++++++++++++++++++++++++++++++++++++++++++++++++++++++++++++++++++++++++++++++++++
  +                                                                                                                              +
  +                                                                                           TOTAL THIS          RATE THIS      +
  +                                 VOLUMETRIC FLOW BALANCE                  TOTAL            TIME STEP            TIME STEP     +
  +                                                                        m   **3             m   **3           m   **3/sec     +
  +    FLUX INTO DOMAIN ACROSS SPECIFIED PRESSURE HEAD BOUNDARIES --      5.92000E+00         3.70000E-02         3.70000E-02    +
  +  FLUX OUT OF DOMAIN ACROSS SPECIFIED PRESSURE HEAD BOUNDARIES --     -5.92000E+00        -3.70000E-02        -3.70000E-02    +
  +             FLUX INTO DOMAIN ACROSS SPECIFIED FLUX BOUNDARIES --      0.00000E+00         0.00000E+00         0.00000E+00    +
  +           FLUX OUT OF DOMAIN ACROSS SPECIFIED FLUX BOUNDARIES --      0.00000E+00         0.00000E+00         0.00000E+00    +
  +                                        TOTAL FLUX INTO DOMAIN --      5.92000E+00         3.70000E-02         3.70000E-02    +
  +                                      TOTAL FLUX OUT OF DOMAIN --     -5.92000E+00        -3.70000E-02        -3.70000E-02    +
  +                                                   EVAPORATION --      0.00000E+00         0.00000E+00         0.00000E+00    +
  +                                                 TRANSPIRATION --      0.00000E+00         0.00000E+00         0.00000E+00    +
  +                                      TOTAL EVAPOTRANSPIRATION --      0.00000E+00         0.00000E+00         0.00000E+00    +
  +                                    FLUID FROM BOUNDARY CHANGE --      0.00000E+00         0.00000E+00         0.00000E+00    +
  +                              CHANGE IN FLUID STORED IN DOMAIN --      7.40363E-15         1.11974E-17         1.11974E-17    +
  +                                          FLUID VOLUME BALANCE --     -4.10735E-12        -2.59723E-14        -2.59723E-14    +
  +                                                                                                                              +
  +                                                                                                                              +
  +                                   SOLUTE MASS BALANCE                                                                        +
  +                                                                          g                   g                 g   /sec      +
  +    FLUX INTO DOMAIN ACROSS SPECIFIED PRESSURE HEAD BOUNDARIES --      5.92000E+01         3.70000E-01         3.70000E-01    +
  +  FLUX OUT OF DOMAIN ACROSS SPECIFIED PRESSURE HEAD BOUNDARIES --     -7.72655E-14        -1.69934E-14        -1.69934E-14    +
  +             FLUX INTO DOMAIN ACROSS SPECIFIED FLUX BOUNDARIES --      0.00000E+00         0.00000E+00         0.00000E+00    +
  +           FLUX OUT OF DOMAIN ACROSS SPECIFIED FLUX BOUNDARIES --      0.00000E+00         0.00000E+00         0.00000E+00    +
  +                         DIFFUSIVE/DISPERSIVE FLUX INTO DOMAIN --      1.53312E+01         6.29780E-02         6.29780E-02    +
  +                       DIFFUSIVE/DISPERSIVE FLUX OUT OF DOMAIN --      0.00000E+00         0.00000E+00         0.00000E+00    +
  +                                        TOTAL FLUX INTO DOMAIN --      7.45312E+01         4.32978E-01         4.32978E-01    +
  +                                      TOTAL FLUX OUT OF DOMAIN --     -7.72655E-14        -1.69934E-14        -1.69934E-14    +
  +                                      TOTAL EVAPOTRANSPIRATION --      0.00000E+00         0.00000E+00         0.00000E+00    +
  +                                             FIRST ORDER DECAY --     -3.88109E+01        -3.57182E-01        -3.57182E-01    +
  +                                       ADSORPTION/ION EXCHANGE --     -2.10508E+01        -4.26439E-02        -4.26439E-02    +
  +                                   SOLUTE FROM BOUNDARY CHANGE --      9.04877E-64         0.00000E+00         0.00000E+00    +
  +                             CHANGE IN SOLUTE STORED IN DOMAIN --      1.56196E+01         3.31406E-02         3.31406E-02    +
  +                                           SOLUTE MASS BALANCE --      2.02048E-03         1.16221E-05         1.16221E-05    +
  +                                                                                                                              +
  ++++++++++++++++++++++++++++++++++++++++++++++++++++++++++++++++++++++++++++++++++++++++++++++++++++++++++++++++++++++++++++++++
      DATA FOR RECHARGE PERIOD         2

          LENGTH OF THIS PERIOD =   3.20000E+02 sec 
          LENGTH OF INITIAL TIME STEP FOR THIS PERIOD =   1.00000E+00 sec 
          MULTIPLIER FOR TIME STEP =  1.000E+00
          MAXIMUM TIME STEP SIZE =    1.00000E+00 sec 
          MINIMUM TIME STEP SIZE =    1.00000E-04 sec 
          TIME STEP REDUCTION FACTOR =  1.000E-01
               MAXIMUM PRESSURE HEAD CHANGE ALLOWED IN ONE TIME STEP = 100.000
               STEADY-STATE CLOSURE CRITERION =  0.000E+00
               MAXIMUM DEPTH OF PONDING =  0.000E+00
               PRINT SOLUTION AFTER EVERY TIME STEP? F
               SIMULATE EVAPORATION? F
               SIMULATE EVAPOTRANSPIRATION? F
               SIMULATE SEEPAGE FACES? F

      NODE TYPE AND INITIAL BOUNDARY CONDITIONS FOR PERIOD         2
      LEGEND: 
               0 = INTERIOR CELL
               1 = SPECIFIED PRESSURE HEAD CELL
               2 = SPECIFIED FLUX CELL
               3 = POTENTIAL SEEPAGE FACE NODE
               5 = NODE FOR WHICH EVAPORATION IS PERMITTED
               7 = GRAVITY DRAIN CELL

     1     000
     2     010
     3     000
     4     000
     5     000
     6     000
     7     000
     8     000
     9     000
    10     000
    11     000
    12     000
    13     000
    14     000
    15     000
    16     000
    17     000
    18     000
    19     000
    20     000
    21     000
    22     000
    23     000
    24     000
    25     000
    26     000
    27     000
    28     000
    29     000
    30     000
    31     000
    32     000
    33     000
    34     000
    35     000
    36     000
    37     000
    38     000
    39     000
    40     000
    41     000
    42     000
    43     000
    44     000
    45     000
    46     000
    47     000
    48     000
    49     000
    50     000
    51     000
    52     000
    53     000
    54     000
    55     000
    56     000
    57     000
    58     000
    59     000
    60     000
    61     000
    62     000
    63     000
    64     000
    65     000
    66     000
    67     000
    68     000
    69     000
    70     000
    71     000
    72     000
    73     000
    74     000
    75     000
    76     000
    77     000
    78     000
    79     000
    80     000
    81     000
    82     000
    83     000
    84     000
    85     000
    86     000
    87     000
    88     000
    89     000
    90     000
    91     000
    92     000
    93     000
    94     000
    95     000
    96     000
    97     000
    98     000
    99     000
   100     000
   101     000
   102     000
   103     000
   104     000
   105     000
   106     000
   107     000
   108     000
   109     000
   110     000
   111     000
   112     000
   113     000
   114     000
   115     000
   116     000
   117     000
   118     000
   119     000
   120     000
   121     000
   122     000
   123     000
   124     000
   125     000
   126     000
   127     000
   128     000
   129     000
   130     000
   131     000
   132     000
   133     000
   134     000
   135     000
   136     000
   137     000
   138     000
   139     000
   140     000
   141     000
   142     000
   143     000
   144     000
   145     000
   146     000
   147     000
   148     000
   149     000
   150     000
   151     000
   152     000
   153     000
   154     000
   155     000
   156     000
   157     000
   158     000
   159     000
   160     000
   161     000
   162     000
   163     000
   164     000
   165     000
   166     000
   167     000
   168     000
   169     000
   170     000
   171     000
   172     000
   173     000
   174     000
   175     000
   176     010
   177     000
 TIME STEP       161  TIME =   0.161000E+03  NIT =     2  NIT1 =    13
 TIME STEP       162  TIME =   0.162000E+03  NIT =     2  NIT1 =    13
 TIME STEP       163  TIME =   0.163000E+03  NIT =     2  NIT1 =    12
 TIME STEP       164  TIME =   0.164000E+03  NIT =     2  NIT1 =    12
 TIME STEP       165  TIME =   0.165000E+03  NIT =     2  NIT1 =    11
 TIME STEP       166  TIME =   0.166000E+03  NIT =     2  NIT1 =    11
 TIME STEP       167  TIME =   0.167000E+03  NIT =     2  NIT1 =    11
 TIME STEP       168  TIME =   0.168000E+03  NIT =     2  NIT1 =    11
 TIME STEP       169  TIME =   0.169000E+03  NIT =     2  NIT1 =    11
 TIME STEP       170  TIME =   0.170000E+03  NIT =     2  NIT1 =    11
 TIME STEP       171  TIME =   0.171000E+03  NIT =     2  NIT1 =    11
 TIME STEP       172  TIME =   0.172000E+03  NIT =     2  NIT1 =    10
 TIME STEP       173  TIME =   0.173000E+03  NIT =     2  NIT1 =    10
 TIME STEP       174  TIME =   0.174000E+03  NIT =     2  NIT1 =    10
 TIME STEP       175  TIME =   0.175000E+03  NIT =     2  NIT1 =    10
 TIME STEP       176  TIME =   0.176000E+03  NIT =     2  NIT1 =    10
 TIME STEP       177  TIME =   0.177000E+03  NIT =     2  NIT1 =    10
 TIME STEP       178  TIME =   0.178000E+03  NIT =     2  NIT1 =    10
 TIME STEP       179  TIME =   0.179000E+03  NIT =     2  NIT1 =    10
 TIME STEP       180  TIME =   0.180000E+03  NIT =     2  NIT1 =    10
 TIME STEP       181  TIME =   0.181000E+03  NIT =     2  NIT1 =    10
 TIME STEP       182  TIME =   0.182000E+03  NIT =     2  NIT1 =    10
 TIME STEP       183  TIME =   0.183000E+03  NIT =     2  NIT1 =    10
 TIME STEP       184  TIME =   0.184000E+03  NIT =     2  NIT1 =    10
 TIME STEP       185  TIME =   0.185000E+03  NIT =     2  NIT1 =    10
 TIME STEP       186  TIME =   0.186000E+03  NIT =     2  NIT1 =    10
 TIME STEP       187  TIME =   0.187000E+03  NIT =     2  NIT1 =    10
 TIME STEP       188  TIME =   0.188000E+03  NIT =     2  NIT1 =    10
 TIME STEP       189  TIME =   0.189000E+03  NIT =     2  NIT1 =    10
 TIME STEP       190  TIME =   0.190000E+03  NIT =     2  NIT1 =    10
 TIME STEP       191  TIME =   0.191000E+03  NIT =     2  NIT1 =    10
 TIME STEP       192  TIME =   0.192000E+03  NIT =     2  NIT1 =    10
 TIME STEP       193  TIME =   0.193000E+03  NIT =     2  NIT1 =    10
 TIME STEP       194  TIME =   0.194000E+03  NIT =     2  NIT1 =    10
 TIME STEP       195  TIME =   0.195000E+03  NIT =     2  NIT1 =    10
 TIME STEP       196  TIME =   0.196000E+03  NIT =     2  NIT1 =    10
 TIME STEP       197  TIME =   0.197000E+03  NIT =     2  NIT1 =     9
 TIME STEP       198  TIME =   0.198000E+03  NIT =     2  NIT1 =     9
 TIME STEP       199  TIME =   0.199000E+03  NIT =     2  NIT1 =     9
 TIME STEP       200  TIME =   0.200000E+03  NIT =     2  NIT1 =     9
 TIME STEP       201  TIME =   0.201000E+03  NIT =     2  NIT1 =     9
 TIME STEP       202  TIME =   0.202000E+03  NIT =     2  NIT1 =     9
 TIME STEP       203  TIME =   0.203000E+03  NIT =     2  NIT1 =     9
 TIME STEP       204  TIME =   0.204000E+03  NIT =     2  NIT1 =     9
 TIME STEP       205  TIME =   0.205000E+03  NIT =     2  NIT1 =     9
 TIME STEP       206  TIME =   0.206000E+03  NIT =     2  NIT1 =     9
 TIME STEP       207  TIME =   0.207000E+03  NIT =     2  NIT1 =     9
 TIME STEP       208  TIME =   0.208000E+03  NIT =     2  NIT1 =     9
 TIME STEP       209  TIME =   0.209000E+03  NIT =     2  NIT1 =     9
 TIME STEP       210  TIME =   0.210000E+03  NIT =     2  NIT1 =     9
 TIME STEP       211  TIME =   0.211000E+03  NIT =     2  NIT1 =     9
 TIME STEP       212  TIME =   0.212000E+03  NIT =     2  NIT1 =     9
 TIME STEP       213  TIME =   0.213000E+03  NIT =     2  NIT1 =     9
 TIME STEP       214  TIME =   0.214000E+03  NIT =     2  NIT1 =     9
 TIME STEP       215  TIME =   0.215000E+03  NIT =     2  NIT1 =     9
 TIME STEP       216  TIME =   0.216000E+03  NIT =     2  NIT1 =     9
 TIME STEP       217  TIME =   0.217000E+03  NIT =     2  NIT1 =     9
 TIME STEP       218  TIME =   0.218000E+03  NIT =     2  NIT1 =     9
 TIME STEP       219  TIME =   0.219000E+03  NIT =     2  NIT1 =     9
 TIME STEP       220  TIME =   0.220000E+03  NIT =     2  NIT1 =     9
 TIME STEP       221  TIME =   0.221000E+03  NIT =     2  NIT1 =     9
 TIME STEP       222  TIME =   0.222000E+03  NIT =     2  NIT1 =     9
 TIME STEP       223  TIME =   0.223000E+03  NIT =     2  NIT1 =     9
 TIME STEP       224  TIME =   0.224000E+03  NIT =     2  NIT1 =     9
 TIME STEP       225  TIME =   0.225000E+03  NIT =     2  NIT1 =     9
 TIME STEP       226  TIME =   0.226000E+03  NIT =     2  NIT1 =     9
 TIME STEP       227  TIME =   0.227000E+03  NIT =     2  NIT1 =     9
 TIME STEP       228  TIME =   0.228000E+03  NIT =     2  NIT1 =     9
 TIME STEP       229  TIME =   0.229000E+03  NIT =     2  NIT1 =     9
 TIME STEP       230  TIME =   0.230000E+03  NIT =     2  NIT1 =     9
 TIME STEP       231  TIME =   0.231000E+03  NIT =     2  NIT1 =     9
 TIME STEP       232  TIME =   0.232000E+03  NIT =     2  NIT1 =     9
 TIME STEP       233  TIME =   0.233000E+03  NIT =     2  NIT1 =     9
 TIME STEP       234  TIME =   0.234000E+03  NIT =     2  NIT1 =     9
 TIME STEP       235  TIME =   0.235000E+03  NIT =     2  NIT1 =     9
 TIME STEP       236  TIME =   0.236000E+03  NIT =     2  NIT1 =     9
 TIME STEP       237  TIME =   0.237000E+03  NIT =     2  NIT1 =     9
 TIME STEP       238  TIME =   0.238000E+03  NIT =     2  NIT1 =     9
 TIME STEP       239  TIME =   0.239000E+03  NIT =     2  NIT1 =     9
 TIME STEP       240  TIME =   0.240000E+03  NIT =     2  NIT1 =     9
 TIME STEP       241  TIME =   0.241000E+03  NIT =     2  NIT1 =     9
 TIME STEP       242  TIME =   0.242000E+03  NIT =     2  NIT1 =     8
 TIME STEP       243  TIME =   0.243000E+03  NIT =     2  NIT1 =     8
 TIME STEP       244  TIME =   0.244000E+03  NIT =     2  NIT1 =     8
 TIME STEP       245  TIME =   0.245000E+03  NIT =     2  NIT1 =     8
 TIME STEP       246  TIME =   0.246000E+03  NIT =     2  NIT1 =     8
 TIME STEP       247  TIME =   0.247000E+03  NIT =     2  NIT1 =     8
 TIME STEP       248  TIME =   0.248000E+03  NIT =     2  NIT1 =     8
 TIME STEP       249  TIME =   0.249000E+03  NIT =     2  NIT1 =     8
 TIME STEP       250  TIME =   0.250000E+03  NIT =     2  NIT1 =     8
 TIME STEP       251  TIME =   0.251000E+03  NIT =     2  NIT1 =     8
 TIME STEP       252  TIME =   0.252000E+03  NIT =     2  NIT1 =     8
 TIME STEP       253  TIME =   0.253000E+03  NIT =     2  NIT1 =     8
 TIME STEP       254  TIME =   0.254000E+03  NIT =     2  NIT1 =     8
 TIME STEP       255  TIME =   0.255000E+03  NIT =     2  NIT1 =     8
 TIME STEP       256  TIME =   0.256000E+03  NIT =     2  NIT1 =     8
 TIME STEP       257  TIME =   0.257000E+03  NIT =     2  NIT1 =     8
 TIME STEP       258  TIME =   0.258000E+03  NIT =     2  NIT1 =     8
 TIME STEP       259  TIME =   0.259000E+03  NIT =     2  NIT1 =     8
 TIME STEP       260  TIME =   0.260000E+03  NIT =     2  NIT1 =     8
 TIME STEP       261  TIME =   0.261000E+03  NIT =     2  NIT1 =     8
 TIME STEP       262  TIME =   0.262000E+03  NIT =     2  NIT1 =     8
 TIME STEP       263  TIME =   0.263000E+03  NIT =     2  NIT1 =     8
 TIME STEP       264  TIME =   0.264000E+03  NIT =     2  NIT1 =     8
 TIME STEP       265  TIME =   0.265000E+03  NIT =     2  NIT1 =     8
 TIME STEP       266  TIME =   0.266000E+03  NIT =     2  NIT1 =     8
 TIME STEP       267  TIME =   0.267000E+03  NIT =     2  NIT1 =     8
 TIME STEP       268  TIME =   0.268000E+03  NIT =     2  NIT1 =     8
 TIME STEP       269  TIME =   0.269000E+03  NIT =     2  NIT1 =     8
 TIME STEP       270  TIME =   0.270000E+03  NIT =     2  NIT1 =     8
 TIME STEP       271  TIME =   0.271000E+03  NIT =     2  NIT1 =     8
 TIME STEP       272  TIME =   0.272000E+03  NIT =     2  NIT1 =     8
 TIME STEP       273  TIME =   0.273000E+03  NIT =     2  NIT1 =     8
 TIME STEP       274  TIME =   0.274000E+03  NIT =     2  NIT1 =     8
 TIME STEP       275  TIME =   0.275000E+03  NIT =     2  NIT1 =     8
 TIME STEP       276  TIME =   0.276000E+03  NIT =     2  NIT1 =     8
 TIME STEP       277  TIME =   0.277000E+03  NIT =     2  NIT1 =     8
 TIME STEP       278  TIME =   0.278000E+03  NIT =     2  NIT1 =     8
 TIME STEP       279  TIME =   0.279000E+03  NIT =     2  NIT1 =     8
 TIME STEP       280  TIME =   0.280000E+03  NIT =     2  NIT1 =     8
 TIME STEP       281  TIME =   0.281000E+03  NIT =     2  NIT1 =     8
 TIME STEP       282  TIME =   0.282000E+03  NIT =     2  NIT1 =     8
 TIME STEP       283  TIME =   0.283000E+03  NIT =     2  NIT1 =     8
 TIME STEP       284  TIME =   0.284000E+03  NIT =     2  NIT1 =     8
 TIME STEP       285  TIME =   0.285000E+03  NIT =     2  NIT1 =     8
 TIME STEP       286  TIME =   0.286000E+03  NIT =     2  NIT1 =     8
 TIME STEP       287  TIME =   0.287000E+03  NIT =     2  NIT1 =     8
 TIME STEP       288  TIME =   0.288000E+03  NIT =     2  NIT1 =     8
 TIME STEP       289  TIME =   0.289000E+03  NIT =     2  NIT1 =     8
 TIME STEP       290  TIME =   0.290000E+03  NIT =     2  NIT1 =     8
 TIME STEP       291  TIME =   0.291000E+03  NIT =     2  NIT1 =     8
 TIME STEP       292  TIME =   0.292000E+03  NIT =     2  NIT1 =     8
 TIME STEP       293  TIME =   0.293000E+03  NIT =     2  NIT1 =     8
 TIME STEP       294  TIME =   0.294000E+03  NIT =     2  NIT1 =     8
 TIME STEP       295  TIME =   0.295000E+03  NIT =     2  NIT1 =     8
 TIME STEP       296  TIME =   0.296000E+03  NIT =     2  NIT1 =     8
 TIME STEP       297  TIME =   0.297000E+03  NIT =     2  NIT1 =     8
 TIME STEP       298  TIME =   0.298000E+03  NIT =     2  NIT1 =     8
 TIME STEP       299  TIME =   0.299000E+03  NIT =     2  NIT1 =     8
 TIME STEP       300  TIME =   0.300000E+03  NIT =     2  NIT1 =     8
 TIME STEP       301  TIME =   0.301000E+03  NIT =     2  NIT1 =     8
 TIME STEP       302  TIME =   0.302000E+03  NIT =     2  NIT1 =     8
 TIME STEP       303  TIME =   0.303000E+03  NIT =     2  NIT1 =     8
 TIME STEP       304  TIME =   0.304000E+03  NIT =     2  NIT1 =     8
 TIME STEP       305  TIME =   0.305000E+03  NIT =     2  NIT1 =     8
 TIME STEP       306  TIME =   0.306000E+03  NIT =     2  NIT1 =     8
 TIME STEP       307  TIME =   0.307000E+03  NIT =     2  NIT1 =     8
 TIME STEP       308  TIME =   0.308000E+03  NIT =     2  NIT1 =     8
 TIME STEP       309  TIME =   0.309000E+03  NIT =     2  NIT1 =     8
 TIME STEP       310  TIME =   0.310000E+03  NIT =     2  NIT1 =     8
 TIME STEP       311  TIME =   0.311000E+03  NIT =     2  NIT1 =     8
 TIME STEP       312  TIME =   0.312000E+03  NIT =     2  NIT1 =     8
 TIME STEP       313  TIME =   0.313000E+03  NIT =     2  NIT1 =     8
 TIME STEP       314  TIME =   0.314000E+03  NIT =     2  NIT1 =     8
 TIME STEP       315  TIME =   0.315000E+03  NIT =     2  NIT1 =     8
 TIME STEP       316  TIME =   0.316000E+03  NIT =     2  NIT1 =     8
 TIME STEP       317  TIME =   0.317000E+03  NIT =     2  NIT1 =     8
 TIME STEP       318  TIME =   0.318000E+03  NIT =     2  NIT1 =     8
 TIME STEP       319  TIME =   0.319000E+03  NIT =     2  NIT1 =     7
 TIME STEP       320  TIME =   0.320000E+03  NIT =     2  NIT1 =     7
 TIME STEP       321  TIME =   0.321000E+03  NIT =     2  NIT1 =     7
 TIME STEP       322  TIME =   0.322000E+03  NIT =     2  NIT1 =     7
 TIME STEP       323  TIME =   0.323000E+03  NIT =     2  NIT1 =     7
 TIME STEP       324  TIME =   0.324000E+03  NIT =     2  NIT1 =     7
 TIME STEP       325  TIME =   0.325000E+03  NIT =     2  NIT1 =     7
 TIME STEP       326  TIME =   0.326000E+03  NIT =     2  NIT1 =     7
 TIME STEP       327  TIME =   0.327000E+03  NIT =     2  NIT1 =     7
 TIME STEP       328  TIME =   0.328000E+03  NIT =     2  NIT1 =     7
 TIME STEP       329  TIME =   0.329000E+03  NIT =     2  NIT1 =     7
 TIME STEP       330  TIME =   0.330000E+03  NIT =     2  NIT1 =     7
 TIME STEP       331  TIME =   0.331000E+03  NIT =     2  NIT1 =     7
 TIME STEP       332  TIME =   0.332000E+03  NIT =     2  NIT1 =     7
 TIME STEP       333  TIME =   0.333000E+03  NIT =     2  NIT1 =     7
 TIME STEP       334  TIME =   0.334000E+03  NIT =     2  NIT1 =     7
 TIME STEP       335  TIME =   0.335000E+03  NIT =     2  NIT1 =     7
 TIME STEP       336  TIME =   0.336000E+03  NIT =     2  NIT1 =     7
 TIME STEP       337  TIME =   0.337000E+03  NIT =     2  NIT1 =     7
 TIME STEP       338  TIME =   0.338000E+03  NIT =     2  NIT1 =     7
 TIME STEP       339  TIME =   0.339000E+03  NIT =     2  NIT1 =     7
 TIME STEP       340  TIME =   0.340000E+03  NIT =     2  NIT1 =     7
 TIME STEP       341  TIME =   0.341000E+03  NIT =     2  NIT1 =     7
 TIME STEP       342  TIME =   0.342000E+03  NIT =     2  NIT1 =     7
 TIME STEP       343  TIME =   0.343000E+03  NIT =     2  NIT1 =     7
 TIME STEP       344  TIME =   0.344000E+03  NIT =     2  NIT1 =     7
 TIME STEP       345  TIME =   0.345000E+03  NIT =     2  NIT1 =     7
 TIME STEP       346  TIME =   0.346000E+03  NIT =     2  NIT1 =     7
 TIME STEP       347  TIME =   0.347000E+03  NIT =     2  NIT1 =     7
 TIME STEP       348  TIME =   0.348000E+03  NIT =     2  NIT1 =     7
 TIME STEP       349  TIME =   0.349000E+03  NIT =     2  NIT1 =     7
 TIME STEP       350  TIME =   0.350000E+03  NIT =     2  NIT1 =     7
 TIME STEP       351  TIME =   0.351000E+03  NIT =     2  NIT1 =     7
 TIME STEP       352  TIME =   0.352000E+03  NIT =     2  NIT1 =     7
 TIME STEP       353  TIME =   0.353000E+03  NIT =     2  NIT1 =     7
 TIME STEP       354  TIME =   0.354000E+03  NIT =     2  NIT1 =     7
 TIME STEP       355  TIME =   0.355000E+03  NIT =     2  NIT1 =     7
 TIME STEP       356  TIME =   0.356000E+03  NIT =     2  NIT1 =     7
 TIME STEP       357  TIME =   0.357000E+03  NIT =     2  NIT1 =     7
 TIME STEP       358  TIME =   0.358000E+03  NIT =     2  NIT1 =     7
 TIME STEP       359  TIME =   0.359000E+03  NIT =     2  NIT1 =     7
 TIME STEP       360  TIME =   0.360000E+03  NIT =     2  NIT1 =     7
 TIME STEP       361  TIME =   0.361000E+03  NIT =     2  NIT1 =     7
 TIME STEP       362  TIME =   0.362000E+03  NIT =     2  NIT1 =     7
 TIME STEP       363  TIME =   0.363000E+03  NIT =     2  NIT1 =     7
 TIME STEP       364  TIME =   0.364000E+03  NIT =     2  NIT1 =     7
 TIME STEP       365  TIME =   0.365000E+03  NIT =     2  NIT1 =     7
 TIME STEP       366  TIME =   0.366000E+03  NIT =     2  NIT1 =     7
 TIME STEP       367  TIME =   0.367000E+03  NIT =     2  NIT1 =     7
 TIME STEP       368  TIME =   0.368000E+03  NIT =     2  NIT1 =     7
 TIME STEP       369  TIME =   0.369000E+03  NIT =     2  NIT1 =     7
 TIME STEP       370  TIME =   0.370000E+03  NIT =     2  NIT1 =     7
 TIME STEP       371  TIME =   0.371000E+03  NIT =     2  NIT1 =     7
 TIME STEP       372  TIME =   0.372000E+03  NIT =     2  NIT1 =     7
 TIME STEP       373  TIME =   0.373000E+03  NIT =     2  NIT1 =     7
 TIME STEP       374  TIME =   0.374000E+03  NIT =     2  NIT1 =     7
 TIME STEP       375  TIME =   0.375000E+03  NIT =     2  NIT1 =     7
 TIME STEP       376  TIME =   0.376000E+03  NIT =     2  NIT1 =     7
 TIME STEP       377  TIME =   0.377000E+03  NIT =     2  NIT1 =     7
 TIME STEP       378  TIME =   0.378000E+03  NIT =     2  NIT1 =     7
 TIME STEP       379  TIME =   0.379000E+03  NIT =     2  NIT1 =     7
 TIME STEP       380  TIME =   0.380000E+03  NIT =     2  NIT1 =     7
 TIME STEP       381  TIME =   0.381000E+03  NIT =     2  NIT1 =     7
 TIME STEP       382  TIME =   0.382000E+03  NIT =     2  NIT1 =     7
 TIME STEP       383  TIME =   0.383000E+03  NIT =     2  NIT1 =     7
 TIME STEP       384  TIME =   0.384000E+03  NIT =     2  NIT1 =     7
 TIME STEP       385  TIME =   0.385000E+03  NIT =     2  NIT1 =     7
 TIME STEP       386  TIME =   0.386000E+03  NIT =     2  NIT1 =     7
 TIME STEP       387  TIME =   0.387000E+03  NIT =     2  NIT1 =     7
 TIME STEP       388  TIME =   0.388000E+03  NIT =     2  NIT1 =     7
 TIME STEP       389  TIME =   0.389000E+03  NIT =     2  NIT1 =     7
 TIME STEP       390  TIME =   0.390000E+03  NIT =     2  NIT1 =     7
 TIME STEP       391  TIME =   0.391000E+03  NIT =     2  NIT1 =     7
 TIME STEP       392  TIME =   0.392000E+03  NIT =     2  NIT1 =     7
 TIME STEP       393  TIME =   0.393000E+03  NIT =     2  NIT1 =     7
 TIME STEP       394  TIME =   0.394000E+03  NIT =     2  NIT1 =     7
 TIME STEP       395  TIME =   0.395000E+03  NIT =     2  NIT1 =     6
 TIME STEP       396  TIME =   0.396000E+03  NIT =     2  NIT1 =     6
 TIME STEP       397  TIME =   0.397000E+03  NIT =     2  NIT1 =     6
 TIME STEP       398  TIME =   0.398000E+03  NIT =     2  NIT1 =     6
 TIME STEP       399  TIME =   0.399000E+03  NIT =     2  NIT1 =     6
 TIME STEP       400  TIME =   0.400000E+03  NIT =     2  NIT1 =     6
 TIME STEP       401  TIME =   0.401000E+03  NIT =     2  NIT1 =     6
 TIME STEP       402  TIME =   0.402000E+03  NIT =     2  NIT1 =     6
 TIME STEP       403  TIME =   0.403000E+03  NIT =     2  NIT1 =     6
 TIME STEP       404  TIME =   0.404000E+03  NIT =     2  NIT1 =     6
 TIME STEP       405  TIME =   0.405000E+03  NIT =     2  NIT1 =     6
 TIME STEP       406  TIME =   0.406000E+03  NIT =     2  NIT1 =     6
 TIME STEP       407  TIME =   0.407000E+03  NIT =     2  NIT1 =     6
 TIME STEP       408  TIME =   0.408000E+03  NIT =     2  NIT1 =     6
 TIME STEP       409  TIME =   0.409000E+03  NIT =     2  NIT1 =     6
 TIME STEP       410  TIME =   0.410000E+03  NIT =     2  NIT1 =     6
 TIME STEP       411  TIME =   0.411000E+03  NIT =     2  NIT1 =     6
 TIME STEP       412  TIME =   0.412000E+03  NIT =     2  NIT1 =     6
 TIME STEP       413  TIME =   0.413000E+03  NIT =     2  NIT1 =     6
 TIME STEP       414  TIME =   0.414000E+03  NIT =     2  NIT1 =     6
 TIME STEP       415  TIME =   0.415000E+03  NIT =     2  NIT1 =     6
 TIME STEP       416  TIME =   0.416000E+03  NIT =     2  NIT1 =     6
 TIME STEP       417  TIME =   0.417000E+03  NIT =     2  NIT1 =     6
 TIME STEP       418  TIME =   0.418000E+03  NIT =     2  NIT1 =     6
 TIME STEP       419  TIME =   0.419000E+03  NIT =     2  NIT1 =     6
 TIME STEP       420  TIME =   0.420000E+03  NIT =     2  NIT1 =     6
 TIME STEP       421  TIME =   0.421000E+03  NIT =     2  NIT1 =     6
 TIME STEP       422  TIME =   0.422000E+03  NIT =     2  NIT1 =     6
 TIME STEP       423  TIME =   0.423000E+03  NIT =     2  NIT1 =     6
 TIME STEP       424  TIME =   0.424000E+03  NIT =     2  NIT1 =     6
 TIME STEP       425  TIME =   0.425000E+03  NIT =     2  NIT1 =     6
 TIME STEP       426  TIME =   0.426000E+03  NIT =     2  NIT1 =     6
 TIME STEP       427  TIME =   0.427000E+03  NIT =     2  NIT1 =     6
 TIME STEP       428  TIME =   0.428000E+03  NIT =     2  NIT1 =     6
 TIME STEP       429  TIME =   0.429000E+03  NIT =     2  NIT1 =     6
 TIME STEP       430  TIME =   0.430000E+03  NIT =     2  NIT1 =     6
 TIME STEP       431  TIME =   0.431000E+03  NIT =     2  NIT1 =     6
 TIME STEP       432  TIME =   0.432000E+03  NIT =     2  NIT1 =     6
 TIME STEP       433  TIME =   0.433000E+03  NIT =     2  NIT1 =     6
 TIME STEP       434  TIME =   0.434000E+03  NIT =     2  NIT1 =     6
 TIME STEP       435  TIME =   0.435000E+03  NIT =     2  NIT1 =     6
 TIME STEP       436  TIME =   0.436000E+03  NIT =     2  NIT1 =     6
 TIME STEP       437  TIME =   0.437000E+03  NIT =     2  NIT1 =     6
 TIME STEP       438  TIME =   0.438000E+03  NIT =     2  NIT1 =     6
 TIME STEP       439  TIME =   0.439000E+03  NIT =     2  NIT1 =     6
 TIME STEP       440  TIME =   0.440000E+03  NIT =     2  NIT1 =     6
 TIME STEP       441  TIME =   0.441000E+03  NIT =     2  NIT1 =     6
 TIME STEP       442  TIME =   0.442000E+03  NIT =     2  NIT1 =     6
 TIME STEP       443  TIME =   0.443000E+03  NIT =     2  NIT1 =     6
 TIME STEP       444  TIME =   0.444000E+03  NIT =     2  NIT1 =     6
 TIME STEP       445  TIME =   0.445000E+03  NIT =     2  NIT1 =     6
 TIME STEP       446  TIME =   0.446000E+03  NIT =     2  NIT1 =     6
 TIME STEP       447  TIME =   0.447000E+03  NIT =     2  NIT1 =     6
 TIME STEP       448  TIME =   0.448000E+03  NIT =     2  NIT1 =     6
 TIME STEP       449  TIME =   0.449000E+03  NIT =     2  NIT1 =     6
 TIME STEP       450  TIME =   0.450000E+03  NIT =     2  NIT1 =     6
 TIME STEP       451  TIME =   0.451000E+03  NIT =     2  NIT1 =     6
 TIME STEP       452  TIME =   0.452000E+03  NIT =     2  NIT1 =     6
 TIME STEP       453  TIME =   0.453000E+03  NIT =     2  NIT1 =     6
 TIME STEP       454  TIME =   0.454000E+03  NIT =     2  NIT1 =     6
 TIME STEP       455  TIME =   0.455000E+03  NIT =     2  NIT1 =     6
 TIME STEP       456  TIME =   0.456000E+03  NIT =     2  NIT1 =     6
 TIME STEP       457  TIME =   0.457000E+03  NIT =     2  NIT1 =     6
 TIME STEP       458  TIME =   0.458000E+03  NIT =     2  NIT1 =     6
 TIME STEP       459  TIME =   0.459000E+03  NIT =     2  NIT1 =     6
 TIME STEP       460  TIME =   0.460000E+03  NIT =     2  NIT1 =     6
 TIME STEP       461  TIME =   0.461000E+03  NIT =     2  NIT1 =     6
 TIME STEP       462  TIME =   0.462000E+03  NIT =     2  NIT1 =     6
 TIME STEP       463  TIME =   0.463000E+03  NIT =     2  NIT1 =     6
 TIME STEP       464  TIME =   0.464000E+03  NIT =     2  NIT1 =     6
 TIME STEP       465  TIME =   0.465000E+03  NIT =     2  NIT1 =     6
 TIME STEP       466  TIME =   0.466000E+03  NIT =     2  NIT1 =     6
 TIME STEP       467  TIME =   0.467000E+03  NIT =     2  NIT1 =     6
 TIME STEP       468  TIME =   0.468000E+03  NIT =     2  NIT1 =     6
 TIME STEP       469  TIME =   0.469000E+03  NIT =     2  NIT1 =     6
 TIME STEP       470  TIME =   0.470000E+03  NIT =     2  NIT1 =     6
 TIME STEP       471  TIME =   0.471000E+03  NIT =     2  NIT1 =     6
 TIME STEP       472  TIME =   0.472000E+03  NIT =     2  NIT1 =     6
 TIME STEP       473  TIME =   0.473000E+03  NIT =     2  NIT1 =     6
 TIME STEP       474  TIME =   0.474000E+03  NIT =     2  NIT1 =     6
 TIME STEP       475  TIME =   0.475000E+03  NIT =     2  NIT1 =     6
 TIME STEP       476  TIME =   0.476000E+03  NIT =     2  NIT1 =     6
 TIME STEP       477  TIME =   0.477000E+03  NIT =     2  NIT1 =     6
 TIME STEP       478  TIME =   0.478000E+03  NIT =     2  NIT1 =     6
 TIME STEP       479  TIME =   0.479000E+03  NIT =     2  NIT1 =     6
 TIME STEP       480  TIME =   0.480000E+03  NIT =     2  NIT1 =     6
                                                                                      
     TOTAL ELAPSED TIME =  4.800000E+02 sec 
     TIME STEP       480


                                                   PRESSURE HEAD
  Z, IN
  m                       X OR R DISTANCE, IN m   
                0.500
     0.100  1.000E+01
     0.300  1.000E+01
     0.500  1.000E+01
     0.700  1.000E+01
     0.900  1.000E+01
     1.100  1.000E+01
     1.300  1.000E+01
     1.500  1.000E+01
     1.700  1.000E+01
     1.900  1.000E+01
     2.100  1.000E+01
     2.300  1.000E+01
     2.500  1.000E+01
     2.700  1.000E+01
     2.900  1.000E+01
     3.100  1.000E+01
     3.300  1.000E+01
     3.500  1.000E+01
     3.700  1.000E+01
     3.900  1.000E+01
     4.100  1.000E+01
     4.300  1.000E+01
     4.500  1.000E+01
     4.700  1.000E+01
     4.900  1.000E+01
     5.100  1.000E+01
     5.300  1.000E+01
     5.500  1.000E+01
     5.700  1.000E+01
     5.900  1.000E+01
     6.100  1.000E+01
     6.300  1.000E+01
     6.500  1.000E+01
     6.700  1.000E+01
     6.900  1.000E+01
     7.100  1.000E+01
     7.300  1.000E+01
     7.500  1.000E+01
     7.700  1.000E+01
     7.900  1.000E+01
     8.100  1.000E+01
     8.300  1.000E+01
     8.500  1.000E+01
     8.700  1.000E+01
     8.900  1.000E+01
     9.100  1.000E+01
     9.300  1.000E+01
     9.500  1.000E+01
     9.700  1.000E+01
     9.900  1.000E+01
    10.100  1.000E+01
    10.300  1.000E+01
    10.500  1.000E+01
    10.700  1.000E+01
    10.900  1.000E+01
    11.100  1.000E+01
    11.300  1.000E+01
    11.500  1.000E+01
    11.700  1.000E+01
    11.900  1.000E+01
    12.100  1.000E+01
    12.300  1.000E+01
    12.500  1.000E+01
    12.700  1.000E+01
    12.900  1.000E+01
    13.100  1.000E+01
    13.300  1.000E+01
    13.500  1.000E+01
    13.700  1.000E+01
    13.900  1.000E+01
    14.100  1.000E+01
    14.300  1.000E+01
    14.500  1.000E+01
    14.700  1.000E+01
    14.900  1.000E+01
    15.100  1.000E+01
    15.300  1.000E+01
    15.500  1.000E+01
    15.700  1.000E+01
    15.900  1.000E+01
    16.100  1.000E+01
    16.300  1.000E+01
    16.500  1.000E+01
    16.700  1.000E+01
    16.900  1.000E+01
    17.100  1.000E+01
    17.300  1.000E+01
    17.500  1.000E+01
    17.700  1.000E+01
    17.900  1.000E+01
    18.100  1.000E+01
    18.300  1.000E+01
    18.500  1.000E+01
    18.700  1.000E+01
    18.900  1.000E+01
    19.100  1.000E+01
    19.300  1.000E+01
    19.500  1.000E+01
    19.700  1.000E+01
    19.900  1.000E+01
    20.100  1.000E+01
    20.300  1.000E+01
    20.500  1.000E+01
    20.700  1.000E+01
    20.900  1.000E+01
    21.100  1.000E+01
    21.300  1.000E+01
    21.500  1.000E+01
    21.700  1.000E+01
    21.900  1.000E+01
    22.100  1.000E+01
    22.300  1.000E+01
    22.500  1.000E+01
    22.700  1.000E+01
    22.900  1.000E+01
    23.100  1.000E+01
    23.300  1.000E+01
    23.500  1.000E+01
    23.700  1.000E+01
    23.900  1.000E+01
    24.100  1.000E+01
    24.300  1.000E+01
    24.500  1.000E+01
    24.700  1.000E+01
    24.900  1.000E+01
    25.100  1.000E+01
    25.300  1.000E+01
    25.500  1.000E+01
    25.700  1.000E+01
    25.900  1.000E+01
    26.100  1.000E+01
    26.300  1.000E+01
    26.500  1.000E+01
    26.700  1.000E+01
    26.900  1.000E+01
    27.100  1.000E+01
    27.300  1.000E+01
    27.500  1.000E+01
    27.700  1.000E+01
    27.900  1.000E+01
    28.100  1.000E+01
    28.300  1.000E+01
    28.500  1.000E+01
    28.700  1.000E+01
    28.900  1.000E+01
    29.100  1.000E+01
    29.300  1.000E+01
    29.500  1.000E+01
    29.700  1.000E+01
    29.900  1.000E+01
    30.100  1.000E+01
    30.300  1.000E+01
    30.500  1.000E+01
    30.700  1.000E+01
    30.900  1.000E+01
    31.100  1.000E+01
    31.300  1.000E+01
    31.500  1.000E+01
    31.700  1.000E+01
    31.900  1.000E+01
    32.100  1.000E+01
    32.300  1.000E+01
    32.500  1.000E+01
    32.700  1.000E+01
    32.900  1.000E+01
    33.100  1.000E+01
    33.300  1.000E+01
    33.500  1.000E+01
    33.700  1.000E+01
    33.900  1.000E+01
    34.100  1.000E+01
    34.300  1.000E+01
    34.500  1.000E+01
    34.700  1.000E+01
    34.900  1.000E+01
                                                   CONCENTRATION
  Z, IN
  m                       X OR R DISTANCE, IN m   
                0.500
     0.100  0.000E+00
     0.300  2.595E-05
     0.500  5.727E-05
     0.700  9.466E-05
     0.900  1.389E-04
     1.100  1.908E-04
     1.300  2.514E-04
     1.500  3.215E-04
     1.700  4.022E-04
     1.900  4.947E-04
     2.100  6.002E-04
     2.300  7.200E-04
     2.500  8.554E-04
     2.700  1.008E-03
     2.900  1.179E-03
     3.100  1.370E-03
     3.300  1.584E-03
     3.500  1.821E-03
     3.700  2.083E-03
     3.900  2.373E-03
     4.100  2.693E-03
     4.300  3.043E-03
     4.500  3.427E-03
     4.700  3.847E-03
     4.900  4.304E-03
     5.100  4.801E-03
     5.300  5.340E-03
     5.500  5.923E-03
     5.700  6.553E-03
     5.900  7.230E-03
     6.100  7.958E-03
     6.300  8.738E-03
     6.500  9.572E-03
     6.700  1.046E-02
     6.900  1.141E-02
     7.100  1.242E-02
     7.300  1.348E-02
     7.500  1.461E-02
     7.700  1.581E-02
     7.900  1.706E-02
     8.100  1.838E-02
     8.300  1.977E-02
     8.500  2.122E-02
     8.700  2.273E-02
     8.900  2.431E-02
     9.100  2.595E-02
     9.300  2.765E-02
     9.500  2.942E-02
     9.700  3.124E-02
     9.900  3.312E-02
    10.100  3.506E-02
    10.300  3.704E-02
    10.500  3.908E-02
    10.700  4.116E-02
    10.900  4.328E-02
    11.100  4.544E-02
    11.300  4.763E-02
    11.500  4.985E-02
    11.700  5.210E-02
    11.900  5.436E-02
    12.100  5.663E-02
    12.300  5.892E-02
    12.500  6.120E-02
    12.700  6.347E-02
    12.900  6.574E-02
    13.100  6.798E-02
    13.300  7.020E-02
    13.500  7.239E-02
    13.700  7.455E-02
    13.900  7.665E-02
    14.100  7.871E-02
    14.300  8.071E-02
    14.500  8.264E-02
    14.700  8.451E-02
    14.900  8.629E-02
    15.100  8.800E-02
    15.300  8.962E-02
    15.500  9.115E-02
    15.700  9.258E-02
    15.900  9.390E-02
    16.100  9.513E-02
    16.300  9.624E-02
    16.500  9.724E-02
    16.700  9.812E-02
    16.900  9.888E-02
    17.100  9.952E-02
    17.300  1.000E-01
    17.500  1.004E-01
    17.700  1.007E-01
    17.900  1.009E-01
    18.100  1.009E-01
    18.300  1.008E-01
    18.500  1.006E-01
    18.700  1.002E-01
    18.900  9.975E-02
    19.100  9.917E-02
    19.300  9.848E-02
    19.500  9.768E-02
    19.700  9.677E-02
    19.900  9.575E-02
    20.100  9.464E-02
    20.300  9.344E-02
    20.500  9.214E-02
    20.700  9.076E-02
    20.900  8.930E-02
    21.100  8.776E-02
    21.300  8.616E-02
    21.500  8.449E-02
    21.700  8.277E-02
    21.900  8.099E-02
    22.100  7.916E-02
    22.300  7.729E-02
    22.500  7.539E-02
    22.700  7.345E-02
    22.900  7.149E-02
    23.100  6.951E-02
    23.300  6.752E-02
    23.500  6.551E-02
    23.700  6.350E-02
    23.900  6.149E-02
    24.100  5.948E-02
    24.300  5.748E-02
    24.500  5.550E-02
    24.700  5.353E-02
    24.900  5.157E-02
    25.100  4.965E-02
    25.300  4.774E-02
    25.500  4.587E-02
    25.700  4.403E-02
    25.900  4.222E-02
    26.100  4.045E-02
    26.300  3.871E-02
    26.500  3.702E-02
    26.700  3.537E-02
    26.900  3.376E-02
    27.100  3.219E-02
    27.300  3.067E-02
    27.500  2.920E-02
    27.700  2.777E-02
    27.900  2.639E-02
    28.100  2.505E-02
    28.300  2.376E-02
    28.500  2.252E-02
    28.700  2.132E-02
    28.900  2.017E-02
    29.100  1.907E-02
    29.300  1.801E-02
    29.500  1.700E-02
    29.700  1.602E-02
    29.900  1.510E-02
    30.100  1.421E-02
    30.300  1.336E-02
    30.500  1.256E-02
    30.700  1.179E-02
    30.900  1.106E-02
    31.100  1.037E-02
    31.300  9.712E-03
    31.500  9.090E-03
    31.700  8.502E-03
    31.900  7.945E-03
    32.100  7.421E-03
    32.300  6.926E-03
    32.500  6.462E-03
    32.700  6.026E-03
    32.900  5.618E-03
    33.100  5.239E-03
    33.300  4.887E-03
    33.500  4.563E-03
    33.700  4.268E-03
    33.900  4.003E-03
    34.100  3.769E-03
    34.300  3.571E-03
    34.500  3.411E-03
    34.700  3.296E-03
    34.900  3.233E-03
                     ---------- MASS BALANCE SUMMARY FOR TIME STEP      480 ----------
                         RECHARGE PERIOD NUMBER         2
                         TOTAL ELAPSED SIMULATION TIME =   4.800000E+02 sec 

  ++++++++++++++++++++++++++++++++++++++++++++++++++++++++++++++++++++++++++++++++++++++++++++++++++++++++++++++++++++++++++++++++
  +                                                                                                                              +
  +                                                                                           TOTAL THIS          RATE THIS      +
  +                                 VOLUMETRIC FLOW BALANCE                  TOTAL            TIME STEP            TIME STEP     +
  +                                                                        m   **3             m   **3           m   **3/sec     +
  +    FLUX INTO DOMAIN ACROSS SPECIFIED PRESSURE HEAD BOUNDARIES --      1.77600E+01         3.70000E-02         3.70000E-02    +
  +  FLUX OUT OF DOMAIN ACROSS SPECIFIED PRESSURE HEAD BOUNDARIES --     -1.77600E+01        -3.70000E-02        -3.70000E-02    +
  +             FLUX INTO DOMAIN ACROSS SPECIFIED FLUX BOUNDARIES --      0.00000E+00         0.00000E+00         0.00000E+00    +
  +           FLUX OUT OF DOMAIN ACROSS SPECIFIED FLUX BOUNDARIES --      0.00000E+00         0.00000E+00         0.00000E+00    +
  +                                        TOTAL FLUX INTO DOMAIN --      1.77600E+01         3.70000E-02         3.70000E-02    +
  +                                      TOTAL FLUX OUT OF DOMAIN --     -1.77600E+01        -3.70000E-02        -3.70000E-02    +
  +                                                   EVAPORATION --      0.00000E+00         0.00000E+00         0.00000E+00    +
  +                                                 TRANSPIRATION --      0.00000E+00         0.00000E+00         0.00000E+00    +
  +                                      TOTAL EVAPOTRANSPIRATION --      0.00000E+00         0.00000E+00         0.00000E+00    +
  +                                    FLUID FROM BOUNDARY CHANGE --      0.00000E+00         0.00000E+00         0.00000E+00    +
  +                              CHANGE IN FLUID STORED IN DOMAIN --      7.69572E-15        -1.27009E-16        -1.27009E-16    +
  +                                          FLUID VOLUME BALANCE --     -1.23824E-11        -2.51812E-14        -2.51812E-14    +
  +                                                                                                                              +
  +                                                                                                                              +
  +                                   SOLUTE MASS BALANCE                                                                        +
  +                                                                          g                   g                 g   /sec      +
  +    FLUX INTO DOMAIN ACROSS SPECIFIED PRESSURE HEAD BOUNDARIES --      5.92000E+01         0.00000E+00         0.00000E+00    +
  +  FLUX OUT OF DOMAIN ACROSS SPECIFIED PRESSURE HEAD BOUNDARIES --     -6.11271E-03        -1.18818E-04        -1.18818E-04    +
  +             FLUX INTO DOMAIN ACROSS SPECIFIED FLUX BOUNDARIES --      0.00000E+00         0.00000E+00         0.00000E+00    +
  +           FLUX OUT OF DOMAIN ACROSS SPECIFIED FLUX BOUNDARIES --      0.00000E+00         0.00000E+00         0.00000E+00    +
  +                         DIFFUSIVE/DISPERSIVE FLUX INTO DOMAIN --      1.53312E+01         0.00000E+00         0.00000E+00    +
  +                       DIFFUSIVE/DISPERSIVE FLUX OUT OF DOMAIN --     -5.30404E+00        -4.37594E-06        -4.37594E-06    +
  +                                        TOTAL FLUX INTO DOMAIN --      7.45312E+01         0.00000E+00         0.00000E+00    +
  +                                      TOTAL FLUX OUT OF DOMAIN --     -5.31015E+00        -1.23194E-04        -1.23194E-04    +
  +                                      TOTAL EVAPOTRANSPIRATION --      0.00000E+00         0.00000E+00         0.00000E+00    +
  +                                             FIRST ORDER DECAY --     -6.80058E+01        -1.21852E-02        -1.21852E-02    +
  +                                       ADSORPTION/ION EXCHANGE --     -6.85659E-01         6.91635E-03         6.91635E-03    +
  +                                   SOLUTE FROM BOUNDARY CHANGE --      1.14717E-14         0.00000E+00         0.00000E+00    +
  +                             CHANGE IN SOLUTE STORED IN DOMAIN --      5.32858E-01        -5.37502E-03        -5.37502E-03    +
  +                                           SOLUTE MASS BALANCE --      9.48850E-01        -1.70004E-05        -1.70004E-05    +
  +                                                                                                                              +
  ++++++++++++++++++++++++++++++++++++++++++++++++++++++++++++++++++++++++++++++++++++++++++++++++++++++++++++++++++++++++++++++++
