#
# A fatal error has been detected by the Java Runtime Environment:
#
#  EXCEPTION_ACCESS_VIOLATION (0xc0000005) at pc=0x000007fee6e58b4d, pid=8592, tid=0x00000000000025b0
#
# JRE version: Java(TM) SE Runtime Environment (8.0_111-b14) (build 1.8.0_111-b14)
# Java VM: Java HotSpot(TM) 64-Bit Server VM (25.111-b14 mixed mode windows-amd64 compressed oops)
# Problematic frame:
# C  [vs2drtJni.dll+0x58b4d]
#
# Failed to write core dump. Minidumps are not enabled by default on client versions of Windows
#
# If you would like to submit a bug report, please visit:
#   http://bugreport.java.com/bugreport/crash.jsp
# The crash happened outside the Java Virtual Machine in native code.
# See problematic frame for where to report the bug.
#

---------------  T H R E A D  ---------------

Current thread (0x0000000056f1a800):  JavaThread "AWT-EventQueue-0" [_thread_in_native, id=9648, stack(0x0000000058590000,0x0000000058690000)]

siginfo: ExceptionCode=0xc0000005, reading address 0x0000000000000000

Registers:
RAX=0x000000000000003a, RBX=0x0000000000000000, RCX=0x000000005e1890d0, RDX=0x0000000000000000
RSP=0x000000005868cf20, RBP=0x00000000000001c8, RSI=0x000000000000003a, RDI=0x0000000000000000
R8 =0x000000000000001d, R9 =0x0000000000000032, R10=0x0000000000000000, R11=0x0000000000000000
R12=0xfffffffffffffff8, R13=0xfffffffffffffff8, R14=0x0000000000000000, R15=0x0000000056f1a800
RIP=0x000007fee6e58b4d, EFLAGS=0x0000000000010206

Top of Stack: (sp=0x000000005868cf20)
0x000000005868cf20:   0000000000000000 000000007746ddd8
0x000000005868cf30:   00000000002d0000 0000000000000002
0x000000005868cf40:   0000000000005aa0 0000000000005ab0
0x000000005868cf50:   0000000000000000 000000005868d040
0x000000005868cf60:   0000000000000000 0000000002918480
0x000000005868cf70:   0000000054a31538 0000000000000024
0x000000005868cf80:   0000000000000009 0000000002923b23
0x000000005868cf90:   000000005868d100 000000000000009d
0x000000005868cfa0:   0000000056f18020 000000005868cfa8
0x000000005868cfb0:   0000000000000000 000000005868d010
0x000000005868cfc0:   0000000054a35e48 0000000000000000
0x000000005868cfd0:   0000000054a31538 0000000000000000
0x000000005868cfe0:   000000005868d008 000000005868d058
0x000000005868cff0:   00000000cb647b68 00000000cb9b1eb0
0x000000005868d000:   0000000056f1a800 0000000000000000
0x000000005868d010:   000000005868d218 0000000000000000 

Instructions: (pc=0x000007fee6e58b4d)
0x000007fee6e58b2d:   c9 4c 03 e2 48 2b eb 4c 2b eb 33 db 41 be 01 00
0x000007fee6e58b3d:   00 00 33 d2 45 85 c0 76 6c 45 8d 34 53 4d 63 f6
0x000007fee6e58b4d:   f2 43 0f 10 54 f4 08 66 0f 2e d1 7a 02 74 1a f2
0x000007fee6e58b5d:   43 0f 10 54 f5 08 f2 42 0f 58 54 f5 08 f2 0f 59 


Register to memory mapping:

RAX=0x000000000000003a is an unknown value
RBX=0x0000000000000000 is an unknown value
RCX=0x000000005e1890d0 is an unknown value
RDX=0x0000000000000000 is an unknown value
RSP=0x000000005868cf20 is pointing into the stack for thread: 0x0000000056f1a800
RBP=0x00000000000001c8 is an unknown value
RSI=0x000000000000003a is an unknown value
RDI=0x0000000000000000 is an unknown value
R8 =0x000000000000001d is an unknown value
R9 =0x0000000000000032 is an unknown value
R10=0x0000000000000000 is an unknown value
R11=0x0000000000000000 is an unknown value
R12=0xfffffffffffffff8 is an unknown value
R13=0xfffffffffffffff8 is an unknown value
R14=0x0000000000000000 is an unknown value
R15=0x0000000056f1a800 is a thread


Stack: [0x0000000058590000,0x0000000058690000],  sp=0x000000005868cf20,  free space=1011k
Native frames: (J=compiled Java code, j=interpreted, Vv=VM code, C=native code)
C  [vs2drtJni.dll+0x58b4d]
C  [vs2drtJni.dll+0x1b72]
C  0x00000000030badd1

Java frames: (J=compiled Java code, j=interpreted, Vv=VM code)
J 4206  vs2.vs2drt.getVx([F)V (0 bytes) @ 0x00000000030bad4f [0x00000000030bad00+0x4f]
J 4167 C2 vs2.vs2PostProcessorView.getDataFromModel()V (458 bytes) @ 0x0000000002f46cec [0x0000000002f46c60+0x8c]
J 4201 C1 mp2.mp2PostProcessorView.draw()V (20 bytes) @ 0x0000000002dfb20c [0x0000000002dfb100+0x10c]
j  mp2.mp2PostProcessorView.applyColorScale(DDDD)V+54
j  mp2.mp2PostProcessorView.showColorScaleDialog()V+82
j  mp2.mp2PostProcessorFrame$19.actionPerformed(Ljava/awt/event/ActionEvent;)V+7
j  javax.swing.AbstractButton.fireActionPerformed(Ljava/awt/event/ActionEvent;)V+83
j  javax.swing.AbstractButton$Handler.actionPerformed(Ljava/awt/event/ActionEvent;)V+5
j  javax.swing.DefaultButtonModel.fireActionPerformed(Ljava/awt/event/ActionEvent;)V+34
j  javax.swing.DefaultButtonModel.setPressed(Z)V+117
j  javax.swing.AbstractButton.doClick(I)V+64
j  javax.swing.plaf.basic.BasicMenuItemUI.doClick(Ljavax/swing/MenuSelectionManager;)V+53
j  javax.swing.plaf.basic.BasicMenuItemUI$Handler.mouseReleased(Ljava/awt/event/MouseEvent;)V+76
J 3238 C1 java.awt.Component.processMouseEvent(Ljava/awt/event/MouseEvent;)V (100 bytes) @ 0x0000000002c37f24 [0x0000000002c37ba0+0x384]
J 3237 C1 javax.swing.JComponent.processMouseEvent(Ljava/awt/event/MouseEvent;)V (27 bytes) @ 0x0000000002c92bf4 [0x0000000002c929e0+0x214]
J 3644 C2 java.awt.Container.processEvent(Ljava/awt/AWTEvent;)V (22 bytes) @ 0x0000000003447f2c [0x0000000003447e20+0x10c]
J 3904 C1 java.awt.Component.dispatchEventImpl(Ljava/awt/AWTEvent;)V (883 bytes) @ 0x000000000336fe84 [0x000000000336ab40+0x5344]
J 3831 C2 java.awt.Container.dispatchEventImpl(Ljava/awt/AWTEvent;)V (129 bytes) @ 0x00000000034ba4c4 [0x00000000034b9e60+0x664]
J 3223 C2 java.awt.LightweightDispatcher.retargetMouseEvent(Ljava/awt/Component;ILjava/awt/event/MouseEvent;)V (350 bytes) @ 0x00000000032afa70 [0x00000000032af540+0x530]
J 3408 C2 java.awt.Window.dispatchEventImpl(Ljava/awt/AWTEvent;)V (23 bytes) @ 0x000000000338eed8 [0x000000000338e880+0x658]
J 4301 C2 java.awt.EventQueue$3.run()Ljava/lang/Object; (5 bytes) @ 0x0000000003595e6c [0x00000000035954a0+0x9cc]
v  ~StubRoutines::call_stub
J 1091  java.security.AccessController.doPrivileged(Ljava/security/PrivilegedAction;Ljava/security/AccessControlContext;)Ljava/lang/Object; (0 bytes) @ 0x0000000002cd0966 [0x0000000002cd0900+0x66]
J 3290 C2 java.awt.EventQueue$4.run()Ljava/lang/Object; (5 bytes) @ 0x00000000032e2a98 [0x00000000032e2920+0x178]
v  ~StubRoutines::call_stub
J 1091  java.security.AccessController.doPrivileged(Ljava/security/PrivilegedAction;Ljava/security/AccessControlContext;)Ljava/lang/Object; (0 bytes) @ 0x0000000002cd0966 [0x0000000002cd0900+0x66]
J 3017 C2 java.awt.EventDispatchThread.pumpOneEventForFilters(I)V (295 bytes) @ 0x00000000032287c8 [0x00000000032282c0+0x508]
j  java.awt.EventDispatchThread.pumpEventsForFilter(ILjava/awt/Conditional;Ljava/awt/EventFilter;)V+35
j  java.awt.EventDispatchThread.pumpEventsForHierarchy(ILjava/awt/Conditional;Ljava/awt/Component;)V+11
j  java.awt.EventDispatchThread.pumpEvents(ILjava/awt/Conditional;)V+4
j  java.awt.EventDispatchThread.pumpEvents(Ljava/awt/Conditional;)V+3
j  java.awt.EventDispatchThread.run()V+9
v  ~StubRoutines::call_stub

---------------  P R O C E S S  ---------------

Java Threads: ( => current thread )
  0x0000000057147000 JavaThread "TimerQueue" daemon [_thread_blocked, id=8676, stack(0x000000005ba40000,0x000000005bb40000)]
  0x0000000056725000 JavaThread "Swing-Shell" daemon [_thread_blocked, id=9876, stack(0x0000000059c50000,0x0000000059d50000)]
  0x0000000002308000 JavaThread "DestroyJavaVM" [_thread_blocked, id=6692, stack(0x0000000002530000,0x0000000002630000)]
=>0x0000000056f1a800 JavaThread "AWT-EventQueue-0" [_thread_in_native, id=9648, stack(0x0000000058590000,0x0000000058690000)]
  0x0000000056e61800 JavaThread "AWT-Windows" daemon [_thread_in_native, id=6964, stack(0x0000000057900000,0x0000000057a00000)]
  0x0000000056e61000 JavaThread "AWT-Shutdown" [_thread_blocked, id=4268, stack(0x0000000057780000,0x0000000057880000)]
  0x0000000056e60000 JavaThread "Java2D Disposer" daemon [_thread_blocked, id=9288, stack(0x0000000055de0000,0x0000000055ee0000)]
  0x0000000056669800 JavaThread "Service Thread" daemon [_thread_blocked, id=8764, stack(0x0000000056c40000,0x0000000056d40000)]
  0x00000000565e2000 JavaThread "C1 CompilerThread2" daemon [_thread_blocked, id=8016, stack(0x00000000569e0000,0x0000000056ae0000)]
  0x00000000565e1000 JavaThread "C2 CompilerThread1" daemon [_thread_blocked, id=8868, stack(0x00000000562a0000,0x00000000563a0000)]
  0x0000000054d09000 JavaThread "C2 CompilerThread0" daemon [_thread_blocked, id=9024, stack(0x00000000564e0000,0x00000000565e0000)]
  0x0000000054d07800 JavaThread "Attach Listener" daemon [_thread_blocked, id=7348, stack(0x00000000563a0000,0x00000000564a0000)]
  0x0000000054d04000 JavaThread "Signal Dispatcher" daemon [_thread_blocked, id=8344, stack(0x0000000056150000,0x0000000056250000)]
  0x0000000054ce9800 JavaThread "Finalizer" daemon [_thread_blocked, id=2252, stack(0x0000000055f60000,0x0000000056060000)]
  0x0000000054ca2800 JavaThread "Reference Handler" daemon [_thread_blocked, id=8220, stack(0x0000000055ce0000,0x0000000055de0000)]

Other Threads:
  0x0000000054c9a000 VMThread [stack: 0x0000000055bd0000,0x0000000055cd0000] [id=8976]
  0x0000000056670800 WatcherThread [stack: 0x0000000056d50000,0x0000000056e50000] [id=4248]

VM state:not at safepoint (normal execution)

VM Mutex/Monitor currently owned by a thread: None

Heap:
 PSYoungGen      total 17920K, used 15998K [0x00000000ee400000, 0x00000000f1800000, 0x0000000100000000)
  eden space 8192K, 82% used [0x00000000ee400000,0x00000000eea9c678,0x00000000eec00000)
  from space 9728K, 94% used [0x00000000eec00000,0x00000000ef503270,0x00000000ef580000)
  to   space 22528K, 0% used [0x00000000f0200000,0x00000000f0200000,0x00000000f1800000)
 ParOldGen       total 43520K, used 14029K [0x00000000cac00000, 0x00000000cd680000, 0x00000000ee400000)
  object space 43520K, 32% used [0x00000000cac00000,0x00000000cb9b3578,0x00000000cd680000)
 Metaspace       used 19374K, capacity 19814K, committed 19968K, reserved 1067008K
  class space    used 2630K, capacity 2740K, committed 2816K, reserved 1048576K

Card table byte_map: [0x0000000011cc0000,0x0000000011e70000] byte_map_base: 0x000000001166a000

Marking Bits: (ParMarkBitMap*) 0x0000000070a6a6c0
 Begin Bits: [0x00000000126c0000, 0x0000000013410000)
 End Bits:   [0x0000000013410000, 0x0000000014160000)

Polling page: 0x0000000000120000

CodeCache: size=245760Kb used=12630Kb max_used=12801Kb free=233129Kb
 bounds [0x0000000002900000, 0x00000000035a0000, 0x0000000011900000]
 total_blobs=4216 nmethods=3689 adapters=436
 compilation: enabled

Compilation events (10 events):
Event: 1838.398 Thread 0x00000000565e2000 4376       3       javax.swing.text.PlainView::damageLineRange (73 bytes)
Event: 1838.399 Thread 0x00000000565e2000 nmethod 4376 0x00000000034098d0 code [0x0000000003409a80, 0x000000000340a168]
Event: 1838.399 Thread 0x00000000565e2000 4377       3       javax.swing.text.View::preferenceChanged (20 bytes)
Event: 1838.399 Thread 0x00000000565e2000 nmethod 4377 0x0000000002eb9cd0 code [0x0000000002eb9e40, 0x0000000002eba128]
Event: 1838.399 Thread 0x00000000565e2000 4378       3       javax.swing.plaf.basic.BasicTextUI$RootView::preferenceChanged (11 bytes)
Event: 1838.399 Thread 0x00000000565e2000 nmethod 4378 0x0000000002ea88d0 code [0x0000000002ea8a40, 0x0000000002ea8c48]
Event: 1838.399 Thread 0x00000000565e2000 4379       3       javax.swing.text.FieldView::updateVisibilityModel (121 bytes)
Event: 1838.400 Thread 0x00000000565e2000 nmethod 4379 0x0000000002eb8c90 code [0x0000000002eb8e80, 0x0000000002eb9948]
Event: 1840.190 Thread 0x0000000054d09000 4381       4       java.util.concurrent.locks.AbstractQueuedSynchronizer$ConditionObject::awaitNanos (156 bytes)
Event: 1840.207 Thread 0x0000000054d09000 nmethod 4381 0x00000000030b4450 code [0x00000000030b4640, 0x00000000030b5260]

GC Heap History (10 events):
Event: 705.778 GC heap before
{Heap before GC invocations=20 (full 1):
 PSYoungGen      total 29696K, used 22247K [0x00000000ee400000, 0x00000000f1900000, 0x0000000100000000)
  eden space 8192K, 100% used [0x00000000ee400000,0x00000000eec00000,0x00000000eec00000)
  from space 21504K, 65% used [0x00000000f0200000,0x00000000f0fb9ed0,0x00000000f1700000)
  to   space 22528K, 0% used [0x00000000eec00000,0x00000000eec00000,0x00000000f0200000)
 ParOldGen       total 43520K, used 13448K [0x00000000cac00000, 0x00000000cd680000, 0x00000000ee400000)
  object space 43520K, 30% used [0x00000000cac00000,0x00000000cb922158,0x00000000cd680000)
 Metaspace       used 19325K, capacity 19750K, committed 19968K, reserved 1067008K
  class space    used 2625K, capacity 2740K, committed 2816K, reserved 1048576K
Event: 705.781 GC heap after
Heap after GC invocations=20 (full 1):
 PSYoungGen      total 30720K, used 13735K [0x00000000ee400000, 0x00000000f1900000, 0x0000000100000000)
  eden space 8192K, 0% used [0x00000000ee400000,0x00000000ee400000,0x00000000eec00000)
  from space 22528K, 60% used [0x00000000eec00000,0x00000000ef969ed0,0x00000000f0200000)
  to   space 23040K, 0% used [0x00000000f0280000,0x00000000f0280000,0x00000000f1900000)
 ParOldGen       total 43520K, used 13800K [0x00000000cac00000, 0x00000000cd680000, 0x00000000ee400000)
  object space 43520K, 31% used [0x00000000cac00000,0x00000000cb97a158,0x00000000cd680000)
 Metaspace       used 19325K, capacity 19750K, committed 19968K, reserved 1067008K
  class space    used 2625K, capacity 2740K, committed 2816K, reserved 1048576K
}
Event: 721.985 GC heap before
{Heap before GC invocations=21 (full 1):
 PSYoungGen      total 30720K, used 21927K [0x00000000ee400000, 0x00000000f1900000, 0x0000000100000000)
  eden space 8192K, 100% used [0x00000000ee400000,0x00000000eec00000,0x00000000eec00000)
  from space 22528K, 60% used [0x00000000eec00000,0x00000000ef969ed0,0x00000000f0200000)
  to   space 23040K, 0% used [0x00000000f0280000,0x00000000f0280000,0x00000000f1900000)
 ParOldGen       total 43520K, used 13800K [0x00000000cac00000, 0x00000000cd680000, 0x00000000ee400000)
  object space 43520K, 31% used [0x00000000cac00000,0x00000000cb97a158,0x00000000cd680000)
 Metaspace       used 19325K, capacity 19750K, committed 19968K, reserved 1067008K
  class space    used 2625K, capacity 2740K, committed 2816K, reserved 1048576K
Event: 721.988 GC heap after
Heap after GC invocations=21 (full 1):
 PSYoungGen      total 31232K, used 13703K [0x00000000ee400000, 0x00000000f1900000, 0x0000000100000000)
  eden space 8192K, 0% used [0x00000000ee400000,0x00000000ee400000,0x00000000eec00000)
  from space 23040K, 59% used [0x00000000f0280000,0x00000000f0fe1ed0,0x00000000f1900000)
  to   space 23040K, 0% used [0x00000000eec00000,0x00000000eec00000,0x00000000f0280000)
 ParOldGen       total 43520K, used 13856K [0x00000000cac00000, 0x00000000cd680000, 0x00000000ee400000)
  object space 43520K, 31% used [0x00000000cac00000,0x00000000cb988158,0x00000000cd680000)
 Metaspace       used 19325K, capacity 19750K, committed 19968K, reserved 1067008K
  class space    used 2625K, capacity 2740K, committed 2816K, reserved 1048576K
}
Event: 737.862 GC heap before
{Heap before GC invocations=22 (full 1):
 PSYoungGen      total 31232K, used 21895K [0x00000000ee400000, 0x00000000f1900000, 0x0000000100000000)
  eden space 8192K, 100% used [0x00000000ee400000,0x00000000eec00000,0x00000000eec00000)
  from space 23040K, 59% used [0x00000000f0280000,0x00000000f0fe1ed0,0x00000000f1900000)
  to   space 23040K, 0% used [0x00000000eec00000,0x00000000eec00000,0x00000000f0280000)
 ParOldGen       total 43520K, used 13856K [0x00000000cac00000, 0x00000000cd680000, 0x00000000ee400000)
  object space 43520K, 31% used [0x00000000cac00000,0x00000000cb988158,0x00000000cd680000)
 Metaspace       used 19325K, capacity 19750K, committed 19968K, reserved 1067008K
  class space    used 2625K, capacity 2740K, committed 2816K, reserved 1048576K
Event: 737.865 GC heap after
Heap after GC invocations=22 (full 1):
 PSYoungGen      total 31232K, used 13671K [0x00000000ee400000, 0x00000000f1a00000, 0x0000000100000000)
  eden space 8192K, 0% used [0x00000000ee400000,0x00000000ee400000,0x00000000eec00000)
  from space 23040K, 59% used [0x00000000eec00000,0x00000000ef959ed0,0x00000000f0280000)
  to   space 23552K, 0% used [0x00000000f0300000,0x00000000f0300000,0x00000000f1a00000)
 ParOldGen       total 43520K, used 13933K [0x00000000cac00000, 0x00000000cd680000, 0x00000000ee400000)
  object space 43520K, 32% used [0x00000000cac00000,0x00000000cb99b578,0x00000000cd680000)
 Metaspace       used 19325K, capacity 19750K, committed 19968K, reserved 1067008K
  class space    used 2625K, capacity 2740K, committed 2816K, reserved 1048576K
}
Event: 754.748 GC heap before
{Heap before GC invocations=23 (full 1):
 PSYoungGen      total 31232K, used 21863K [0x00000000ee400000, 0x00000000f1a00000, 0x0000000100000000)
  eden space 8192K, 100% used [0x00000000ee400000,0x00000000eec00000,0x00000000eec00000)
  from space 23040K, 59% used [0x00000000eec00000,0x00000000ef959ed0,0x00000000f0280000)
  to   space 23552K, 0% used [0x00000000f0300000,0x00000000f0300000,0x00000000f1a00000)
 ParOldGen       total 43520K, used 13933K [0x00000000cac00000, 0x00000000cd680000, 0x00000000ee400000)
  object space 43520K, 32% used [0x00000000cac00000,0x00000000cb99b578,0x00000000cd680000)
 Metaspace       used 19325K, capacity 19750K, committed 19968K, reserved 1067008K
  class space    used 2625K, capacity 2740K, committed 2816K, reserved 1048576K
Event: 754.751 GC heap after
Heap after GC invocations=23 (full 1):
 PSYoungGen      total 31744K, used 13671K [0x00000000ee400000, 0x00000000f1a00000, 0x0000000100000000)
  eden space 8192K, 0% used [0x00000000ee400000,0x00000000ee400000,0x00000000eec00000)
  from space 23552K, 58% used [0x00000000f0300000,0x00000000f1059ed0,0x00000000f1a00000)
  to   space 23552K, 0% used [0x00000000eec00000,0x00000000eec00000,0x00000000f0300000)
 ParOldGen       total 43520K, used 13981K [0x00000000cac00000, 0x00000000cd680000, 0x00000000ee400000)
  object space 43520K, 32% used [0x00000000cac00000,0x00000000cb9a7578,0x00000000cd680000)
 Metaspace       used 19325K, capacity 19750K, committed 19968K, reserved 1067008K
  class space    used 2625K, capacity 2740K, committed 2816K, reserved 1048576K
}
Event: 781.015 GC heap before
{Heap before GC invocations=24 (full 1):
 PSYoungGen      total 31744K, used 21863K [0x00000000ee400000, 0x00000000f1a00000, 0x0000000100000000)
  eden space 8192K, 100% used [0x00000000ee400000,0x00000000eec00000,0x00000000eec00000)
  from space 23552K, 58% used [0x00000000f0300000,0x00000000f1059ed0,0x00000000f1a00000)
  to   space 23552K, 0% used [0x00000000eec00000,0x00000000eec00000,0x00000000f0300000)
 ParOldGen       total 43520K, used 13981K [0x00000000cac00000, 0x00000000cd680000, 0x00000000ee400000)
  object space 43520K, 32% used [0x00000000cac00000,0x00000000cb9a7578,0x00000000cd680000)
 Metaspace       used 19327K, capacity 19750K, committed 19968K, reserved 1067008K
  class space    used 2625K, capacity 2740K, committed 2816K, reserved 1048576K
Event: 781.018 GC heap after
Heap after GC invocations=24 (full 1):
 PSYoungGen      total 17920K, used 9228K [0x00000000ee400000, 0x00000000f1800000, 0x0000000100000000)
  eden space 8192K, 0% used [0x00000000ee400000,0x00000000ee400000,0x00000000eec00000)
  from space 9728K, 94% used [0x00000000eec00000,0x00000000ef503270,0x00000000ef580000)
  to   space 22528K, 0% used [0x00000000f0200000,0x00000000f0200000,0x00000000f1800000)
 ParOldGen       total 43520K, used 14029K [0x00000000cac00000, 0x00000000cd680000, 0x00000000ee400000)
  object space 43520K, 32% used [0x00000000cac00000,0x00000000cb9b3578,0x00000000cd680000)
 Metaspace       used 19327K, capacity 19750K, committed 19968K, reserved 1067008K
  class space    used 2625K, capacity 2740K, committed 2816K, reserved 1048576K
}

Deoptimization events (10 events):
Event: 537.839 Thread 0x0000000056f1a800 Uncommon trap: reason=unstable_if action=reinterpret pc=0x0000000002e171a0 method=java.text.DigitList.round(IZZ)V @ 26
Event: 549.604 Thread 0x0000000056f1a800 Uncommon trap: reason=unstable_if action=reinterpret pc=0x00000000034d897c method=vs2.vs2PostProcessorView.drawModel(Ljava/awt/Graphics;)V @ 854
Event: 549.780 Thread 0x0000000056f1a800 Uncommon trap: reason=unstable_if action=reinterpret pc=0x000000000349e130 method=vs2.vs2PostProcessorView.drawModel(Ljava/awt/Graphics;)V @ 854
Event: 550.696 Thread 0x0000000056f1a800 Uncommon trap: reason=unstable_if action=reinterpret pc=0x00000000034a60c4 method=vs2.vs2PostProcessorView.drawModel(Ljava/awt/Graphics;)V @ 854
Event: 782.600 Thread 0x0000000056e61800 Uncommon trap: reason=unstable_if action=reinterpret pc=0x00000000033b415c method=sun.awt.windows.WWindowPeer.preprocessPostEvent(Ljava/awt/AWTEvent;)V @ 4
Event: 782.600 Thread 0x0000000056e61800 Uncommon trap: reason=unstable_if action=reinterpret pc=0x0000000003389ba4 method=sun.awt.windows.WWindowPeer.preprocessPostEvent(Ljava/awt/AWTEvent;)V @ 4
Event: 782.601 Thread 0x0000000056f1a800 Uncommon trap: reason=unstable_if action=reinterpret pc=0x0000000003579edc method=javax.swing.RepaintManager.addDirtyRegion0(Ljava/awt/Container;IIII)V @ 108
Event: 1807.196 Thread 0x0000000057147000 Uncommon trap: reason=unstable_if action=reinterpret pc=0x0000000003377974 method=java.util.concurrent.locks.AbstractQueuedSynchronizer.enq(Ljava/util/concurrent/locks/AbstractQueuedSynchronizer$Node;)Ljava/util/concurrent/locks/AbstractQueuedSynchronizer
Event: 1811.173 Thread 0x0000000056f1a800 Uncommon trap: reason=unstable_if action=reinterpret pc=0x0000000003539a34 method=vs2.vs2PostProcessorView.drawModel(Ljava/awt/Graphics;)V @ 142
Event: 1811.175 Thread 0x0000000056f1a800 Uncommon trap: reason=unstable_if action=reinterpret pc=0x0000000002fe2224 method=vs2.vs2PostProcessorView.drawModel(Ljava/awt/Graphics;)V @ 660

Internal exceptions (10 events):
Event: 1.448 Thread 0x0000000002308000 Implicit null exception at 0x0000000002bf74eb to 0x0000000002bf7561
Event: 369.197 Thread 0x0000000056f1a800 Implicit null exception at 0x000000000349a46b to 0x000000000349e641
Event: 387.371 Thread 0x0000000056f1a800 Implicit null exception at 0x00000000034c268b to 0x00000000034c67b1
Event: 502.516 Thread 0x0000000056f1a800 Implicit null exception at 0x0000000003322fa4 to 0x00000000033246f1
Event: 512.220 Thread 0x0000000056f1a800 Exception <a 'java/io/IOException'> (0x00000000eed8f5c8) thrown at [C:\re\workspace\8-2-build-windows-amd64-cygwin\jdk8u111\7883\hotspot\src\share\vm\prims\jni.cpp, line 709]
Event: 512.220 Thread 0x0000000056f1a800 Exception <a 'java/io/IOException'> (0x00000000eed8fae8) thrown at [C:\re\workspace\8-2-build-windows-amd64-cygwin\jdk8u111\7883\hotspot\src\share\vm\prims\jni.cpp, line 709]
Event: 512.220 Thread 0x0000000056f1a800 Exception <a 'java/io/IOException'> (0x00000000eed8ff30) thrown at [C:\re\workspace\8-2-build-windows-amd64-cygwin\jdk8u111\7883\hotspot\src\share\vm\prims\jni.cpp, line 709]
Event: 512.485 Thread 0x0000000056f1a800 Exception <a 'java/io/IOException'> (0x00000000eeda1c18) thrown at [C:\re\workspace\8-2-build-windows-amd64-cygwin\jdk8u111\7883\hotspot\src\share\vm\prims\jni.cpp, line 709]
Event: 512.485 Thread 0x0000000056f1a800 Exception <a 'java/io/IOException'> (0x00000000eeda2090) thrown at [C:\re\workspace\8-2-build-windows-amd64-cygwin\jdk8u111\7883\hotspot\src\share\vm\prims\jni.cpp, line 709]
Event: 512.485 Thread 0x0000000056f1a800 Exception <a 'java/io/IOException'> (0x00000000eeda24d8) thrown at [C:\re\workspace\8-2-build-windows-amd64-cygwin\jdk8u111\7883\hotspot\src\share\vm\prims\jni.cpp, line 709]

Events (10 events):
Event: 1821.614 Executing VM operation: RevokeBias done
Event: 1821.618 Thread 0x00000000565e2000 flushing nmethod 0x0000000002dbc010
Event: 1821.632 Thread 0x00000000565e2000 flushing nmethod 0x0000000002ea8a90
Event: 1821.632 Thread 0x00000000565e2000 flushing nmethod 0x0000000002eb2450
Event: 1821.632 Thread 0x00000000565e2000 flushing nmethod 0x0000000002eb8690
Event: 1825.196 Thread 0x00000000565e2000 flushing nmethod 0x00000000030a13d0
Event: 1825.196 Thread 0x00000000565e2000 flushing nmethod 0x00000000030c3990
Event: 1825.196 Thread 0x00000000565e2000 flushing nmethod 0x00000000030ecc10
Event: 1826.329 Thread 0x0000000054d09000 flushing nmethod 0x0000000003143e50
Event: 1829.827 Thread 0x0000000054d09000 flushing nmethod 0x0000000003388b10


Dynamic libraries:
0x000000013f330000 - 0x000000013f367000 	C:\Program Files\Java\jre1.8.0_111\bin\javaw.exe
0x0000000077420000 - 0x00000000775ca000 	C:\Windows\SYSTEM32\ntdll.dll
0x0000000077300000 - 0x000000007741f000 	C:\Windows\system32\kernel32.dll
0x000007fefd1c0000 - 0x000007fefd22a000 	C:\Windows\system32\KERNELBASE.dll
0x000007feff560000 - 0x000007feff63b000 	C:\Windows\system32\ADVAPI32.dll
0x000007fefe250000 - 0x000007fefe2ef000 	C:\Windows\system32\msvcrt.dll
0x000007feff370000 - 0x000007feff38f000 	C:\Windows\SYSTEM32\sechost.dll
0x000007fefd720000 - 0x000007fefd84d000 	C:\Windows\system32\RPCRT4.dll
0x0000000077200000 - 0x00000000772fa000 	C:\Windows\system32\USER32.dll
0x000007feff640000 - 0x000007feff6a7000 	C:\Windows\system32\GDI32.dll
0x000007fefe2f0000 - 0x000007fefe2fe000 	C:\Windows\system32\LPK.dll
0x000007feff470000 - 0x000007feff53a000 	C:\Windows\system32\USP10.dll
0x000007fefbd10000 - 0x000007fefbf04000 	C:\Windows\WinSxS\amd64_microsoft.windows.common-controls_6595b64144ccf1df_6.0.7601.18837_none_fa3b1e3d17594757\COMCTL32.dll
0x000007fefd850000 - 0x000007fefd8c1000 	C:\Windows\system32\SHLWAPI.dll
0x000007fefd940000 - 0x000007fefd96e000 	C:\Windows\system32\IMM32.DLL
0x000007fefd9c0000 - 0x000007fefdac9000 	C:\Windows\system32\MSCTF.dll
0x0000000058f30000 - 0x0000000059002000 	C:\Program Files\Java\jre1.8.0_111\bin\msvcr100.dll
0x0000000070250000 - 0x0000000070aea000 	C:\Program Files\Java\jre1.8.0_111\bin\server\jvm.dll
0x000007fefa380000 - 0x000007fefa389000 	C:\Windows\system32\WSOCK32.dll
0x000007fefd970000 - 0x000007fefd9bd000 	C:\Windows\system32\WS2_32.dll
0x000007fefd930000 - 0x000007fefd938000 	C:\Windows\system32\NSI.dll
0x000007fefabc0000 - 0x000007fefabfb000 	C:\Windows\system32\WINMM.dll
0x000007fefc230000 - 0x000007fefc23c000 	C:\Windows\system32\VERSION.dll
0x00000000775f0000 - 0x00000000775f7000 	C:\Windows\system32\PSAPI.DLL
0x0000000069220000 - 0x000000006922f000 	C:\Program Files\Java\jre1.8.0_111\bin\verify.dll
0x00000000691f0000 - 0x0000000069219000 	C:\Program Files\Java\jre1.8.0_111\bin\java.dll
0x00000000691a0000 - 0x00000000691b6000 	C:\Program Files\Java\jre1.8.0_111\bin\zip.dll
0x000007fefe5e0000 - 0x000007feff36a000 	C:\Windows\system32\SHELL32.dll
0x000007fefd510000 - 0x000007fefd713000 	C:\Windows\system32\ole32.dll
0x000007fefd150000 - 0x000007fefd15f000 	C:\Windows\system32\profapi.dll
0x0000000059650000 - 0x00000000597e8000 	C:\Program Files\Java\jre1.8.0_111\bin\awt.dll
0x000007feff390000 - 0x000007feff46a000 	C:\Windows\system32\OLEAUT32.dll
0x000007fefbcb0000 - 0x000007fefbd06000 	C:\Windows\system32\uxtheme.dll
0x000007fefb750000 - 0x000007fefb768000 	C:\Windows\system32\dwmapi.dll
0x000007fefcff0000 - 0x000007fefcfff000 	C:\Windows\system32\CRYPTBASE.dll
0x00000000595e0000 - 0x0000000059627000 	C:\Program Files\Java\jre1.8.0_111\bin\fontmanager.dll
0x0000000059e40000 - 0x0000000059e5a000 	C:\Program Files\Java\jre1.8.0_111\bin\net.dll
0x000007fefc920000 - 0x000007fefc975000 	C:\Windows\system32\mswsock.dll
0x000007fefce60000 - 0x000007fefce67000 	C:\Windows\System32\wship6.dll
0x0000000059e20000 - 0x0000000059e31000 	C:\Program Files\Java\jre1.8.0_111\bin\nio.dll
0x0000000059590000 - 0x00000000595d2000 	C:\Program Files\Java\jre1.8.0_111\bin\t2k.dll
0x000007fee6e00000 - 0x000007fee716c000 	C:\Program Files\USGS\vs2drti-1.4.0\bin\vs2drtJni.dll
0x000007feff540000 - 0x000007feff559000 	C:\Windows\system32\imagehlp.dll
0x000007fef79a0000 - 0x000007fef79c0000 	C:\Windows\system32\VCOMP110.DLL
0x000007fefdd00000 - 0x000007fefdd99000 	C:\Windows\system32\CLBCatQ.DLL
0x000007fefb400000 - 0x000007fefb561000 	C:\Windows\system32\WindowsCodecs.dll
0x000007fefcf90000 - 0x000007fefcfe7000 	C:\Windows\system32\apphelp.dll
0x000007fef1a40000 - 0x000007fef1ab3000 	C:\Program Files (x86)\Dropbox\Client\DropboxExt64.11.0.dll
0x0000000061240000 - 0x0000000061256000 	C:\Program Files\Common Files\TortoiseOverlays\TortoiseOverlays.dll
0x0000000061220000 - 0x0000000061237000 	C:\Program Files\TortoiseSVN\bin\TortoiseStub.dll
0x00000000611a0000 - 0x000000006121d000 	C:\Program Files\TortoiseSVN\bin\TortoiseSVN.dll
0x000007fefe300000 - 0x000007fefe5d2000 	C:\Windows\system32\WININET.dll
0x000007fefd230000 - 0x000007fefd234000 	C:\Windows\system32\api-ms-win-downlevel-user32-l1-1-0.dll
0x000007fefd500000 - 0x000007fefd504000 	C:\Windows\system32\api-ms-win-downlevel-shlwapi-l1-1-0.dll
0x000007fefd410000 - 0x000007fefd414000 	C:\Windows\system32\api-ms-win-downlevel-version-l1-1-0.dll
0x000007fefd240000 - 0x000007fefd243000 	C:\Windows\system32\api-ms-win-downlevel-normaliz-l1-1-0.dll
0x00000000775e0000 - 0x00000000775e3000 	C:\Windows\system32\normaliz.DLL
0x000007fefdf80000 - 0x000007fefe24a000 	C:\Windows\system32\iertutil.dll
0x000007fefd170000 - 0x000007fefd175000 	C:\Windows\system32\api-ms-win-downlevel-advapi32-l1-1-0.dll
0x000007fefd4c0000 - 0x000007fefd4de000 	C:\Windows\system32\USERENV.dll
0x000007feee0d0000 - 0x000007feee557000 	C:\Program Files\TortoiseSVN\bin\libsvn_tsvn.dll
0x0000000061120000 - 0x000000006114e000 	C:\Program Files\TortoiseSVN\bin\libapr_tsvn.dll
0x000007feefec0000 - 0x000007feeff94000 	C:\Windows\system32\MSVCR110.dll
0x00000000610b0000 - 0x00000000610f5000 	C:\Program Files\TortoiseSVN\bin\libaprutil_tsvn.dll
0x000007fefd8d0000 - 0x000007fefd922000 	C:\Windows\system32\WLDAP32.dll
0x000007fef1a20000 - 0x000007fef1a31000 	C:\Program Files\TortoiseSVN\bin\intl3_tsvn.dll
0x000007fef1a00000 - 0x000007fef1a19000 	C:\Program Files\TortoiseSVN\bin\libsasl.dll
0x000007fefcf30000 - 0x000007fefcf3b000 	C:\Windows\system32\Secur32.dll
0x000007fefcf60000 - 0x000007fefcf85000 	C:\Windows\system32\SSPICLI.DLL
0x000007fefd250000 - 0x000007fefd3bd000 	C:\Windows\system32\CRYPT32.dll
0x000007fefd160000 - 0x000007fefd16f000 	C:\Windows\system32\MSASN1.dll
0x000007feefe10000 - 0x000007feefeb7000 	C:\Windows\system32\MSVCP110.dll
0x000007fef90a0000 - 0x000007fef9140000 	C:\Windows\WinSxS\amd64_microsoft.windows.common-controls_6595b64144ccf1df_5.82.7601.18837_none_a4d981ff711297b6\comctl32.dll
0x000007fefdda0000 - 0x000007fefdf77000 	C:\Windows\system32\SETUPAPI.dll
0x000007fefd3d0000 - 0x000007fefd406000 	C:\Windows\system32\CFGMGR32.dll
0x000007fefd4e0000 - 0x000007fefd4fa000 	C:\Windows\system32\DEVOBJ.dll
0x000007fefb770000 - 0x000007fefb89c000 	C:\Windows\system32\propsys.dll
0x000007fefc200000 - 0x000007fefc22d000 	C:\Windows\system32\ntmarta.dll
0x000007feedcf0000 - 0x000007feede8c000 	C:\Windows\system32\NetworkExplorer.dll
0x000007fef19b0000 - 0x000007fef19e4000 	C:\Windows\System32\shdocvw.dll
0x000007fefa790000 - 0x000007fefa79b000 	C:\Windows\system32\slc.dll
0x000007fef3ee0000 - 0x000007fef3ef8000 	C:\Windows\system32\MPR.dll
0x000007fefa650000 - 0x000007fefa65a000 	C:\Windows\System32\drprov.dll
0x000007fefc530000 - 0x000007fefc56d000 	C:\Windows\System32\WINSTA.dll
0x000007fef69b0000 - 0x000007fef69d2000 	C:\Windows\System32\ntlanman.dll
0x000007fef77e0000 - 0x000007fef77fe000 	C:\Windows\System32\davclnt.dll
0x000007fefa700000 - 0x000007fefa70a000 	C:\Windows\System32\DAVHLPR.dll
0x000007fefb160000 - 0x000007fefb175000 	C:\Windows\system32\wkscli.dll
0x000007fef8350000 - 0x000007fef835f000 	C:\Windows\system32\cscapi.dll
0x000007fefc680000 - 0x000007fefc68c000 	C:\Windows\system32\netutils.dll
0x000007fee7260000 - 0x000007fee74d1000 	C:\Windows\system32\wpdshext.dll
0x000007fefba90000 - 0x000007fefbca6000 	C:\Windows\WinSxS\amd64_microsoft.windows.gdiplus_6595b64144ccf1df_1.1.7601.23545_none_14599ab28b920323\gdiplus.dll
0x000007feef190000 - 0x000007feef24d000 	C:\Windows\system32\PortableDeviceApi.dll
0x000007fefd180000 - 0x000007fefd1bb000 	C:\Windows\system32\WINTRUST.dll
0x000007fef7800000 - 0x000007fef7835000 	C:\Windows\system32\EhStorShell.dll
0x000007fef6550000 - 0x000007fef6577000 	C:\Windows\system32\EhStorAPI.dll
0x000007fef19a0000 - 0x000007fef19ac000 	C:\Windows\system32\LINKINFO.dll
0x000007fef66f0000 - 0x000007fef6721000 	C:\Program Files\USGS\vs2drti-1.4.0\bin\trimesh.dll
0x000007fefa390000 - 0x000007fefa4b5000 	C:\Windows\system32\dbghelp.dll

VM Arguments:
java_command: C:\Program Files\USGS\vs2drti-1.4.0\bin\vs2drti.jar
java_class_path (initial): C:\Program Files\USGS\vs2drti-1.4.0\bin\vs2drti.jar
Launcher Type: SUN_STANDARD

Environment Variables:
PATH=C:\Program Files\USGS\vs2drti-1.4.0\bin\;C:\ProgramData\Oracle\Java\javapath;C:\Program Files (x86)\Intel\ComposerXE-2011\redist\ia32\tbb\vc9;C:\Program Files (x86)\Intel\ComposerXE-2011\redist\intel64\tbb\vc9;C:\Program Files (x86)\Intel\ComposerXE-2011\redist\intel64\ipp;C:\Program Files (x86)\Intel\ComposerXE-2011\redist\ia32\ipp;C:\Program Files (x86)\Intel\ComposerXE-2011\redist\intel64\compiler;C:\Program Files (x86)\Intel\ComposerXE-2011\redist\ia32\compiler;C:\Program Files (x86)\Intel\ComposerXE-2011\compiler\lib;C:\Program Files (x86)\Intel\ComposerXE-2011\redist\intel64\mkl;C:\Program Files (x86)\Intel\ComposerXE-2011\redist\ia32\mkl;C:\Program Files (x86)\Intel\ComposerXE-2011\redist\intel64\mpirt;C:\Program Files (x86)\Intel\ComposerXE-2011\redist\intel64\compiler;C:\Program Files (x86)\Intel\ComposerXE-2011\redist\ia32\mpirt;C:\Program Files (x86)\Intel\ComposerXE-2011\redist\ia32\compiler;C:\Program Files (x86)\Intel\ComposerXE-2011\compiler\lib;C:\Program Files (x86)\Common Files\Microsoft Shared\VSA\9.0\VsaEnv;C:\Windows\system32;C:\Windows;C:\Windows\System32\Wbem;C:\Windows\System32\WindowsPowerShell\v1.0\;C:\Program Files\Intel\WiFi\bin\;C:\Program Files\Common Files\Intel\WirelessCommon\;C:\Program Files (x86)\Intel\Services\IPT\;C:\Program Files (x86)\Common Files\Roxio Shared\10.0\DLLShared\;C:\Program Files (x86)\Common Files\Roxio Shared\DLLShared\;c:\Program Files (x86)\Microsoft SQL Server\90\Tools\binn\;C:\Program Files (x86)\Google\Google Apps Sync\;C:\Program Files\USGS\phast-2.4.6-8538\\bin;c:\Program Files (x86)\Boost\boost_1_55_0\;C:\Program Files (x86)\Intel\OpenCL SDK\2.0\bin\x86;C:\Program Files (x86)\Intel\OpenCL SDK\2.0\bin\x64;C:\Program Files\TortoiseSVN\bin
USERNAME=rwhealy
OS=Windows_NT
PROCESSOR_IDENTIFIER=Intel64 Family 6 Model 42 Stepping 7, GenuineIntel



---------------  S Y S T E M  ---------------

OS: Windows 7 , 64 bit Build 7601 (6.1.7601.23569)

CPU:total 4 (2 cores per cpu, 2 threads per core) family 6 model 42 stepping 7, cmov, cx8, fxsr, mmx, sse, sse2, sse3, ssse3, sse4.1, sse4.2, popcnt, avx, aes, clmul, ht, tsc, tscinvbit

Memory: 4k page, physical 3488324k(449236k free), swap 6974788k(2785284k free)

vm_info: Java HotSpot(TM) 64-Bit Server VM (25.111-b14) for windows-amd64 JRE (1.8.0_111-b14), built on Sep 22 2016 19:24:05 by "java_re" with MS VC++ 10.0 (VS2010)

time: Wed Jan 25 16:14:49 2017
elapsed time: 1842 seconds (0d 0h 30m 42s)

