
 TIME =    0.500000E+00 hour

 -1.2000000E+00 -1.2000000E+00 -1.2000000E+00
 -1.2000000E+00 -2.6695148E-01 -1.2000000E+00
 -1.2000000E+00 -2.7462899E-01 -1.2000000E+00
 -1.2000000E+00 -2.8320965E-01 -1.2000000E+00
 -1.2000000E+00 -2.9286544E-01 -1.2000000E+00
 -1.2000000E+00 -3.0381975E-01 -1.2000000E+00
 -1.2000000E+00 -3.1636944E-01 -1.2000000E+00
 -1.2000000E+00 -3.3091983E-01 -1.2000000E+00
 -1.2000000E+00 -3.4804263E-01 -1.2000000E+00
 -1.2000000E+00 -3.6857660E-01 -1.2000000E+00
 -1.2000000E+00 -3.9381354E-01 -1.2000000E+00
 -1.2000000E+00 -4.2586745E-01 -1.2000000E+00
 -1.2000000E+00 -4.6847086E-01 -1.2000000E+00
 -1.2000000E+00 -5.2885028E-01 -1.2000000E+00
 -1.2000000E+00 -6.2232890E-01 -1.2000000E+00
 -1.2000000E+00 -7.8072195E-01 -1.2000000E+00
 -1.2000000E+00 -1.0255679E+00 -1.2000000E+00
 -1.2000000E+00 -1.1752567E+00 -1.2000000E+00
 -1.2000000E+00 -1.1978657E+00 -1.2000000E+00
 -1.2000000E+00 -1.1998277E+00 -1.2000000E+00
 -1.2000000E+00 -1.1999862E+00 -1.2000000E+00
 -1.2000000E+00 -1.1999989E+00 -1.2000000E+00
 -1.2000000E+00 -1.1999999E+00 -1.2000000E+00
 -1.2000000E+00 -1.2000000E+00 -1.2000000E+00
 -1.2000000E+00 -1.2000000E+00 -1.2000000E+00
 -1.2000000E+00 -1.2000000E+00 -1.2000000E+00
 -1.2000000E+00 -1.2000000E+00 -1.2000000E+00
 -1.2000000E+00 -1.2000000E+00 -1.2000000E+00
 -1.2000000E+00 -1.2000000E+00 -1.2000000E+00
 -1.2000000E+00 -1.2000000E+00 -1.2000000E+00
 -1.2000000E+00 -1.1999999E+00 -1.2000000E+00
 -1.2000000E+00 -1.1999995E+00 -1.2000000E+00
 -1.2000000E+00 -1.1999979E+00 -1.2000000E+00
 -1.2000000E+00 -1.1999911E+00 -1.2000000E+00
 -1.2000000E+00 -1.1999659E+00 -1.2000000E+00
 -1.2000000E+00 -1.1998799E+00 -1.2000000E+00
 -1.2000000E+00 -1.1996159E+00 -1.2000000E+00
 -1.2000000E+00 -1.1988930E+00 -1.2000000E+00
 -1.2000000E+00 -1.1971505E+00 -1.2000000E+00
 -1.2000000E+00 -1.1935042E+00 -1.2000000E+00
 -1.2000000E+00 -1.1869652E+00 -1.2000000E+00
 -1.2000000E+00 -1.2000000E+00 -1.2000000E+00
