#
# A fatal error has been detected by the Java Runtime Environment:
#
#  EXCEPTION_ACCESS_VIOLATION (0xc0000005) at pc=0x000007fee4f4da6f, pid=9300, tid=0x0000000000002810
#
# JRE version: Java(TM) SE Runtime Environment (8.0_131-b11) (build 1.8.0_131-b11)
# Java VM: Java HotSpot(TM) 64-Bit Server VM (25.131-b11 mixed mode windows-amd64 compressed oops)
# Problematic frame:
# C  [vs2drtJni.dll+0xfda6f]
#
# Failed to write core dump. Minidumps are not enabled by default on client versions of Windows
#
# If you would like to submit a bug report, please visit:
#   http://bugreport.java.com/bugreport/crash.jsp
# The crash happened outside the Java Virtual Machine in native code.
# See problematic frame for where to report the bug.
#

---------------  T H R E A D  ---------------

Current thread (0x0000000057d0a800):  JavaThread "AWT-EventQueue-0" [_thread_in_native, id=10256, stack(0x00000000572a0000,0x00000000573a0000)]

siginfo: ExceptionCode=0xc0000005, reading address 0x0000000000000018

Registers:
RAX=0x0000000057097e90, RBX=0x0000000000000000, RCX=0x000000005d8048c0, RDX=0x000000000000000c
RSP=0x000000005739a690, RBP=0x000000005739a790, RSI=0x000000000000000c, RDI=0x000000005739ac04
R8 =0x000000000031f720, R9 =0x000000005739ac04, R10=0x0000000000000159, R11=0x00000000002a0158
R12=0x0000000000000000, R13=0x0000000000000000, R14=0x000000005739ac00, R15=0x0000000057097e90
RIP=0x000007fee4f4da6f, EFLAGS=0x0000000000010206

Top of Stack: (sp=0x000000005739a690)
0x000000005739a690:   000007fee5194800 000000005d8048c0
0x000000005739a6a0:   0000000000000000 0000000000000000
0x000000005739a6b0:   0000000000000000 0000000000000000
0x000000005739a6c0:   0000000c00000000 000000005739abc0
0x000000005739a6d0:   0000000000000000 000007fee4ee0f1f
0x000000005739a6e0:   0000000000000033 000007fee50d6f9a
0x000000005739a6f0:   000000005739ac08 0000000000000000
0x000000005739a700:   0000000000000000 0000000000000000
0x000000005739a710:   0000000000000000 0000000000000120
0x000000005739a720:   0000000000000000 0000000000000000
0x000000005739a730:   0000000000000001 000000005739a880
0x000000005739a740:   000007fee4e50000 000007fee4eff925
0x000000005739a750:   0000000000000000 0000000000000000
0x000000005739a760:   bfe1999900000000 00000000000005d0
0x000000005739a770:   0000000000000000 0000000000000001
0x000000005739a780:   0000000000000008 000000005739b340 

Instructions: (pc=0x000007fee4f4da6f)
0x000007fee4f4da4f:   8b ce e8 ba da 02 00 89 44 24 50 8b ce e8 0f db
0x000007fee4f4da5f:   02 00 0f 28 f8 8b ce e8 d5 da 02 00 f2 0f 59 f8
0x000007fee4f4da6f:   41 38 5d 18 0f 85 64 08 00 00 45 33 f6 45 85 e4
0x000007fee4f4da7f:   0f 8e 53 08 00 00 41 8b d6 8b ce e8 71 d8 02 00 


Register to memory mapping:

RAX=0x0000000057097e90 is an unknown value
RBX=0x0000000000000000 is an unknown value
RCX=0x000000005d8048c0 is an unknown value
RDX=0x000000000000000c is an unknown value
RSP=0x000000005739a690 is pointing into the stack for thread: 0x0000000057d0a800
RBP=0x000000005739a790 is pointing into the stack for thread: 0x0000000057d0a800
RSI=0x000000000000000c is an unknown value
RDI=0x000000005739ac04 is pointing into the stack for thread: 0x0000000057d0a800
R8 =0x000000000031f720 is an unknown value
R9 =0x000000005739ac04 is pointing into the stack for thread: 0x0000000057d0a800
R10=0x0000000000000159 is an unknown value
R11=0x00000000002a0158 is an unknown value
R12=0x0000000000000000 is an unknown value
R13=0x0000000000000000 is an unknown value
R14=0x000000005739ac00 is pointing into the stack for thread: 0x0000000057d0a800
R15=0x0000000057097e90 is an unknown value


Stack: [0x00000000572a0000,0x00000000573a0000],  sp=0x000000005739a690,  free space=1001k
Native frames: (J=compiled Java code, j=interpreted, Vv=VM code, C=native code)
C  [vs2drtJni.dll+0xfda6f]
C  [vs2drtJni.dll+0xfd97f]
C  [vs2drtJni.dll+0x102b97]
C  [vs2drtJni.dll+0x1ac96]
C  [vs2drtJni.dll+0x4d9a1]
C  [vs2drtJni.dll+0x1d78]
C  0x0000000002857f54

Java frames: (J=compiled Java code, j=interpreted, Vv=VM code)
j  vs2.vs2drt.start(IIILjava/lang/String;)V+0
j  vs2.vs2ComputationalModel.startModel(Ljava/lang/String;)Z+24
j  mp2.mp2ComputationalModel.setup(Ljava/lang/String;Z)Z+257
j  vs2.vs2ComputationalModel.setup(Ljava/lang/String;Z)Z+46
j  mp2.mp2PostProcessorFrame.loadData(Ljava/lang/String;Ljava/lang/String;)Z+333
j  vs2.vs2PostProcessorFrame.loadData(Ljava/lang/String;Ljava/lang/String;)Z+37
j  vs2.vs2FrameManager.onShowMenuItem(ILjava/awt/event/ItemEvent;)V+189
j  vs2.vs2FrameManager$14.itemStateChanged(Ljava/awt/event/ItemEvent;)V+8
j  javax.swing.AbstractButton.fireItemStateChanged(Ljava/awt/event/ItemEvent;)V+61
j  javax.swing.AbstractButton$Handler.itemStateChanged(Ljava/awt/event/ItemEvent;)V+5
j  javax.swing.DefaultButtonModel.fireItemStateChanged(Ljava/awt/event/ItemEvent;)V+34
J 2169 C1 javax.swing.JToggleButton$ToggleButtonModel.setSelected(Z)V (91 bytes) @ 0x0000000002f3973c [0x0000000002f39060+0x6dc]
j  javax.swing.JToggleButton$ToggleButtonModel.setPressed(Z)V+40
j  javax.swing.AbstractButton.doClick(I)V+64
j  javax.swing.plaf.basic.BasicMenuItemUI.doClick(Ljavax/swing/MenuSelectionManager;)V+53
j  javax.swing.plaf.basic.BasicMenuItemUI$Handler.mouseReleased(Ljava/awt/event/MouseEvent;)V+76
J 2689 C1 java.awt.Component.processMouseEvent(Ljava/awt/event/MouseEvent;)V (100 bytes) @ 0x0000000002aad224 [0x0000000002aacea0+0x384]
J 2688 C1 javax.swing.JComponent.processMouseEvent(Ljava/awt/event/MouseEvent;)V (27 bytes) @ 0x0000000002b85b34 [0x0000000002b85920+0x214]
J 3307 C2 java.awt.Container.processEvent(Ljava/awt/AWTEvent;)V (22 bytes) @ 0x0000000002e270ac [0x0000000002e26fa0+0x10c]
J 4013 C2 java.awt.Component.dispatchEventImpl(Ljava/awt/AWTEvent;)V (883 bytes) @ 0x00000000033e6f1c [0x00000000033e6380+0xb9c]
J 3438 C2 java.awt.Container.dispatchEventImpl(Ljava/awt/AWTEvent;)V (129 bytes) @ 0x00000000032dbfec [0x00000000032db9a0+0x64c]
J 2830 C2 java.awt.LightweightDispatcher.retargetMouseEvent(Ljava/awt/Component;ILjava/awt/event/MouseEvent;)V (350 bytes) @ 0x0000000002d195d4 [0x0000000002d19240+0x394]
J 3432 C2 java.awt.Window.dispatchEventImpl(Ljava/awt/AWTEvent;)V (23 bytes) @ 0x00000000032d38dc [0x00000000032d3480+0x45c]
J 1647 C1 java.awt.EventQueue.dispatchEventImpl(Ljava/awt/AWTEvent;Ljava/lang/Object;)V (149 bytes) @ 0x0000000002dad78c [0x0000000002dabfc0+0x17cc]
J 1675 C1 java.awt.EventQueue$3.run()Ljava/lang/Void; (60 bytes) @ 0x0000000002dc6404 [0x0000000002dc6200+0x204]
J 4564 C1 java.awt.EventQueue$3.run()Ljava/lang/Object; (5 bytes) @ 0x0000000002aa6b7c [0x0000000002aa6b00+0x7c]
v  ~StubRoutines::call_stub
J 1190  java.security.AccessController.doPrivileged(Ljava/security/PrivilegedAction;Ljava/security/AccessControlContext;)Ljava/lang/Object; (0 bytes) @ 0x0000000002c5e3e6 [0x0000000002c5e380+0x66]
J 2992 C2 java.awt.EventQueue$4.run()Ljava/lang/Object; (5 bytes) @ 0x00000000031a1100 [0x00000000031a0dc0+0x340]
v  ~StubRoutines::call_stub
J 1190  java.security.AccessController.doPrivileged(Ljava/security/PrivilegedAction;Ljava/security/AccessControlContext;)Ljava/lang/Object; (0 bytes) @ 0x0000000002c5e3e6 [0x0000000002c5e380+0x66]
J 2616 C2 java.awt.EventQueue.dispatchEvent(Ljava/awt/AWTEvent;)V (80 bytes) @ 0x000000000306f5a8 [0x000000000306f140+0x468]
J 3833 C2 java.awt.EventDispatchThread.pumpOneEventForFilters(I)V (295 bytes) @ 0x0000000002e75db0 [0x0000000002e757e0+0x5d0]
j  java.awt.EventDispatchThread.pumpEventsForFilter(ILjava/awt/Conditional;Ljava/awt/EventFilter;)V+35
j  java.awt.EventDispatchThread.pumpEventsForHierarchy(ILjava/awt/Conditional;Ljava/awt/Component;)V+11
j  java.awt.EventDispatchThread.pumpEvents(ILjava/awt/Conditional;)V+4
j  java.awt.EventDispatchThread.pumpEvents(Ljava/awt/Conditional;)V+3
j  java.awt.EventDispatchThread.run()V+9
v  ~StubRoutines::call_stub

---------------  P R O C E S S  ---------------

Java Threads: ( => current thread )
  0x0000000058980000 JavaThread "Swing-Shell" daemon [_thread_blocked, id=7888, stack(0x00000000577e0000,0x00000000578e0000)]
  0x000000005828b000 JavaThread "TimerQueue" daemon [_thread_blocked, id=7336, stack(0x000000005b150000,0x000000005b250000)]
  0x00000000021b8000 JavaThread "DestroyJavaVM" [_thread_blocked, id=9544, stack(0x0000000002470000,0x0000000002570000)]
=>0x0000000057d0a800 JavaThread "AWT-EventQueue-0" [_thread_in_native, id=10256, stack(0x00000000572a0000,0x00000000573a0000)]
  0x0000000056320800 JavaThread "AWT-Windows" daemon [_thread_in_native, id=10492, stack(0x0000000056d80000,0x0000000056e80000)]
  0x000000005631f800 JavaThread "AWT-Shutdown" [_thread_blocked, id=8116, stack(0x0000000056a20000,0x0000000056b20000)]
  0x000000005631f000 JavaThread "Java2D Disposer" daemon [_thread_blocked, id=10412, stack(0x0000000056c60000,0x0000000056d60000)]
  0x0000000056009000 JavaThread "Service Thread" daemon [_thread_blocked, id=9388, stack(0x0000000056890000,0x0000000056990000)]
  0x000000005494e800 JavaThread "C1 CompilerThread2" daemon [_thread_blocked, id=10788, stack(0x00000000566b0000,0x00000000567b0000)]
  0x0000000055f9b800 JavaThread "C2 CompilerThread1" daemon [_thread_blocked, id=2944, stack(0x0000000055990000,0x0000000055a90000)]
  0x0000000055f96000 JavaThread "C2 CompilerThread0" daemon [_thread_blocked, id=1172, stack(0x00000000565b0000,0x00000000566b0000)]
  0x0000000055f94800 JavaThread "Attach Listener" daemon [_thread_blocked, id=5724, stack(0x0000000055c00000,0x0000000055d00000)]
  0x0000000054945800 JavaThread "Signal Dispatcher" daemon [_thread_blocked, id=10680, stack(0x0000000056390000,0x0000000056490000)]
  0x000000005492d000 JavaThread "Finalizer" daemon [_thread_blocked, id=10860, stack(0x0000000055e90000,0x0000000055f90000)]
  0x00000000548e6000 JavaThread "Reference Handler" daemon [_thread_blocked, id=8244, stack(0x0000000055d00000,0x0000000055e00000)]

Other Threads:
  0x00000000548de000 VMThread [stack: 0x0000000055ac0000,0x0000000055bc0000] [id=8688]
  0x0000000056012000 WatcherThread [stack: 0x0000000056b30000,0x0000000056c30000] [id=10660]

VM state:not at safepoint (normal execution)

VM Mutex/Monitor currently owned by a thread: None

Heap:
 PSYoungGen      total 20992K, used 17020K [0x00000000ee400000, 0x00000000f0100000, 0x0000000100000000)
  eden space 13824K, 87% used [0x00000000ee400000,0x00000000eefc7958,0x00000000ef180000)
  from space 7168K, 69% used [0x00000000ef900000,0x00000000efdd76b0,0x00000000f0000000)
  to   space 7680K, 0% used [0x00000000ef180000,0x00000000ef180000,0x00000000ef900000)
 ParOldGen       total 36864K, used 25193K [0x00000000cac00000, 0x00000000cd000000, 0x00000000ee400000)
  object space 36864K, 68% used [0x00000000cac00000,0x00000000cc49a708,0x00000000cd000000)
 Metaspace       used 20075K, capacity 20500K, committed 20864K, reserved 1067008K
  class space    used 2715K, capacity 2837K, committed 2944K, reserved 1048576K

Card table byte_map: [0x0000000002280000,0x0000000002430000] byte_map_base: 0x0000000001c2a000

Marking Bits: (ParMarkBitMap*) 0x000000007025c720
 Begin Bits: [0x00000000124b0000, 0x0000000013200000)
 End Bits:   [0x0000000013200000, 0x0000000013f50000)

Polling page: 0x0000000000220000

CodeCache: size=245760Kb used=13030Kb max_used=13030Kb free=232730Kb
 bounds [0x0000000002840000, 0x0000000003510000, 0x0000000011840000]
 total_blobs=4432 nmethods=3892 adapters=449
 compilation: enabled

Compilation events (10 events):
Event: 1339.425 Thread 0x000000005494e800 4700       3       java.util.regex.Pattern$Curly::match0 (174 bytes)
Event: 1339.425 Thread 0x000000005494e800 nmethod 4700 0x000000000350d4d0 code [0x000000000350d6c0, 0x000000000350e0d8]
Event: 1339.425 Thread 0x000000005494e800 4697   !   3       java.io.PrintWriter::newLine (66 bytes)
Event: 1339.426 Thread 0x000000005494e800 nmethod 4697 0x000000000350e410 code [0x000000000350e5e0, 0x000000000350ed38]
Event: 1339.426 Thread 0x000000005494e800 4695   !   3       java.util.regex.Pattern::matcher (44 bytes)
Event: 1339.426 Thread 0x000000005494e800 nmethod 4695 0x000000000350f110 code [0x000000000350f2a0, 0x000000000350f6f8]
Event: 1339.426 Thread 0x000000005494e800 4701       1       java.util.Formatter$FormatSpecifier::index (5 bytes)
Event: 1339.426 Thread 0x000000005494e800 nmethod 4701 0x00000000035072d0 code [0x0000000003507420, 0x0000000003507530]
Event: 1339.426 Thread 0x000000005494e800 4702       1       java.util.Formatter::access$000 (5 bytes)
Event: 1339.426 Thread 0x000000005494e800 nmethod 4702 0x0000000003506f90 code [0x00000000035070e0, 0x00000000035071d0]

GC Heap History (10 events):
Event: 608.553 GC heap before
{Heap before GC invocations=8 (full 0):
 PSYoungGen      total 18432K, used 17796K [0x00000000ee400000, 0x00000000f0000000, 0x0000000100000000)
  eden space 14336K, 97% used [0x00000000ee400000,0x00000000ef1b82f8,0x00000000ef200000)
  from space 4096K, 91% used [0x00000000ef200000,0x00000000ef5a8dc0,0x00000000ef600000)
  to   space 7168K, 0% used [0x00000000ef900000,0x00000000ef900000,0x00000000f0000000)
 ParOldGen       total 36864K, used 13787K [0x00000000cac00000, 0x00000000cd000000, 0x00000000ee400000)
  object space 36864K, 37% used [0x00000000cac00000,0x00000000cb976d78,0x00000000cd000000)
 Metaspace       used 19475K, capacity 19842K, committed 19968K, reserved 1067008K
  class space    used 2660K, capacity 2770K, committed 2816K, reserved 1048576K
Event: 608.568 GC heap after
Heap after GC invocations=8 (full 0):
 PSYoungGen      total 21504K, used 3437K [0x00000000ee400000, 0x00000000f0000000, 0x0000000100000000)
  eden space 14336K, 0% used [0x00000000ee400000,0x00000000ee400000,0x00000000ef200000)
  from space 7168K, 47% used [0x00000000ef900000,0x00000000efc5b5a8,0x00000000f0000000)
  to   space 7168K, 0% used [0x00000000ef200000,0x00000000ef200000,0x00000000ef900000)
 ParOldGen       total 36864K, used 14088K [0x00000000cac00000, 0x00000000cd000000, 0x00000000ee400000)
  object space 36864K, 38% used [0x00000000cac00000,0x00000000cb9c22f0,0x00000000cd000000)
 Metaspace       used 19475K, capacity 19842K, committed 19968K, reserved 1067008K
  class space    used 2660K, capacity 2770K, committed 2816K, reserved 1048576K
}
Event: 729.510 GC heap before
{Heap before GC invocations=9 (full 0):
 PSYoungGen      total 21504K, used 17773K [0x00000000ee400000, 0x00000000f0000000, 0x0000000100000000)
  eden space 14336K, 100% used [0x00000000ee400000,0x00000000ef200000,0x00000000ef200000)
  from space 7168K, 47% used [0x00000000ef900000,0x00000000efc5b5a8,0x00000000f0000000)
  to   space 7168K, 0% used [0x00000000ef200000,0x00000000ef200000,0x00000000ef900000)
 ParOldGen       total 36864K, used 14088K [0x00000000cac00000, 0x00000000cd000000, 0x00000000ee400000)
  object space 36864K, 38% used [0x00000000cac00000,0x00000000cb9c22f0,0x00000000cd000000)
 Metaspace       used 19558K, capacity 19970K, committed 20224K, reserved 1067008K
  class space    used 2666K, capacity 2770K, committed 2816K, reserved 1048576K
Event: 729.513 GC heap after
Heap after GC invocations=9 (full 0):
 PSYoungGen      total 21504K, used 1113K [0x00000000ee400000, 0x00000000f0000000, 0x0000000100000000)
  eden space 14336K, 0% used [0x00000000ee400000,0x00000000ee400000,0x00000000ef200000)
  from space 7168K, 15% used [0x00000000ef200000,0x00000000ef316580,0x00000000ef900000)
  to   space 7168K, 0% used [0x00000000ef900000,0x00000000ef900000,0x00000000f0000000)
 ParOldGen       total 36864K, used 14729K [0x00000000cac00000, 0x00000000cd000000, 0x00000000ee400000)
  object space 36864K, 39% used [0x00000000cac00000,0x00000000cba62530,0x00000000cd000000)
 Metaspace       used 19558K, capacity 19970K, committed 20224K, reserved 1067008K
  class space    used 2666K, capacity 2770K, committed 2816K, reserved 1048576K
}
Event: 878.409 GC heap before
{Heap before GC invocations=10 (full 0):
 PSYoungGen      total 21504K, used 15449K [0x00000000ee400000, 0x00000000f0000000, 0x0000000100000000)
  eden space 14336K, 100% used [0x00000000ee400000,0x00000000ef200000,0x00000000ef200000)
  from space 7168K, 15% used [0x00000000ef200000,0x00000000ef316580,0x00000000ef900000)
  to   space 7168K, 0% used [0x00000000ef900000,0x00000000ef900000,0x00000000f0000000)
 ParOldGen       total 36864K, used 14729K [0x00000000cac00000, 0x00000000cd000000, 0x00000000ee400000)
  object space 36864K, 39% used [0x00000000cac00000,0x00000000cba62530,0x00000000cd000000)
 Metaspace       used 19685K, capacity 20034K, committed 20224K, reserved 1067008K
  class space    used 2678K, capacity 2770K, committed 2816K, reserved 1048576K
Event: 878.410 GC heap after
Heap after GC invocations=10 (full 0):
 PSYoungGen      total 21504K, used 2298K [0x00000000ee400000, 0x00000000f0000000, 0x0000000100000000)
  eden space 14336K, 0% used [0x00000000ee400000,0x00000000ee400000,0x00000000ef200000)
  from space 7168K, 32% used [0x00000000ef900000,0x00000000efb3ea30,0x00000000f0000000)
  to   space 7168K, 0% used [0x00000000ef200000,0x00000000ef200000,0x00000000ef900000)
 ParOldGen       total 36864K, used 14833K [0x00000000cac00000, 0x00000000cd000000, 0x00000000ee400000)
  object space 36864K, 40% used [0x00000000cac00000,0x00000000cba7c530,0x00000000cd000000)
 Metaspace       used 19685K, capacity 20034K, committed 20224K, reserved 1067008K
  class space    used 2678K, capacity 2770K, committed 2816K, reserved 1048576K
}
Event: 1089.286 GC heap before
{Heap before GC invocations=11 (full 0):
 PSYoungGen      total 21504K, used 16634K [0x00000000ee400000, 0x00000000f0000000, 0x0000000100000000)
  eden space 14336K, 100% used [0x00000000ee400000,0x00000000ef200000,0x00000000ef200000)
  from space 7168K, 32% used [0x00000000ef900000,0x00000000efb3ea30,0x00000000f0000000)
  to   space 7168K, 0% used [0x00000000ef200000,0x00000000ef200000,0x00000000ef900000)
 ParOldGen       total 36864K, used 14833K [0x00000000cac00000, 0x00000000cd000000, 0x00000000ee400000)
  object space 36864K, 40% used [0x00000000cac00000,0x00000000cba7c530,0x00000000cd000000)
 Metaspace       used 19893K, capacity 20308K, committed 20608K, reserved 1067008K
  class space    used 2706K, capacity 2837K, committed 2944K, reserved 1048576K
Event: 1089.289 GC heap after
Heap after GC invocations=11 (full 0):
 PSYoungGen      total 21504K, used 1527K [0x00000000ee400000, 0x00000000f0000000, 0x0000000100000000)
  eden space 14336K, 0% used [0x00000000ee400000,0x00000000ee400000,0x00000000ef200000)
  from space 7168K, 21% used [0x00000000ef200000,0x00000000ef37df88,0x00000000ef900000)
  to   space 7168K, 0% used [0x00000000ef900000,0x00000000ef900000,0x00000000f0000000)
 ParOldGen       total 36864K, used 15553K [0x00000000cac00000, 0x00000000cd000000, 0x00000000ee400000)
  object space 36864K, 42% used [0x00000000cac00000,0x00000000cbb30790,0x00000000cd000000)
 Metaspace       used 19893K, capacity 20308K, committed 20608K, reserved 1067008K
  class space    used 2706K, capacity 2837K, committed 2944K, reserved 1048576K
}
Event: 1242.175 GC heap before
{Heap before GC invocations=12 (full 0):
 PSYoungGen      total 21504K, used 15777K [0x00000000ee400000, 0x00000000f0000000, 0x0000000100000000)
  eden space 14336K, 99% used [0x00000000ee400000,0x00000000ef1ea7c0,0x00000000ef200000)
  from space 7168K, 21% used [0x00000000ef200000,0x00000000ef37df88,0x00000000ef900000)
  to   space 7168K, 0% used [0x00000000ef900000,0x00000000ef900000,0x00000000f0000000)
 ParOldGen       total 36864K, used 15553K [0x00000000cac00000, 0x00000000cd000000, 0x00000000ee400000)
  object space 36864K, 42% used [0x00000000cac00000,0x00000000cbb30790,0x00000000cd000000)
 Metaspace       used 20037K, capacity 20436K, committed 20608K, reserved 1067008K
  class space    used 2715K, capacity 2837K, committed 2944K, reserved 1048576K
Event: 1242.183 GC heap after
Heap after GC invocations=12 (full 0):
 PSYoungGen      total 20992K, used 4957K [0x00000000ee400000, 0x00000000f0100000, 0x0000000100000000)
  eden space 13824K, 0% used [0x00000000ee400000,0x00000000ee400000,0x00000000ef180000)
  from space 7168K, 69% used [0x00000000ef900000,0x00000000efdd76b0,0x00000000f0000000)
  to   space 7680K, 0% used [0x00000000ef180000,0x00000000ef180000,0x00000000ef900000)
 ParOldGen       total 36864K, used 25193K [0x00000000cac00000, 0x00000000cd000000, 0x00000000ee400000)
  object space 36864K, 68% used [0x00000000cac00000,0x00000000cc49a708,0x00000000cd000000)
 Metaspace       used 20037K, capacity 20436K, committed 20608K, reserved 1067008K
  class space    used 2715K, capacity 2837K, committed 2944K, reserved 1048576K
}

Deoptimization events (10 events):
Event: 1092.207 Thread 0x0000000057d0a800 Uncommon trap: reason=class_check action=maybe_recompile pc=0x0000000002a808d8 method=sun.awt.image.SurfaceManager.getManager(Ljava/awt/Image;)Lsun/awt/image/SurfaceManager; @ 13
Event: 1092.207 Thread 0x0000000057d0a800 Uncommon trap: reason=class_check action=maybe_recompile pc=0x0000000002a808d8 method=sun.awt.image.SurfaceManager.getManager(Ljava/awt/Image;)Lsun/awt/image/SurfaceManager; @ 13
Event: 1092.212 Thread 0x0000000057d0a800 Uncommon trap: reason=unstable_if action=reinterpret pc=0x0000000002e1c1e8 method=java.text.DecimalFormat.fastFormat(D)Ljava/lang/String; @ 4
Event: 1092.218 Thread 0x0000000057d0a800 Uncommon trap: reason=unstable_if action=reinterpret pc=0x00000000033f4a20 method=sun.misc.FloatingDecimal.getBinaryToASCIIConverter(DZ)Lsun/misc/FloatingDecimal$BinaryToASCIIConverter; @ 12
Event: 1092.218 Thread 0x0000000057d0a800 Uncommon trap: reason=unstable_if action=reinterpret pc=0x0000000003320e80 method=sun.font.CompositeGlyphMapper.charsToGlyphsNS(I[C[I)Z @ 103
Event: 1092.218 Thread 0x0000000057d0a800 Uncommon trap: reason=unstable_if action=reinterpret pc=0x000000000347c99c method=sun.font.FileFontStrike.getSlot0GlyphImagePtrs([I[JI)I @ 62
Event: 1092.219 Thread 0x0000000057d0a800 Uncommon trap: reason=unstable_if action=reinterpret pc=0x000000000347e838 method=sun.font.CompositeGlyphMapper.charsToGlyphsNS(I[C[I)Z @ 103
Event: 1092.223 Thread 0x0000000058245800 Uncommon trap: reason=unstable_if action=reinterpret pc=0x0000000003303e74 method=java.util.HashMap.removeNode(ILjava/lang/Object;Ljava/lang/Object;ZZ)Ljava/util/HashMap$Node; @ 121
Event: 1123.498 Thread 0x0000000057d0a800 Uncommon trap: reason=unstable_if action=reinterpret pc=0x00000000031a6d10 method=java.awt.DefaultKeyboardFocusManager.dispatchEvent(Ljava/awt/AWTEvent;)Z @ 828
Event: 1123.498 Thread 0x0000000057d0a800 Uncommon trap: reason=unstable_if action=reinterpret pc=0x0000000003080f24 method=java.awt.event.InvocationEvent.dispatch()V @ 4

Internal exceptions (10 events):
Event: 1092.138 Thread 0x0000000057d0a800 Exception <a 'java/io/IOException'> (0x00000000ee587c58) thrown at [C:\re\workspace\8-2-build-windows-amd64-cygwin\jdk8u131\8869\hotspot\src\share\vm\prims\jni.cpp, line 709]
Event: 1242.027 Thread 0x0000000057d0a800 Exception <a 'java/io/IOException'> (0x00000000ef13f978) thrown at [C:\re\workspace\8-2-build-windows-amd64-cygwin\jdk8u131\8869\hotspot\src\share\vm\prims\jni.cpp, line 709]
Event: 1242.027 Thread 0x0000000057d0a800 Exception <a 'java/io/IOException'> (0x00000000ef13fdf0) thrown at [C:\re\workspace\8-2-build-windows-amd64-cygwin\jdk8u131\8869\hotspot\src\share\vm\prims\jni.cpp, line 709]
Event: 1242.027 Thread 0x0000000057d0a800 Exception <a 'java/io/IOException'> (0x00000000ef140238) thrown at [C:\re\workspace\8-2-build-windows-amd64-cygwin\jdk8u131\8869\hotspot\src\share\vm\prims\jni.cpp, line 709]
Event: 1242.144 Thread 0x0000000057d0a800 Exception <a 'java/io/IOException'> (0x00000000ef142e40) thrown at [C:\re\workspace\8-2-build-windows-amd64-cygwin\jdk8u131\8869\hotspot\src\share\vm\prims\jni.cpp, line 709]
Event: 1242.144 Thread 0x0000000057d0a800 Exception <a 'java/io/IOException'> (0x00000000ef1432b8) thrown at [C:\re\workspace\8-2-build-windows-amd64-cygwin\jdk8u131\8869\hotspot\src\share\vm\prims\jni.cpp, line 709]
Event: 1242.144 Thread 0x0000000057d0a800 Exception <a 'java/io/IOException'> (0x00000000ef143700) thrown at [C:\re\workspace\8-2-build-windows-amd64-cygwin\jdk8u131\8869\hotspot\src\share\vm\prims\jni.cpp, line 709]
Event: 1339.423 Thread 0x0000000057d0a800 Exception <a 'java/io/IOException'> (0x00000000eef98200) thrown at [C:\re\workspace\8-2-build-windows-amd64-cygwin\jdk8u131\8869\hotspot\src\share\vm\prims\jni.cpp, line 709]
Event: 1339.423 Thread 0x0000000057d0a800 Exception <a 'java/io/IOException'> (0x00000000eef98678) thrown at [C:\re\workspace\8-2-build-windows-amd64-cygwin\jdk8u131\8869\hotspot\src\share\vm\prims\jni.cpp, line 709]
Event: 1339.423 Thread 0x0000000057d0a800 Exception <a 'java/io/IOException'> (0x00000000eef98ac0) thrown at [C:\re\workspace\8-2-build-windows-amd64-cygwin\jdk8u131\8869\hotspot\src\share\vm\prims\jni.cpp, line 709]

Events (10 events):
Event: 1328.474 Executing VM operation: BulkRevokeBias
Event: 1328.474 Executing VM operation: BulkRevokeBias done
Event: 1328.487 Executing VM operation: BulkRevokeBias
Event: 1328.487 Executing VM operation: BulkRevokeBias done
Event: 1328.501 Executing VM operation: RevokeBias
Event: 1328.501 Executing VM operation: RevokeBias done
Event: 1328.502 Executing VM operation: RevokeBias
Event: 1328.502 Executing VM operation: RevokeBias done
Event: 1328.531 Executing VM operation: BulkRevokeBias
Event: 1328.531 Executing VM operation: BulkRevokeBias done


Dynamic libraries:
0x000000013f800000 - 0x000000013f837000 	C:\Program Files\Java\jre1.8.0_131\bin\javaw.exe
0x0000000077690000 - 0x000000007783a000 	C:\Windows\SYSTEM32\ntdll.dll
0x0000000077570000 - 0x000000007768f000 	C:\Windows\system32\kernel32.dll
0x000007fefd690000 - 0x000007fefd6fa000 	C:\Windows\system32\KERNELBASE.dll
0x000007feff8c0000 - 0x000007feff99b000 	C:\Windows\system32\ADVAPI32.dll
0x000007feff420000 - 0x000007feff4bf000 	C:\Windows\system32\msvcrt.dll
0x000007feff2e0000 - 0x000007feff2ff000 	C:\Windows\SYSTEM32\sechost.dll
0x000007feff790000 - 0x000007feff8bd000 	C:\Windows\system32\RPCRT4.dll
0x0000000077470000 - 0x000000007756a000 	C:\Windows\system32\USER32.dll
0x000007fefeff0000 - 0x000007feff057000 	C:\Windows\system32\GDI32.dll
0x000007fefd870000 - 0x000007fefd87e000 	C:\Windows\system32\LPK.dll
0x000007fefef20000 - 0x000007fefefea000 	C:\Windows\system32\USP10.dll
0x000007fefc540000 - 0x000007fefc734000 	C:\Windows\WinSxS\amd64_microsoft.windows.common-controls_6595b64144ccf1df_6.0.7601.18837_none_fa3b1e3d17594757\COMCTL32.dll
0x000007fefdde0000 - 0x000007fefde51000 	C:\Windows\system32\SHLWAPI.dll
0x000007fefd7a0000 - 0x000007fefd7ce000 	C:\Windows\system32\IMM32.DLL
0x000007feff310000 - 0x000007feff419000 	C:\Windows\system32\MSCTF.dll
0x0000000078750000 - 0x0000000078822000 	C:\Program Files\Java\jre1.8.0_131\bin\msvcr100.dll
0x000000006fa40000 - 0x00000000702dc000 	C:\Program Files\Java\jre1.8.0_131\bin\server\jvm.dll
0x000007fefac30000 - 0x000007fefac39000 	C:\Windows\system32\WSOCK32.dll
0x000007feff740000 - 0x000007feff78d000 	C:\Windows\system32\WS2_32.dll
0x000007feff300000 - 0x000007feff308000 	C:\Windows\system32\NSI.dll
0x000007fefb2c0000 - 0x000007fefb2fb000 	C:\Windows\system32\WINMM.dll
0x000007fefc260000 - 0x000007fefc26c000 	C:\Windows\system32\VERSION.dll
0x0000000077850000 - 0x0000000077857000 	C:\Windows\system32\PSAPI.DLL
0x000000005aa20000 - 0x000000005aa2f000 	C:\Program Files\Java\jre1.8.0_131\bin\verify.dll
0x00000000574e0000 - 0x0000000057509000 	C:\Program Files\Java\jre1.8.0_131\bin\java.dll
0x00000000574c0000 - 0x00000000574d6000 	C:\Program Files\Java\jre1.8.0_131\bin\zip.dll
0x000007fefde60000 - 0x000007fefebea000 	C:\Windows\system32\SHELL32.dll
0x000007feff4c0000 - 0x000007feff6bc000 	C:\Windows\system32\ole32.dll
0x000007fefd390000 - 0x000007fefd39f000 	C:\Windows\system32\profapi.dll
0x000000006cff0000 - 0x000000006d188000 	C:\Program Files\Java\jre1.8.0_131\bin\awt.dll
0x000007fefd8a0000 - 0x000007fefd97a000 	C:\Windows\system32\OLEAUT32.dll
0x000007fefbee0000 - 0x000007fefbf36000 	C:\Windows\system32\uxtheme.dll
0x000007fefb7b0000 - 0x000007fefb7c8000 	C:\Windows\system32\dwmapi.dll
0x000007fefd220000 - 0x000007fefd22f000 	C:\Windows\system32\CRYPTBASE.dll
0x000007feee460000 - 0x000007feee57d000 	C:\Windows\system32\opengl32.dll
0x000007fefa770000 - 0x000007fefa79d000 	C:\Windows\system32\GLU32.dll
0x000007feed0a0000 - 0x000007feed191000 	C:\Windows\system32\DDRAW.dll
0x000007fefad90000 - 0x000007fefad98000 	C:\Windows\system32\DCIMAN32.dll
0x000007feff060000 - 0x000007feff237000 	C:\Windows\system32\SETUPAPI.dll
0x000007fefd5b0000 - 0x000007fefd5e6000 	C:\Windows\system32\CFGMGR32.dll
0x000007fefd510000 - 0x000007fefd52a000 	C:\Windows\system32\DEVOBJ.dll
0x000000006cfa0000 - 0x000000006cfe7000 	C:\Program Files\Java\jre1.8.0_131\bin\fontmanager.dll
0x00000000574a0000 - 0x00000000574ba000 	C:\Program Files\Java\jre1.8.0_131\bin\net.dll
0x000007fefcb60000 - 0x000007fefcbb5000 	C:\Windows\system32\mswsock.dll
0x000007fefcb50000 - 0x000007fefcb57000 	C:\Windows\System32\wship6.dll
0x0000000000420000 - 0x0000000000431000 	C:\Program Files\Java\jre1.8.0_131\bin\nio.dll
0x0000000055940000 - 0x0000000055982000 	C:\Program Files\Java\jre1.8.0_131\bin\t2k.dll
0x000007fee4e50000 - 0x000007fee51bc000 	C:\Program Files\USGS\vs2drti-1.4.0\bin\vs2drtJni.dll
0x000007fefd880000 - 0x000007fefd899000 	C:\Windows\system32\imagehlp.dll
0x000007fefa750000 - 0x000007fefa770000 	C:\Windows\system32\VCOMP110.DLL
0x000007feff240000 - 0x000007feff2d9000 	C:\Windows\system32\CLBCatQ.DLL
0x000007fefb600000 - 0x000007fefb761000 	C:\Windows\system32\WindowsCodecs.dll
0x000007fefd1c0000 - 0x000007fefd217000 	C:\Windows\system32\apphelp.dll
0x000007fef7f30000 - 0x000007fef7f75000 	C:\Program Files (x86)\Dropbox\Client\DropboxExt64.16.0.dll
0x000007fefb800000 - 0x000007fefb92c000 	C:\Windows\system32\propsys.dll
0x000007fefc230000 - 0x000007fefc25d000 	C:\Windows\system32\ntmarta.dll
0x000007fefd740000 - 0x000007fefd792000 	C:\Windows\system32\WLDAP32.dll
0x000007fef7f10000 - 0x000007fef7f2f000 	C:\Windows\system32\thumbcache.dll
0x000007fef7c70000 - 0x000007fef7cdb000 	C:\Windows\system32\PhotoMetadataHandler.dll
0x0000000063ca0000 - 0x0000000063cb6000 	C:\Program Files\Common Files\TortoiseOverlays\TortoiseOverlays.dll
0x0000000063c80000 - 0x0000000063c97000 	C:\Program Files\TortoiseSVN\bin\TortoiseStub.dll
0x0000000063c00000 - 0x0000000063c7d000 	C:\Program Files\TortoiseSVN\bin\TortoiseSVN.dll
0x000007fefebf0000 - 0x000007fefef11000 	C:\Windows\system32\WININET.dll
0x000007fefd550000 - 0x000007fefd554000 	C:\Windows\system32\api-ms-win-downlevel-user32-l1-1-0.dll
0x000007fefd530000 - 0x000007fefd534000 	C:\Windows\system32\api-ms-win-downlevel-shlwapi-l1-1-0.dll
0x000007fefd540000 - 0x000007fefd544000 	C:\Windows\system32\api-ms-win-downlevel-version-l1-1-0.dll
0x000007fefd5a0000 - 0x000007fefd5a3000 	C:\Windows\system32\api-ms-win-downlevel-normaliz-l1-1-0.dll
0x0000000077860000 - 0x0000000077863000 	C:\Windows\system32\normaliz.DLL
0x000007fefd980000 - 0x000007fefdc4a000 	C:\Windows\system32\iertutil.dll
0x000007fefd590000 - 0x000007fefd595000 	C:\Windows\system32\api-ms-win-downlevel-advapi32-l1-1-0.dll
0x000007fefd570000 - 0x000007fefd58e000 	C:\Windows\system32\USERENV.dll
0x000007fef77e0000 - 0x000007fef7c67000 	C:\Program Files\TortoiseSVN\bin\libsvn_tsvn.dll
0x0000000063bd0000 - 0x0000000063bfe000 	C:\Program Files\TortoiseSVN\bin\libapr_tsvn.dll
0x000007fef7700000 - 0x000007fef77d4000 	C:\Windows\system32\MSVCR110.dll
0x0000000063b80000 - 0x0000000063bc5000 	C:\Program Files\TortoiseSVN\bin\libaprutil_tsvn.dll
0x000007fef76e0000 - 0x000007fef76f1000 	C:\Program Files\TortoiseSVN\bin\intl3_tsvn.dll
0x000007fef76c0000 - 0x000007fef76d9000 	C:\Program Files\TortoiseSVN\bin\libsasl.dll
0x000007fefcfe0000 - 0x000007fefcfeb000 	C:\Windows\system32\Secur32.dll
0x000007fefd190000 - 0x000007fefd1b5000 	C:\Windows\system32\SSPICLI.DLL
0x000007fefd3a0000 - 0x000007fefd50d000 	C:\Windows\system32\CRYPT32.dll
0x000007fefd380000 - 0x000007fefd38f000 	C:\Windows\system32\MSASN1.dll
0x000007fef7610000 - 0x000007fef76b7000 	C:\Windows\system32\MSVCP110.dll
0x000007feee420000 - 0x000007feee451000 	C:\Program Files\USGS\vs2drti-1.4.0\bin\trimesh.dll
0x000007fef9720000 - 0x000007fef97c0000 	C:\Windows\WinSxS\amd64_microsoft.windows.common-controls_6595b64144ccf1df_5.82.7601.18837_none_a4d981ff711297b6\comctl32.dll
0x000007fef5520000 - 0x000007fef56bc000 	C:\Windows\system32\NetworkExplorer.dll
0x000007fef7540000 - 0x000007fef7574000 	C:\Windows\System32\shdocvw.dll
0x000007fefaeb0000 - 0x000007fefaebb000 	C:\Windows\system32\slc.dll
0x000007fef4c40000 - 0x000007fef4c58000 	C:\Windows\system32\MPR.dll
0x000007fefb7e0000 - 0x000007fefb7ea000 	C:\Windows\System32\drprov.dll
0x000007fefc790000 - 0x000007fefc7cd000 	C:\Windows\System32\WINSTA.dll
0x000007fef1380000 - 0x000007fef13a2000 	C:\Windows\System32\ntlanman.dll
0x000007fefa640000 - 0x000007fefa65e000 	C:\Windows\System32\davclnt.dll
0x000007fefa8c0000 - 0x000007fefa8ca000 	C:\Windows\System32\DAVHLPR.dll
0x000007fefb0d0000 - 0x000007fefb0e5000 	C:\Windows\system32\wkscli.dll
0x000007fef8910000 - 0x000007fef891f000 	C:\Windows\system32\cscapi.dll
0x000007fefc7f0000 - 0x000007fefc7fc000 	C:\Windows\system32\netutils.dll
0x000007fee5de0000 - 0x000007fee6051000 	C:\Windows\system32\wpdshext.dll
0x000007fefbcc0000 - 0x000007fefbed6000 	C:\Windows\WinSxS\amd64_microsoft.windows.gdiplus_6595b64144ccf1df_1.1.7601.23721_none_1457f4f68b936a93\gdiplus.dll
0x000007feef410000 - 0x000007feef4cd000 	C:\Windows\system32\PortableDeviceApi.dll
0x000007fefd700000 - 0x000007fefd73b000 	C:\Windows\system32\WINTRUST.dll
0x000007fefa6e0000 - 0x000007fefa715000 	C:\Windows\system32\EhStorShell.dll
0x000007fefa6b0000 - 0x000007fefa6d7000 	C:\Windows\system32\EhStorAPI.dll
0x000007fef7530000 - 0x000007fef753c000 	C:\Windows\system32\LINKINFO.dll
0x0000000056c30000 - 0x0000000056c5a000 	C:\Program Files\Java\jre1.8.0_131\bin\dcpr.dll
0x000007fefac40000 - 0x000007fefad65000 	C:\Windows\system32\dbghelp.dll

VM Arguments:
java_command: C:\Program Files\USGS\vs2drti-1.4.0\bin\vs2drti.jar
java_class_path (initial): C:\Program Files\USGS\vs2drti-1.4.0\bin\vs2drti.jar
Launcher Type: SUN_STANDARD

Environment Variables:
PATH=C:\Program Files\USGS\vs2drti-1.4.0\bin\;C:\ProgramData\Oracle\Java\javapath;C:\Program Files (x86)\Intel\ComposerXE-2011\redist\ia32\tbb\vc9;C:\Program Files (x86)\Intel\ComposerXE-2011\redist\intel64\tbb\vc9;C:\Program Files (x86)\Intel\ComposerXE-2011\redist\intel64\ipp;C:\Program Files (x86)\Intel\ComposerXE-2011\redist\ia32\ipp;C:\Program Files (x86)\Intel\ComposerXE-2011\redist\intel64\compiler;C:\Program Files (x86)\Intel\ComposerXE-2011\redist\ia32\compiler;C:\Program Files (x86)\Intel\ComposerXE-2011\compiler\lib;C:\Program Files (x86)\Intel\ComposerXE-2011\redist\intel64\mkl;C:\Program Files (x86)\Intel\ComposerXE-2011\redist\ia32\mkl;C:\Program Files (x86)\Intel\ComposerXE-2011\redist\intel64\mpirt;C:\Program Files (x86)\Intel\ComposerXE-2011\redist\intel64\compiler;C:\Program Files (x86)\Intel\ComposerXE-2011\redist\ia32\mpirt;C:\Program Files (x86)\Intel\ComposerXE-2011\redist\ia32\compiler;C:\Program Files (x86)\Intel\ComposerXE-2011\compiler\lib;C:\Program Files (x86)\Common Files\Microsoft Shared\VSA\9.0\VsaEnv;C:\Windows\system32;C:\Windows;C:\Windows\System32\Wbem;C:\Windows\System32\WindowsPowerShell\v1.0\;C:\Program Files\Intel\WiFi\bin\;C:\Program Files\Common Files\Intel\WirelessCommon\;C:\Program Files (x86)\Intel\Services\IPT\;C:\Program Files (x86)\Common Files\Roxio Shared\10.0\DLLShared\;C:\Program Files (x86)\Common Files\Roxio Shared\DLLShared\;c:\Program Files (x86)\Microsoft SQL Server\90\Tools\binn\;C:\Program Files (x86)\Google\Google Apps Sync\;C:\Program Files\USGS\phast-2.4.6-8538\\bin;c:\Program Files (x86)\Boost\boost_1_55_0\;C:\Program Files (x86)\Intel\OpenCL SDK\2.0\bin\x86;C:\Program Files (x86)\Intel\OpenCL SDK\2.0\bin\x64;C:\Program Files\TortoiseSVN\bin
USERNAME=rwhealy
OS=Windows_NT
PROCESSOR_IDENTIFIER=Intel64 Family 6 Model 42 Stepping 7, GenuineIntel



---------------  S Y S T E M  ---------------

OS: Windows 7 , 64 bit Build 7601 (6.1.7601.23796)

CPU:total 4 (initial active 4) (2 cores per cpu, 2 threads per core) family 6 model 42 stepping 7, cmov, cx8, fxsr, mmx, sse, sse2, sse3, ssse3, sse4.1, sse4.2, popcnt, avx, aes, clmul, ht, tsc, tscinvbit

Memory: 4k page, physical 3488324k(511612k free), swap 6974788k(2453080k free)

vm_info: Java HotSpot(TM) 64-Bit Server VM (25.131-b11) for windows-amd64 JRE (1.8.0_131-b11), built on Mar 15 2017 01:23:53 by "java_re" with MS VC++ 10.0 (VS2010)

time: Fri May 26 16:57:31 2017
elapsed time: 1339 seconds (0d 0h 22m 19s)

