
 TIME =    0.129600E+07 sec 

  1.0000000E+00  1.0000000E+00  1.0000000E+00
  1.0000000E+00  8.8031894E-01  1.0000000E+00
  1.0000000E+00  8.9042662E-01  1.0000000E+00
  1.0000000E+00  9.0033165E-01  1.0000000E+00
  1.0000000E+00  9.1001631E-01  1.0000000E+00
  1.0000000E+00  9.1946420E-01  1.0000000E+00
  1.0000000E+00  9.2866089E-01  1.0000000E+00
  1.0000000E+00  9.3759479E-01  1.0000000E+00
  1.0000000E+00  9.4625800E-01  1.0000000E+00
  1.0000000E+00  9.5464742E-01  1.0000000E+00
  1.0000000E+00  9.6276592E-01  1.0000000E+00
  1.0000000E+00  9.7062374E-01  1.0000000E+00
  1.0000000E+00  9.7824001E-01  1.0000000E+00
  1.0000000E+00  9.8564438E-01  1.0000000E+00
  1.0000000E+00  9.9287891E-01  1.0000000E+00
  1.0000000E+00  1.0000000E+00  1.0000000E+00
  1.0000000E+00  1.0000000E+00  1.0000000E+00
  0.0000000E+00  0.0000000E+00  0.0000000E+00
  0.0000000E+00  2.4556804E+01  0.0000000E+00
  0.0000000E+00  2.4462999E+01  0.0000000E+00
  0.0000000E+00  2.4360726E+01  0.0000000E+00
  0.0000000E+00  2.4250554E+01  0.0000000E+00
  0.0000000E+00  2.4133357E+01  0.0000000E+00
  0.0000000E+00  2.4010354E+01  0.0000000E+00
  0.0000000E+00  2.3883155E+01  0.0000000E+00
  0.0000000E+00  2.3753809E+01  0.0000000E+00
  0.0000000E+00  2.3624862E+01  0.0000000E+00
  0.0000000E+00  2.3499413E+01  0.0000000E+00
  0.0000000E+00  2.3381175E+01  0.0000000E+00
  0.0000000E+00  2.3274546E+01  0.0000000E+00
  0.0000000E+00  2.3184679E+01  0.0000000E+00
  0.0000000E+00  2.3117557E+01  0.0000000E+00
  0.0000000E+00  2.3080065E+01  0.0000000E+00
  0.0000000E+00  0.0000000E+00  0.0000000E+00
