                                   ++++++++++++++++++++++++++++++++++++++++++++++++++++++++++++
                                   +                           VS2DRT                         +
                                   +                        VERSION 1.1                       +
                                   +           SIMULATION OF 2-DIMENSIONAL VARIABLY           +
                                   +            SATURATED REACTIVE TRANSPORT                  +
                                   +                   THROUGH POROUS MEDIA.                  +
                                   ++++++++++++++++++++++++++++++++++++++++++++++++++++++++++++




 ****************************************************************************************************
                                                                                     
 ****************************************************************************************************

          SPACE AND TIME CONSTANTS
          -----------------------
     MAXIMUM SIMULATION TIME =   0.129600E+07 sec 
     STARTING TIME =     0.0000
     NUMBER OF RECHARGE PERIODS =         1
     MAXIMUM NUMBER OF TIME STEPS =       1000
     NUMBER OF ROWS =     17
     NUMBER OF COLUMNS =      3
     AXES TILTED BY ANGLE =     0.00
          SOLUTION OPTIONS
          ----------------
     WRITE ALL PRESSURE HEADS TO FILE 8 AT OBSERVATION TIMES? F
     STOP SOLUTION IF MAXIMUM NO. OF ITERATIONS EXCEEDED IN ANY TIME STEP? T
     WRITE BOUNDARY FLUXES TO FILE 7? F
     WRITE RESULTS AT SELECTED OBSERVATION POINTS TO FILE 11? F
     WRITE MASS BALANCE RATES TO FILE 9? T
     WRITE MASS BALANCE RATES TO FILE 6? F
     WRITE MOISTURE CONTENTS TO FILE 6? F
     WRITE SATURATIONS TO FILE 6? F
     WRITE PRESSURE HEADS TO FILE 6? T
     WRITE TOTAL HEADS TO FILE 6? F
     WRITE VELOCITIES TO FILE 6? F
H2O       
H         
O         
Charge    
Amm       
C         
N         
                                                  GRID SPACING IN VERTICAL DIRECTION, IN m   
     0.100     0.100     0.100     0.100     0.100     0.100     0.100     0.100     0.100     0.100
     0.100     0.100     0.100     0.100     0.100     0.100     0.100
                                                  GRID SPACING IN HORIZONTAL OR RADIAL DIRECTION, IN m   
     1.000     1.000     1.000
     MASS BALANCE COMPONENTS WRITTEN TO FILE 9
       31  32  33  70  71  72
     COORDINATE SYSTEM IS RECTANGULAR
     TRANSPORT TO BE SIMULATED
     CENTRAL DIFFERENCING IN SPACE USED FOR TRANSPORT EQUATION
     CENTRAL DIFFERENCING IN TIME USED FOR TRANSPORT EQUATION
     MATRIX EQUATIONS TO BE SOLVED BY SIP
          INITIAL MOISTURE PARAMETERS
          ___________________________

     CONVERGENCE CRITERION FOR SIP FOR FLOW (EPS) =   1.000E-05 m   
     CONVERGENCE CRITERION FOR SIP FOR HEAT TRANSPORT (EPS1) =   1.000E-07
     CONVERGENCE CRITERION FOR OUTER'ITERATION (EPS2)  =    1.000E-05
     CONVERGENCE CRITERION'FOR SIP FOR SOLUTE TRANSPORT(EPS3) =   1.000E-09
     DAMPING FACTOR,HMAX = ,   7.000E-01
     ARITHEMTIC MEAN USED FOR INTERCELL CONDUCTIVITY
     NUMBER OF SOIL TEXTURAL CLASSES =          2
     NUMBER OF SOIL PARAMETERS FOR EACH CLASS =          6
     NUMBER OF HEAT TRANSPORT PARAMETERS FOR EACH CLASS =          6
     NUMBER OF SOLUTE TRANSPORT PARAMETERS FOR EACH CLASS =          3
     MINIMUM PERMITTED NO. OF ITERATIONS/TIME STEP =         2
     MAXIMUM PERMITTED NO. OF ITERATIONS/TIME STEP =       200
                                         CONSTANTS FOR SOIL TEXTURAL CLASSES

          ANISOTROPY       KSAT     SPECIFIC    POROSITY
                                    STORAGE
            ALPHAL        ALPHAT      Cs         KT MIN     KT MAX        Cw   
            ALPHAL        ALPHAT      DM        SOLUTION    EQ_PHASE    EXCHANGE    SURFACE     GAS_PHAS    SOLID_SO    KINETICS
 CLASS # 1
            1.000D+00   0.000D+00   0.000D+00   0.000D+00   0.000D+00   0.000D+00   0.000D+00
            0.000D+00   0.000D+00   0.000D+00   0.000D+00   0.000D+00   0.000D+00
            0.000D+00   0.000D+00   0.000D+00
 CLASS # 2
            1.000D+00   1.160D-06   1.000D-06   1.000D+00   5.050D-03   1.700D-01   7.000D+00
            1.000D-01   1.000D-01   2.180D+06   1.000D+00   1.800D+00   4.180D+06
            1.000D-01   1.000D-01   0.000D+00
      TEXTURAL CLASS INDEX MAP


     TEXTURAL CLASS TO BE READ IN FOR EACH ROW
          1  111
          2  121
          3  121
          4  121
          5  121
          6  121
          7  121
          8  121
          9  121
         10  121
         11  121
         12  121
         13  121
         14  121
         15  121
         16  121
         17  111
     INITIAL PRESSURE HEAD OR MOISTURE CONTENT WAS SET TO A CONSTANT VALUE OF   1.000E+00
     INITIAL TEMPERATURE SET TO A CONSTANT VALUE OF    2.000E+01
    H2O         0.000000
    H           0.000000
    O           0.000000
    Charge      0.000000
    Amm         0.000000
    C           0.000000
    N           0.000000
                                                                                      
     TOTAL ELAPSED TIME =  0.000000E+00 sec 
     TIME STEP         0


                                                   PRESSURE HEAD
  Z, IN
  m                       X OR R DISTANCE, IN m   
                0.500
     0.050  1.000E+00
     0.150  1.000E+00
     0.250  1.000E+00
     0.350  1.000E+00
     0.450  1.000E+00
     0.550  1.000E+00
     0.650  1.000E+00
     0.750  1.000E+00
     0.850  1.000E+00
     0.950  1.000E+00
     1.050  1.000E+00
     1.150  1.000E+00
     1.250  1.000E+00
     1.350  1.000E+00
     1.450  1.000E+00
                                                   TEMPERATURE
  Z, IN
  m                       X OR R DISTANCE, IN m   
                0.500
     0.050    20.0000
     0.150    20.0000
     0.250    20.0000
     0.350    20.0000
     0.450    20.0000
     0.550    20.0000
     0.650    20.0000
     0.750    20.0000
     0.850    20.0000
     0.950    20.0000
     1.050    20.0000
     1.150    20.0000
     1.250    20.0000
     1.350    20.0000
     1.450    20.0000
                                                   CONCENTRATION
  Z, IN
  m                       X OR R DISTANCE, IN m   
              0.50
H2O       
     0.05 9.98E+05
     0.15 9.98E+05
     0.25 9.98E+05
     0.35 9.98E+05
     0.45 9.98E+05
     0.55 9.98E+05
     0.65 9.98E+05
     0.75 9.98E+05
     0.85 9.98E+05
     0.95 9.98E+05
     1.05 9.98E+05
     1.15 9.98E+05
     1.25 9.98E+05
     1.35 9.98E+05
     1.45 9.98E+05
H         
     0.05 1.67E-04
     0.15 1.67E-04
     0.25 1.67E-04
     0.35 1.67E-04
     0.45 1.67E-04
     0.55 1.67E-04
     0.65 1.67E-04
     0.75 1.67E-04
     0.85 1.67E-04
     0.95 1.67E-04
     1.05 1.67E-04
     1.15 1.67E-04
     1.25 1.67E-04
     1.35 1.67E-04
     1.45 1.67E-04
O         
     0.05 8.21E+00
     0.15 8.21E+00
     0.25 8.21E+00
     0.35 8.21E+00
     0.45 8.21E+00
     0.55 8.21E+00
     0.65 8.21E+00
     0.75 8.21E+00
     0.85 8.21E+00
     0.95 8.21E+00
     1.05 8.21E+00
     1.15 8.21E+00
     1.25 8.21E+00
     1.35 8.21E+00
     1.45 8.21E+00
Charge    
     0.05-9.99E-04
     0.15-9.99E-04
     0.25-9.99E-04
     0.35-9.99E-04
     0.45-9.99E-04
     0.55-9.99E-04
     0.65-9.99E-04
     0.75-9.99E-04
     0.85-9.99E-04
     0.95-9.99E-04
     1.05-9.99E-04
     1.15-9.99E-04
     1.25-9.99E-04
     1.35-9.99E-04
     1.45-9.99E-04
Amm       
     0.05 0.00E+00
     0.15 0.00E+00
     0.25 0.00E+00
     0.35 0.00E+00
     0.45 0.00E+00
     0.55 0.00E+00
     0.65 0.00E+00
     0.75 0.00E+00
     0.85 0.00E+00
     0.95 0.00E+00
     1.05 0.00E+00
     1.15 0.00E+00
     1.25 0.00E+00
     1.35 0.00E+00
     1.45 0.00E+00
C         
     0.05 0.00E+00
     0.15 0.00E+00
     0.25 0.00E+00
     0.35 0.00E+00
     0.45 0.00E+00
     0.55 0.00E+00
     0.65 0.00E+00
     0.75 0.00E+00
     0.85 0.00E+00
     0.95 0.00E+00
     1.05 0.00E+00
     1.15 0.00E+00
     1.25 0.00E+00
     1.35 0.00E+00
     1.45 0.00E+00
N         
     0.05 1.40E-02
     0.15 1.40E-02
     0.25 1.40E-02
     0.35 1.40E-02
     0.45 1.40E-02
     0.55 1.40E-02
     0.65 1.40E-02
     0.75 1.40E-02
     0.85 1.40E-02
     0.95 1.40E-02
     1.05 1.40E-02
     1.15 1.40E-02
     1.25 1.40E-02
     1.35 1.40E-02
     1.45 1.40E-02
      DATA FOR RECHARGE PERIOD         1

          LENGTH OF THIS PERIOD =   1.29600E+06 sec 
          LENGTH OF INITIAL TIME STEP FOR THIS PERIOD =   8.64000E+03 sec 
          MULTIPLIER FOR TIME STEP =  1.000E+00
          MAXIMUM TIME STEP SIZE =    8.64000E+04 sec 
          MINIMUM TIME STEP SIZE =    8.64000E+03 sec 
          TIME STEP REDUCTION FACTOR =  0.000E+00
               MAXIMUM PRESSURE HEAD CHANGE ALLOWED IN ONE TIME STEP =  10.000
               STEADY-STATE CLOSURE CRITERION =  0.000E+00
               MAXIMUM DEPTH OF PONDING =  1.000E+01
               PRINT SOLUTION AFTER EVERY TIME STEP? F
               SIMULATE EVAPORATION? F
               SIMULATE EVAPOTRANSPIRATION? F
               SIMULATE SEEPAGE FACES? F

 temerature setting at the boundary
      NODE TYPE AND INITIAL BOUNDARY CONDITIONS FOR PERIOD         1
      LEGEND: 
               0 = INTERIOR CELL
               1 = SPECIFIED PRESSURE HEAD CELL
               2 = SPECIFIED FLUX CELL
               3 = POTENTIAL SEEPAGE FACE NODE
               5 = NODE FOR WHICH EVAPORATION IS PERMITTED
               7 = GRAVITY DRAIN CELL

     1     000
     2     020
     3     000
     4     000
     5     000
     6     000
     7     000
     8     000
     9     000
    10     000
    11     000
    12     000
    13     000
    14     000
    15     000
    16     010
    17     000
 TIME STEP         1  TIME =   0.864000E+04  NIT =     6  NIT1 =    21  NIT3 =     2  NIS1 =    14
 TIME STEP         2  TIME =   0.172800E+05  NIT =     6  NIT1 =    21  NIT3 =     2  NIS1 =    14
 TIME STEP         3  TIME =   0.259200E+05  NIT =     6  NIT1 =    21  NIT3 =     2  NIS1 =    14
 TIME STEP         4  TIME =   0.345600E+05  NIT =     6  NIT1 =    20  NIT3 =     2  NIS1 =    14
 TIME STEP         5  TIME =   0.432000E+05  NIT =     6  NIT1 =    20  NIT3 =     2  NIS1 =    14
 TIME STEP         6  TIME =   0.518400E+05  NIT =     6  NIT1 =    19  NIT3 =     2  NIS1 =    13
 TIME STEP         7  TIME =   0.604800E+05  NIT =     6  NIT1 =    19  NIT3 =     2  NIS1 =    13
 TIME STEP         8  TIME =   0.691200E+05  NIT =     6  NIT1 =    19  NIT3 =     2  NIS1 =    13
 TIME STEP         9  TIME =   0.777600E+05  NIT =     6  NIT1 =    19  NIT3 =     2  NIS1 =    13
 TIME STEP        10  TIME =   0.864000E+05  NIT =     6  NIT1 =    19  NIT3 =     2  NIS1 =    13
 TIME STEP        11  TIME =   0.950400E+05  NIT =     6  NIT1 =    19  NIT3 =     2  NIS1 =    13
 TIME STEP        12  TIME =   0.103680E+06  NIT =     6  NIT1 =    19  NIT3 =     2  NIS1 =    13
 TIME STEP        13  TIME =   0.112320E+06  NIT =     6  NIT1 =    19  NIT3 =     2  NIS1 =    13
 TIME STEP        14  TIME =   0.120960E+06  NIT =     6  NIT1 =    19  NIT3 =     2  NIS1 =    13
 TIME STEP        15  TIME =   0.129600E+06  NIT =     6  NIT1 =    19  NIT3 =     2  NIS1 =    13
 TIME STEP        16  TIME =   0.138240E+06  NIT =     6  NIT1 =    18  NIT3 =     2  NIS1 =    13
 TIME STEP        17  TIME =   0.146880E+06  NIT =     6  NIT1 =    18  NIT3 =     2  NIS1 =    13
 TIME STEP        18  TIME =   0.155520E+06  NIT =     6  NIT1 =    18  NIT3 =     2  NIS1 =    13
 TIME STEP        19  TIME =   0.164160E+06  NIT =     6  NIT1 =    18  NIT3 =     2  NIS1 =    13
 TIME STEP        20  TIME =   0.172800E+06  NIT =     6  NIT1 =    18  NIT3 =     2  NIS1 =    13
 TIME STEP        21  TIME =   0.181440E+06  NIT =     6  NIT1 =    18  NIT3 =     2  NIS1 =    13
 TIME STEP        22  TIME =   0.190080E+06  NIT =     6  NIT1 =    18  NIT3 =     2  NIS1 =    13
 TIME STEP        23  TIME =   0.198720E+06  NIT =     6  NIT1 =    18  NIT3 =     2  NIS1 =    13
 TIME STEP        24  TIME =   0.207360E+06  NIT =     6  NIT1 =    18  NIT3 =     2  NIS1 =    13
 TIME STEP        25  TIME =   0.216000E+06  NIT =     6  NIT1 =    18  NIT3 =     2  NIS1 =    13
 TIME STEP        26  TIME =   0.224640E+06  NIT =     6  NIT1 =    17  NIT3 =     2  NIS1 =    13
 TIME STEP        27  TIME =   0.233280E+06  NIT =     6  NIT1 =    17  NIT3 =     2  NIS1 =    13
 TIME STEP        28  TIME =   0.241920E+06  NIT =     6  NIT1 =    17  NIT3 =     2  NIS1 =    12
 TIME STEP        29  TIME =   0.250560E+06  NIT =     6  NIT1 =    17  NIT3 =     2  NIS1 =    13
 TIME STEP        30  TIME =   0.259200E+06  NIT =     6  NIT1 =    17  NIT3 =     2  NIS1 =    13
 TIME STEP        31  TIME =   0.267840E+06  NIT =     6  NIT1 =    17  NIT3 =     2  NIS1 =    13
 TIME STEP        32  TIME =   0.276480E+06  NIT =     6  NIT1 =    17  NIT3 =     2  NIS1 =    13
 TIME STEP        33  TIME =   0.285120E+06  NIT =     6  NIT1 =    17  NIT3 =     2  NIS1 =    12
 TIME STEP        34  TIME =   0.293760E+06  NIT =     6  NIT1 =    17  NIT3 =     2  NIS1 =    13
 TIME STEP        35  TIME =   0.302400E+06  NIT =     6  NIT1 =    17  NIT3 =     2  NIS1 =    13
 TIME STEP        36  TIME =   0.311040E+06  NIT =     6  NIT1 =    17  NIT3 =     2  NIS1 =    13
 TIME STEP        37  TIME =   0.319680E+06  NIT =     6  NIT1 =    17  NIT3 =     2  NIS1 =    12
 TIME STEP        38  TIME =   0.328320E+06  NIT =     6  NIT1 =    17  NIT3 =     2  NIS1 =    12
 TIME STEP        39  TIME =   0.336960E+06  NIT =     6  NIT1 =    17  NIT3 =     2  NIS1 =    12
 TIME STEP        40  TIME =   0.345600E+06  NIT =     6  NIT1 =    17  NIT3 =     2  NIS1 =    12
 TIME STEP        41  TIME =   0.354240E+06  NIT =     6  NIT1 =    17  NIT3 =     2  NIS1 =    12
 TIME STEP        42  TIME =   0.362880E+06  NIT =     6  NIT1 =    17  NIT3 =     2  NIS1 =    12
 TIME STEP        43  TIME =   0.371520E+06  NIT =     6  NIT1 =    17  NIT3 =     2  NIS1 =    12
 TIME STEP        44  TIME =   0.380160E+06  NIT =     6  NIT1 =    17  NIT3 =     2  NIS1 =    12
 TIME STEP        45  TIME =   0.388800E+06  NIT =     6  NIT1 =    17  NIT3 =     2  NIS1 =    12
 TIME STEP        46  TIME =   0.397440E+06  NIT =     6  NIT1 =    17  NIT3 =     2  NIS1 =    12
 TIME STEP        47  TIME =   0.406080E+06  NIT =     6  NIT1 =    17  NIT3 =     2  NIS1 =    12
 TIME STEP        48  TIME =   0.414720E+06  NIT =     6  NIT1 =    17  NIT3 =     2  NIS1 =    12
 TIME STEP        49  TIME =   0.423360E+06  NIT =     6  NIT1 =    17  NIT3 =     2  NIS1 =    12
 TIME STEP        50  TIME =   0.432000E+06  NIT =     6  NIT1 =    17  NIT3 =     2  NIS1 =    12
 TIME STEP        51  TIME =   0.440640E+06  NIT =     6  NIT1 =    17  NIT3 =     2  NIS1 =    12
 TIME STEP        52  TIME =   0.449280E+06  NIT =     6  NIT1 =    17  NIT3 =     2  NIS1 =    12
 TIME STEP        53  TIME =   0.457920E+06  NIT =     6  NIT1 =    17  NIT3 =     2  NIS1 =    12
 TIME STEP        54  TIME =   0.466560E+06  NIT =     6  NIT1 =    17  NIT3 =     2  NIS1 =    12
 TIME STEP        55  TIME =   0.475200E+06  NIT =     6  NIT1 =    17  NIT3 =     2  NIS1 =    12
 TIME STEP        56  TIME =   0.483840E+06  NIT =     6  NIT1 =    17  NIT3 =     2  NIS1 =    12
 TIME STEP        57  TIME =   0.492480E+06  NIT =     6  NIT1 =    17  NIT3 =     2  NIS1 =    12
 TIME STEP        58  TIME =   0.501120E+06  NIT =     6  NIT1 =    17  NIT3 =     2  NIS1 =    12
 TIME STEP        59  TIME =   0.509760E+06  NIT =     6  NIT1 =    17  NIT3 =     2  NIS1 =    12
 TIME STEP        60  TIME =   0.518400E+06  NIT =     6  NIT1 =    17  NIT3 =     2  NIS1 =    12
 TIME STEP        61  TIME =   0.527040E+06  NIT =     6  NIT1 =    17  NIT3 =     2  NIS1 =    12
 TIME STEP        62  TIME =   0.535680E+06  NIT =     6  NIT1 =    17  NIT3 =     2  NIS1 =    12
 TIME STEP        63  TIME =   0.544320E+06  NIT =     6  NIT1 =    17  NIT3 =     2  NIS1 =    12
 TIME STEP        64  TIME =   0.552960E+06  NIT =     6  NIT1 =    17  NIT3 =     2  NIS1 =    12
 TIME STEP        65  TIME =   0.561600E+06  NIT =     6  NIT1 =    17  NIT3 =     2  NIS1 =    12
 TIME STEP        66  TIME =   0.570240E+06  NIT =     6  NIT1 =    17  NIT3 =     2  NIS1 =    12
 TIME STEP        67  TIME =   0.578880E+06  NIT =     6  NIT1 =    17  NIT3 =     2  NIS1 =    12
 TIME STEP        68  TIME =   0.587520E+06  NIT =     6  NIT1 =    16  NIT3 =     2  NIS1 =    12
 TIME STEP        69  TIME =   0.596160E+06  NIT =     6  NIT1 =    16  NIT3 =     2  NIS1 =    12
 TIME STEP        70  TIME =   0.604800E+06  NIT =     6  NIT1 =    16  NIT3 =     2  NIS1 =    12
 TIME STEP        71  TIME =   0.613440E+06  NIT =     6  NIT1 =    16  NIT3 =     2  NIS1 =    12
 TIME STEP        72  TIME =   0.622080E+06  NIT =     6  NIT1 =    16  NIT3 =     2  NIS1 =    12
 TIME STEP        73  TIME =   0.630720E+06  NIT =     6  NIT1 =    16  NIT3 =     2  NIS1 =    12
 TIME STEP        74  TIME =   0.639360E+06  NIT =     6  NIT1 =    16  NIT3 =     2  NIS1 =    12
 TIME STEP        75  TIME =   0.648000E+06  NIT =     6  NIT1 =    16  NIT3 =     2  NIS1 =    12
 TIME STEP        76  TIME =   0.656640E+06  NIT =     6  NIT1 =    16  NIT3 =     2  NIS1 =    12
 TIME STEP        77  TIME =   0.665280E+06  NIT =     6  NIT1 =    16  NIT3 =     2  NIS1 =    12
 TIME STEP        78  TIME =   0.673920E+06  NIT =     6  NIT1 =    16  NIT3 =     2  NIS1 =    12
 TIME STEP        79  TIME =   0.682560E+06  NIT =     6  NIT1 =    16  NIT3 =     2  NIS1 =    12
 TIME STEP        80  TIME =   0.691200E+06  NIT =     6  NIT1 =    16  NIT3 =     2  NIS1 =    12
 TIME STEP        81  TIME =   0.699840E+06  NIT =     6  NIT1 =    16  NIT3 =     2  NIS1 =    12
 TIME STEP        82  TIME =   0.708480E+06  NIT =     6  NIT1 =    16  NIT3 =     2  NIS1 =    12
 TIME STEP        83  TIME =   0.717120E+06  NIT =     6  NIT1 =    16  NIT3 =     2  NIS1 =    12
 TIME STEP        84  TIME =   0.725760E+06  NIT =     6  NIT1 =    16  NIT3 =     2  NIS1 =    12
 TIME STEP        85  TIME =   0.734400E+06  NIT =     6  NIT1 =    16  NIT3 =     2  NIS1 =    12
 TIME STEP        86  TIME =   0.743040E+06  NIT =     6  NIT1 =    16  NIT3 =     2  NIS1 =    12
 TIME STEP        87  TIME =   0.751680E+06  NIT =     6  NIT1 =    16  NIT3 =     2  NIS1 =    12
 TIME STEP        88  TIME =   0.760320E+06  NIT =     6  NIT1 =    16  NIT3 =     2  NIS1 =    12
 TIME STEP        89  TIME =   0.768960E+06  NIT =     6  NIT1 =    16  NIT3 =     2  NIS1 =    12
 TIME STEP        90  TIME =   0.777600E+06  NIT =     6  NIT1 =    16  NIT3 =     2  NIS1 =    12
 TIME STEP        91  TIME =   0.786240E+06  NIT =     6  NIT1 =    16  NIT3 =     2  NIS1 =    12
 TIME STEP        92  TIME =   0.794880E+06  NIT =     6  NIT1 =    16  NIT3 =     2  NIS1 =    12
 TIME STEP        93  TIME =   0.803520E+06  NIT =     6  NIT1 =    16  NIT3 =     2  NIS1 =    12
 TIME STEP        94  TIME =   0.812160E+06  NIT =     6  NIT1 =    16  NIT3 =     2  NIS1 =    12
 TIME STEP        95  TIME =   0.820800E+06  NIT =     6  NIT1 =    16  NIT3 =     2  NIS1 =    12
 TIME STEP        96  TIME =   0.829440E+06  NIT =     6  NIT1 =    16  NIT3 =     2  NIS1 =    12
 TIME STEP        97  TIME =   0.838080E+06  NIT =     6  NIT1 =    16  NIT3 =     2  NIS1 =    12
 TIME STEP        98  TIME =   0.846720E+06  NIT =     6  NIT1 =    16  NIT3 =     2  NIS1 =    12
 TIME STEP        99  TIME =   0.855360E+06  NIT =     6  NIT1 =    16  NIT3 =     2  NIS1 =    12
 TIME STEP       100  TIME =   0.864000E+06  NIT =     6  NIT1 =    16  NIT3 =     2  NIS1 =    12
 TIME STEP       101  TIME =   0.872640E+06  NIT =     6  NIT1 =    16  NIT3 =     2  NIS1 =    12
 TIME STEP       102  TIME =   0.881280E+06  NIT =     6  NIT1 =    16  NIT3 =     2  NIS1 =    12
 TIME STEP       103  TIME =   0.889920E+06  NIT =     6  NIT1 =    16  NIT3 =     2  NIS1 =    12
 TIME STEP       104  TIME =   0.898560E+06  NIT =     6  NIT1 =    16  NIT3 =     2  NIS1 =    12
 TIME STEP       105  TIME =   0.907200E+06  NIT =     6  NIT1 =    15  NIT3 =     2  NIS1 =    12
 TIME STEP       106  TIME =   0.915840E+06  NIT =     6  NIT1 =    16  NIT3 =     2  NIS1 =    12
 TIME STEP       107  TIME =   0.924480E+06  NIT =     6  NIT1 =    16  NIT3 =     2  NIS1 =    12
 TIME STEP       108  TIME =   0.933120E+06  NIT =     6  NIT1 =    16  NIT3 =     2  NIS1 =    12
 TIME STEP       109  TIME =   0.941760E+06  NIT =     6  NIT1 =    16  NIT3 =     2  NIS1 =    12
 TIME STEP       110  TIME =   0.950400E+06  NIT =     6  NIT1 =    16  NIT3 =     2  NIS1 =    12
 TIME STEP       111  TIME =   0.959040E+06  NIT =     6  NIT1 =    16  NIT3 =     2  NIS1 =    12
 TIME STEP       112  TIME =   0.967680E+06  NIT =     6  NIT1 =    16  NIT3 =     2  NIS1 =    12
 TIME STEP       113  TIME =   0.976320E+06  NIT =     6  NIT1 =    16  NIT3 =     2  NIS1 =    12
 TIME STEP       114  TIME =   0.984960E+06  NIT =     6  NIT1 =    16  NIT3 =     2  NIS1 =    12
 TIME STEP       115  TIME =   0.993600E+06  NIT =     6  NIT1 =    16  NIT3 =     2  NIS1 =    12
 TIME STEP       116  TIME =   0.100224E+07  NIT =     6  NIT1 =    16  NIT3 =     2  NIS1 =    12
 TIME STEP       117  TIME =   0.101088E+07  NIT =     6  NIT1 =    16  NIT3 =     2  NIS1 =    12
 TIME STEP       118  TIME =   0.101952E+07  NIT =     6  NIT1 =    16  NIT3 =     2  NIS1 =    12
 TIME STEP       119  TIME =   0.102816E+07  NIT =     6  NIT1 =    16  NIT3 =     2  NIS1 =    12
 TIME STEP       120  TIME =   0.103680E+07  NIT =     6  NIT1 =    16  NIT3 =     2  NIS1 =    12
 TIME STEP       121  TIME =   0.104544E+07  NIT =     6  NIT1 =    16  NIT3 =     2  NIS1 =    12
 TIME STEP       122  TIME =   0.105408E+07  NIT =     6  NIT1 =    16  NIT3 =     2  NIS1 =    12
 TIME STEP       123  TIME =   0.106272E+07  NIT =     6  NIT1 =    16  NIT3 =     2  NIS1 =    12
 TIME STEP       124  TIME =   0.107136E+07  NIT =     6  NIT1 =    16  NIT3 =     2  NIS1 =    12
 TIME STEP       125  TIME =   0.108000E+07  NIT =     6  NIT1 =    16  NIT3 =     2  NIS1 =    12
 TIME STEP       126  TIME =   0.108864E+07  NIT =     6  NIT1 =    16  NIT3 =     2  NIS1 =    12
 TIME STEP       127  TIME =   0.109728E+07  NIT =     6  NIT1 =    16  NIT3 =     2  NIS1 =    12
 TIME STEP       128  TIME =   0.110592E+07  NIT =     6  NIT1 =    16  NIT3 =     2  NIS1 =    12
 TIME STEP       129  TIME =   0.111456E+07  NIT =     6  NIT1 =    16  NIT3 =     2  NIS1 =    12
 TIME STEP       130  TIME =   0.112320E+07  NIT =     6  NIT1 =    16  NIT3 =     2  NIS1 =    12
 TIME STEP       131  TIME =   0.113184E+07  NIT =     6  NIT1 =    16  NIT3 =     2  NIS1 =    12
 TIME STEP       132  TIME =   0.114048E+07  NIT =     6  NIT1 =    16  NIT3 =     2  NIS1 =    12
 TIME STEP       133  TIME =   0.114912E+07  NIT =     6  NIT1 =    15  NIT3 =     2  NIS1 =    12
 TIME STEP       134  TIME =   0.115776E+07  NIT =     6  NIT1 =    15  NIT3 =     2  NIS1 =    12
 TIME STEP       135  TIME =   0.116640E+07  NIT =     6  NIT1 =    15  NIT3 =     2  NIS1 =    12
 TIME STEP       136  TIME =   0.117504E+07  NIT =     6  NIT1 =    15  NIT3 =     2  NIS1 =    12
 TIME STEP       137  TIME =   0.118368E+07  NIT =     6  NIT1 =    15  NIT3 =     2  NIS1 =    12
 TIME STEP       138  TIME =   0.119232E+07  NIT =     6  NIT1 =    15  NIT3 =     2  NIS1 =    12
 TIME STEP       139  TIME =   0.120096E+07  NIT =     6  NIT1 =    15  NIT3 =     2  NIS1 =    12
 TIME STEP       140  TIME =   0.120960E+07  NIT =     6  NIT1 =    15  NIT3 =     2  NIS1 =    12
 TIME STEP       141  TIME =   0.121824E+07  NIT =     5  NIT1 =    16  NIT3 =     2  NIS1 =    12
 TIME STEP       142  TIME =   0.122688E+07  NIT =     6  NIT1 =    14  NIT3 =     2  NIS1 =    12
 TIME STEP       143  TIME =   0.123552E+07  NIT =     6  NIT1 =    15  NIT3 =     2  NIS1 =    12
 TIME STEP       144  TIME =   0.124416E+07  NIT =     5  NIT1 =    16  NIT3 =     2  NIS1 =    12
 TIME STEP       145  TIME =   0.125280E+07  NIT =     6  NIT1 =    14  NIT3 =     2  NIS1 =    12
 TIME STEP       146  TIME =   0.126144E+07  NIT =     6  NIT1 =    15  NIT3 =     2  NIS1 =    12
 TIME STEP       147  TIME =   0.127008E+07  NIT =     5  NIT1 =    16  NIT3 =     2  NIS1 =    12
 TIME STEP       148  TIME =   0.127872E+07  NIT =     6  NIT1 =    14  NIT3 =     2  NIS1 =    12
 TIME STEP       149  TIME =   0.128736E+07  NIT =     6  NIT1 =    15  NIT3 =     2  NIS1 =    12
 TIME STEP       150  TIME =   0.129600E+07  NIT =     5  NIT1 =    16  NIT3 =     2  NIS1 =    12
                                                                                      
     TOTAL ELAPSED TIME =  1.296000E+06 sec 
     TIME STEP       150


                                                   PRESSURE HEAD
  Z, IN
  m                       X OR R DISTANCE, IN m   
                0.500
     0.050  8.803E-01
     0.150  8.904E-01
     0.250  9.003E-01
     0.350  9.100E-01
     0.450  9.195E-01
     0.550  9.287E-01
     0.650  9.376E-01
     0.750  9.463E-01
     0.850  9.546E-01
     0.950  9.628E-01
     1.050  9.706E-01
     1.150  9.782E-01
     1.250  9.856E-01
     1.350  9.929E-01
     1.450  1.000E+00
                                                   TEMPERATURE
  Z, IN
  m                       X OR R DISTANCE, IN m   
                0.500
     0.050    24.5568
     0.150    24.4630
     0.250    24.3607
     0.350    24.2506
     0.450    24.1334
     0.550    24.0104
     0.650    23.8832
     0.750    23.7538
     0.850    23.6249
     0.950    23.4994
     1.050    23.3812
     1.150    23.2745
     1.250    23.1847
     1.350    23.1176
     1.450    23.0801
                                                   CONCENTRATION
  Z, IN
  m                       X OR R DISTANCE, IN m   
              0.50
H2O       
     0.05 9.97E+05
     0.15 9.97E+05
     0.25 9.97E+05
     0.35 9.97E+05
     0.45 9.97E+05
     0.55 9.97E+05
     0.65 9.97E+05
     0.75 9.97E+05
     0.85 9.97E+05
     0.95 9.97E+05
     1.05 9.97E+05
     1.15 9.97E+05
     1.25 9.97E+05
     1.35 9.98E+05
     1.45 9.98E+05
H         
     0.05 1.99E-04
     0.15 1.98E-04
     0.25 1.97E-04
     0.35 1.97E-04
     0.45 1.96E-04
     0.55 1.95E-04
     0.65 1.94E-04
     0.75 1.93E-04
     0.85 1.92E-04
     0.95 1.91E-04
     1.05 1.90E-04
     1.15 1.89E-04
     1.25 1.89E-04
     1.35 1.88E-04
     1.45 1.88E-04
O         
     0.05 8.16E+00
     0.15 8.16E+00
     0.25 8.16E+00
     0.35 8.16E+00
     0.45 8.16E+00
     0.55 8.16E+00
     0.65 8.16E+00
     0.75 8.16E+00
     0.85 8.16E+00
     0.95 8.17E+00
     1.05 8.17E+00
     1.15 8.17E+00
     1.25 8.18E+00
     1.35 8.18E+00
     1.45 8.18E+00
Charge    
     0.05-2.52E-06
     0.15-4.25E-06
     0.25-7.38E-06
     0.35-1.27E-05
     0.45-2.11E-05
     0.55-3.38E-05
     0.65-5.21E-05
     0.75-7.71E-05
     0.85-1.10E-04
     0.95-1.52E-04
     1.05-2.02E-04
     1.15-2.59E-04
     1.25-3.23E-04
     1.35-3.86E-04
     1.45-4.35E-04
Amm       
     0.05 0.00E+00
     0.15 0.00E+00
     0.25 0.00E+00
     0.35 0.00E+00
     0.45 0.00E+00
     0.55 0.00E+00
     0.65 0.00E+00
     0.75 0.00E+00
     0.85 0.00E+00
     0.95 0.00E+00
     1.05 0.00E+00
     1.15 0.00E+00
     1.25 0.00E+00
     1.35 0.00E+00
     1.45 0.00E+00
C         
     0.05 0.00E+00
     0.15 0.00E+00
     0.25 0.00E+00
     0.35 0.00E+00
     0.45 0.00E+00
     0.55 0.00E+00
     0.65 0.00E+00
     0.75 0.00E+00
     0.85 0.00E+00
     0.95 0.00E+00
     1.05 0.00E+00
     1.15 0.00E+00
     1.25 0.00E+00
     1.35 0.00E+00
     1.45 0.00E+00
N         
     0.05 1.84E-05
     0.15 4.26E-05
     0.25 8.64E-05
     0.35 1.60E-04
     0.45 2.78E-04
     0.55 4.56E-04
     0.65 7.12E-04
     0.75 1.06E-03
     0.85 1.52E-03
     0.95 2.10E-03
     1.05 2.81E-03
     1.15 3.62E-03
     1.25 4.50E-03
     1.35 5.39E-03
     1.45 6.08E-03
                     ---------- MASS BALANCE SUMMARY FOR TIME STEP      150 ----------
                         RECHARGE PERIOD NUMBER         1
                         TOTAL ELAPSED SIMULATION TIME =   1.296000E+06 sec 

  ++++++++++++++++++++++++++++++++++++++++++++++++++++++++++++++++++++++++++++++++++++++++++++++++++++++++++++++++++++++++++++++++
  +                                                                                                                              +
  +                                                                                           TOTAL THIS          RATE THIS      +
  +                                 VOLUMETRIC FLOW BALANCE                  TOTAL            TIME STEP            TIME STEP     +
  +                                                                        m   **3             m   **3           m   **3/sec     +
  +    FLUX INTO DOMAIN ACROSS SPECIFIED PRESSURE HEAD BOUNDARIES --      0.00000E+00         0.00000E+00         0.00000E+00    +
  +  FLUX OUT OF DOMAIN ACROSS SPECIFIED PRESSURE HEAD BOUNDARIES --     -1.50336E+00        -1.00225E-02        -1.16001E-06    +
  +             FLUX INTO DOMAIN ACROSS SPECIFIED FLUX BOUNDARIES --      1.50336E+00         1.00224E-02         1.16000E-06    +
  +           FLUX OUT OF DOMAIN ACROSS SPECIFIED FLUX BOUNDARIES --      0.00000E+00         0.00000E+00         0.00000E+00    +
  +                                        TOTAL FLUX INTO DOMAIN --      1.50336E+00         1.00224E-02         1.16000E-06    +
  +                                      TOTAL FLUX OUT OF DOMAIN --     -1.50336E+00        -1.00225E-02        -1.16001E-06    +
  +                                                   EVAPORATION --      0.00000E+00         0.00000E+00         0.00000E+00    +
  +                                                 TRANSPIRATION --      0.00000E+00         0.00000E+00         0.00000E+00    +
  +                                      TOTAL EVAPOTRANSPIRATION --      0.00000E+00         0.00000E+00         0.00000E+00    +
  +                                    FLUID FROM BOUNDARY CHANGE --      0.00000E+00         0.00000E+00         0.00000E+00    +
  +                              CHANGE IN FLUID STORED IN DOMAIN --     -8.42128E-08        -3.45026E-10        -3.99335E-14    +
  +                                          FLUID VOLUME BALANCE --     -3.18274E-06        -5.63065E-08        -6.51695E-12    +
  +                                                                                                                              +
  +                                                                                                                              +
  +                                   ENERGY MASS BALANCE                                                                        +
  +                                                                          J                   J                 J   /sec      +
  +    FLUX INTO DOMAIN ACROSS SPECIFIED PRESSURE HEAD BOUNDARIES --      0.00000E+00         0.00000E+00         0.00000E+00    +
  +  FLUX OUT OF DOMAIN ACROSS SPECIFIED PRESSURE HEAD BOUNDARIES --     -1.33453E+08        -9.66499E+05        -1.11863E+02    +
  +             FLUX INTO DOMAIN ACROSS SPECIFIED FLUX BOUNDARIES --      1.57101E+08         1.04734E+06         1.21220E+02    +
  +           FLUX OUT OF DOMAIN ACROSS SPECIFIED FLUX BOUNDARIES --      0.00000E+00         0.00000E+00         0.00000E+00    +
  +                                   CONDUCTIVE FLUX INTO DOMAIN --      0.00000E+00         0.00000E+00         0.00000E+00    +
  +                                 CONDUCTIVE FLUX OUT OF DOMAIN --      0.00000E+00         0.00000E+00         0.00000E+00    +
  +                                        TOTAL FLUX INTO DOMAIN --      1.57101E+08         1.04734E+06         1.21220E+02    +
  +                                      TOTAL FLUX OUT OF DOMAIN --     -1.33453E+08        -9.66499E+05        -1.11863E+02    +
  +                                      TOTAL EVAPOTRANSPIRATION --      0.00000E+00         0.00000E+00         0.00000E+00    +
  +                                   ENERGY FROM BOUNDARY CHANGE --      0.00000E+00         0.00000E+00         0.00000E+00    +
  +                             CHANGE IN ENERGY STORED IN DOMAIN --      2.36479E+07         8.08415E+04         9.35665E+00    +
  +                                           ENERGY MASS BALANCE --     -3.29364E+00        -2.99601E-02        -3.46760E-06    +
  +                                                                                                                              +
H2O       
  +                                                                                                                              +
  +                                   SOLUTE MASS BALANCE                                                                        +
  +                                                                          g                   g                 g   /sec      +
  +    FLUX INTO DOMAIN ACROSS SPECIFIED PRESSURE HEAD BOUNDARIES --      0.00000E+00         0.00000E+00         0.00000E+00    +
  +  FLUX OUT OF DOMAIN ACROSS SPECIFIED PRESSURE HEAD BOUNDARIES --     -1.50025E+06        -9.99751E+03        -1.15712E+00    +
  +             FLUX INTO DOMAIN ACROSS SPECIFIED FLUX BOUNDARIES --      1.49890E+06         9.99269E+03         1.15656E+00    +
  +           FLUX OUT OF DOMAIN ACROSS SPECIFIED FLUX BOUNDARIES --      0.00000E+00         0.00000E+00         0.00000E+00    +
  +                         DIFFUSIVE/DISPERSIVE FLUX INTO DOMAIN --      0.00000E+00         0.00000E+00         0.00000E+00    +
  +                       DIFFUSIVE/DISPERSIVE FLUX OUT OF DOMAIN --      0.00000E+00         0.00000E+00         0.00000E+00    +
  +                                        TOTAL FLUX INTO DOMAIN --      1.49890E+06         9.99269E+03         1.15656E+00    +
  +                                      TOTAL FLUX OUT OF DOMAIN --     -1.50025E+06        -9.99751E+03        -1.15712E+00    +
  +                                      TOTAL EVAPOTRANSPIRATION --      0.00000E+00         0.00000E+00         0.00000E+00    +
  +                     CHANGE IN SOLUTE DUE TO CHEMICAL REACTION --      6.51767E+01         1.41410E-01         1.63668E-05    +
  +                                   SOLUTE FROM BOUNDARY CHANGE --     -2.25368E-07         0.00000E+00         0.00000E+00    +
  +                             CHANGE IN SOLUTE STORED IN DOMAIN --     -1.27981E+03        -4.69685E+00        -5.43617E-04    +
  +                                           SOLUTE MASS BALANCE --      2.41229E+00         1.64425E-02         1.90307E-06    +
  +                                                                                                                              +
H         
  +                                                                                                                              +
  +                                   SOLUTE MASS BALANCE                                                                        +
  +                                                                          g                   g                 g   /sec      +
  +    FLUX INTO DOMAIN ACROSS SPECIFIED PRESSURE HEAD BOUNDARIES --      0.00000E+00         0.00000E+00         0.00000E+00    +
  +  FLUX OUT OF DOMAIN ACROSS SPECIFIED PRESSURE HEAD BOUNDARIES --     -2.63276E-04        -1.88379E-06        -2.18031E-10    +
  +             FLUX INTO DOMAIN ACROSS SPECIFIED FLUX BOUNDARIES --      3.04128E-04         2.02752E-06         2.34667E-10    +
  +           FLUX OUT OF DOMAIN ACROSS SPECIFIED FLUX BOUNDARIES --      0.00000E+00         0.00000E+00         0.00000E+00    +
  +                         DIFFUSIVE/DISPERSIVE FLUX INTO DOMAIN --      0.00000E+00         0.00000E+00         0.00000E+00    +
  +                       DIFFUSIVE/DISPERSIVE FLUX OUT OF DOMAIN --      0.00000E+00         0.00000E+00         0.00000E+00    +
  +                                        TOTAL FLUX INTO DOMAIN --      3.04128E-04         2.02752E-06         2.34667E-10    +
  +                                      TOTAL FLUX OUT OF DOMAIN --     -2.63276E-04        -1.88379E-06        -2.18031E-10    +
  +                                      TOTAL EVAPOTRANSPIRATION --      0.00000E+00         0.00000E+00         0.00000E+00    +
  +                     CHANGE IN SOLUTE DUE TO CHEMICAL REACTION --     -1.25289E-06        -2.10131E-09        -2.43208E-13    +
  +                                   SOLUTE FROM BOUNDARY CHANGE --     -6.98332E-13         0.00000E+00         0.00000E+00    +
  +                             CHANGE IN SOLUTE STORED IN DOMAIN --      3.96573E-05         1.41932E-07         1.64273E-11    +
  +                                           SOLUTE MASS BALANCE --     -5.75923E-08        -3.01859E-10        -3.49374E-14    +
  +                                                                                                                              +
O         
  +                                                                                                                              +
  +                                   SOLUTE MASS BALANCE                                                                        +
  +                                                                          g                   g                 g   /sec      +
  +    FLUX INTO DOMAIN ACROSS SPECIFIED PRESSURE HEAD BOUNDARIES --      0.00000E+00         0.00000E+00         0.00000E+00    +
  +  FLUX OUT OF DOMAIN ACROSS SPECIFIED PRESSURE HEAD BOUNDARIES --     -1.23351E+01        -8.19989E-02        -9.49061E-06    +
  +             FLUX INTO DOMAIN ACROSS SPECIFIED FLUX BOUNDARIES --      1.22622E+01         8.17482E-02         9.46159E-06    +
  +           FLUX OUT OF DOMAIN ACROSS SPECIFIED FLUX BOUNDARIES --      0.00000E+00         0.00000E+00         0.00000E+00    +
  +                         DIFFUSIVE/DISPERSIVE FLUX INTO DOMAIN --      0.00000E+00         0.00000E+00         0.00000E+00    +
  +                       DIFFUSIVE/DISPERSIVE FLUX OUT OF DOMAIN --      0.00000E+00         0.00000E+00         0.00000E+00    +
  +                                        TOTAL FLUX INTO DOMAIN --      1.22622E+01         8.17482E-02         9.46159E-06    +
  +                                      TOTAL FLUX OUT OF DOMAIN --     -1.23351E+01        -8.19989E-02        -9.49061E-06    +
  +                                      TOTAL EVAPOTRANSPIRATION --      0.00000E+00         0.00000E+00         0.00000E+00    +
  +                     CHANGE IN SOLUTE DUE TO CHEMICAL REACTION --      7.09613E-04         1.15099E-06         1.33216E-10    +
  +                                   SOLUTE FROM BOUNDARY CHANGE --      1.35181E-13         0.00000E+00         0.00000E+00    +
  +                             CHANGE IN SOLUTE STORED IN DOMAIN --     -7.21510E-02        -2.49879E-04        -2.89211E-08    +
  +                                           SOLUTE MASS BALANCE --      1.93118E-05         2.74696E-07         3.17935E-11    +
  +                                                                                                                              +
Charge    
  +                                                                                                                              +
  +                                   SOLUTE MASS BALANCE                                                                        +
  +                                                                          g                   g                 g   /sec      +
  +    FLUX INTO DOMAIN ACROSS SPECIFIED PRESSURE HEAD BOUNDARIES --      0.00000E+00         0.00000E+00         0.00000E+00    +
  +  FLUX OUT OF DOMAIN ACROSS SPECIFIED PRESSURE HEAD BOUNDARIES --      1.29304E-03         4.40200E-06         5.09490E-10    +
  +             FLUX INTO DOMAIN ACROSS SPECIFIED FLUX BOUNDARIES --     -1.82247E-06        -1.21498E-08        -1.40623E-12    +
  +           FLUX OUT OF DOMAIN ACROSS SPECIFIED FLUX BOUNDARIES --      0.00000E+00         0.00000E+00         0.00000E+00    +
  +                         DIFFUSIVE/DISPERSIVE FLUX INTO DOMAIN --      0.00000E+00         0.00000E+00         0.00000E+00    +
  +                       DIFFUSIVE/DISPERSIVE FLUX OUT OF DOMAIN --      0.00000E+00         0.00000E+00         0.00000E+00    +
  +                                        TOTAL FLUX INTO DOMAIN --     -1.82247E-06        -1.21498E-08        -1.40623E-12    +
  +                                      TOTAL FLUX OUT OF DOMAIN --      1.29304E-03         4.40200E-06         5.09490E-10    +
  +                                      TOTAL EVAPOTRANSPIRATION --      0.00000E+00         0.00000E+00         0.00000E+00    +
  +                     CHANGE IN SOLUTE DUE TO CHEMICAL REACTION --      2.05991E-07         3.69369E-10         4.27511E-14    +
  +                                   SOLUTE FROM BOUNDARY CHANGE --      1.44568E-16         0.00000E+00         0.00000E+00    +
  +                             CHANGE IN SOLUTE STORED IN DOMAIN --      1.29139E-03         4.38998E-06         5.08100E-10    +
  +                                           SOLUTE MASS BALANCE --      2.94629E-08         2.33695E-10         2.70480E-14    +
  +                                                                                                                              +
Amm       
  +                                                                                                                              +
  +                                   SOLUTE MASS BALANCE                                                                        +
  +                                                                          g                   g                 g   /sec      +
  +    FLUX INTO DOMAIN ACROSS SPECIFIED PRESSURE HEAD BOUNDARIES --      0.00000E+00         0.00000E+00         0.00000E+00    +
  +  FLUX OUT OF DOMAIN ACROSS SPECIFIED PRESSURE HEAD BOUNDARIES --      0.00000E+00         0.00000E+00         0.00000E+00    +
  +             FLUX INTO DOMAIN ACROSS SPECIFIED FLUX BOUNDARIES --      0.00000E+00         0.00000E+00         0.00000E+00    +
  +           FLUX OUT OF DOMAIN ACROSS SPECIFIED FLUX BOUNDARIES --      0.00000E+00         0.00000E+00         0.00000E+00    +
  +                         DIFFUSIVE/DISPERSIVE FLUX INTO DOMAIN --      0.00000E+00         0.00000E+00         0.00000E+00    +
  +                       DIFFUSIVE/DISPERSIVE FLUX OUT OF DOMAIN --      0.00000E+00         0.00000E+00         0.00000E+00    +
  +                                        TOTAL FLUX INTO DOMAIN --      0.00000E+00         0.00000E+00         0.00000E+00    +
  +                                      TOTAL FLUX OUT OF DOMAIN --      0.00000E+00         0.00000E+00         0.00000E+00    +
  +                                      TOTAL EVAPOTRANSPIRATION --      0.00000E+00         0.00000E+00         0.00000E+00    +
  +                     CHANGE IN SOLUTE DUE TO CHEMICAL REACTION --      0.00000E+00         0.00000E+00         0.00000E+00    +
  +                                   SOLUTE FROM BOUNDARY CHANGE --      0.00000E+00         0.00000E+00         0.00000E+00    +
  +                             CHANGE IN SOLUTE STORED IN DOMAIN --      0.00000E+00         0.00000E+00         0.00000E+00    +
  +                                           SOLUTE MASS BALANCE --      0.00000E+00         0.00000E+00         0.00000E+00    +
  +                                                                                                                              +
C         
  +                                                                                                                              +
  +                                   SOLUTE MASS BALANCE                                                                        +
  +                                                                          g                   g                 g   /sec      +
  +    FLUX INTO DOMAIN ACROSS SPECIFIED PRESSURE HEAD BOUNDARIES --      0.00000E+00         0.00000E+00         0.00000E+00    +
  +  FLUX OUT OF DOMAIN ACROSS SPECIFIED PRESSURE HEAD BOUNDARIES --      0.00000E+00         0.00000E+00         0.00000E+00    +
  +             FLUX INTO DOMAIN ACROSS SPECIFIED FLUX BOUNDARIES --      0.00000E+00         0.00000E+00         0.00000E+00    +
  +           FLUX OUT OF DOMAIN ACROSS SPECIFIED FLUX BOUNDARIES --      0.00000E+00         0.00000E+00         0.00000E+00    +
  +                         DIFFUSIVE/DISPERSIVE FLUX INTO DOMAIN --      0.00000E+00         0.00000E+00         0.00000E+00    +
  +                       DIFFUSIVE/DISPERSIVE FLUX OUT OF DOMAIN --      0.00000E+00         0.00000E+00         0.00000E+00    +
  +                                        TOTAL FLUX INTO DOMAIN --      0.00000E+00         0.00000E+00         0.00000E+00    +
  +                                      TOTAL FLUX OUT OF DOMAIN --      0.00000E+00         0.00000E+00         0.00000E+00    +
  +                                      TOTAL EVAPOTRANSPIRATION --      0.00000E+00         0.00000E+00         0.00000E+00    +
  +                     CHANGE IN SOLUTE DUE TO CHEMICAL REACTION --      0.00000E+00         0.00000E+00         0.00000E+00    +
  +                                   SOLUTE FROM BOUNDARY CHANGE --      0.00000E+00         0.00000E+00         0.00000E+00    +
  +                             CHANGE IN SOLUTE STORED IN DOMAIN --      0.00000E+00         0.00000E+00         0.00000E+00    +
  +                                           SOLUTE MASS BALANCE --      0.00000E+00         0.00000E+00         0.00000E+00    +
  +                                                                                                                              +
N         
  +                                                                                                                              +
  +                                   SOLUTE MASS BALANCE                                                                        +
  +                                                                          g                   g                 g   /sec      +
  +    FLUX INTO DOMAIN ACROSS SPECIFIED PRESSURE HEAD BOUNDARIES --      0.00000E+00         0.00000E+00         0.00000E+00    +
  +  FLUX OUT OF DOMAIN ACROSS SPECIFIED PRESSURE HEAD BOUNDARIES --     -1.80855E-02        -6.14830E-05        -7.11609E-09    +
  +             FLUX INTO DOMAIN ACROSS SPECIFIED FLUX BOUNDARIES --      0.00000E+00         0.00000E+00         0.00000E+00    +
  +           FLUX OUT OF DOMAIN ACROSS SPECIFIED FLUX BOUNDARIES --      0.00000E+00         0.00000E+00         0.00000E+00    +
  +                         DIFFUSIVE/DISPERSIVE FLUX INTO DOMAIN --      0.00000E+00         0.00000E+00         0.00000E+00    +
  +                       DIFFUSIVE/DISPERSIVE FLUX OUT OF DOMAIN --      0.00000E+00         0.00000E+00         0.00000E+00    +
  +                                        TOTAL FLUX INTO DOMAIN --      0.00000E+00         0.00000E+00         0.00000E+00    +
  +                                      TOTAL FLUX OUT OF DOMAIN --     -1.80855E-02        -6.14830E-05        -7.11609E-09    +
  +                                      TOTAL EVAPOTRANSPIRATION --      0.00000E+00         0.00000E+00         0.00000E+00    +
  +                     CHANGE IN SOLUTE DUE TO CHEMICAL REACTION --     -2.88634E-06        -5.17567E-09        -5.99036E-13    +
  +                                   SOLUTE FROM BOUNDARY CHANGE --     -2.02147E-15         0.00000E+00         0.00000E+00    +
  +                             CHANGE IN SOLUTE STORED IN DOMAIN --     -1.80884E-02        -6.14883E-05        -7.11670E-09    +
  +                                           SOLUTE MASS BALANCE --      4.20190E-10         9.33693E-11         1.08066E-14    +
  +                                                                                                                              +
  ++++++++++++++++++++++++++++++++++++++++++++++++++++++++++++++++++++++++++++++++++++++++++++++++++++++++++++++++++++++++++++++++
